<?xml version="1.0" encoding="UTF-8"?>
<coverage generated="1777818722851" clover="3.2.0">
  <project timestamp="1777818722852" name="All files">
    <metrics statements="656" coveredstatements="584" conditionals="105" coveredconditionals="89" methods="138" coveredmethods="115" elements="899" coveredelements="788" complexity="0" loc="656" ncloc="656" packages="20" files="50" classes="50"/>
    <package name="src">
      <metrics statements="54" coveredstatements="0" conditionals="2" coveredconditionals="0" methods="13" coveredmethods="0"/>
      <file name="app.module.ts" path="C:\Users\Anandu\Documents\workspace\training\travel-portal\pgt\traveler-service\src\app.module.ts">
        <metrics statements="9" coveredstatements="0" conditionals="2" coveredconditionals="0" methods="0" coveredmethods="0"/>
        <line num="1" count="0" type="stmt"/>
        <line num="2" count="0" type="stmt"/>
        <line num="3" count="0" type="stmt"/>
        <line num="4" count="0" type="stmt"/>
        <line num="5" count="0" type="stmt"/>
        <line num="6" count="0" type="stmt"/>
        <line num="7" count="0" type="stmt"/>
        <line num="8" count="0" type="stmt"/>
        <line num="30" count="0" type="stmt"/>
      </file>
      <file name="traveler.module.ts" path="C:\Users\Anandu\Documents\workspace\training\travel-portal\pgt\traveler-service\src\traveler.module.ts">
        <metrics statements="45" coveredstatements="0" conditionals="0" coveredconditionals="0" methods="13" coveredmethods="0"/>
        <line num="1" count="0" type="stmt"/>
        <line num="2" count="0" type="stmt"/>
        <line num="3" count="0" type="stmt"/>
        <line num="6" count="0" type="stmt"/>
        <line num="7" count="0" type="stmt"/>
        <line num="8" count="0" type="stmt"/>
        <line num="11" count="0" type="stmt"/>
        <line num="14" count="0" type="stmt"/>
        <line num="17" count="0" type="stmt"/>
        <line num="20" count="0" type="stmt"/>
        <line num="23" count="0" type="stmt"/>
        <line num="24" count="0" type="stmt"/>
        <line num="27" count="0" type="stmt"/>
        <line num="28" count="0" type="stmt"/>
        <line num="29" count="0" type="stmt"/>
        <line num="30" count="0" type="stmt"/>
        <line num="31" count="0" type="stmt"/>
        <line num="32" count="0" type="stmt"/>
        <line num="33" count="0" type="stmt"/>
        <line num="34" count="0" type="stmt"/>
        <line num="35" count="0" type="stmt"/>
        <line num="38" count="0" type="stmt"/>
        <line num="39" count="0" type="stmt"/>
        <line num="42" count="0" type="stmt"/>
        <line num="43" count="0" type="stmt"/>
        <line num="44" count="0" type="stmt"/>
        <line num="47" count="0" type="stmt"/>
        <line num="50" count="0" type="stmt"/>
        <line num="51" count="0" type="stmt"/>
        <line num="52" count="0" type="stmt"/>
        <line num="72" count="0" type="stmt"/>
        <line num="73" count="0" type="stmt"/>
        <line num="79" count="0" type="stmt"/>
        <line num="86" count="0" type="stmt"/>
        <line num="94" count="0" type="stmt"/>
        <line num="120" count="0" type="stmt"/>
        <line num="126" count="0" type="stmt"/>
        <line num="131" count="0" type="stmt"/>
        <line num="140" count="0" type="stmt"/>
        <line num="149" count="0" type="stmt"/>
        <line num="155" count="0" type="stmt"/>
        <line num="164" count="0" type="stmt"/>
        <line num="169" count="0" type="stmt"/>
        <line num="178" count="0" type="stmt"/>
        <line num="184" count="0" type="stmt"/>
      </file>
    </package>
    <package name="src.application.dto">
      <metrics statements="57" coveredstatements="56" conditionals="6" coveredconditionals="6" methods="4" coveredmethods="3"/>
      <file name="admin-traveler-response.dto.ts" path="C:\Users\Anandu\Documents\workspace\training\travel-portal\pgt\traveler-service\src\application\dto\admin-traveler-response.dto.ts">
        <metrics statements="12" coveredstatements="12" conditionals="4" coveredconditionals="4" methods="1" coveredmethods="1"/>
        <line num="3" count="4" type="stmt"/>
        <line num="17" count="3" type="stmt"/>
        <line num="18" count="3" type="stmt"/>
        <line num="19" count="3" type="stmt"/>
        <line num="20" count="3" type="stmt"/>
        <line num="21" count="3" type="stmt"/>
        <line num="22" count="3" type="stmt"/>
        <line num="23" count="3" type="stmt"/>
        <line num="24" count="3" type="cond" truecount="2" falsecount="0"/>
        <line num="25" count="3" type="cond" truecount="2" falsecount="0"/>
        <line num="26" count="3" type="stmt"/>
        <line num="27" count="3" type="stmt"/>
      </file>
      <file name="create-traveler.dto.ts" path="C:\Users\Anandu\Documents\workspace\training\travel-portal\pgt\traveler-service\src\application\dto\create-traveler.dto.ts">
        <metrics statements="11" coveredstatements="11" conditionals="2" coveredconditionals="2" methods="1" coveredmethods="1"/>
        <line num="1" count="4" type="stmt"/>
        <line num="9" count="4" type="cond" truecount="2" falsecount="0"/>
        <line num="10" count="4" type="stmt"/>
        <line num="11" count="4" type="stmt"/>
        <line num="12" count="4" type="stmt"/>
        <line num="15" count="4" type="stmt"/>
        <line num="19" count="4" type="stmt"/>
        <line num="24" count="4" type="stmt"/>
        <line num="28" count="4" type="stmt"/>
        <line num="33" count="4" type="stmt"/>
        <line num="36" count="4" type="stmt"/>
      </file>
      <file name="sync-travelers.dto.ts" path="C:\Users\Anandu\Documents\workspace\training\travel-portal\pgt\traveler-service\src\application\dto\sync-travelers.dto.ts">
        <metrics statements="11" coveredstatements="10" conditionals="0" coveredconditionals="0" methods="1" coveredmethods="0"/>
        <line num="1" count="3" type="stmt"/>
        <line num="2" count="3" type="stmt"/>
        <line num="4" count="3" type="stmt"/>
        <line num="8" count="3" type="stmt"/>
        <line num="13" count="3" type="stmt"/>
        <line num="17" count="3" type="stmt"/>
        <line num="22" count="3" type="stmt"/>
        <line num="26" count="3" type="stmt"/>
        <line num="29" count="3" type="stmt"/>
        <line num="32" count="0" type="stmt"/>
        <line num="33" count="3" type="stmt"/>
      </file>
      <file name="traveler-preferences.dto.ts" path="C:\Users\Anandu\Documents\workspace\training\travel-portal\pgt\traveler-service\src\application\dto\traveler-preferences.dto.ts">
        <metrics statements="7" coveredstatements="7" conditionals="0" coveredconditionals="0" methods="0" coveredmethods="0"/>
        <line num="1" count="3" type="stmt"/>
        <line num="13" count="3" type="stmt"/>
        <line num="16" count="3" type="stmt"/>
        <line num="20" count="3" type="stmt"/>
        <line num="24" count="3" type="stmt"/>
        <line num="29" count="3" type="stmt"/>
        <line num="34" count="3" type="stmt"/>
      </file>
      <file name="traveler-response.dto.ts" path="C:\Users\Anandu\Documents\workspace\training\travel-portal\pgt\traveler-service\src\application\dto\traveler-response.dto.ts">
        <metrics statements="10" coveredstatements="10" conditionals="0" coveredconditionals="0" methods="1" coveredmethods="1"/>
        <line num="3" count="7" type="stmt"/>
        <line num="15" count="9" type="stmt"/>
        <line num="16" count="9" type="stmt"/>
        <line num="17" count="9" type="stmt"/>
        <line num="18" count="9" type="stmt"/>
        <line num="19" count="9" type="stmt"/>
        <line num="20" count="9" type="stmt"/>
        <line num="21" count="9" type="stmt"/>
        <line num="22" count="9" type="stmt"/>
        <line num="23" count="9" type="stmt"/>
      </file>
      <file name="update-traveler.dto.ts" path="C:\Users\Anandu\Documents\workspace\training\travel-portal\pgt\traveler-service\src\application\dto\update-traveler.dto.ts">
        <metrics statements="6" coveredstatements="6" conditionals="0" coveredconditionals="0" methods="0" coveredmethods="0"/>
        <line num="1" count="3" type="stmt"/>
        <line num="2" count="3" type="stmt"/>
        <line num="4" count="3" type="stmt"/>
        <line num="8" count="3" type="stmt"/>
        <line num="13" count="3" type="stmt"/>
        <line num="17" count="3" type="stmt"/>
      </file>
    </package>
    <package name="src.application.mappers">
      <metrics statements="29" coveredstatements="29" conditionals="4" coveredconditionals="3" methods="4" coveredmethods="4"/>
      <file name="traveler.mapper.ts" path="C:\Users\Anandu\Documents\workspace\training\travel-portal\pgt\traveler-service\src\application\mappers\traveler.mapper.ts">
        <metrics statements="29" coveredstatements="29" conditionals="4" coveredconditionals="3" methods="4" coveredmethods="4"/>
        <line num="1" count="8" type="stmt"/>
        <line num="2" count="8" type="stmt"/>
        <line num="3" count="8" type="stmt"/>
        <line num="6" count="8" type="stmt"/>
        <line num="8" count="4" type="stmt"/>
        <line num="22" count="4" type="stmt"/>
        <line num="26" count="1" type="stmt"/>
        <line num="27" count="1" type="stmt"/>
        <line num="28" count="1" type="stmt"/>
        <line num="29" count="1" type="stmt"/>
        <line num="30" count="1" type="stmt"/>
        <line num="31" count="1" type="stmt"/>
        <line num="32" count="1" type="stmt"/>
        <line num="33" count="1" type="stmt"/>
        <line num="34" count="1" type="stmt"/>
        <line num="35" count="1" type="stmt"/>
        <line num="36" count="1" type="stmt"/>
        <line num="37" count="1" type="stmt"/>
        <line num="38" count="1" type="stmt"/>
        <line num="39" count="1" type="stmt"/>
        <line num="51" count="4" type="stmt"/>
        <line num="52" count="4" type="stmt"/>
        <line num="53" count="4" type="stmt"/>
        <line num="54" count="4" type="stmt"/>
        <line num="55" count="4" type="stmt"/>
        <line num="56" count="4" type="stmt"/>
        <line num="57" count="4" type="stmt"/>
        <line num="58" count="4" type="stmt"/>
        <line num="65" count="5" type="stmt"/>
      </file>
    </package>
    <package name="src.application.use-cases">
      <metrics statements="148" coveredstatements="148" conditionals="22" coveredconditionals="20" methods="20" coveredmethods="20"/>
      <file name="create-traveler.use-case.ts" path="C:\Users\Anandu\Documents\workspace\training\travel-portal\pgt\traveler-service\src\application\use-cases\create-traveler.use-case.ts">
        <metrics statements="19" coveredstatements="19" conditionals="3" coveredconditionals="3" methods="2" coveredmethods="2"/>
        <line num="1" count="4" type="stmt"/>
        <line num="2" count="4" type="stmt"/>
        <line num="4" count="4" type="stmt"/>
        <line num="5" count="4" type="stmt"/>
        <line num="6" count="4" type="stmt"/>
        <line num="8" count="4" type="stmt"/>
        <line num="11" count="4" type="stmt"/>
        <line num="13" count="3" type="stmt"/>
        <line num="14" count="3" type="stmt"/>
        <line num="15" count="3" type="stmt"/>
        <line num="22" count="3" type="stmt"/>
        <line num="23" count="3" type="cond" truecount="1" falsecount="0"/>
        <line num="24" count="1" type="stmt"/>
        <line num="27" count="2" type="stmt"/>
        <line num="36" count="2" type="stmt"/>
        <line num="38" count="2" type="stmt"/>
        <line num="39" count="2" type="stmt"/>
        <line num="41" count="2" type="stmt"/>
        <line num="43" count="2" type="stmt"/>
      </file>
      <file name="delete-traveler.use-case.ts" path="C:\Users\Anandu\Documents\workspace\training\travel-portal\pgt\traveler-service\src\application\use-cases\delete-traveler.use-case.ts">
        <metrics statements="16" coveredstatements="16" conditionals="1" coveredconditionals="1" methods="2" coveredmethods="2"/>
        <line num="1" count="4" type="stmt"/>
        <line num="3" count="4" type="stmt"/>
        <line num="4" count="4" type="stmt"/>
        <line num="5" count="4" type="stmt"/>
        <line num="8" count="4" type="stmt"/>
        <line num="10" count="4" type="stmt"/>
        <line num="11" count="4" type="stmt"/>
        <line num="12" count="4" type="stmt"/>
        <line num="19" count="4" type="stmt"/>
        <line num="20" count="4" type="cond" truecount="1" falsecount="0"/>
        <line num="22" count="3" type="stmt"/>
        <line num="23" count="3" type="stmt"/>
        <line num="24" count="3" type="stmt"/>
        <line num="26" count="3" type="stmt"/>
        <line num="27" count="3" type="stmt"/>
        <line num="29" count="3" type="stmt"/>
      </file>
      <file name="get-admin-travelers.use-case.ts" path="C:\Users\Anandu\Documents\workspace\training\travel-portal\pgt\traveler-service\src\application\use-cases\get-admin-travelers.use-case.ts">
        <metrics statements="6" coveredstatements="6" conditionals="0" coveredconditionals="0" methods="3" coveredmethods="3"/>
        <line num="1" count="4" type="stmt"/>
        <line num="3" count="4" type="stmt"/>
        <line num="6" count="4" type="stmt"/>
        <line num="7" count="3" type="stmt"/>
        <line num="10" count="3" type="stmt"/>
        <line num="11" count="3" type="stmt"/>
      </file>
      <file name="get-traveler-preferences.use-case.ts" path="C:\Users\Anandu\Documents\workspace\training\travel-portal\pgt\traveler-service\src\application\use-cases\get-traveler-preferences.use-case.ts">
        <metrics statements="14" coveredstatements="14" conditionals="2" coveredconditionals="2" methods="2" coveredmethods="2"/>
        <line num="1" count="4" type="stmt"/>
        <line num="3" count="4" type="stmt"/>
        <line num="4" count="4" type="stmt"/>
        <line num="6" count="4" type="stmt"/>
        <line num="9" count="4" type="stmt"/>
        <line num="11" count="3" type="stmt"/>
        <line num="12" count="3" type="stmt"/>
        <line num="17" count="3" type="stmt"/>
        <line num="18" count="3" type="cond" truecount="1" falsecount="0"/>
        <line num="19" count="1" type="stmt"/>
        <line num="22" count="2" type="stmt"/>
        <line num="23" count="2" type="cond" truecount="1" falsecount="0"/>
        <line num="25" count="1" type="stmt"/>
        <line num="26" count="1" type="stmt"/>
      </file>
      <file name="get-traveler.use-case.ts" path="C:\Users\Anandu\Documents\workspace\training\travel-portal\pgt\traveler-service\src\application\use-cases\get-traveler.use-case.ts">
        <metrics statements="17" coveredstatements="17" conditionals="2" coveredconditionals="2" methods="2" coveredmethods="2"/>
        <line num="1" count="4" type="stmt"/>
        <line num="3" count="4" type="stmt"/>
        <line num="4" count="4" type="stmt"/>
        <line num="5" count="4" type="stmt"/>
        <line num="6" count="4" type="stmt"/>
        <line num="9" count="4" type="stmt"/>
        <line num="11" count="4" type="stmt"/>
        <line num="12" count="4" type="stmt"/>
        <line num="17" count="4" type="stmt"/>
        <line num="18" count="4" type="cond" truecount="1" falsecount="0"/>
        <line num="19" count="1" type="stmt"/>
        <line num="23" count="3" type="stmt"/>
        <line num="24" count="3" type="cond" truecount="1" falsecount="0"/>
        <line num="25" count="1" type="stmt"/>
        <line num="28" count="2" type="stmt"/>
        <line num="29" count="2" type="stmt"/>
        <line num="30" count="2" type="stmt"/>
      </file>
      <file name="get-travelers.use-case.ts" path="C:\Users\Anandu\Documents\workspace\training\travel-portal\pgt\traveler-service\src\application\use-cases\get-travelers.use-case.ts">
        <metrics statements="6" coveredstatements="6" conditionals="0" coveredconditionals="0" methods="3" coveredmethods="3"/>
        <line num="1" count="4" type="stmt"/>
        <line num="3" count="4" type="stmt"/>
        <line num="6" count="4" type="stmt"/>
        <line num="7" count="3" type="stmt"/>
        <line num="10" count="3" type="stmt"/>
        <line num="11" count="3" type="stmt"/>
      </file>
      <file name="sync-travelers.use-case.ts" path="C:\Users\Anandu\Documents\workspace\training\travel-portal\pgt\traveler-service\src\application\use-cases\sync-travelers.use-case.ts">
        <metrics statements="33" coveredstatements="33" conditionals="10" coveredconditionals="8" methods="2" coveredmethods="2"/>
        <line num="1" count="4" type="stmt"/>
        <line num="3" count="4" type="stmt"/>
        <line num="4" count="4" type="stmt"/>
        <line num="5" count="4" type="stmt"/>
        <line num="7" count="4" type="stmt"/>
        <line num="9" count="4" type="stmt"/>
        <line num="12" count="4" type="stmt"/>
        <line num="13" count="5" type="stmt"/>
        <line num="16" count="5" type="stmt"/>
        <line num="17" count="5" type="stmt"/>
        <line num="18" count="5" type="stmt"/>
        <line num="25" count="6" type="stmt"/>
        <line num="26" count="6" type="stmt"/>
        <line num="28" count="6" type="stmt"/>
        <line num="29" count="8" type="stmt"/>
        <line num="30" count="8" type="stmt"/>
        <line num="32" count="7" type="cond" truecount="2" falsecount="0"/>
        <line num="33" count="1" type="stmt"/>
        <line num="38" count="1" type="stmt"/>
        <line num="39" count="1" type="stmt"/>
        <line num="40" count="1" type="stmt"/>
        <line num="42" count="1" type="stmt"/>
        <line num="45" count="6" type="cond" truecount="2" falsecount="0"/>
        <line num="46" count="6" type="stmt"/>
        <line num="54" count="3" type="stmt"/>
        <line num="55" count="3" type="stmt"/>
        <line num="56" count="3" type="stmt"/>
        <line num="58" count="3" type="stmt"/>
        <line num="61" count="4" type="stmt"/>
        <line num="64" count="4" type="cond" truecount="2" falsecount="0"/>
        <line num="65" count="4" type="stmt"/>
        <line num="66" count="4" type="stmt"/>
        <line num="70" count="6" type="stmt"/>
      </file>
      <file name="update-traveler-preferences.use-case.ts" path="C:\Users\Anandu\Documents\workspace\training\travel-portal\pgt\traveler-service\src\application\use-cases\update-traveler-preferences.use-case.ts">
        <metrics statements="19" coveredstatements="19" conditionals="1" coveredconditionals="1" methods="2" coveredmethods="2"/>
        <line num="1" count="4" type="stmt"/>
        <line num="3" count="4" type="stmt"/>
        <line num="4" count="4" type="stmt"/>
        <line num="5" count="4" type="stmt"/>
        <line num="6" count="4" type="stmt"/>
        <line num="10" count="4" type="stmt"/>
        <line num="12" count="4" type="stmt"/>
        <line num="13" count="4" type="stmt"/>
        <line num="14" count="4" type="stmt"/>
        <line num="22" count="4" type="stmt"/>
        <line num="23" count="4" type="cond" truecount="1" falsecount="0"/>
        <line num="25" count="3" type="stmt"/>
        <line num="30" count="3" type="stmt"/>
        <line num="31" count="3" type="stmt"/>
        <line num="32" count="3" type="stmt"/>
        <line num="34" count="3" type="stmt"/>
        <line num="35" count="3" type="stmt"/>
        <line num="37" count="3" type="stmt"/>
        <line num="39" count="3" type="stmt"/>
      </file>
      <file name="update-traveler.use-case.ts" path="C:\Users\Anandu\Documents\workspace\training\travel-portal\pgt\traveler-service\src\application\use-cases\update-traveler.use-case.ts">
        <metrics statements="18" coveredstatements="18" conditionals="3" coveredconditionals="3" methods="2" coveredmethods="2"/>
        <line num="1" count="4" type="stmt"/>
        <line num="3" count="4" type="stmt"/>
        <line num="4" count="4" type="stmt"/>
        <line num="5" count="4" type="stmt"/>
        <line num="7" count="4" type="stmt"/>
        <line num="10" count="4" type="stmt"/>
        <line num="12" count="4" type="stmt"/>
        <line num="13" count="4" type="stmt"/>
        <line num="14" count="4" type="stmt"/>
        <line num="22" count="4" type="stmt"/>
        <line num="23" count="4" type="cond" truecount="1" falsecount="0"/>
        <line num="25" count="3" type="cond" truecount="2" falsecount="0"/>
        <line num="26" count="3" type="stmt"/>
        <line num="27" count="3" type="stmt"/>
        <line num="29" count="3" type="stmt"/>
        <line num="30" count="3" type="stmt"/>
        <line num="32" count="3" type="stmt"/>
        <line num="34" count="3" type="stmt"/>
      </file>
    </package>
    <package name="src.domain.aggregates">
      <metrics statements="52" coveredstatements="50" conditionals="26" coveredconditionals="21" methods="16" coveredmethods="16"/>
      <file name="traveler.aggregate.ts" path="C:\Users\Anandu\Documents\workspace\training\travel-portal\pgt\traveler-service\src\domain\aggregates\traveler.aggregate.ts">
        <metrics statements="52" coveredstatements="50" conditionals="26" coveredconditionals="21" methods="16" coveredmethods="16"/>
        <line num="1" count="16" type="stmt"/>
        <line num="2" count="16" type="stmt"/>
        <line num="3" count="16" type="stmt"/>
        <line num="4" count="16" type="stmt"/>
        <line num="5" count="16" type="stmt"/>
        <line num="6" count="16" type="stmt"/>
        <line num="7" count="16" type="stmt"/>
        <line num="44" count="16" type="stmt"/>
        <line num="50" count="17" type="stmt"/>
        <line num="51" count="13" type="stmt"/>
        <line num="53" count="13" type="stmt"/>
        <line num="54" count="13" type="stmt"/>
        <line num="56" count="13" type="stmt"/>
        <line num="71" count="13" type="stmt"/>
        <line num="72" count="13" type="stmt"/>
        <line num="87" count="13" type="stmt"/>
        <line num="91" count="19" type="stmt"/>
        <line num="94" count="23" type="stmt"/>
        <line num="97" count="23" type="stmt"/>
        <line num="100" count="22" type="stmt"/>
        <line num="103" count="22" type="stmt"/>
        <line num="106" count="33" type="stmt"/>
        <line num="109" count="16" type="stmt"/>
        <line num="112" count="9" type="stmt"/>
        <line num="115" count="2" type="stmt"/>
        <line num="118" count="18" type="stmt"/>
        <line num="121" count="22" type="stmt"/>
        <line num="125" count="6" type="stmt"/>
        <line num="127" count="6" type="cond" truecount="3" falsecount="0"/>
        <line num="128" count="4" type="stmt"/>
        <line num="129" count="4" type="stmt"/>
        <line num="131" count="6" type="cond" truecount="1" falsecount="0"/>
        <line num="135" count="2" type="stmt"/>
        <line num="136" count="2" type="stmt"/>
        <line num="138" count="6" type="cond" truecount="1" falsecount="2"/>
        <line num="139" count="0" type="stmt"/>
        <line num="140" count="0" type="stmt"/>
        <line num="143" count="6" type="cond" truecount="1" falsecount="0"/>
        <line num="144" count="5" type="stmt"/>
        <line num="145" count="5" type="stmt"/>
        <line num="166" count="4" type="stmt"/>
        <line num="167" count="4" type="stmt"/>
        <line num="168" count="4" type="stmt"/>
        <line num="169" count="4" type="stmt"/>
        <line num="183" count="4" type="stmt"/>
        <line num="184" count="4" type="stmt"/>
        <line num="185" count="4" type="stmt"/>
        <line num="186" count="4" type="stmt"/>
        <line num="187" count="4" type="stmt"/>
        <line num="195" count="4" type="stmt"/>
        <line num="196" count="4" type="stmt"/>
        <line num="197" count="4" type="stmt"/>
      </file>
    </package>
    <package name="src.domain.events">
      <metrics statements="18" coveredstatements="18" conditionals="0" coveredconditionals="0" methods="6" coveredmethods="6"/>
      <file name="traveler-created.event.ts" path="C:\Users\Anandu\Documents\workspace\training\travel-portal\pgt\traveler-service\src\domain\events\traveler-created.event.ts">
        <metrics statements="6" coveredstatements="6" conditionals="0" coveredconditionals="0" methods="2" coveredmethods="2"/>
        <line num="1" count="17" type="stmt"/>
        <line num="16" count="17" type="stmt"/>
        <line num="17" count="16" type="stmt"/>
        <line num="21" count="22" type="stmt"/>
        <line num="25" count="16" type="stmt"/>
        <line num="26" count="16" type="stmt"/>
      </file>
      <file name="traveler-deleted.event.ts" path="C:\Users\Anandu\Documents\workspace\training\travel-portal\pgt\traveler-service\src\domain\events\traveler-deleted.event.ts">
        <metrics statements="6" coveredstatements="6" conditionals="0" coveredconditionals="0" methods="2" coveredmethods="2"/>
        <line num="1" count="17" type="stmt"/>
        <line num="12" count="17" type="stmt"/>
        <line num="13" count="5" type="stmt"/>
        <line num="17" count="7" type="stmt"/>
        <line num="21" count="5" type="stmt"/>
        <line num="22" count="5" type="stmt"/>
      </file>
      <file name="traveler-updated.event.ts" path="C:\Users\Anandu\Documents\workspace\training\travel-portal\pgt\traveler-service\src\domain\events\traveler-updated.event.ts">
        <metrics statements="6" coveredstatements="6" conditionals="0" coveredconditionals="0" methods="2" coveredmethods="2"/>
        <line num="1" count="17" type="stmt"/>
        <line num="18" count="17" type="stmt"/>
        <line num="19" count="10" type="stmt"/>
        <line num="23" count="12" type="stmt"/>
        <line num="27" count="10" type="stmt"/>
        <line num="28" count="10" type="stmt"/>
      </file>
    </package>
    <package name="src.domain.exceptions">
      <metrics statements="20" coveredstatements="20" conditionals="0" coveredconditionals="0" methods="5" coveredmethods="5"/>
      <file name="duplicate-email.exception.ts" path="C:\Users\Anandu\Documents\workspace\training\travel-portal\pgt\traveler-service\src\domain\exceptions\duplicate-email.exception.ts">
        <metrics statements="4" coveredstatements="4" conditionals="0" coveredconditionals="0" methods="1" coveredmethods="1"/>
        <line num="1" count="1" type="stmt"/>
        <line num="3" count="1" type="stmt"/>
        <line num="5" count="1" type="stmt"/>
        <line num="11" count="1" type="stmt"/>
      </file>
      <file name="duplicate-employee-id.exception.ts" path="C:\Users\Anandu\Documents\workspace\training\travel-portal\pgt\traveler-service\src\domain\exceptions\duplicate-employee-id.exception.ts">
        <metrics statements="4" coveredstatements="4" conditionals="0" coveredconditionals="0" methods="1" coveredmethods="1"/>
        <line num="1" count="5" type="stmt"/>
        <line num="3" count="5" type="stmt"/>
        <line num="5" count="3" type="stmt"/>
        <line num="11" count="3" type="stmt"/>
      </file>
      <file name="hr-system-unavailable.exception.ts" path="C:\Users\Anandu\Documents\workspace\training\travel-portal\pgt\traveler-service\src\domain\exceptions\hr-system-unavailable.exception.ts">
        <metrics statements="4" coveredstatements="4" conditionals="0" coveredconditionals="0" methods="1" coveredmethods="1"/>
        <line num="1" count="5" type="stmt"/>
        <line num="3" count="5" type="stmt"/>
        <line num="5" count="1" type="stmt"/>
        <line num="10" count="1" type="stmt"/>
      </file>
      <file name="invalid-email.exception.ts" path="C:\Users\Anandu\Documents\workspace\training\travel-portal\pgt\traveler-service\src\domain\exceptions\invalid-email.exception.ts">
        <metrics statements="4" coveredstatements="4" conditionals="0" coveredconditionals="0" methods="1" coveredmethods="1"/>
        <line num="1" count="17" type="stmt"/>
        <line num="3" count="17" type="stmt"/>
        <line num="5" count="7" type="stmt"/>
        <line num="11" count="7" type="stmt"/>
      </file>
      <file name="traveler-not-found.exception.ts" path="C:\Users\Anandu\Documents\workspace\training\travel-portal\pgt\traveler-service\src\domain\exceptions\traveler-not-found.exception.ts">
        <metrics statements="4" coveredstatements="4" conditionals="0" coveredconditionals="0" methods="1" coveredmethods="1"/>
        <line num="1" count="8" type="stmt"/>
        <line num="3" count="8" type="stmt"/>
        <line num="5" count="7" type="stmt"/>
        <line num="11" count="7" type="stmt"/>
      </file>
    </package>
    <package name="src.domain.repositories">
      <metrics statements="1" coveredstatements="1" conditionals="0" coveredconditionals="0" methods="0" coveredmethods="0"/>
      <file name="i-traveler.repository.ts" path="C:\Users\Anandu\Documents\workspace\training\travel-portal\pgt\traveler-service\src\domain\repositories\i-traveler.repository.ts">
        <metrics statements="1" coveredstatements="1" conditionals="0" coveredconditionals="0" methods="0" coveredmethods="0"/>
        <line num="11" count="1" type="stmt"/>
      </file>
    </package>
    <package name="src.domain.value-objects">
      <metrics statements="30" coveredstatements="28" conditionals="15" coveredconditionals="15" methods="15" coveredmethods="13"/>
      <file name="email.value-object.ts" path="C:\Users\Anandu\Documents\workspace\training\travel-portal\pgt\traveler-service\src\domain\value-objects\email.value-object.ts">
        <metrics statements="9" coveredstatements="8" conditionals="1" coveredconditionals="1" methods="3" coveredmethods="2"/>
        <line num="1" count="17" type="stmt"/>
        <line num="2" count="17" type="stmt"/>
        <line num="10" count="17" type="stmt"/>
        <line num="12" count="17" type="stmt"/>
        <line num="14" count="22" type="cond" truecount="1" falsecount="0"/>
        <line num="15" count="7" type="stmt"/>
        <line num="17" count="15" type="stmt"/>
        <line num="21" count="1" type="stmt"/>
        <line num="25" count="0" type="stmt"/>
      </file>
      <file name="employee-id.value-object.ts" path="C:\Users\Anandu\Documents\workspace\training\travel-portal\pgt\traveler-service\src\domain\value-objects\employee-id.value-object.ts">
        <metrics statements="10" coveredstatements="10" conditionals="4" coveredconditionals="4" methods="3" coveredmethods="3"/>
        <line num="1" count="17" type="stmt"/>
        <line num="2" count="17" type="stmt"/>
        <line num="8" count="17" type="stmt"/>
        <line num="10" count="18" type="cond" truecount="3" falsecount="0"/>
        <line num="11" count="2" type="stmt"/>
        <line num="18" count="16" type="cond" truecount="1" falsecount="0"/>
        <line num="19" count="1" type="stmt"/>
        <line num="26" count="15" type="stmt"/>
        <line num="30" count="2" type="stmt"/>
        <line num="34" count="1" type="stmt"/>
      </file>
      <file name="traveler-id.value-object.ts" path="C:\Users\Anandu\Documents\workspace\training\travel-portal\pgt\traveler-service\src\domain\value-objects\traveler-id.value-object.ts">
        <metrics statements="1" coveredstatements="0" conditionals="0" coveredconditionals="0" methods="1" coveredmethods="0"/>
        <line num="2" count="0" type="stmt"/>
      </file>
      <file name="traveler-preferences.value-object.ts" path="C:\Users\Anandu\Documents\workspace\training\travel-portal\pgt\traveler-service\src\domain\value-objects\traveler-preferences.value-object.ts">
        <metrics statements="10" coveredstatements="10" conditionals="10" coveredconditionals="10" methods="8" coveredmethods="8"/>
        <line num="1" count="17" type="stmt"/>
        <line num="20" count="17" type="stmt"/>
        <line num="22" count="37" type="stmt"/>
        <line num="32" count="13" type="stmt"/>
        <line num="42" count="5" type="stmt"/>
        <line num="46" count="5" type="stmt"/>
        <line num="50" count="2" type="stmt"/>
        <line num="54" count="2" type="stmt"/>
        <line num="58" count="2" type="stmt"/>
        <line num="62" count="33" type="stmt"/>
      </file>
    </package>
    <package name="src.infrastructure.cache">
      <metrics statements="19" coveredstatements="19" conditionals="1" coveredconditionals="1" methods="4" coveredmethods="4"/>
      <file name="traveler-cache.service.ts" path="C:\Users\Anandu\Documents\workspace\training\travel-portal\pgt\traveler-service\src\infrastructure\cache\traveler-cache.service.ts">
        <metrics statements="19" coveredstatements="19" conditionals="1" coveredconditionals="1" methods="4" coveredmethods="4"/>
        <line num="1" count="10" type="stmt"/>
        <line num="2" count="10" type="stmt"/>
        <line num="17" count="10" type="stmt"/>
        <line num="18" count="10" type="stmt"/>
        <line num="21" count="10" type="stmt"/>
        <line num="22" count="7" type="stmt"/>
        <line num="24" count="7" type="stmt"/>
        <line num="27" count="3" type="stmt"/>
        <line num="28" count="3" type="stmt"/>
        <line num="29" count="2" type="cond" truecount="1" falsecount="0"/>
        <line num="30" count="1" type="stmt"/>
        <line num="32" count="1" type="stmt"/>
        <line num="33" count="1" type="stmt"/>
        <line num="38" count="2" type="stmt"/>
        <line num="39" count="2" type="stmt"/>
        <line num="46" count="1" type="stmt"/>
        <line num="51" count="2" type="stmt"/>
        <line num="52" count="2" type="stmt"/>
        <line num="54" count="1" type="stmt"/>
      </file>
    </package>
    <package name="src.infrastructure.config">
      <metrics statements="9" coveredstatements="5" conditionals="4" coveredconditionals="1" methods="1" coveredmethods="1"/>
      <file name="database.config.ts" path="C:\Users\Anandu\Documents\workspace\training\travel-portal\pgt\traveler-service\src\infrastructure\config\database.config.ts">
        <metrics statements="3" coveredstatements="3" conditionals="2" coveredconditionals="1" methods="1" coveredmethods="1"/>
        <line num="4" count="1" type="stmt"/>
        <line num="5" count="2" type="cond" truecount="1" falsecount="1"/>
        <line num="6" count="2" type="stmt"/>
      </file>
      <file name="env.validation.ts" path="C:\Users\Anandu\Documents\workspace\training\travel-portal\pgt\traveler-service\src\infrastructure\config\env.validation.ts">
        <metrics statements="2" coveredstatements="2" conditionals="0" coveredconditionals="0" methods="0" coveredmethods="0"/>
        <line num="1" count="2" type="stmt"/>
        <line num="3" count="2" type="stmt"/>
      </file>
      <file name="typeorm-data-source.ts" path="C:\Users\Anandu\Documents\workspace\training\travel-portal\pgt\traveler-service\src\infrastructure\config\typeorm-data-source.ts">
        <metrics statements="4" coveredstatements="0" conditionals="2" coveredconditionals="0" methods="0" coveredmethods="0"/>
        <line num="1" count="0" type="stmt"/>
        <line num="2" count="0" type="stmt"/>
        <line num="3" count="0" type="stmt"/>
        <line num="9" count="0" type="stmt"/>
      </file>
    </package>
    <package name="src.infrastructure.hr">
      <metrics statements="20" coveredstatements="18" conditionals="0" coveredconditionals="0" methods="9" coveredmethods="7"/>
      <file name="hr-soap-client.stub.ts" path="C:\Users\Anandu\Documents\workspace\training\travel-portal\pgt\traveler-service\src\infrastructure\hr\hr-soap-client.stub.ts">
        <metrics statements="20" coveredstatements="18" conditionals="0" coveredconditionals="0" methods="9" coveredmethods="7"/>
        <line num="1" count="5" type="stmt"/>
        <line num="2" count="5" type="stmt"/>
        <line num="3" count="5" type="stmt"/>
        <line num="19" count="5" type="stmt"/>
        <line num="20" count="3" type="stmt"/>
        <line num="23" count="3" type="stmt"/>
        <line num="24" count="3" type="stmt"/>
        <line num="25" count="2" type="stmt"/>
        <line num="35" count="3" type="stmt"/>
        <line num="36" count="1" type="stmt"/>
        <line num="39" count="3" type="stmt"/>
        <line num="40" count="1" type="stmt"/>
        <line num="42" count="3" type="stmt"/>
        <line num="43" count="0" type="stmt"/>
        <line num="45" count="3" type="stmt"/>
        <line num="46" count="0" type="stmt"/>
        <line num="51" count="3" type="stmt"/>
        <line num="56" count="1" type="stmt"/>
        <line num="62" count="2" type="stmt"/>
        <line num="63" count="2" type="stmt"/>
      </file>
    </package>
    <package name="src.infrastructure.jobs">
      <metrics statements="21" coveredstatements="21" conditionals="1" coveredconditionals="1" methods="2" coveredmethods="2"/>
      <file name="gdpr-anonymisation.job.ts" path="C:\Users\Anandu\Documents\workspace\training\travel-portal\pgt\traveler-service\src\infrastructure\jobs\gdpr-anonymisation.job.ts">
        <metrics statements="21" coveredstatements="21" conditionals="1" coveredconditionals="1" methods="2" coveredmethods="2"/>
        <line num="1" count="1" type="stmt"/>
        <line num="2" count="1" type="stmt"/>
        <line num="3" count="1" type="stmt"/>
        <line num="4" count="1" type="stmt"/>
        <line num="5" count="1" type="stmt"/>
        <line num="6" count="1" type="stmt"/>
        <line num="8" count="1" type="stmt"/>
        <line num="11" count="1" type="stmt"/>
        <line num="12" count="4" type="stmt"/>
        <line num="16" count="4" type="stmt"/>
        <line num="21" count="1" type="stmt"/>
        <line num="22" count="4" type="stmt"/>
        <line num="24" count="4" type="stmt"/>
        <line num="31" count="4" type="cond" truecount="1" falsecount="0"/>
        <line num="33" count="3" type="stmt"/>
        <line num="35" count="3" type="stmt"/>
        <line num="36" count="3" type="stmt"/>
        <line num="37" count="3" type="stmt"/>
        <line num="38" count="3" type="stmt"/>
        <line num="39" count="3" type="stmt"/>
        <line num="40" count="3" type="stmt"/>
      </file>
    </package>
    <package name="src.infrastructure.kafka">
      <metrics statements="26" coveredstatements="26" conditionals="5" coveredconditionals="4" methods="4" coveredmethods="4"/>
      <file name="traveler-event-publisher.ts" path="C:\Users\Anandu\Documents\workspace\training\travel-portal\pgt\traveler-service\src\infrastructure\kafka\traveler-event-publisher.ts">
        <metrics statements="26" coveredstatements="26" conditionals="5" coveredconditionals="4" methods="4" coveredmethods="4"/>
        <line num="1" count="9" type="stmt"/>
        <line num="3" count="9" type="stmt"/>
        <line num="5" count="9" type="stmt"/>
        <line num="11" count="9" type="stmt"/>
        <line num="12" count="9" type="stmt"/>
        <line num="13" count="9" type="stmt"/>
        <line num="14" count="9" type="stmt"/>
        <line num="17" count="9" type="stmt"/>
        <line num="18" count="6" type="stmt"/>
        <line num="22" count="6" type="stmt"/>
        <line num="26" count="6" type="stmt"/>
        <line num="27" count="6" type="cond" truecount="1" falsecount="0"/>
        <line num="28" count="1" type="stmt"/>
        <line num="29" count="1" type="stmt"/>
        <line num="32" count="5" type="stmt"/>
        <line num="41" count="5" type="stmt"/>
        <line num="50" count="8" type="stmt"/>
        <line num="51" count="8" type="stmt"/>
        <line num="52" count="4" type="stmt"/>
        <line num="54" count="4" type="cond" truecount="1" falsecount="0"/>
        <line num="55" count="1" type="stmt"/>
        <line num="64" count="1" type="stmt"/>
        <line num="67" count="3" type="stmt"/>
        <line num="71" count="3" type="stmt"/>
        <line num="74" count="3" type="stmt"/>
        <line num="75" count="3" type="stmt"/>
      </file>
    </package>
    <package name="src.infrastructure.observability">
      <metrics statements="38" coveredstatements="34" conditionals="4" coveredconditionals="4" methods="17" coveredmethods="13"/>
      <file name="logging.service.ts" path="C:\Users\Anandu\Documents\workspace\training\travel-portal\pgt\traveler-service\src\infrastructure\observability\logging.service.ts">
        <metrics statements="11" coveredstatements="10" conditionals="0" coveredconditionals="0" methods="6" coveredmethods="5"/>
        <line num="1" count="1" type="stmt"/>
        <line num="2" count="1" type="stmt"/>
        <line num="4" count="1" type="stmt"/>
        <line num="7" count="1" type="stmt"/>
        <line num="9" count="4" type="stmt"/>
        <line num="12" count="4" type="stmt"/>
        <line num="23" count="1" type="stmt"/>
        <line num="27" count="2" type="stmt"/>
        <line num="31" count="1" type="stmt"/>
        <line num="35" count="1" type="stmt"/>
        <line num="39" count="0" type="stmt"/>
      </file>
      <file name="metrics.service.ts" path="C:\Users\Anandu\Documents\workspace\training\travel-portal\pgt\traveler-service\src\infrastructure\observability\metrics.service.ts">
        <metrics statements="27" coveredstatements="24" conditionals="4" coveredconditionals="4" methods="11" coveredmethods="8"/>
        <line num="1" count="1" type="stmt"/>
        <line num="2" count="1" type="stmt"/>
        <line num="11" count="1" type="stmt"/>
        <line num="26" count="9" type="stmt"/>
        <line num="27" count="9" type="stmt"/>
        <line num="29" count="9" type="stmt"/>
        <line num="36" count="9" type="stmt"/>
        <line num="44" count="9" type="stmt"/>
        <line num="51" count="9" type="stmt"/>
        <line num="58" count="9" type="stmt"/>
        <line num="65" count="9" type="stmt"/>
        <line num="72" count="9" type="stmt"/>
        <line num="79" count="9" type="stmt"/>
        <line num="86" count="9" type="stmt"/>
        <line num="94" count="9" type="stmt"/>
        <line num="102" count="1" type="stmt"/>
        <line num="103" count="1" type="stmt"/>
        <line num="107" count="1" type="stmt"/>
        <line num="111" count="1" type="stmt"/>
        <line num="115" count="1" type="stmt"/>
        <line num="119" count="1" type="stmt"/>
        <line num="123" count="3" type="cond" truecount="4" falsecount="0"/>
        <line num="124" count="3" type="stmt"/>
        <line num="128" count="0" type="stmt"/>
        <line num="132" count="0" type="stmt"/>
        <line num="136" count="0" type="stmt"/>
        <line num="140" count="1" type="stmt"/>
      </file>
    </package>
    <package name="src.infrastructure.persistence.entities">
      <metrics statements="14" coveredstatements="14" conditionals="0" coveredconditionals="0" methods="0" coveredmethods="0"/>
      <file name="traveler.typeorm-entity.ts" path="C:\Users\Anandu\Documents\workspace\training\travel-portal\pgt\traveler-service\src\infrastructure\persistence\entities\traveler.typeorm-entity.ts">
        <metrics statements="14" coveredstatements="14" conditionals="0" coveredconditionals="0" methods="0" coveredmethods="0"/>
        <line num="1" count="8" type="stmt"/>
        <line num="15" count="8" type="stmt"/>
        <line num="17" count="8" type="stmt"/>
        <line num="20" count="8" type="stmt"/>
        <line num="23" count="8" type="stmt"/>
        <line num="26" count="8" type="stmt"/>
        <line num="29" count="8" type="stmt"/>
        <line num="32" count="8" type="stmt"/>
        <line num="35" count="8" type="stmt"/>
        <line num="38" count="8" type="stmt"/>
        <line num="41" count="8" type="stmt"/>
        <line num="44" count="8" type="stmt"/>
        <line num="47" count="8" type="stmt"/>
        <line num="50" count="8" type="stmt"/>
      </file>
    </package>
    <package name="src.presentation.controllers">
      <metrics statements="60" coveredstatements="58" conditionals="0" coveredconditionals="0" methods="12" coveredmethods="11"/>
      <file name="admin-traveler.controller.ts" path="C:\Users\Anandu\Documents\workspace\training\travel-portal\pgt\traveler-service\src\presentation\controllers\admin-traveler.controller.ts">
        <metrics statements="9" coveredstatements="9" conditionals="0" coveredconditionals="0" methods="2" coveredmethods="2"/>
        <line num="1" count="3" type="stmt"/>
        <line num="6" count="3" type="stmt"/>
        <line num="7" count="3" type="stmt"/>
        <line num="8" count="3" type="stmt"/>
        <line num="9" count="3" type="stmt"/>
        <line num="13" count="3" type="stmt"/>
        <line num="15" count="4" type="stmt"/>
        <line num="20" count="3" type="stmt"/>
        <line num="21" count="2" type="stmt"/>
      </file>
      <file name="health.controller.ts" path="C:\Users\Anandu\Documents\workspace\training\travel-portal\pgt\traveler-service\src\presentation\controllers\health.controller.ts">
        <metrics statements="4" coveredstatements="4" conditionals="0" coveredconditionals="0" methods="1" coveredmethods="1"/>
        <line num="1" count="1" type="stmt"/>
        <line num="4" count="1" type="stmt"/>
        <line num="6" count="1" type="stmt"/>
        <line num="7" count="1" type="stmt"/>
      </file>
      <file name="traveler.controller.ts" path="C:\Users\Anandu\Documents\workspace\training\travel-portal\pgt\traveler-service\src\presentation\controllers\traveler.controller.ts">
        <metrics statements="47" coveredstatements="45" conditionals="0" coveredconditionals="0" methods="9" coveredmethods="8"/>
        <line num="1" count="3" type="stmt"/>
        <line num="16" count="3" type="stmt"/>
        <line num="17" count="3" type="stmt"/>
        <line num="18" count="3" type="stmt"/>
        <line num="19" count="3" type="stmt"/>
        <line num="20" count="3" type="stmt"/>
        <line num="21" count="3" type="stmt"/>
        <line num="22" count="3" type="stmt"/>
        <line num="23" count="3" type="stmt"/>
        <line num="24" count="3" type="stmt"/>
        <line num="25" count="3" type="stmt"/>
        <line num="26" count="3" type="stmt"/>
        <line num="27" count="3" type="stmt"/>
        <line num="28" count="3" type="stmt"/>
        <line num="29" count="3" type="stmt"/>
        <line num="30" count="3" type="stmt"/>
        <line num="31" count="3" type="stmt"/>
        <line num="37" count="3" type="stmt"/>
        <line num="39" count="10" type="stmt"/>
        <line num="40" count="10" type="stmt"/>
        <line num="41" count="10" type="stmt"/>
        <line num="42" count="10" type="stmt"/>
        <line num="43" count="10" type="stmt"/>
        <line num="44" count="10" type="stmt"/>
        <line num="45" count="10" type="stmt"/>
        <line num="46" count="10" type="stmt"/>
        <line num="52" count="3" type="stmt"/>
        <line num="53" count="3" type="stmt"/>
        <line num="54" count="3" type="stmt"/>
        <line num="59" count="3" type="stmt"/>
        <line num="60" count="1" type="stmt"/>
        <line num="65" count="3" type="stmt"/>
        <line num="66" count="4" type="stmt"/>
        <line num="71" count="3" type="stmt"/>
        <line num="76" count="1" type="stmt"/>
        <line num="77" count="1" type="stmt"/>
        <line num="83" count="3" type="stmt"/>
        <line num="84" count="2" type="stmt"/>
        <line num="85" count="2" type="stmt"/>
        <line num="90" count="3" type="stmt"/>
        <line num="91" count="1" type="stmt"/>
        <line num="97" count="3" type="stmt"/>
        <line num="102" count="2" type="stmt"/>
        <line num="103" count="2" type="stmt"/>
        <line num="109" count="3" type="stmt"/>
        <line num="110" count="0" type="stmt"/>
        <line num="111" count="0" type="stmt"/>
      </file>
    </package>
    <package name="src.presentation.decorators">
      <metrics statements="3" coveredstatements="3" conditionals="0" coveredconditionals="0" methods="1" coveredmethods="1"/>
      <file name="roles.decorator.ts" path="C:\Users\Anandu\Documents\workspace\training\travel-portal\pgt\traveler-service\src\presentation\decorators\roles.decorator.ts">
        <metrics statements="3" coveredstatements="3" conditionals="0" coveredconditionals="0" methods="1" coveredmethods="1"/>
        <line num="1" count="5" type="stmt"/>
        <line num="3" count="5" type="stmt"/>
        <line num="4" count="27" type="stmt"/>
      </file>
    </package>
    <package name="src.presentation.filters">
      <metrics statements="9" coveredstatements="9" conditionals="4" coveredconditionals="3" methods="1" coveredmethods="1"/>
      <file name="domain-exception.filter.ts" path="C:\Users\Anandu\Documents\workspace\training\travel-portal\pgt\traveler-service\src\presentation\filters\domain-exception.filter.ts">
        <metrics statements="9" coveredstatements="9" conditionals="4" coveredconditionals="3" methods="1" coveredmethods="1"/>
        <line num="1" count="3" type="stmt"/>
        <line num="8" count="3" type="stmt"/>
        <line num="11" count="3" type="stmt"/>
        <line num="13" count="3" type="stmt"/>
        <line num="14" count="3" type="stmt"/>
        <line num="15" count="3" type="stmt"/>
        <line num="18" count="3" type="cond" truecount="2" falsecount="0"/>
        <line num="21" count="3" type="cond" truecount="1" falsecount="1"/>
        <line num="25" count="3" type="stmt"/>
      </file>
    </package>
    <package name="src.presentation.guards">
      <metrics statements="28" coveredstatements="27" conditionals="11" coveredconditionals="10" methods="4" coveredmethods="4"/>
      <file name="jwt-auth.guard.ts" path="C:\Users\Anandu\Documents\workspace\training\travel-portal\pgt\traveler-service\src\presentation\guards\jwt-auth.guard.ts">
        <metrics statements="11" coveredstatements="10" conditionals="3" coveredconditionals="2" methods="1" coveredmethods="1"/>
        <line num="1" count="4" type="stmt"/>
        <line num="12" count="4" type="stmt"/>
        <line num="14" count="22" type="stmt"/>
        <line num="18" count="22" type="stmt"/>
        <line num="19" count="22" type="cond" truecount="2" falsecount="1"/>
        <line num="22" count="22" type="stmt"/>
        <line num="23" count="22" type="stmt"/>
        <line num="24" count="22" type="stmt"/>
        <line num="27" count="22" type="stmt"/>
        <line num="28" count="22" type="stmt"/>
        <line num="30" count="0" type="stmt"/>
      </file>
      <file name="roles.guard.ts" path="C:\Users\Anandu\Documents\workspace\training\travel-portal\pgt\traveler-service\src\presentation\guards\roles.guard.ts">
        <metrics statements="10" coveredstatements="10" conditionals="4" coveredconditionals="4" methods="2" coveredmethods="2"/>
        <line num="1" count="5" type="stmt"/>
        <line num="2" count="5" type="stmt"/>
        <line num="3" count="5" type="stmt"/>
        <line num="10" count="5" type="stmt"/>
        <line num="11" count="17" type="stmt"/>
        <line num="14" count="26" type="stmt"/>
        <line num="18" count="26" type="cond" truecount="3" falsecount="0"/>
        <line num="20" count="25" type="stmt"/>
        <line num="21" count="25" type="cond" truecount="1" falsecount="0"/>
        <line num="23" count="24" type="stmt"/>
      </file>
      <file name="self-or-admin.guard.ts" path="C:\Users\Anandu\Documents\workspace\training\travel-portal\pgt\traveler-service\src\presentation\guards\self-or-admin.guard.ts">
        <metrics statements="7" coveredstatements="7" conditionals="4" coveredconditionals="4" methods="1" coveredmethods="1"/>
        <line num="1" count="4" type="stmt"/>
        <line num="10" count="4" type="stmt"/>
        <line num="12" count="8" type="stmt"/>
        <line num="16" count="8" type="stmt"/>
        <line num="17" count="8" type="cond" truecount="1" falsecount="0"/>
        <line num="19" count="7" type="cond" truecount="3" falsecount="0"/>
        <line num="22" count="5" type="stmt"/>
      </file>
    </package>
  </project>
</coverage>
