TN:
SF:src\app.module.ts
FNF:0
FNH:0
DA:1,0
DA:2,0
DA:3,0
DA:4,0
DA:5,0
DA:6,0
DA:7,0
DA:8,0
DA:30,0
LF:9
LH:0
BRDA:23,0,0,0
BRDA:23,0,1,0
BRF:2
BRH:0
end_of_record
TN:
SF:src\traveler.module.ts
FN:71,(anonymous_2)
FN:79,(anonymous_3)
FN:86,(anonymous_4)
FN:93,(anonymous_5)
FN:116,(anonymous_6)
FN:125,(anonymous_7)
FN:131,(anonymous_8)
FN:136,(anonymous_9)
FN:145,(anonymous_10)
FN:154,(anonymous_11)
FN:160,(anonymous_12)
FN:169,(anonymous_13)
FN:174,(anonymous_14)
FNF:13
FNH:0
FNDA:0,(anonymous_2)
FNDA:0,(anonymous_3)
FNDA:0,(anonymous_4)
FNDA:0,(anonymous_5)
FNDA:0,(anonymous_6)
FNDA:0,(anonymous_7)
FNDA:0,(anonymous_8)
FNDA:0,(anonymous_9)
FNDA:0,(anonymous_10)
FNDA:0,(anonymous_11)
FNDA:0,(anonymous_12)
FNDA:0,(anonymous_13)
FNDA:0,(anonymous_14)
DA:1,0
DA:2,0
DA:3,0
DA:6,0
DA:7,0
DA:8,0
DA:11,0
DA:14,0
DA:17,0
DA:20,0
DA:23,0
DA:24,0
DA:27,0
DA:28,0
DA:29,0
DA:30,0
DA:31,0
DA:32,0
DA:33,0
DA:34,0
DA:35,0
DA:38,0
DA:39,0
DA:42,0
DA:43,0
DA:44,0
DA:47,0
DA:50,0
DA:51,0
DA:52,0
DA:72,0
DA:73,0
DA:79,0
DA:86,0
DA:94,0
DA:120,0
DA:126,0
DA:131,0
DA:140,0
DA:149,0
DA:155,0
DA:164,0
DA:169,0
DA:178,0
DA:184,0
LF:45
LH:0
BRF:0
BRH:0
end_of_record
TN:
SF:src\application\dto\admin-traveler-response.dto.ts
FN:16,(anonymous_0)
FNF:1
FNH:1
FNDA:3,(anonymous_0)
DA:3,4
DA:17,3
DA:18,3
DA:19,3
DA:20,3
DA:21,3
DA:22,3
DA:23,3
DA:24,3
DA:25,3
DA:26,3
DA:27,3
LF:12
LH:12
BRDA:24,0,0,3
BRDA:24,0,1,1
BRDA:25,1,0,3
BRDA:25,1,1,2
BRF:4
BRH:4
end_of_record
TN:
SF:src\application\dto\create-traveler.dto.ts
FN:9,(anonymous_2)
FNF:1
FNH:1
FNDA:4,(anonymous_2)
DA:1,4
DA:9,4
DA:10,4
DA:11,4
DA:12,4
DA:15,4
DA:19,4
DA:24,4
DA:28,4
DA:33,4
DA:36,4
LF:11
LH:11
BRDA:9,0,0,4
BRDA:9,0,1,4
BRF:2
BRH:2
end_of_record
TN:
SF:src\application\dto\sync-travelers.dto.ts
FN:32,(anonymous_2)
FNF:1
FNH:0
FNDA:0,(anonymous_2)
DA:1,3
DA:2,3
DA:4,3
DA:8,3
DA:13,3
DA:17,3
DA:22,3
DA:26,3
DA:29,3
DA:32,0
DA:33,3
LF:11
LH:10
BRF:0
BRH:0
end_of_record
TN:
SF:src\application\dto\traveler-preferences.dto.ts
FNF:0
FNH:0
DA:1,3
DA:13,3
DA:16,3
DA:20,3
DA:24,3
DA:29,3
DA:34,3
LF:7
LH:7
BRF:0
BRH:0
end_of_record
TN:
SF:src\application\dto\traveler-response.dto.ts
FN:14,(anonymous_0)
FNF:1
FNH:1
FNDA:9,(anonymous_0)
DA:3,7
DA:15,9
DA:16,9
DA:17,9
DA:18,9
DA:19,9
DA:20,9
DA:21,9
DA:22,9
DA:23,9
LF:10
LH:10
BRF:0
BRH:0
end_of_record
TN:
SF:src\application\dto\update-traveler.dto.ts
FNF:0
FNH:0
DA:1,3
DA:2,3
DA:4,3
DA:8,3
DA:13,3
DA:17,3
LF:6
LH:6
BRF:0
BRH:0
end_of_record
TN:
SF:src\application\mappers\traveler.mapper.ts
FN:7,(anonymous_0)
FN:25,(anonymous_1)
FN:47,(anonymous_2)
FN:64,(anonymous_3)
FNF:4
FNH:4
FNDA:4,(anonymous_0)
FNDA:1,(anonymous_1)
FNDA:4,(anonymous_2)
FNDA:5,(anonymous_3)
DA:1,8
DA:2,8
DA:3,8
DA:6,8
DA:8,4
DA:22,4
DA:26,1
DA:27,1
DA:28,1
DA:29,1
DA:30,1
DA:31,1
DA:32,1
DA:33,1
DA:34,1
DA:35,1
DA:36,1
DA:37,1
DA:38,1
DA:39,1
DA:51,4
DA:52,4
DA:53,4
DA:54,4
DA:55,4
DA:56,4
DA:57,4
DA:58,4
DA:65,5
LF:29
LH:29
BRDA:15,0,0,4
BRDA:15,0,1,0
BRDA:73,1,0,5
BRDA:73,1,1,4
BRF:4
BRH:3
end_of_record
TN:
SF:src\application\use-cases\create-traveler.use-case.ts
FN:12,(anonymous_2)
FN:18,(anonymous_3)
FNF:2
FNH:2
FNDA:3,(anonymous_2)
FNDA:3,(anonymous_3)
DA:1,4
DA:2,4
DA:4,4
DA:5,4
DA:6,4
DA:8,4
DA:11,4
DA:13,3
DA:14,3
DA:15,3
DA:22,3
DA:23,3
DA:24,1
DA:27,2
DA:36,2
DA:38,2
DA:39,2
DA:41,2
DA:43,2
LF:19
LH:19
BRDA:23,0,0,1
BRDA:33,1,0,2
BRDA:33,1,1,1
BRF:3
BRH:3
end_of_record
TN:
SF:src\application\use-cases\delete-traveler.use-case.ts
FN:9,(anonymous_2)
FN:15,(anonymous_3)
FNF:2
FNH:2
FNDA:4,(anonymous_2)
FNDA:4,(anonymous_3)
DA:1,4
DA:3,4
DA:4,4
DA:5,4
DA:8,4
DA:10,4
DA:11,4
DA:12,4
DA:19,4
DA:20,4
DA:22,3
DA:23,3
DA:24,3
DA:26,3
DA:27,3
DA:29,3
LF:16
LH:16
BRDA:20,0,0,1
BRF:1
BRH:1
end_of_record
TN:
SF:src\application\use-cases\get-admin-travelers.use-case.ts
FN:7,(anonymous_2)
FN:9,(anonymous_3)
FN:11,(anonymous_4)
FNF:3
FNH:3
FNDA:3,(anonymous_2)
FNDA:3,(anonymous_3)
FNDA:3,(anonymous_4)
DA:1,4
DA:3,4
DA:6,4
DA:7,3
DA:10,3
DA:11,3
LF:6
LH:6
BRF:0
BRH:0
end_of_record
TN:
SF:src\application\use-cases\get-traveler-preferences.use-case.ts
FN:10,(anonymous_2)
FN:15,(anonymous_3)
FNF:2
FNH:2
FNDA:3,(anonymous_2)
FNDA:3,(anonymous_3)
DA:1,4
DA:3,4
DA:4,4
DA:6,4
DA:9,4
DA:11,3
DA:12,3
DA:17,3
DA:18,3
DA:19,1
DA:22,2
DA:23,2
DA:25,1
DA:26,1
LF:14
LH:14
BRDA:18,0,0,1
BRDA:23,1,0,1
BRF:2
BRH:2
end_of_record
TN:
SF:src\application\use-cases\get-traveler.use-case.ts
FN:10,(anonymous_2)
FN:15,(anonymous_3)
FNF:2
FNH:2
FNDA:4,(anonymous_2)
FNDA:4,(anonymous_3)
DA:1,4
DA:3,4
DA:4,4
DA:5,4
DA:6,4
DA:9,4
DA:11,4
DA:12,4
DA:17,4
DA:18,4
DA:19,1
DA:23,3
DA:24,3
DA:25,1
DA:28,2
DA:29,2
DA:30,2
LF:17
LH:17
BRDA:18,0,0,1
BRDA:24,1,0,1
BRF:2
BRH:2
end_of_record
TN:
SF:src\application\use-cases\get-travelers.use-case.ts
FN:7,(anonymous_2)
FN:9,(anonymous_3)
FN:11,(anonymous_4)
FNF:3
FNH:3
FNDA:3,(anonymous_2)
FNDA:3,(anonymous_3)
FNDA:2,(anonymous_4)
DA:1,4
DA:3,4
DA:6,4
DA:7,3
DA:10,3
DA:11,3
LF:6
LH:6
BRF:0
BRH:0
end_of_record
TN:
SF:src\application\use-cases\sync-travelers.use-case.ts
FN:15,(anonymous_2)
FN:21,(anonymous_3)
FNF:2
FNH:2
FNDA:5,(anonymous_2)
FNDA:6,(anonymous_3)
DA:1,4
DA:3,4
DA:4,4
DA:5,4
DA:7,4
DA:9,4
DA:12,4
DA:13,5
DA:16,5
DA:17,5
DA:18,5
DA:25,6
DA:26,6
DA:28,6
DA:29,8
DA:30,8
DA:32,7
DA:33,1
DA:38,1
DA:39,1
DA:40,1
DA:42,1
DA:45,6
DA:46,6
DA:54,3
DA:55,3
DA:56,3
DA:58,3
DA:61,4
DA:64,4
DA:65,4
DA:66,4
DA:70,6
LF:33
LH:33
BRDA:32,0,0,1
BRDA:32,0,1,6
BRDA:36,1,0,1
BRDA:36,1,1,0
BRDA:45,2,0,6
BRDA:45,2,1,6
BRDA:52,3,0,6
BRDA:52,3,1,0
BRDA:64,4,0,3
BRDA:64,4,1,1
BRF:10
BRH:8
end_of_record
TN:
SF:src\application\use-cases\update-traveler-preferences.use-case.ts
FN:11,(anonymous_2)
FN:17,(anonymous_3)
FNF:2
FNH:2
FNDA:4,(anonymous_2)
FNDA:4,(anonymous_3)
DA:1,4
DA:3,4
DA:4,4
DA:5,4
DA:6,4
DA:10,4
DA:12,4
DA:13,4
DA:14,4
DA:22,4
DA:23,4
DA:25,3
DA:30,3
DA:31,3
DA:32,3
DA:34,3
DA:35,3
DA:37,3
DA:39,3
LF:19
LH:19
BRDA:23,0,0,1
BRF:1
BRH:1
end_of_record
TN:
SF:src\application\use-cases\update-traveler.use-case.ts
FN:11,(anonymous_2)
FN:17,(anonymous_3)
FNF:2
FNH:2
FNDA:4,(anonymous_2)
FNDA:4,(anonymous_3)
DA:1,4
DA:3,4
DA:4,4
DA:5,4
DA:7,4
DA:10,4
DA:12,4
DA:13,4
DA:14,4
DA:22,4
DA:23,4
DA:25,3
DA:26,3
DA:27,3
DA:29,3
DA:30,3
DA:32,3
DA:34,3
LF:18
LH:18
BRDA:23,0,0,1
BRDA:25,1,0,3
BRDA:25,1,1,1
BRF:3
BRH:3
end_of_record
TN:
SF:src\domain\aggregates\traveler.aggregate.ts
FN:48,(anonymous_0)
FN:90,(anonymous_1)
FN:93,(anonymous_2)
FN:96,(anonymous_3)
FN:99,(anonymous_4)
FN:102,(anonymous_5)
FN:105,(anonymous_6)
FN:108,(anonymous_7)
FN:111,(anonymous_8)
FN:114,(anonymous_9)
FN:117,(anonymous_10)
FN:120,(anonymous_11)
FN:124,(anonymous_12)
FN:165,(anonymous_13)
FN:182,(anonymous_14)
FN:190,(anonymous_15)
FNF:16
FNH:16
FNDA:17,(anonymous_0)
FNDA:19,(anonymous_1)
FNDA:23,(anonymous_2)
FNDA:23,(anonymous_3)
FNDA:22,(anonymous_4)
FNDA:22,(anonymous_5)
FNDA:33,(anonymous_6)
FNDA:16,(anonymous_7)
FNDA:9,(anonymous_8)
FNDA:2,(anonymous_9)
FNDA:18,(anonymous_10)
FNDA:22,(anonymous_11)
FNDA:6,(anonymous_12)
FNDA:4,(anonymous_13)
FNDA:4,(anonymous_14)
FNDA:4,(anonymous_15)
DA:1,16
DA:2,16
DA:3,16
DA:4,16
DA:5,16
DA:6,16
DA:7,16
DA:44,16
DA:50,17
DA:51,13
DA:53,13
DA:54,13
DA:56,13
DA:71,13
DA:72,13
DA:87,13
DA:91,19
DA:94,23
DA:97,23
DA:100,22
DA:103,22
DA:106,33
DA:109,16
DA:112,9
DA:115,2
DA:118,18
DA:121,22
DA:125,6
DA:127,6
DA:128,4
DA:129,4
DA:131,6
DA:135,2
DA:136,2
DA:138,6
DA:139,0
DA:140,0
DA:143,6
DA:144,5
DA:145,5
DA:166,4
DA:167,4
DA:168,4
DA:169,4
DA:183,4
DA:184,4
DA:185,4
DA:186,4
DA:187,4
DA:195,4
DA:196,4
DA:197,4
LF:52
LH:50
BRDA:75,0,0,13
BRDA:75,0,1,9
BRDA:76,1,0,13
BRDA:76,1,1,8
BRDA:127,2,0,4
BRDA:127,3,0,6
BRDA:127,3,1,5
BRDA:131,4,0,2
BRDA:132,5,0,6
BRDA:132,5,1,2
BRDA:138,6,0,0
BRDA:138,7,0,6
BRDA:138,7,1,0
BRDA:143,8,0,5
BRDA:148,9,0,5
BRDA:148,9,1,2
BRDA:149,10,0,5
BRDA:149,10,1,0
BRDA:172,11,0,4
BRDA:172,11,1,2
BRDA:173,12,0,4
BRDA:173,12,1,1
BRDA:200,13,0,4
BRDA:200,13,1,0
BRDA:201,14,0,4
BRDA:201,14,1,0
BRF:26
BRH:21
end_of_record
TN:
SF:src\domain\events\traveler-created.event.ts
FN:20,(anonymous_0)
FN:24,(anonymous_1)
FNF:2
FNH:2
FNDA:22,(anonymous_0)
FNDA:16,(anonymous_1)
DA:1,17
DA:16,17
DA:17,16
DA:21,22
DA:25,16
DA:26,16
LF:6
LH:6
BRF:0
BRH:0
end_of_record
TN:
SF:src\domain\events\traveler-deleted.event.ts
FN:16,(anonymous_0)
FN:20,(anonymous_1)
FNF:2
FNH:2
FNDA:7,(anonymous_0)
FNDA:5,(anonymous_1)
DA:1,17
DA:12,17
DA:13,5
DA:17,7
DA:21,5
DA:22,5
LF:6
LH:6
BRF:0
BRH:0
end_of_record
TN:
SF:src\domain\events\traveler-updated.event.ts
FN:22,(anonymous_0)
FN:26,(anonymous_1)
FNF:2
FNH:2
FNDA:12,(anonymous_0)
FNDA:10,(anonymous_1)
DA:1,17
DA:18,17
DA:19,10
DA:23,12
DA:27,10
DA:28,10
LF:6
LH:6
BRF:0
BRH:0
end_of_record
TN:
SF:src\domain\exceptions\duplicate-email.exception.ts
FN:4,(anonymous_0)
FNF:1
FNH:1
FNDA:1,(anonymous_0)
DA:1,1
DA:3,1
DA:5,1
DA:11,1
LF:4
LH:4
BRF:0
BRH:0
end_of_record
TN:
SF:src\domain\exceptions\duplicate-employee-id.exception.ts
FN:4,(anonymous_0)
FNF:1
FNH:1
FNDA:3,(anonymous_0)
DA:1,5
DA:3,5
DA:5,3
DA:11,3
LF:4
LH:4
BRF:0
BRH:0
end_of_record
TN:
SF:src\domain\exceptions\hr-system-unavailable.exception.ts
FN:4,(anonymous_0)
FNF:1
FNH:1
FNDA:1,(anonymous_0)
DA:1,5
DA:3,5
DA:5,1
DA:10,1
LF:4
LH:4
BRF:0
BRH:0
end_of_record
TN:
SF:src\domain\exceptions\invalid-email.exception.ts
FN:4,(anonymous_0)
FNF:1
FNH:1
FNDA:7,(anonymous_0)
DA:1,17
DA:3,17
DA:5,7
DA:11,7
LF:4
LH:4
BRF:0
BRH:0
end_of_record
TN:
SF:src\domain\exceptions\traveler-not-found.exception.ts
FN:4,(anonymous_0)
FNF:1
FNH:1
FNDA:7,(anonymous_0)
DA:1,8
DA:3,8
DA:5,7
DA:11,7
LF:4
LH:4
BRF:0
BRH:0
end_of_record
TN:
SF:src\domain\repositories\i-traveler.repository.ts
FNF:0
FNH:0
DA:11,1
LF:1
LH:1
BRF:0
BRH:0
end_of_record
TN:
SF:src\domain\value-objects\email.value-object.ts
FN:13,(anonymous_0)
FN:20,(anonymous_1)
FN:24,(anonymous_2)
FNF:3
FNH:2
FNDA:22,(anonymous_0)
FNDA:1,(anonymous_1)
FNDA:0,(anonymous_2)
DA:1,17
DA:2,17
DA:10,17
DA:12,17
DA:14,22
DA:15,7
DA:17,15
DA:21,1
DA:25,0
LF:9
LH:8
BRDA:14,0,0,7
BRF:1
BRH:1
end_of_record
TN:
SF:src\domain\value-objects\employee-id.value-object.ts
FN:9,(anonymous_0)
FN:29,(anonymous_1)
FN:33,(anonymous_2)
FNF:3
FNH:3
FNDA:18,(anonymous_0)
FNDA:2,(anonymous_1)
FNDA:1,(anonymous_2)
DA:1,17
DA:2,17
DA:8,17
DA:10,18
DA:11,2
DA:18,16
DA:19,1
DA:26,15
DA:30,2
DA:34,1
LF:10
LH:10
BRDA:10,0,0,2
BRDA:10,1,0,18
BRDA:10,1,1,17
BRDA:18,2,0,1
BRF:4
BRH:4
end_of_record
TN:
SF:src\domain\value-objects\traveler-id.value-object.ts
FN:2,(anonymous_0)
FNF:1
FNH:0
FNDA:0,(anonymous_0)
DA:2,0
LF:1
LH:0
BRF:0
BRH:0
end_of_record
TN:
SF:src\domain\value-objects\traveler-preferences.value-object.ts
FN:21,(anonymous_0)
FN:31,(anonymous_1)
FN:41,(anonymous_2)
FN:45,(anonymous_3)
FN:49,(anonymous_4)
FN:53,(anonymous_5)
FN:57,(anonymous_6)
FN:61,(anonymous_7)
FNF:8
FNH:8
FNDA:37,(anonymous_0)
FNDA:13,(anonymous_1)
FNDA:5,(anonymous_2)
FNDA:5,(anonymous_3)
FNDA:2,(anonymous_4)
FNDA:2,(anonymous_5)
FNDA:2,(anonymous_6)
FNDA:33,(anonymous_7)
DA:1,17
DA:20,17
DA:22,37
DA:32,13
DA:42,5
DA:46,5
DA:50,2
DA:54,2
DA:58,2
DA:62,33
LF:10
LH:10
BRDA:33,0,0,13
BRDA:33,0,1,1
BRDA:34,1,0,13
BRDA:34,1,1,2
BRDA:35,2,0,13
BRDA:35,2,1,4
BRDA:36,3,0,13
BRDA:36,3,1,4
BRDA:37,4,0,13
BRDA:37,4,1,4
BRF:10
BRH:10
end_of_record
TN:
SF:src\infrastructure\cache\traveler-cache.service.ts
FN:24,(anonymous_3)
FN:26,(anonymous_4)
FN:37,(anonymous_5)
FN:50,(anonymous_6)
FNF:4
FNH:4
FNDA:7,(anonymous_3)
FNDA:3,(anonymous_4)
FNDA:2,(anonymous_5)
FNDA:2,(anonymous_6)
DA:1,10
DA:2,10
DA:17,10
DA:18,10
DA:21,10
DA:22,7
DA:24,7
DA:27,3
DA:28,3
DA:29,2
DA:30,1
DA:32,1
DA:33,1
DA:38,2
DA:39,2
DA:46,1
DA:51,2
DA:52,2
DA:54,1
LF:19
LH:19
BRDA:29,0,0,1
BRF:1
BRH:1
end_of_record
TN:
SF:src\infrastructure\config\database.config.ts
FN:4,databaseConfig
FNF:1
FNH:1
FNDA:2,databaseConfig
DA:4,1
DA:5,2
DA:6,2
LF:3
LH:3
BRDA:5,0,0,2
BRDA:5,0,1,0
BRF:2
BRH:1
end_of_record
TN:
SF:src\infrastructure\config\env.validation.ts
FNF:0
FNH:0
DA:1,2
DA:3,2
LF:2
LH:2
BRF:0
BRH:0
end_of_record
TN:
SF:src\infrastructure\config\typeorm-data-source.ts
FNF:0
FNH:0
DA:1,0
DA:2,0
DA:3,0
DA:9,0
LF:4
LH:0
BRDA:11,0,0,0
BRDA:11,0,1,0
BRF:2
BRH:0
end_of_record
TN:
SF:src\infrastructure\hr\hr-soap-client.stub.ts
FN:23,(anonymous_3)
FN:25,(anonymous_4)
FN:35,(anonymous_5)
FN:39,(anonymous_6)
FN:42,(anonymous_7)
FN:45,(anonymous_8)
FN:50,(anonymous_9)
FN:55,(anonymous_10)
FN:60,(anonymous_11)
FNF:9
FNH:7
FNDA:3,(anonymous_3)
FNDA:2,(anonymous_4)
FNDA:1,(anonymous_5)
FNDA:1,(anonymous_6)
FNDA:0,(anonymous_7)
FNDA:0,(anonymous_8)
FNDA:3,(anonymous_9)
FNDA:1,(anonymous_10)
FNDA:2,(anonymous_11)
DA:1,5
DA:2,5
DA:3,5
DA:19,5
DA:20,3
DA:23,3
DA:24,3
DA:25,2
DA:35,3
DA:36,1
DA:39,3
DA:40,1
DA:42,3
DA:43,0
DA:45,3
DA:46,0
DA:51,3
DA:56,1
DA:62,2
DA:63,2
LF:20
LH:18
BRF:0
BRH:0
end_of_record
TN:
SF:src\infrastructure\jobs\gdpr-anonymisation.job.ts
FN:14,(anonymous_4)
FN:21,(anonymous_5)
FNF:2
FNH:2
FNDA:4,(anonymous_4)
FNDA:4,(anonymous_5)
DA:1,1
DA:2,1
DA:3,1
DA:4,1
DA:5,1
DA:6,1
DA:8,1
DA:11,1
DA:12,4
DA:16,4
DA:21,1
DA:22,4
DA:24,4
DA:31,4
DA:33,3
DA:35,3
DA:36,3
DA:37,3
DA:38,3
DA:39,3
DA:40,3
LF:21
LH:21
BRDA:31,0,0,1
BRF:1
BRH:1
end_of_record
TN:
SF:src\infrastructure\kafka\traveler-event-publisher.ts
FN:20,(anonymous_4)
FN:25,(anonymous_5)
FN:44,(anonymous_6)
FN:74,(anonymous_7)
FNF:4
FNH:4
FNDA:6,(anonymous_4)
FNDA:6,(anonymous_5)
FNDA:8,(anonymous_6)
FNDA:3,(anonymous_7)
DA:1,9
DA:3,9
DA:5,9
DA:11,9
DA:12,9
DA:13,9
DA:14,9
DA:17,9
DA:18,6
DA:22,6
DA:26,6
DA:27,6
DA:28,1
DA:29,1
DA:32,5
DA:41,5
DA:50,8
DA:51,8
DA:52,4
DA:54,4
DA:55,1
DA:64,1
DA:67,3
DA:71,3
DA:74,3
DA:75,3
LF:26
LH:26
BRDA:27,0,0,1
BRDA:37,1,0,5
BRDA:37,1,1,0
BRDA:48,2,0,5
BRDA:54,3,0,1
BRF:5
BRH:4
end_of_record
TN:
SF:src\infrastructure\observability\logging.service.ts
FN:11,(anonymous_2)
FN:22,(anonymous_3)
FN:26,(anonymous_4)
FN:30,(anonymous_5)
FN:34,(anonymous_6)
FN:38,(anonymous_7)
FNF:6
FNH:5
FNDA:4,(anonymous_2)
FNDA:1,(anonymous_3)
FNDA:2,(anonymous_4)
FNDA:1,(anonymous_5)
FNDA:1,(anonymous_6)
FNDA:0,(anonymous_7)
DA:1,1
DA:2,1
DA:4,1
DA:7,1
DA:9,4
DA:12,4
DA:23,1
DA:27,2
DA:31,1
DA:35,1
DA:39,0
LF:11
LH:10
BRF:0
BRH:0
end_of_record
TN:
SF:src\infrastructure\observability\metrics.service.ts
FN:25,(anonymous_2)
FN:101,(anonymous_3)
FN:106,(anonymous_4)
FN:110,(anonymous_5)
FN:114,(anonymous_6)
FN:118,(anonymous_7)
FN:122,(anonymous_8)
FN:127,(anonymous_9)
FN:131,(anonymous_10)
FN:135,(anonymous_11)
FN:139,(anonymous_12)
FNF:11
FNH:8
FNDA:9,(anonymous_2)
FNDA:1,(anonymous_3)
FNDA:1,(anonymous_4)
FNDA:1,(anonymous_5)
FNDA:1,(anonymous_6)
FNDA:1,(anonymous_7)
FNDA:3,(anonymous_8)
FNDA:0,(anonymous_9)
FNDA:0,(anonymous_10)
FNDA:0,(anonymous_11)
FNDA:1,(anonymous_12)
DA:1,1
DA:2,1
DA:11,1
DA:26,9
DA:27,9
DA:29,9
DA:36,9
DA:44,9
DA:51,9
DA:58,9
DA:65,9
DA:72,9
DA:79,9
DA:86,9
DA:94,9
DA:102,1
DA:103,1
DA:107,1
DA:111,1
DA:115,1
DA:119,1
DA:123,3
DA:124,3
DA:128,0
DA:132,0
DA:136,0
DA:140,1
LF:27
LH:24
BRDA:123,0,0,1
BRDA:123,0,1,2
BRDA:123,1,0,1
BRDA:123,1,1,1
BRF:4
BRH:4
end_of_record
TN:
SF:src\infrastructure\persistence\entities\traveler.typeorm-entity.ts
FNF:0
FNH:0
DA:1,8
DA:15,8
DA:17,8
DA:20,8
DA:23,8
DA:26,8
DA:29,8
DA:32,8
DA:35,8
DA:38,8
DA:41,8
DA:44,8
DA:47,8
DA:50,8
LF:14
LH:14
BRF:0
BRH:0
end_of_record
TN:
SF:src\presentation\controllers\admin-traveler.controller.ts
FN:14,(anonymous_2)
FN:20,(anonymous_3)
FNF:2
FNH:2
FNDA:4,(anonymous_2)
FNDA:2,(anonymous_3)
DA:1,3
DA:6,3
DA:7,3
DA:8,3
DA:9,3
DA:13,3
DA:15,4
DA:20,3
DA:21,2
LF:9
LH:9
BRF:0
BRH:0
end_of_record
TN:
SF:src\presentation\controllers\health.controller.ts
FN:6,(anonymous_2)
FNF:1
FNH:1
FNDA:1,(anonymous_2)
DA:1,1
DA:4,1
DA:6,1
DA:7,1
LF:4
LH:4
BRF:0
BRH:0
end_of_record
TN:
SF:src\presentation\controllers\traveler.controller.ts
FN:38,(anonymous_4)
FN:52,(anonymous_5)
FN:59,(anonymous_6)
FN:65,(anonymous_7)
FN:71,(anonymous_8)
FN:83,(anonymous_9)
FN:90,(anonymous_10)
FN:97,(anonymous_11)
FN:109,(anonymous_12)
FNF:9
FNH:8
FNDA:10,(anonymous_4)
FNDA:3,(anonymous_5)
FNDA:1,(anonymous_6)
FNDA:4,(anonymous_7)
FNDA:1,(anonymous_8)
FNDA:2,(anonymous_9)
FNDA:1,(anonymous_10)
FNDA:2,(anonymous_11)
FNDA:0,(anonymous_12)
DA:1,3
DA:16,3
DA:17,3
DA:18,3
DA:19,3
DA:20,3
DA:21,3
DA:22,3
DA:23,3
DA:24,3
DA:25,3
DA:26,3
DA:27,3
DA:28,3
DA:29,3
DA:30,3
DA:31,3
DA:37,3
DA:39,10
DA:40,10
DA:41,10
DA:42,10
DA:43,10
DA:44,10
DA:45,10
DA:46,10
DA:52,3
DA:53,3
DA:54,3
DA:59,3
DA:60,1
DA:65,3
DA:66,4
DA:71,3
DA:76,1
DA:77,1
DA:83,3
DA:84,2
DA:85,2
DA:90,3
DA:91,1
DA:97,3
DA:102,2
DA:103,2
DA:109,3
DA:110,0
DA:111,0
LF:47
LH:45
BRF:0
BRH:0
end_of_record
TN:
SF:src\presentation\decorators\roles.decorator.ts
FN:4,(anonymous_0)
FNF:1
FNH:1
FNDA:27,(anonymous_0)
DA:1,5
DA:3,5
DA:4,27
LF:3
LH:3
BRF:0
BRH:0
end_of_record
TN:
SF:src\presentation\filters\domain-exception.filter.ts
FN:12,(anonymous_1)
FNF:1
FNH:1
FNDA:3,(anonymous_1)
DA:1,3
DA:8,3
DA:11,3
DA:13,3
DA:14,3
DA:15,3
DA:18,3
DA:21,3
DA:25,3
LF:9
LH:9
BRDA:18,0,0,3
BRDA:18,0,1,3
BRDA:21,1,0,3
BRDA:21,1,1,0
BRF:4
BRH:3
end_of_record
TN:
SF:src\presentation\guards\jwt-auth.guard.ts
FN:13,(anonymous_1)
FNF:1
FNH:1
FNDA:22,(anonymous_1)
DA:1,4
DA:12,4
DA:14,22
DA:18,22
DA:19,22
DA:22,22
DA:23,22
DA:24,22
DA:27,22
DA:28,22
DA:30,0
LF:11
LH:10
BRDA:19,0,0,0
BRDA:19,1,0,22
BRDA:19,1,1,22
BRF:3
BRH:2
end_of_record
TN:
SF:src\presentation\guards\roles.guard.ts
FN:11,(anonymous_2)
FN:13,(anonymous_3)
FNF:2
FNH:2
FNDA:17,(anonymous_2)
FNDA:26,(anonymous_3)
DA:1,5
DA:2,5
DA:3,5
DA:10,5
DA:11,17
DA:14,26
DA:18,26
DA:20,25
DA:21,25
DA:23,24
LF:10
LH:10
BRDA:18,0,0,1
BRDA:18,1,0,26
BRDA:18,1,1,25
BRDA:21,2,0,1
BRF:4
BRH:4
end_of_record
TN:
SF:src\presentation\guards\self-or-admin.guard.ts
FN:11,(anonymous_1)
FNF:1
FNH:1
FNDA:8,(anonymous_1)
DA:1,4
DA:10,4
DA:12,8
DA:16,8
DA:17,8
DA:19,7
DA:22,5
LF:7
LH:7
BRDA:17,0,0,1
BRDA:19,1,0,2
BRDA:19,2,0,7
BRDA:19,2,1,6
BRF:4
BRH:4
end_of_record
