<?xml version="1.0" encoding="UTF-8"?>
<coverage generated="1777818722099" clover="3.2.0">
  <project timestamp="1777818722100" name="All files">
    <metrics statements="638" coveredstatements="638" conditionals="203" coveredconditionals="179" methods="136" coveredmethods="134" elements="977" coveredelements="951" complexity="0" loc="638" ncloc="638" packages="22" files="36" classes="36"/>
    <package name="application.mappers">
      <metrics statements="52" coveredstatements="52" conditionals="8" coveredconditionals="8" methods="5" coveredmethods="5"/>
      <file name="flight-reservation.mapper.ts" path="C:\Users\Anandu\Documents\workspace\training\travel-portal\pgt\inventory-service\src\application\mappers\flight-reservation.mapper.ts">
        <metrics statements="52" coveredstatements="52" conditionals="8" coveredconditionals="8" methods="5" coveredmethods="5"/>
        <line num="1" count="4" type="stmt"/>
        <line num="2" count="4" type="stmt"/>
        <line num="3" count="4" type="stmt"/>
        <line num="4" count="4" type="stmt"/>
        <line num="5" count="4" type="stmt"/>
        <line num="6" count="4" type="stmt"/>
        <line num="7" count="4" type="stmt"/>
        <line num="9" count="4" type="stmt"/>
        <line num="10" count="4" type="stmt"/>
        <line num="13" count="2" type="stmt"/>
        <line num="14" count="2" type="stmt"/>
        <line num="15" count="2" type="stmt"/>
        <line num="16" count="2" type="stmt"/>
        <line num="17" count="2" type="stmt"/>
        <line num="21" count="1" type="stmt"/>
        <line num="22" count="1" type="stmt"/>
        <line num="23" count="1" type="stmt"/>
        <line num="24" count="1" type="stmt"/>
        <line num="25" count="1" type="stmt"/>
        <line num="26" count="1" type="stmt"/>
        <line num="27" count="1" type="stmt"/>
        <line num="30" count="4" type="stmt"/>
        <line num="32" count="6" type="stmt"/>
        <line num="41" count="6" type="stmt"/>
        <line num="51" count="6" type="stmt"/>
        <line num="65" count="6" type="stmt"/>
        <line num="66" count="6" type="stmt"/>
        <line num="73" count="9" type="stmt"/>
        <line num="74" count="9" type="stmt"/>
        <line num="75" count="9" type="stmt"/>
        <line num="76" count="9" type="stmt"/>
        <line num="77" count="9" type="stmt"/>
        <line num="78" count="9" type="stmt"/>
        <line num="79" count="9" type="stmt"/>
        <line num="80" count="9" type="cond" truecount="2" falsecount="0"/>
        <line num="81" count="9" type="stmt"/>
        <line num="85" count="9" type="stmt"/>
        <line num="86" count="9" type="stmt"/>
        <line num="87" count="9" type="stmt"/>
        <line num="88" count="9" type="stmt"/>
        <line num="89" count="9" type="stmt"/>
        <line num="90" count="9" type="stmt"/>
        <line num="91" count="9" type="stmt"/>
        <line num="92" count="9" type="stmt"/>
        <line num="93" count="9" type="stmt"/>
        <line num="94" count="9" type="stmt"/>
        <line num="95" count="9" type="stmt"/>
        <line num="96" count="9" type="stmt"/>
        <line num="97" count="9" type="stmt"/>
        <line num="104" count="2" type="stmt"/>
        <line num="105" count="2" type="stmt"/>
        <line num="106" count="2" type="stmt"/>
      </file>
    </package>
    <package name="application.use-cases.cancel-reservation">
      <metrics statements="20" coveredstatements="20" conditionals="2" coveredconditionals="2" methods="2" coveredmethods="2"/>
      <file name="cancel-reservation.use-case.ts" path="C:\Users\Anandu\Documents\workspace\training\travel-portal\pgt\inventory-service\src\application\use-cases\cancel-reservation\cancel-reservation.use-case.ts">
        <metrics statements="20" coveredstatements="20" conditionals="2" coveredconditionals="2" methods="2" coveredmethods="2"/>
        <line num="1" count="2" type="stmt"/>
        <line num="2" count="2" type="stmt"/>
        <line num="3" count="2" type="stmt"/>
        <line num="4" count="2" type="stmt"/>
        <line num="5" count="2" type="stmt"/>
        <line num="9" count="2" type="stmt"/>
        <line num="12" count="3" type="stmt"/>
        <line num="13" count="3" type="stmt"/>
        <line num="14" count="3" type="stmt"/>
        <line num="18" count="3" type="stmt"/>
        <line num="19" count="3" type="cond" truecount="1" falsecount="0"/>
        <line num="20" count="1" type="stmt"/>
        <line num="24" count="2" type="stmt"/>
        <line num="27" count="1" type="cond" truecount="1" falsecount="0"/>
        <line num="28" count="1" type="stmt"/>
        <line num="31" count="1" type="stmt"/>
        <line num="33" count="1" type="stmt"/>
        <line num="34" count="1" type="stmt"/>
        <line num="35" count="1" type="stmt"/>
        <line num="37" count="1" type="stmt"/>
      </file>
    </package>
    <package name="application.use-cases.create-reservation">
      <metrics statements="76" coveredstatements="76" conditionals="67" coveredconditionals="48" methods="10" coveredmethods="10"/>
      <file name="create-reservation.use-case.ts" path="C:\Users\Anandu\Documents\workspace\training\travel-portal\pgt\inventory-service\src\application\use-cases\create-reservation\create-reservation.use-case.ts">
        <metrics statements="76" coveredstatements="76" conditionals="67" coveredconditionals="48" methods="10" coveredmethods="10"/>
        <line num="1" count="3" type="stmt"/>
        <line num="2" count="3" type="stmt"/>
        <line num="3" count="3" type="stmt"/>
        <line num="4" count="3" type="stmt"/>
        <line num="5" count="3" type="stmt"/>
        <line num="7" count="3" type="stmt"/>
        <line num="8" count="3" type="stmt"/>
        <line num="9" count="3" type="stmt"/>
        <line num="14" count="5" type="stmt"/>
        <line num="37" count="3" type="stmt"/>
        <line num="38" count="7" type="stmt"/>
        <line num="42" count="7" type="stmt"/>
        <line num="43" count="7" type="stmt"/>
        <line num="44" count="7" type="stmt"/>
        <line num="45" count="7" type="stmt"/>
        <line num="50" count="9" type="stmt"/>
        <line num="51" count="9" type="cond" truecount="1" falsecount="0"/>
        <line num="52" count="2" type="stmt"/>
        <line num="53" count="2" type="stmt"/>
        <line num="57" count="7" type="stmt"/>
        <line num="63" count="5" type="stmt"/>
        <line num="66" count="5" type="stmt"/>
        <line num="67" count="5" type="stmt"/>
        <line num="68" count="5" type="stmt"/>
        <line num="69" count="5" type="stmt"/>
        <line num="70" count="5" type="stmt"/>
        <line num="71" count="5" type="stmt"/>
        <line num="73" count="5" type="stmt"/>
        <line num="82" count="5" type="stmt"/>
        <line num="90" count="5" type="stmt"/>
        <line num="103" count="5" type="stmt"/>
        <line num="106" count="5" type="stmt"/>
        <line num="107" count="5" type="stmt"/>
        <line num="108" count="5" type="stmt"/>
        <line num="110" count="5" type="stmt"/>
        <line num="113" count="5" type="stmt"/>
        <line num="114" count="5" type="stmt"/>
        <line num="116" count="5" type="stmt"/>
        <line num="117" count="5" type="stmt"/>
        <line num="121" count="5" type="cond" truecount="2" falsecount="1"/>
        <line num="122" count="5" type="stmt"/>
        <line num="123" count="5" type="cond" truecount="2" falsecount="1"/>
        <line num="124" count="5" type="stmt"/>
        <line num="125" count="5" type="cond" truecount="1" falsecount="1"/>
        <line num="129" count="5" type="cond" truecount="2" falsecount="1"/>
        <line num="130" count="5" type="stmt"/>
        <line num="131" count="5" type="cond" truecount="2" falsecount="1"/>
        <line num="132" count="5" type="stmt"/>
        <line num="133" count="5" type="cond" truecount="1" falsecount="1"/>
        <line num="137" count="5" type="cond" truecount="2" falsecount="1"/>
        <line num="138" count="5" type="stmt"/>
        <line num="139" count="5" type="cond" truecount="2" falsecount="1"/>
        <line num="140" count="5" type="stmt"/>
        <line num="141" count="5" type="cond" truecount="1" falsecount="1"/>
        <line num="145" count="5" type="cond" truecount="2" falsecount="1"/>
        <line num="146" count="5" type="stmt"/>
        <line num="147" count="5" type="cond" truecount="2" falsecount="1"/>
        <line num="148" count="5" type="stmt"/>
        <line num="149" count="5" type="cond" truecount="1" falsecount="1"/>
        <line num="153" count="5" type="cond" truecount="2" falsecount="1"/>
        <line num="154" count="5" type="stmt"/>
        <line num="155" count="5" type="cond" truecount="2" falsecount="1"/>
        <line num="156" count="5" type="stmt"/>
        <line num="157" count="5" type="cond" truecount="1" falsecount="1"/>
        <line num="161" count="5" type="cond" truecount="2" falsecount="1"/>
        <line num="162" count="5" type="stmt"/>
        <line num="163" count="5" type="cond" truecount="2" falsecount="1"/>
        <line num="164" count="5" type="stmt"/>
        <line num="165" count="5" type="cond" truecount="1" falsecount="0"/>
        <line num="167" count="1" type="stmt"/>
        <line num="171" count="5" type="cond" truecount="2" falsecount="1"/>
        <line num="172" count="5" type="stmt"/>
        <line num="173" count="5" type="cond" truecount="2" falsecount="1"/>
        <line num="174" count="5" type="stmt"/>
        <line num="175" count="5" type="cond" truecount="1" falsecount="0"/>
        <line num="176" count="1" type="stmt"/>
      </file>
    </package>
    <package name="application.use-cases.get-reservation">
      <metrics statements="10" coveredstatements="10" conditionals="1" coveredconditionals="1" methods="3" coveredmethods="3"/>
      <file name="get-reservation.use-case.ts" path="C:\Users\Anandu\Documents\workspace\training\travel-portal\pgt\inventory-service\src\application\use-cases\get-reservation\get-reservation.use-case.ts">
        <metrics statements="10" coveredstatements="10" conditionals="1" coveredconditionals="1" methods="3" coveredmethods="3"/>
        <line num="1" count="2" type="stmt"/>
        <line num="2" count="2" type="stmt"/>
        <line num="3" count="2" type="stmt"/>
        <line num="8" count="1" type="stmt"/>
        <line num="31" count="2" type="stmt"/>
        <line num="34" count="2" type="stmt"/>
        <line num="38" count="2" type="stmt"/>
        <line num="39" count="2" type="cond" truecount="1" falsecount="0"/>
        <line num="40" count="1" type="stmt"/>
        <line num="42" count="1" type="stmt"/>
      </file>
    </package>
    <package name="application.use-cases.search-flights">
      <metrics statements="27" coveredstatements="27" conditionals="9" coveredconditionals="9" methods="5" coveredmethods="5"/>
      <file name="search-flights.use-case.ts" path="C:\Users\Anandu\Documents\workspace\training\travel-portal\pgt\inventory-service\src\application\use-cases\search-flights\search-flights.use-case.ts">
        <metrics statements="27" coveredstatements="27" conditionals="9" coveredconditionals="9" methods="5" coveredmethods="5"/>
        <line num="1" count="3" type="stmt"/>
        <line num="2" count="3" type="stmt"/>
        <line num="3" count="3" type="stmt"/>
        <line num="4" count="3" type="stmt"/>
        <line num="9" count="3" type="stmt"/>
        <line num="10" count="7" type="stmt"/>
        <line num="13" count="7" type="stmt"/>
        <line num="14" count="7" type="stmt"/>
        <line num="15" count="7" type="stmt"/>
        <line num="19" count="8" type="stmt"/>
        <line num="28" count="8" type="stmt"/>
        <line num="29" count="8" type="cond" truecount="1" falsecount="0"/>
        <line num="30" count="2" type="stmt"/>
        <line num="31" count="2" type="stmt"/>
        <line num="32" count="2" type="stmt"/>
        <line num="33" count="3" type="stmt"/>
        <line num="38" count="6" type="stmt"/>
        <line num="39" count="6" type="stmt"/>
        <line num="41" count="6" type="stmt"/>
        <line num="42" count="5" type="stmt"/>
        <line num="44" count="5" type="stmt"/>
        <line num="46" count="5" type="stmt"/>
        <line num="47" count="4" type="stmt"/>
        <line num="53" count="5" type="cond" truecount="3" falsecount="0"/>
        <line num="54" count="4" type="stmt"/>
        <line num="55" count="4" type="cond" truecount="1" falsecount="0"/>
        <line num="56" count="3" type="stmt"/>
      </file>
    </package>
    <package name="config">
      <metrics statements="15" coveredstatements="15" conditionals="18" coveredconditionals="18" methods="10" coveredmethods="10"/>
      <file name="env.validation.ts" path="C:\Users\Anandu\Documents\workspace\training\travel-portal\pgt\inventory-service\src\config\env.validation.ts">
        <metrics statements="2" coveredstatements="2" conditionals="0" coveredconditionals="0" methods="0" coveredmethods="0"/>
        <line num="1" count="1" type="stmt"/>
        <line num="3" count="1" type="stmt"/>
      </file>
      <file name="inventory.config.ts" path="C:\Users\Anandu\Documents\workspace\training\travel-portal\pgt\inventory-service\src\config\inventory.config.ts">
        <metrics statements="13" coveredstatements="13" conditionals="18" coveredconditionals="18" methods="10" coveredmethods="10"/>
        <line num="1" count="1" type="stmt"/>
        <line num="2" count="1" type="stmt"/>
        <line num="5" count="1" type="stmt"/>
        <line num="6" count="10" type="stmt"/>
        <line num="9" count="2" type="cond" truecount="2" falsecount="0"/>
        <line num="13" count="2" type="cond" truecount="2" falsecount="0"/>
        <line num="17" count="2" type="cond" truecount="2" falsecount="0"/>
        <line num="21" count="2" type="cond" truecount="2" falsecount="0"/>
        <line num="25" count="2" type="cond" truecount="2" falsecount="0"/>
        <line num="29" count="2" type="cond" truecount="2" falsecount="0"/>
        <line num="33" count="2" type="cond" truecount="2" falsecount="0"/>
        <line num="37" count="2" type="cond" truecount="2" falsecount="0"/>
        <line num="41" count="2" type="cond" truecount="2" falsecount="0"/>
      </file>
    </package>
    <package name="domain.aggregates">
      <metrics statements="45" coveredstatements="45" conditionals="21" coveredconditionals="21" methods="16" coveredmethods="16"/>
      <file name="flight-reservation.aggregate.ts" path="C:\Users\Anandu\Documents\workspace\training\travel-portal\pgt\inventory-service\src\domain\aggregates\flight-reservation.aggregate.ts">
        <metrics statements="45" coveredstatements="45" conditionals="21" coveredconditionals="21" methods="16" coveredmethods="16"/>
        <line num="1" count="10" type="stmt"/>
        <line num="2" count="10" type="stmt"/>
        <line num="5" count="10" type="stmt"/>
        <line num="6" count="10" type="stmt"/>
        <line num="7" count="10" type="stmt"/>
        <line num="8" count="10" type="stmt"/>
        <line num="9" count="10" type="stmt"/>
        <line num="10" count="10" type="stmt"/>
        <line num="38" count="10" type="stmt"/>
        <line num="40" count="28" type="stmt"/>
        <line num="41" count="28" type="stmt"/>
        <line num="42" count="28" type="cond" truecount="2" falsecount="0"/>
        <line num="43" count="28" type="stmt"/>
        <line num="45" count="28" type="stmt"/>
        <line num="59" count="28" type="stmt"/>
        <line num="60" count="28" type="stmt"/>
        <line num="80" count="28" type="stmt"/>
        <line num="84" count="1" type="stmt"/>
        <line num="88" count="11" type="stmt"/>
        <line num="92" count="14" type="stmt"/>
        <line num="96" count="95" type="stmt"/>
        <line num="100" count="69" type="stmt"/>
        <line num="104" count="23" type="stmt"/>
        <line num="108" count="15" type="stmt"/>
        <line num="112" count="11" type="stmt"/>
        <line num="116" count="16" type="stmt"/>
        <line num="120" count="16" type="stmt"/>
        <line num="124" count="11" type="stmt"/>
        <line num="128" count="5" type="cond" truecount="1" falsecount="0"/>
        <line num="129" count="1" type="stmt"/>
        <line num="134" count="4" type="stmt"/>
        <line num="135" count="4" type="stmt"/>
        <line num="139" count="6" type="cond" truecount="3" falsecount="0"/>
        <line num="140" count="3" type="stmt"/>
        <line num="145" count="3" type="stmt"/>
        <line num="146" count="3" type="stmt"/>
        <line num="147" count="3" type="stmt"/>
        <line num="148" count="3" type="stmt"/>
        <line num="164" count="11" type="cond" truecount="1" falsecount="0"/>
        <line num="165" count="2" type="stmt"/>
        <line num="170" count="9" type="stmt"/>
        <line num="171" count="9" type="stmt"/>
        <line num="172" count="9" type="stmt"/>
        <line num="173" count="9" type="stmt"/>
        <line num="189" count="2" type="stmt"/>
      </file>
    </package>
    <package name="domain.events">
      <metrics statements="15" coveredstatements="15" conditionals="0" coveredconditionals="0" methods="6" coveredmethods="6"/>
      <file name="flight-reservation-cancelled.event.ts" path="C:\Users\Anandu\Documents\workspace\training\travel-portal\pgt\inventory-service\src\domain\events\flight-reservation-cancelled.event.ts">
        <metrics statements="5" coveredstatements="5" conditionals="0" coveredconditionals="0" methods="2" coveredmethods="2"/>
        <line num="1" count="10" type="stmt"/>
        <line num="14" count="10" type="stmt"/>
        <line num="18" count="3" type="stmt"/>
        <line num="19" count="3" type="stmt"/>
        <line num="23" count="3" type="stmt"/>
      </file>
      <file name="flight-reservation-expired.event.ts" path="C:\Users\Anandu\Documents\workspace\training\travel-portal\pgt\inventory-service\src\domain\events\flight-reservation-expired.event.ts">
        <metrics statements="5" coveredstatements="5" conditionals="0" coveredconditionals="0" methods="2" coveredmethods="2"/>
        <line num="1" count="10" type="stmt"/>
        <line num="14" count="10" type="stmt"/>
        <line num="18" count="9" type="stmt"/>
        <line num="19" count="9" type="stmt"/>
        <line num="23" count="9" type="stmt"/>
      </file>
      <file name="flight-reserved.event.ts" path="C:\Users\Anandu\Documents\workspace\training\travel-portal\pgt\inventory-service\src\domain\events\flight-reserved.event.ts">
        <metrics statements="5" coveredstatements="5" conditionals="0" coveredconditionals="0" methods="2" coveredmethods="2"/>
        <line num="1" count="11" type="stmt"/>
        <line num="21" count="11" type="stmt"/>
        <line num="25" count="33" type="stmt"/>
        <line num="26" count="33" type="stmt"/>
        <line num="30" count="48" type="stmt"/>
      </file>
    </package>
    <package name="domain.exceptions">
      <metrics statements="9" coveredstatements="9" conditionals="2" coveredconditionals="2" methods="3" coveredmethods="3"/>
      <file name="amadeus-not-found.exception.ts" path="C:\Users\Anandu\Documents\workspace\training\travel-portal\pgt\inventory-service\src\domain\exceptions\amadeus-not-found.exception.ts">
        <metrics statements="3" coveredstatements="3" conditionals="1" coveredconditionals="1" methods="1" coveredmethods="1"/>
        <line num="1" count="9" type="stmt"/>
        <line num="3" count="9" type="stmt"/>
        <line num="5" count="3" type="stmt"/>
      </file>
      <file name="amadeus-unavailable.exception.ts" path="C:\Users\Anandu\Documents\workspace\training\travel-portal\pgt\inventory-service\src\domain\exceptions\amadeus-unavailable.exception.ts">
        <metrics statements="3" coveredstatements="3" conditionals="1" coveredconditionals="1" methods="1" coveredmethods="1"/>
        <line num="1" count="9" type="stmt"/>
        <line num="3" count="9" type="stmt"/>
        <line num="5" count="7" type="stmt"/>
      </file>
      <file name="invalid-reservation-state.exception.ts" path="C:\Users\Anandu\Documents\workspace\training\travel-portal\pgt\inventory-service\src\domain\exceptions\invalid-reservation-state.exception.ts">
        <metrics statements="3" coveredstatements="3" conditionals="0" coveredconditionals="0" methods="1" coveredmethods="1"/>
        <line num="1" count="10" type="stmt"/>
        <line num="3" count="10" type="stmt"/>
        <line num="5" count="6" type="stmt"/>
      </file>
    </package>
    <package name="domain.value-objects">
      <metrics statements="42" coveredstatements="42" conditionals="5" coveredconditionals="5" methods="7" coveredmethods="7"/>
      <file name="cabin-class.value-object.ts" path="C:\Users\Anandu\Documents\workspace\training\travel-portal\pgt\inventory-service\src\domain\value-objects\cabin-class.value-object.ts">
        <metrics statements="7" coveredstatements="7" conditionals="0" coveredconditionals="0" methods="2" coveredmethods="2"/>
        <line num="3" count="11" type="stmt"/>
        <line num="7" count="91" type="stmt"/>
        <line num="10" count="11" type="stmt"/>
        <line num="11" count="11" type="stmt"/>
        <line num="12" count="11" type="stmt"/>
        <line num="13" count="11" type="stmt"/>
        <line num="16" count="2" type="stmt"/>
      </file>
      <file name="flight-reservation-id.value-object.ts" path="C:\Users\Anandu\Documents\workspace\training\travel-portal\pgt\inventory-service\src\domain\value-objects\flight-reservation-id.value-object.ts">
        <metrics statements="2" coveredstatements="2" conditionals="0" coveredconditionals="0" methods="0" coveredmethods="0"/>
        <line num="1" count="10" type="stmt"/>
        <line num="3" count="10" type="stmt"/>
      </file>
      <file name="flight-segment.value-object.ts" path="C:\Users\Anandu\Documents\workspace\training\travel-portal\pgt\inventory-service\src\domain\value-objects\flight-segment.value-object.ts">
        <metrics statements="12" coveredstatements="12" conditionals="2" coveredconditionals="2" methods="1" coveredmethods="1"/>
        <line num="1" count="11" type="stmt"/>
        <line num="12" count="11" type="stmt"/>
        <line num="21" count="46" type="cond" truecount="1" falsecount="0"/>
        <line num="22" count="2" type="stmt"/>
        <line num="28" count="44" type="cond" truecount="1" falsecount="0"/>
        <line num="29" count="2" type="stmt"/>
        <line num="35" count="42" type="stmt"/>
        <line num="36" count="42" type="stmt"/>
        <line num="37" count="42" type="stmt"/>
        <line num="38" count="42" type="stmt"/>
        <line num="39" count="42" type="stmt"/>
        <line num="40" count="42" type="stmt"/>
      </file>
      <file name="passenger-details.value-object.ts" path="C:\Users\Anandu\Documents\workspace\training\travel-portal\pgt\inventory-service\src\domain\value-objects\passenger-details.value-object.ts">
        <metrics statements="13" coveredstatements="13" conditionals="3" coveredconditionals="3" methods="1" coveredmethods="1"/>
        <line num="1" count="11" type="stmt"/>
        <line num="11" count="11" type="stmt"/>
        <line num="19" count="46" type="cond" truecount="1" falsecount="0"/>
        <line num="20" count="1" type="stmt"/>
        <line num="22" count="45" type="cond" truecount="1" falsecount="0"/>
        <line num="23" count="1" type="stmt"/>
        <line num="25" count="44" type="cond" truecount="1" falsecount="0"/>
        <line num="26" count="1" type="stmt"/>
        <line num="28" count="43" type="stmt"/>
        <line num="29" count="43" type="stmt"/>
        <line num="30" count="43" type="stmt"/>
        <line num="31" count="43" type="stmt"/>
        <line num="32" count="43" type="stmt"/>
      </file>
      <file name="reservation-status.value-object.ts" path="C:\Users\Anandu\Documents\workspace\training\travel-portal\pgt\inventory-service\src\domain\value-objects\reservation-status.value-object.ts">
        <metrics statements="8" coveredstatements="8" conditionals="0" coveredconditionals="0" methods="3" coveredmethods="3"/>
        <line num="3" count="11" type="stmt"/>
        <line num="7" count="111" type="stmt"/>
        <line num="10" count="11" type="stmt"/>
        <line num="11" count="11" type="stmt"/>
        <line num="12" count="11" type="stmt"/>
        <line num="13" count="11" type="stmt"/>
        <line num="16" count="2" type="stmt"/>
        <line num="20" count="2" type="stmt"/>
      </file>
    </package>
    <package name="infrastructure.amadeus">
      <metrics statements="98" coveredstatements="98" conditionals="25" coveredconditionals="22" methods="26" coveredmethods="24"/>
      <file name="amadeus-http.client.ts" path="C:\Users\Anandu\Documents\workspace\training\travel-portal\pgt\inventory-service\src\infrastructure\amadeus\amadeus-http.client.ts">
        <metrics statements="70" coveredstatements="70" conditionals="15" coveredconditionals="12" methods="22" coveredmethods="20"/>
        <line num="1" count="8" type="stmt"/>
        <line num="2" count="8" type="stmt"/>
        <line num="3" count="8" type="stmt"/>
        <line num="4" count="8" type="stmt"/>
        <line num="5" count="8" type="stmt"/>
        <line num="6" count="8" type="stmt"/>
        <line num="7" count="8" type="stmt"/>
        <line num="8" count="8" type="stmt"/>
        <line num="10" count="8" type="stmt"/>
        <line num="11" count="8" type="stmt"/>
        <line num="13" count="8" type="stmt"/>
        <line num="14" count="8" type="stmt"/>
        <line num="15" count="8" type="stmt"/>
        <line num="18" count="35" type="stmt"/>
        <line num="22" count="35" type="stmt"/>
        <line num="23" count="35" type="stmt"/>
        <line num="24" count="35" type="stmt"/>
        <line num="25" count="35" type="stmt"/>
        <line num="29" count="8" type="stmt"/>
        <line num="30" count="10" type="stmt"/>
        <line num="36" count="10" type="stmt"/>
        <line num="37" count="10" type="stmt"/>
        <line num="39" count="10" type="cond" truecount="1" falsecount="1"/>
        <line num="41" count="10" type="stmt"/>
        <line num="47" count="10" type="stmt"/>
        <line num="48" count="54" type="stmt"/>
        <line num="49" count="54" type="cond" truecount="1" falsecount="1"/>
        <line num="50" count="54" type="stmt"/>
        <line num="51" count="54" type="stmt"/>
        <line num="55" count="10" type="stmt"/>
        <line num="56" count="4" type="stmt"/>
        <line num="58" count="50" type="stmt"/>
        <line num="59" count="50" type="cond" truecount="1" falsecount="0"/>
        <line num="60" count="2" type="stmt"/>
        <line num="63" count="48" type="stmt"/>
        <line num="64" count="48" type="cond" truecount="1" falsecount="0"/>
        <line num="65" count="14" type="stmt"/>
        <line num="67" count="48" type="stmt"/>
        <line num="73" count="10" type="stmt"/>
        <line num="74" count="19" type="stmt"/>
        <line num="83" count="10" type="stmt"/>
        <line num="84" count="10" type="stmt"/>
        <line num="85" count="10" type="stmt"/>
        <line num="90" count="19" type="stmt"/>
        <line num="91" count="54" type="stmt"/>
        <line num="92" count="54" type="stmt"/>
        <line num="95" count="50" type="cond" truecount="1" falsecount="0"/>
        <line num="96" count="48" type="cond" truecount="0" falsecount="1"/>
        <line num="98" count="48" type="stmt"/>
        <line num="99" count="48" type="cond" truecount="3" falsecount="0"/>
        <line num="100" count="2" type="stmt"/>
        <line num="103" count="46" type="cond" truecount="1" falsecount="0"/>
        <line num="104" count="11" type="stmt"/>
        <line num="105" count="11" type="stmt"/>
        <line num="108" count="35" type="stmt"/>
        <line num="109" count="35" type="stmt"/>
        <line num="110" count="35" type="stmt"/>
        <line num="111" count="35" type="stmt"/>
        <line num="114" count="11" type="stmt"/>
        <line num="118" count="20" type="stmt"/>
        <line num="119" count="20" type="stmt"/>
        <line num="123" count="16" type="cond" truecount="3" falsecount="0"/>
        <line num="124" count="6" type="stmt"/>
        <line num="126" count="10" type="stmt"/>
        <line num="131" count="16" type="stmt"/>
        <line num="132" count="49" type="stmt"/>
        <line num="137" count="2" type="stmt"/>
        <line num="138" count="2" type="stmt"/>
        <line num="143" count="2" type="stmt"/>
        <line num="144" count="3" type="stmt"/>
      </file>
      <file name="amadeus-token.service.ts" path="C:\Users\Anandu\Documents\workspace\training\travel-portal\pgt\inventory-service\src\infrastructure\amadeus\amadeus-token.service.ts">
        <metrics statements="28" coveredstatements="28" conditionals="10" coveredconditionals="10" methods="4" coveredmethods="4"/>
        <line num="1" count="9" type="stmt"/>
        <line num="2" count="9" type="stmt"/>
        <line num="3" count="9" type="stmt"/>
        <line num="11" count="9" type="stmt"/>
        <line num="12" count="5" type="stmt"/>
        <line num="13" count="5" type="stmt"/>
        <line num="14" count="5" type="stmt"/>
        <line num="16" count="5" type="stmt"/>
        <line num="19" count="7" type="stmt"/>
        <line num="20" count="7" type="cond" truecount="3" falsecount="0"/>
        <line num="21" count="1" type="stmt"/>
        <line num="25" count="6" type="cond" truecount="1" falsecount="0"/>
        <line num="26" count="1" type="stmt"/>
        <line num="29" count="5" type="stmt"/>
        <line num="30" count="5" type="stmt"/>
        <line num="33" count="5" type="stmt"/>
        <line num="37" count="5" type="cond" truecount="2" falsecount="0"/>
        <line num="38" count="5" type="cond" truecount="2" falsecount="0"/>
        <line num="39" count="5" type="cond" truecount="2" falsecount="0"/>
        <line num="41" count="5" type="stmt"/>
        <line num="42" count="5" type="stmt"/>
        <line num="43" count="5" type="stmt"/>
        <line num="44" count="5" type="stmt"/>
        <line num="46" count="5" type="stmt"/>
        <line num="52" count="5" type="stmt"/>
        <line num="53" count="5" type="stmt"/>
        <line num="58" count="5" type="stmt"/>
        <line num="59" count="5" type="stmt"/>
      </file>
    </package>
    <package name="infrastructure.cache">
      <metrics statements="31" coveredstatements="31" conditionals="8" coveredconditionals="7" methods="8" coveredmethods="8"/>
      <file name="flight-search-cache.service.ts" path="C:\Users\Anandu\Documents\workspace\training\travel-portal\pgt\inventory-service\src\infrastructure\cache\flight-search-cache.service.ts">
        <metrics statements="31" coveredstatements="31" conditionals="8" coveredconditionals="7" methods="8" coveredmethods="8"/>
        <line num="1" count="9" type="stmt"/>
        <line num="2" count="9" type="stmt"/>
        <line num="3" count="9" type="stmt"/>
        <line num="5" count="9" type="stmt"/>
        <line num="21" count="9" type="stmt"/>
        <line num="22" count="9" type="stmt"/>
        <line num="25" count="5" type="stmt"/>
        <line num="26" count="5" type="cond" truecount="2" falsecount="0"/>
        <line num="31" count="19" type="cond" truecount="1" falsecount="0"/>
        <line num="32" count="2" type="stmt"/>
        <line num="34" count="17" type="stmt"/>
        <line num="38" count="19" type="stmt"/>
        <line num="48" count="19" type="stmt"/>
        <line num="49" count="95" type="stmt"/>
        <line num="52" count="19" type="stmt"/>
        <line num="53" count="19" type="stmt"/>
        <line num="57" count="9" type="stmt"/>
        <line num="58" count="8" type="stmt"/>
        <line num="60" count="8" type="stmt"/>
        <line num="63" count="10" type="stmt"/>
        <line num="64" count="10" type="stmt"/>
        <line num="65" count="10" type="stmt"/>
        <line num="66" count="8" type="cond" truecount="1" falsecount="0"/>
        <line num="67" count="4" type="stmt"/>
        <line num="69" count="2" type="stmt"/>
        <line num="70" count="2" type="stmt"/>
        <line num="75" count="5" type="stmt"/>
        <line num="76" count="5" type="stmt"/>
        <line num="77" count="5" type="stmt"/>
        <line num="79" count="1" type="stmt"/>
        <line num="84" count="4" type="stmt"/>
      </file>
    </package>
    <package name="infrastructure.idempotency">
      <metrics statements="22" coveredstatements="22" conditionals="1" coveredconditionals="1" methods="4" coveredmethods="4"/>
      <file name="idempotency.service.ts" path="C:\Users\Anandu\Documents\workspace\training\travel-portal\pgt\inventory-service\src\infrastructure\idempotency\idempotency.service.ts">
        <metrics statements="22" coveredstatements="22" conditionals="1" coveredconditionals="1" methods="4" coveredmethods="4"/>
        <line num="1" count="4" type="stmt"/>
        <line num="2" count="4" type="stmt"/>
        <line num="3" count="4" type="stmt"/>
        <line num="5" count="4" type="stmt"/>
        <line num="6" count="4" type="stmt"/>
        <line num="9" count="4" type="stmt"/>
        <line num="10" count="9" type="stmt"/>
        <line num="12" count="9" type="stmt"/>
        <line num="15" count="6" type="stmt"/>
        <line num="16" count="6" type="stmt"/>
        <line num="17" count="5" type="cond" truecount="1" falsecount="0"/>
        <line num="18" count="2" type="stmt"/>
        <line num="20" count="1" type="stmt"/>
        <line num="21" count="1" type="stmt"/>
        <line num="26" count="3" type="stmt"/>
        <line num="27" count="3" type="stmt"/>
        <line num="34" count="1" type="stmt"/>
        <line num="35" count="1" type="stmt"/>
        <line num="41" count="3" type="stmt"/>
        <line num="42" count="3" type="stmt"/>
        <line num="43" count="2" type="stmt"/>
        <line num="45" count="1" type="stmt"/>
      </file>
    </package>
    <package name="infrastructure.jobs">
      <metrics statements="23" coveredstatements="23" conditionals="0" coveredconditionals="0" methods="2" coveredmethods="2"/>
      <file name="reservation-expiry.job.ts" path="C:\Users\Anandu\Documents\workspace\training\travel-portal\pgt\inventory-service\src\infrastructure\jobs\reservation-expiry.job.ts">
        <metrics statements="23" coveredstatements="23" conditionals="0" coveredconditionals="0" methods="2" coveredmethods="2"/>
        <line num="1" count="2" type="stmt"/>
        <line num="2" count="2" type="stmt"/>
        <line num="3" count="2" type="stmt"/>
        <line num="4" count="2" type="stmt"/>
        <line num="5" count="2" type="stmt"/>
        <line num="8" count="2" type="stmt"/>
        <line num="9" count="4" type="stmt"/>
        <line num="13" count="4" type="stmt"/>
        <line num="14" count="4" type="stmt"/>
        <line num="15" count="4" type="stmt"/>
        <line num="19" count="2" type="stmt"/>
        <line num="20" count="5" type="stmt"/>
        <line num="21" count="5" type="stmt"/>
        <line num="22" count="5" type="stmt"/>
        <line num="23" count="5" type="stmt"/>
        <line num="24" count="5" type="stmt"/>
        <line num="26" count="5" type="stmt"/>
        <line num="27" count="5" type="stmt"/>
        <line num="28" count="5" type="stmt"/>
        <line num="30" count="4" type="stmt"/>
        <line num="32" count="4" type="stmt"/>
        <line num="33" count="4" type="stmt"/>
        <line num="35" count="1" type="stmt"/>
      </file>
    </package>
    <package name="infrastructure.kafka">
      <metrics statements="16" coveredstatements="16" conditionals="10" coveredconditionals="9" methods="2" coveredmethods="2"/>
      <file name="inventory-event.publisher.ts" path="C:\Users\Anandu\Documents\workspace\training\travel-portal\pgt\inventory-service\src\infrastructure\kafka\inventory-event.publisher.ts">
        <metrics statements="16" coveredstatements="16" conditionals="10" coveredconditionals="9" methods="2" coveredmethods="2"/>
        <line num="1" count="7" type="stmt"/>
        <line num="3" count="7" type="stmt"/>
        <line num="4" count="7" type="stmt"/>
        <line num="6" count="7" type="stmt"/>
        <line num="9" count="7" type="stmt"/>
        <line num="10" count="5" type="stmt"/>
        <line num="14" count="5" type="stmt"/>
        <line num="15" count="5" type="stmt"/>
        <line num="19" count="5" type="stmt"/>
        <line num="36" count="5" type="stmt"/>
        <line num="37" count="5" type="stmt"/>
        <line num="38" count="4" type="stmt"/>
        <line num="39" count="4" type="stmt"/>
        <line num="41" count="1" type="stmt"/>
        <line num="42" count="1" type="stmt"/>
        <line num="47" count="1" type="stmt"/>
      </file>
    </package>
    <package name="infrastructure.observability">
      <metrics statements="31" coveredstatements="31" conditionals="4" coveredconditionals="4" methods="13" coveredmethods="13"/>
      <file name="metrics.service.ts" path="C:\Users\Anandu\Documents\workspace\training\travel-portal\pgt\inventory-service\src\infrastructure\observability\metrics.service.ts">
        <metrics statements="31" coveredstatements="31" conditionals="4" coveredconditionals="4" methods="13" coveredmethods="13"/>
        <line num="1" count="12" type="stmt"/>
        <line num="2" count="12" type="stmt"/>
        <line num="11" count="12" type="stmt"/>
        <line num="28" count="13" type="stmt"/>
        <line num="29" count="13" type="stmt"/>
        <line num="31" count="13" type="stmt"/>
        <line num="38" count="13" type="stmt"/>
        <line num="46" count="13" type="stmt"/>
        <line num="53" count="13" type="stmt"/>
        <line num="60" count="13" type="stmt"/>
        <line num="67" count="13" type="stmt"/>
        <line num="74" count="13" type="stmt"/>
        <line num="81" count="13" type="stmt"/>
        <line num="88" count="13" type="stmt"/>
        <line num="95" count="13" type="stmt"/>
        <line num="102" count="13" type="stmt"/>
        <line num="108" count="13" type="stmt"/>
        <line num="118" count="1" type="stmt"/>
        <line num="119" count="1" type="stmt"/>
        <line num="123" count="1" type="stmt"/>
        <line num="127" count="1" type="stmt"/>
        <line num="131" count="1" type="stmt"/>
        <line num="135" count="1" type="stmt"/>
        <line num="139" count="3" type="cond" truecount="4" falsecount="0"/>
        <line num="140" count="3" type="stmt"/>
        <line num="144" count="1" type="stmt"/>
        <line num="148" count="2" type="stmt"/>
        <line num="152" count="2" type="stmt"/>
        <line num="156" count="1" type="stmt"/>
        <line num="160" count="1" type="stmt"/>
        <line num="164" count="13" type="stmt"/>
      </file>
    </package>
    <package name="infrastructure.persistence.entities">
      <metrics statements="22" coveredstatements="22" conditionals="0" coveredconditionals="0" methods="0" coveredmethods="0"/>
      <file name="flight-reservation.typeorm-entity.ts" path="C:\Users\Anandu\Documents\workspace\training\travel-portal\pgt\inventory-service\src\infrastructure\persistence\entities\flight-reservation.typeorm-entity.ts">
        <metrics statements="22" coveredstatements="22" conditionals="0" coveredconditionals="0" methods="0" coveredmethods="0"/>
        <line num="1" count="4" type="stmt"/>
        <line num="10" count="4" type="stmt"/>
        <line num="12" count="4" type="stmt"/>
        <line num="15" count="4" type="stmt"/>
        <line num="18" count="4" type="stmt"/>
        <line num="21" count="4" type="stmt"/>
        <line num="24" count="4" type="stmt"/>
        <line num="27" count="4" type="stmt"/>
        <line num="30" count="4" type="stmt"/>
        <line num="33" count="4" type="stmt"/>
        <line num="36" count="4" type="stmt"/>
        <line num="39" count="4" type="stmt"/>
        <line num="42" count="4" type="stmt"/>
        <line num="45" count="4" type="stmt"/>
        <line num="48" count="4" type="stmt"/>
        <line num="51" count="4" type="stmt"/>
        <line num="54" count="4" type="stmt"/>
        <line num="62" count="4" type="stmt"/>
        <line num="65" count="4" type="stmt"/>
        <line num="68" count="4" type="stmt"/>
        <line num="71" count="4" type="stmt"/>
        <line num="74" count="4" type="stmt"/>
      </file>
    </package>
    <package name="presentation.controllers">
      <metrics statements="42" coveredstatements="42" conditionals="13" coveredconditionals="13" methods="9" coveredmethods="9"/>
      <file name="flights.controller.ts" path="C:\Users\Anandu\Documents\workspace\training\travel-portal\pgt\inventory-service\src\presentation\controllers\flights.controller.ts">
        <metrics statements="10" coveredstatements="10" conditionals="4" coveredconditionals="4" methods="2" coveredmethods="2"/>
        <line num="1" count="1" type="stmt"/>
        <line num="7" count="1" type="stmt"/>
        <line num="8" count="1" type="stmt"/>
        <line num="9" count="1" type="stmt"/>
        <line num="10" count="1" type="stmt"/>
        <line num="11" count="1" type="stmt"/>
        <line num="15" count="1" type="stmt"/>
        <line num="16" count="1" type="stmt"/>
        <line num="20" count="1" type="stmt"/>
        <line num="21" count="3" type="stmt"/>
      </file>
      <file name="health.controller.ts" path="C:\Users\Anandu\Documents\workspace\training\travel-portal\pgt\inventory-service\src\presentation\controllers\health.controller.ts">
        <metrics statements="4" coveredstatements="4" conditionals="0" coveredconditionals="0" methods="1" coveredmethods="1"/>
        <line num="1" count="1" type="stmt"/>
        <line num="4" count="1" type="stmt"/>
        <line num="6" count="1" type="stmt"/>
        <line num="7" count="1" type="stmt"/>
      </file>
      <file name="metrics.controller.ts" path="C:\Users\Anandu\Documents\workspace\training\travel-portal\pgt\inventory-service\src\presentation\controllers\metrics.controller.ts">
        <metrics statements="6" coveredstatements="6" conditionals="0" coveredconditionals="0" methods="2" coveredmethods="2"/>
        <line num="1" count="1" type="stmt"/>
        <line num="2" count="1" type="stmt"/>
        <line num="5" count="1" type="stmt"/>
        <line num="6" count="1" type="stmt"/>
        <line num="10" count="1" type="stmt"/>
        <line num="11" count="1" type="stmt"/>
      </file>
      <file name="reservations.controller.ts" path="C:\Users\Anandu\Documents\workspace\training\travel-portal\pgt\inventory-service\src\presentation\controllers\reservations.controller.ts">
        <metrics statements="22" coveredstatements="22" conditionals="9" coveredconditionals="9" methods="4" coveredmethods="4"/>
        <line num="1" count="1" type="stmt"/>
        <line num="14" count="1" type="stmt"/>
        <line num="15" count="1" type="stmt"/>
        <line num="16" count="1" type="stmt"/>
        <line num="17" count="1" type="stmt"/>
        <line num="18" count="1" type="stmt"/>
        <line num="19" count="1" type="stmt"/>
        <line num="20" count="1" type="stmt"/>
        <line num="21" count="1" type="stmt"/>
        <line num="25" count="1" type="stmt"/>
        <line num="27" count="1" type="stmt"/>
        <line num="28" count="1" type="stmt"/>
        <line num="29" count="1" type="stmt"/>
        <line num="34" count="1" type="stmt"/>
        <line num="39" count="6" type="cond" truecount="3" falsecount="0"/>
        <line num="40" count="2" type="stmt"/>
        <line num="43" count="4" type="stmt"/>
        <line num="53" count="4" type="stmt"/>
        <line num="61" count="1" type="stmt"/>
        <line num="62" count="1" type="stmt"/>
        <line num="68" count="1" type="stmt"/>
        <line num="72" count="3" type="stmt"/>
      </file>
    </package>
    <package name="presentation.decorators">
      <metrics statements="4" coveredstatements="4" conditionals="0" coveredconditionals="0" methods="1" coveredmethods="1"/>
      <file name="roles.decorator.ts" path="C:\Users\Anandu\Documents\workspace\training\travel-portal\pgt\inventory-service\src\presentation\decorators\roles.decorator.ts">
        <metrics statements="4" coveredstatements="4" conditionals="0" coveredconditionals="0" methods="1" coveredmethods="1"/>
        <line num="1" count="3" type="stmt"/>
        <line num="3" count="3" type="stmt"/>
        <line num="4" count="3" type="stmt"/>
        <line num="5" count="4" type="stmt"/>
      </file>
    </package>
    <package name="presentation.dto">
      <metrics statements="15" coveredstatements="15" conditionals="0" coveredconditionals="0" methods="1" coveredmethods="1"/>
      <file name="create-reservation-request.dto.ts" path="C:\Users\Anandu\Documents\workspace\training\travel-portal\pgt\inventory-service\src\presentation\dto\create-reservation-request.dto.ts">
        <metrics statements="5" coveredstatements="5" conditionals="0" coveredconditionals="0" methods="0" coveredmethods="0"/>
        <line num="1" count="1" type="stmt"/>
        <line num="3" count="1" type="stmt"/>
        <line num="5" count="1" type="stmt"/>
        <line num="8" count="1" type="stmt"/>
        <line num="11" count="1" type="stmt"/>
      </file>
      <file name="search-flights-request.dto.ts" path="C:\Users\Anandu\Documents\workspace\training\travel-portal\pgt\inventory-service\src\presentation\dto\search-flights-request.dto.ts">
        <metrics statements="10" coveredstatements="10" conditionals="0" coveredconditionals="0" methods="1" coveredmethods="1"/>
        <line num="1" count="1" type="stmt"/>
        <line num="2" count="1" type="stmt"/>
        <line num="4" count="1" type="stmt"/>
        <line num="7" count="1" type="stmt"/>
        <line num="11" count="1" type="stmt"/>
        <line num="14" count="1" type="stmt"/>
        <line num="18" count="1" type="stmt"/>
        <line num="20" count="4" type="stmt"/>
        <line num="24" count="1" type="stmt"/>
        <line num="28" count="1" type="stmt"/>
      </file>
    </package>
    <package name="presentation.filters">
      <metrics statements="9" coveredstatements="9" conditionals="4" coveredconditionals="4" methods="1" coveredmethods="1"/>
      <file name="domain-exception.filter.ts" path="C:\Users\Anandu\Documents\workspace\training\travel-portal\pgt\inventory-service\src\presentation\filters\domain-exception.filter.ts">
        <metrics statements="9" coveredstatements="9" conditionals="4" coveredconditionals="4" methods="1" coveredmethods="1"/>
        <line num="1" count="2" type="stmt"/>
        <line num="8" count="2" type="stmt"/>
        <line num="11" count="2" type="stmt"/>
        <line num="13" count="4" type="stmt"/>
        <line num="14" count="4" type="stmt"/>
        <line num="15" count="4" type="stmt"/>
        <line num="18" count="4" type="cond" truecount="2" falsecount="0"/>
        <line num="21" count="4" type="cond" truecount="2" falsecount="0"/>
        <line num="25" count="4" type="stmt"/>
      </file>
    </package>
    <package name="presentation.guards">
      <metrics statements="14" coveredstatements="14" conditionals="5" coveredconditionals="5" methods="2" coveredmethods="2"/>
      <file name="roles.guard.ts" path="C:\Users\Anandu\Documents\workspace\training\travel-portal\pgt\inventory-service\src\presentation\guards\roles.guard.ts">
        <metrics statements="14" coveredstatements="14" conditionals="5" coveredconditionals="5" methods="2" coveredmethods="2"/>
        <line num="1" count="3" type="stmt"/>
        <line num="2" count="3" type="stmt"/>
        <line num="3" count="3" type="stmt"/>
        <line num="9" count="3" type="stmt"/>
        <line num="10" count="5" type="stmt"/>
        <line num="13" count="18" type="stmt"/>
        <line num="17" count="18" type="cond" truecount="3" falsecount="0"/>
        <line num="19" count="17" type="stmt"/>
        <line num="20" count="17" type="stmt"/>
        <line num="21" count="17" type="cond" truecount="1" falsecount="0"/>
        <line num="22" count="1" type="stmt"/>
        <line num="25" count="16" type="cond" truecount="1" falsecount="0"/>
        <line num="26" count="1" type="stmt"/>
        <line num="28" count="15" type="stmt"/>
      </file>
    </package>
  </project>
</coverage>
