{"C:\\Users\\Anandu\\Documents\\workspace\\training\\travel-portal\\pgt\\inventory-service\\src\\application\\mappers\\flight-reservation.mapper.ts": {"path":"C:\\Users\\Anandu\\Documents\\workspace\\training\\travel-portal\\pgt\\inventory-service\\src\\application\\mappers\\flight-reservation.mapper.ts","statementMap":{"0":{"start":{"line":1,"column":0},"end":{"line":1,"column":33}},"1":{"start":{"line":2,"column":0},"end":{"line":2,"column":113}},"2":{"start":{"line":3,"column":0},"end":{"line":3,"column":125}},"3":{"start":{"line":4,"column":0},"end":{"line":4,"column":87}},"4":{"start":{"line":5,"column":0},"end":{"line":5,"column":93}},"5":{"start":{"line":6,"column":0},"end":{"line":6,"column":95}},"6":{"start":{"line":7,"column":0},"end":{"line":7,"column":98}},"7":{"start":{"line":9,"column":18},"end":{"line":9,"column":31}},"8":{"start":{"line":10,"column":18},"end":{"line":10,"column":20}},"9":{"start":{"line":13,"column":13},"end":{"line":13,"column":42}},"10":{"start":{"line":14,"column":17},"end":{"line":14,"column":78}},"11":{"start":{"line":15,"column":18},"end":{"line":15,"column":37}},"12":{"start":{"line":16,"column":2},"end":{"line":16,"column":57}},"13":{"start":{"line":17,"column":2},"end":{"line":17,"column":62}},"14":{"start":{"line":21,"column":16},"end":{"line":21,"column":31}},"15":{"start":{"line":22,"column":13},"end":{"line":22,"column":42}},"16":{"start":{"line":23,"column":24},"end":{"line":23,"column":53}},"17":{"start":{"line":24,"column":19},"end":{"line":24,"column":82}},"18":{"start":{"line":25,"column":18},"end":{"line":25,"column":48}},"19":{"start":{"line":26,"column":2},"end":{"line":26,"column":59}},"20":{"start":{"line":27,"column":2},"end":{"line":27,"column":30}},"21":{"start":{"line":32,"column":20},"end":{"line":39,"column":6}},"22":{"start":{"line":41,"column":22},"end":{"line":49,"column":6}},"23":{"start":{"line":51,"column":42},"end":{"line":63,"column":6}},"24":{"start":{"line":65,"column":24},"end":{"line":65,"column":52}},"25":{"start":{"line":66,"column":4},"end":{"line":66,"column":23}},"26":{"start":{"line":73,"column":19},"end":{"line":73,"column":55}},"27":{"start":{"line":74,"column":4},"end":{"line":74,"column":31}},"28":{"start":{"line":75,"column":4},"end":{"line":75,"column":41}},"29":{"start":{"line":76,"column":4},"end":{"line":76,"column":55}},"30":{"start":{"line":77,"column":4},"end":{"line":77,"column":59}},"31":{"start":{"line":78,"column":4},"end":{"line":78,"column":64}},"32":{"start":{"line":79,"column":4},"end":{"line":79,"column":62}},"33":{"start":{"line":80,"column":4},"end":{"line":80,"column":68}},"34":{"start":{"line":81,"column":4},"end":{"line":84,"column":15}},"35":{"start":{"line":85,"column":4},"end":{"line":85,"column":47}},"36":{"start":{"line":86,"column":4},"end":{"line":86,"column":57}},"37":{"start":{"line":87,"column":4},"end":{"line":87,"column":59}},"38":{"start":{"line":88,"column":4},"end":{"line":88,"column":49}},"39":{"start":{"line":89,"column":4},"end":{"line":89,"column":59}},"40":{"start":{"line":90,"column":4},"end":{"line":90,"column":55}},"41":{"start":{"line":91,"column":4},"end":{"line":91,"column":53}},"42":{"start":{"line":92,"column":4},"end":{"line":92,"column":45}},"43":{"start":{"line":93,"column":4},"end":{"line":93,"column":55}},"44":{"start":{"line":94,"column":4},"end":{"line":94,"column":45}},"45":{"start":{"line":95,"column":4},"end":{"line":95,"column":45}},"46":{"start":{"line":96,"column":4},"end":{"line":96,"column":45}},"47":{"start":{"line":97,"column":4},"end":{"line":97,"column":18}},"48":{"start":{"line":104,"column":4},"end":{"line":104,"column":45}},"49":{"start":{"line":105,"column":4},"end":{"line":105,"column":55}},"50":{"start":{"line":106,"column":4},"end":{"line":106,"column":45}},"51":{"start":{"line":30,"column":0},"end":{"line":30,"column":13}}},"fnMap":{"0":{"name":"encrypt","decl":{"start":{"line":12,"column":9},"end":{"line":12,"column":16}},"loc":{"start":{"line":12,"column":42},"end":{"line":18,"column":1}}},"1":{"name":"decrypt","decl":{"start":{"line":20,"column":9},"end":{"line":20,"column":16}},"loc":{"start":{"line":20,"column":42},"end":{"line":28,"column":1}}},"2":{"name":"(anonymous_11)","decl":{"start":{"line":31,"column":2},"end":{"line":31,"column":8}},"loc":{"start":{"line":31,"column":79},"end":{"line":67,"column":3}}},"3":{"name":"(anonymous_12)","decl":{"start":{"line":69,"column":2},"end":{"line":69,"column":8}},"loc":{"start":{"line":71,"column":25},"end":{"line":98,"column":3}}},"4":{"name":"(anonymous_13)","decl":{"start":{"line":100,"column":2},"end":{"line":100,"column":8}},"loc":{"start":{"line":102,"column":34},"end":{"line":107,"column":3}}}},"branchMap":{"0":{"loc":{"start":{"line":45,"column":10},"end":{"line":45,"column":78}},"type":"binary-expr","locations":[{"start":{"line":45,"column":10},"end":{"line":45,"column":38}},{"start":{"line":45,"column":42},"end":{"line":45,"column":78}}]},"1":{"loc":{"start":{"line":46,"column":10},"end":{"line":48,"column":8}},"type":"binary-expr","locations":[{"start":{"line":46,"column":10},"end":{"line":46,"column":40}},{"start":{"line":46,"column":44},"end":{"line":48,"column":8}}]},"2":{"loc":{"start":{"line":80,"column":26},"end":{"line":80,"column":67}},"type":"binary-expr","locations":[{"start":{"line":80,"column":26},"end":{"line":80,"column":59}},{"start":{"line":80,"column":63},"end":{"line":80,"column":67}}]},"3":{"loc":{"start":{"line":82,"column":6},"end":{"line":84,"column":14}},"type":"cond-expr","locations":[{"start":{"line":83,"column":10},"end":{"line":83,"column":70}},{"start":{"line":84,"column":10},"end":{"line":84,"column":14}}]}},"s":{"0":4,"1":4,"2":4,"3":4,"4":4,"5":4,"6":4,"7":4,"8":4,"9":2,"10":2,"11":2,"12":2,"13":2,"14":1,"15":1,"16":1,"17":1,"18":1,"19":1,"20":1,"21":6,"22":6,"23":6,"24":6,"25":6,"26":9,"27":9,"28":9,"29":9,"30":9,"31":9,"32":9,"33":9,"34":9,"35":9,"36":9,"37":9,"38":9,"39":9,"40":9,"41":9,"42":9,"43":9,"44":9,"45":9,"46":9,"47":9,"48":2,"49":2,"50":2,"51":4},"f":{"0":2,"1":1,"2":6,"3":9,"4":2},"b":{"0":[6,1],"1":[6,1],"2":[9,8],"3":[2,7]}}
,"C:\\Users\\Anandu\\Documents\\workspace\\training\\travel-portal\\pgt\\inventory-service\\src\\application\\use-cases\\cancel-reservation\\cancel-reservation.use-case.ts": {"path":"C:\\Users\\Anandu\\Documents\\workspace\\training\\travel-portal\\pgt\\inventory-service\\src\\application\\use-cases\\cancel-reservation\\cancel-reservation.use-case.ts","statementMap":{"0":{"start":{"line":1,"column":0},"end":{"line":1,"column":52}},"1":{"start":{"line":2,"column":0},"end":{"line":2,"column":51}},"2":{"start":{"line":3,"column":0},"end":{"line":3,"column":147}},"3":{"start":{"line":4,"column":0},"end":{"line":4,"column":88}},"4":{"start":{"line":5,"column":0},"end":{"line":5,"column":98}},"5":{"start":{"line":9,"column":7},"end":{"line":39,"column":null}},"6":{"start":{"line":12,"column":21},"end":{"line":12,"column":66}},"7":{"start":{"line":13,"column":21},"end":{"line":13,"column":36}},"8":{"start":{"line":14,"column":21},"end":{"line":14,"column":37}},"9":{"start":{"line":18,"column":24},"end":{"line":18,"column":82}},"10":{"start":{"line":19,"column":4},"end":{"line":21,"column":5}},"11":{"start":{"line":20,"column":6},"end":{"line":20,"column":84}},"12":{"start":{"line":24,"column":4},"end":{"line":24,"column":67}},"13":{"start":{"line":27,"column":4},"end":{"line":29,"column":5}},"14":{"start":{"line":28,"column":6},"end":{"line":28,"column":71}},"15":{"start":{"line":31,"column":4},"end":{"line":31,"column":49}},"16":{"start":{"line":33,"column":19},"end":{"line":33,"column":53}},"17":{"start":{"line":34,"column":4},"end":{"line":36,"column":5}},"18":{"start":{"line":35,"column":6},"end":{"line":35,"column":47}},"19":{"start":{"line":37,"column":4},"end":{"line":37,"column":30}},"20":{"start":{"line":9,"column":13},"end":{"line":9,"column":37}},"21":{"start":{"line":9,"column":13},"end":{"line":39,"column":null}}},"fnMap":{"0":{"name":"(anonymous_4)","decl":{"start":{"line":10,"column":2},"end":{"line":10,"column":null}},"loc":{"start":{"line":14,"column":60},"end":{"line":15,"column":6}}},"1":{"name":"(anonymous_5)","decl":{"start":{"line":17,"column":2},"end":{"line":17,"column":7}},"loc":{"start":{"line":17,"column":49},"end":{"line":38,"column":3}}}},"branchMap":{"0":{"loc":{"start":{"line":19,"column":4},"end":{"line":21,"column":5}},"type":"if","locations":[{"start":{"line":19,"column":4},"end":{"line":21,"column":5}}]},"1":{"loc":{"start":{"line":27,"column":4},"end":{"line":29,"column":5}},"type":"if","locations":[{"start":{"line":27,"column":4},"end":{"line":29,"column":5}}]}},"s":{"0":2,"1":2,"2":2,"3":2,"4":2,"5":2,"6":3,"7":3,"8":3,"9":3,"10":3,"11":1,"12":2,"13":1,"14":1,"15":1,"16":1,"17":1,"18":1,"19":1,"20":2,"21":2},"f":{"0":3,"1":3},"b":{"0":[1],"1":[1]}}
,"C:\\Users\\Anandu\\Documents\\workspace\\training\\travel-portal\\pgt\\inventory-service\\src\\application\\use-cases\\create-reservation\\create-reservation.use-case.ts": {"path":"C:\\Users\\Anandu\\Documents\\workspace\\training\\travel-portal\\pgt\\inventory-service\\src\\application\\use-cases\\create-reservation\\create-reservation.use-case.ts","statementMap":{"0":{"start":{"line":1,"column":0},"end":{"line":1,"column":60}},"1":{"start":{"line":2,"column":0},"end":{"line":2,"column":147}},"2":{"start":{"line":3,"column":0},"end":{"line":3,"column":92}},"3":{"start":{"line":4,"column":0},"end":{"line":4,"column":90}},"4":{"start":{"line":5,"column":0},"end":{"line":5,"column":96}},"5":{"start":{"line":7,"column":0},"end":{"line":7,"column":88}},"6":{"start":{"line":8,"column":0},"end":{"line":8,"column":93}},"7":{"start":{"line":9,"column":0},"end":{"line":9,"column":98}},"8":{"start":{"line":14,"column":2},"end":{"line":33,"column":4}},"9":{"start":{"line":37,"column":37},"end":{"line":178,"column":null}},"10":{"start":{"line":42,"column":21},"end":{"line":42,"column":66}},"11":{"start":{"line":43,"column":21},"end":{"line":43,"column":36}},"12":{"start":{"line":44,"column":21},"end":{"line":44,"column":41}},"13":{"start":{"line":45,"column":21},"end":{"line":45,"column":37}},"14":{"start":{"line":38,"column":19},"end":{"line":38,"column":70}},"15":{"start":{"line":50,"column":19},"end":{"line":50,"column":97}},"16":{"start":{"line":51,"column":4},"end":{"line":54,"column":5}},"17":{"start":{"line":52,"column":6},"end":{"line":52,"column":96}},"18":{"start":{"line":53,"column":6},"end":{"line":53,"column":48}},"19":{"start":{"line":57,"column":26},"end":{"line":61,"column":6}},"20":{"start":{"line":63,"column":27},"end":{"line":63,"column":62}},"21":{"start":{"line":66,"column":24},"end":{"line":66,"column":63}},"22":{"start":{"line":67,"column":22},"end":{"line":67,"column":59}},"23":{"start":{"line":68,"column":25},"end":{"line":68,"column":65}},"24":{"start":{"line":69,"column":20},"end":{"line":69,"column":55}},"25":{"start":{"line":70,"column":19},"end":{"line":70,"column":62}},"26":{"start":{"line":71,"column":24},"end":{"line":71,"column":72}},"27":{"start":{"line":73,"column":20},"end":{"line":80,"column":6}},"28":{"start":{"line":82,"column":22},"end":{"line":88,"column":6}},"29":{"start":{"line":90,"column":24},"end":{"line":100,"column":6}},"30":{"start":{"line":103,"column":4},"end":{"line":103,"column":49}},"31":{"start":{"line":106,"column":19},"end":{"line":106,"column":53}},"32":{"start":{"line":107,"column":4},"end":{"line":109,"column":5}},"33":{"start":{"line":108,"column":6},"end":{"line":108,"column":47}},"34":{"start":{"line":110,"column":4},"end":{"line":110,"column":30}},"35":{"start":{"line":113,"column":21},"end":{"line":113,"column":55}},"36":{"start":{"line":114,"column":4},"end":{"line":114,"column":79}},"37":{"start":{"line":116,"column":4},"end":{"line":116,"column":78}},"38":{"start":{"line":117,"column":4},"end":{"line":117,"column":37}},"39":{"start":{"line":121,"column":4},"end":{"line":121,"column":72}},"40":{"start":{"line":121,"column":55},"end":{"line":121,"column":72}},"41":{"start":{"line":122,"column":18},"end":{"line":122,"column":60}},"42":{"start":{"line":123,"column":4},"end":{"line":123,"column":68}},"43":{"start":{"line":123,"column":51},"end":{"line":123,"column":68}},"44":{"start":{"line":124,"column":16},"end":{"line":124,"column":54}},"45":{"start":{"line":125,"column":4},"end":{"line":125,"column":51}},"46":{"start":{"line":129,"column":4},"end":{"line":129,"column":87}},"47":{"start":{"line":129,"column":55},"end":{"line":129,"column":87}},"48":{"start":{"line":130,"column":18},"end":{"line":130,"column":60}},"49":{"start":{"line":131,"column":4},"end":{"line":131,"column":83}},"50":{"start":{"line":131,"column":51},"end":{"line":131,"column":83}},"51":{"start":{"line":132,"column":17},"end":{"line":132,"column":64}},"52":{"start":{"line":133,"column":4},"end":{"line":133,"column":68}},"53":{"start":{"line":137,"column":4},"end":{"line":137,"column":87}},"54":{"start":{"line":137,"column":55},"end":{"line":137,"column":87}},"55":{"start":{"line":138,"column":18},"end":{"line":138,"column":60}},"56":{"start":{"line":139,"column":4},"end":{"line":139,"column":83}},"57":{"start":{"line":139,"column":51},"end":{"line":139,"column":83}},"58":{"start":{"line":140,"column":17},"end":{"line":140,"column":62}},"59":{"start":{"line":141,"column":4},"end":{"line":141,"column":68}},"60":{"start":{"line":145,"column":4},"end":{"line":145,"column":72}},"61":{"start":{"line":145,"column":55},"end":{"line":145,"column":72}},"62":{"start":{"line":146,"column":18},"end":{"line":146,"column":60}},"63":{"start":{"line":147,"column":4},"end":{"line":147,"column":68}},"64":{"start":{"line":147,"column":51},"end":{"line":147,"column":68}},"65":{"start":{"line":148,"column":16},"end":{"line":148,"column":64}},"66":{"start":{"line":149,"column":4},"end":{"line":149,"column":51}},"67":{"start":{"line":153,"column":4},"end":{"line":153,"column":67}},"68":{"start":{"line":153,"column":55},"end":{"line":153,"column":67}},"69":{"start":{"line":154,"column":18},"end":{"line":154,"column":60}},"70":{"start":{"line":155,"column":4},"end":{"line":155,"column":63}},"71":{"start":{"line":155,"column":51},"end":{"line":155,"column":63}},"72":{"start":{"line":156,"column":21},"end":{"line":156,"column":64}},"73":{"start":{"line":157,"column":4},"end":{"line":157,"column":56}},"74":{"start":{"line":161,"column":4},"end":{"line":161,"column":68}},"75":{"start":{"line":161,"column":55},"end":{"line":161,"column":68}},"76":{"start":{"line":162,"column":18},"end":{"line":162,"column":60}},"77":{"start":{"line":163,"column":4},"end":{"line":163,"column":64}},"78":{"start":{"line":163,"column":51},"end":{"line":163,"column":64}},"79":{"start":{"line":164,"column":20},"end":{"line":164,"column":62}},"80":{"start":{"line":165,"column":4},"end":{"line":165,"column":50}},"81":{"start":{"line":165,"column":36},"end":{"line":165,"column":50}},"82":{"start":{"line":167,"column":4},"end":{"line":167,"column":17}},"83":{"start":{"line":171,"column":4},"end":{"line":171,"column":68}},"84":{"start":{"line":171,"column":55},"end":{"line":171,"column":68}},"85":{"start":{"line":172,"column":18},"end":{"line":172,"column":60}},"86":{"start":{"line":173,"column":4},"end":{"line":173,"column":64}},"87":{"start":{"line":173,"column":51},"end":{"line":173,"column":64}},"88":{"start":{"line":174,"column":18},"end":{"line":174,"column":65}},"89":{"start":{"line":175,"column":4},"end":{"line":175,"column":46}},"90":{"start":{"line":175,"column":34},"end":{"line":175,"column":46}},"91":{"start":{"line":176,"column":4},"end":{"line":176,"column":17}},"92":{"start":{"line":37,"column":13},"end":{"line":37,"column":37}},"93":{"start":{"line":37,"column":13},"end":{"line":178,"column":null}}},"fnMap":{"0":{"name":"toReservationResponse","decl":{"start":{"line":13,"column":9},"end":{"line":13,"column":30}},"loc":{"start":{"line":13,"column":61},"end":{"line":34,"column":1}}},"1":{"name":"(anonymous_5)","decl":{"start":{"line":40,"column":2},"end":{"line":40,"column":null}},"loc":{"start":{"line":45,"column":60},"end":{"line":46,"column":6}}},"2":{"name":"(anonymous_6)","decl":{"start":{"line":48,"column":2},"end":{"line":48,"column":7}},"loc":{"start":{"line":48,"column":49},"end":{"line":118,"column":3}}},"3":{"name":"(anonymous_7)","decl":{"start":{"line":120,"column":10},"end":{"line":120,"column":25}},"loc":{"start":{"line":120,"column":41},"end":{"line":126,"column":3}}},"4":{"name":"(anonymous_8)","decl":{"start":{"line":128,"column":10},"end":{"line":128,"column":29}},"loc":{"start":{"line":128,"column":45},"end":{"line":134,"column":3}}},"5":{"name":"(anonymous_9)","decl":{"start":{"line":136,"column":10},"end":{"line":136,"column":27}},"loc":{"start":{"line":136,"column":43},"end":{"line":142,"column":3}}},"6":{"name":"(anonymous_10)","decl":{"start":{"line":144,"column":10},"end":{"line":144,"column":30}},"loc":{"start":{"line":144,"column":46},"end":{"line":150,"column":3}}},"7":{"name":"(anonymous_11)","decl":{"start":{"line":152,"column":10},"end":{"line":152,"column":25}},"loc":{"start":{"line":152,"column":41},"end":{"line":158,"column":3}}},"8":{"name":"(anonymous_12)","decl":{"start":{"line":160,"column":10},"end":{"line":160,"column":24}},"loc":{"start":{"line":160,"column":75},"end":{"line":168,"column":3}}},"9":{"name":"(anonymous_13)","decl":{"start":{"line":170,"column":10},"end":{"line":170,"column":29}},"loc":{"start":{"line":170,"column":80},"end":{"line":177,"column":3}}}},"branchMap":{"0":{"loc":{"start":{"line":51,"column":4},"end":{"line":54,"column":5}},"type":"if","locations":[{"start":{"line":51,"column":4},"end":{"line":54,"column":5}}]},"1":{"loc":{"start":{"line":86,"column":10},"end":{"line":86,"column":95}},"type":"binary-expr","locations":[{"start":{"line":86,"column":10},"end":{"line":86,"column":44}},{"start":{"line":86,"column":48},"end":{"line":86,"column":95}}]},"2":{"loc":{"start":{"line":87,"column":10},"end":{"line":87,"column":92}},"type":"binary-expr","locations":[{"start":{"line":87,"column":10},"end":{"line":87,"column":46}},{"start":{"line":87,"column":50},"end":{"line":87,"column":92}}]},"3":{"loc":{"start":{"line":92,"column":10},"end":{"line":92,"column":60}},"type":"binary-expr","locations":[{"start":{"line":92,"column":10},"end":{"line":92,"column":38}},{"start":{"line":92,"column":42},"end":{"line":92,"column":60}}]},"4":{"loc":{"start":{"line":97,"column":10},"end":{"line":97,"column":83}},"type":"binary-expr","locations":[{"start":{"line":97,"column":10},"end":{"line":97,"column":43}},{"start":{"line":97,"column":47},"end":{"line":97,"column":83}}]},"5":{"loc":{"start":{"line":98,"column":10},"end":{"line":98,"column":89}},"type":"binary-expr","locations":[{"start":{"line":98,"column":10},"end":{"line":98,"column":45}},{"start":{"line":98,"column":49},"end":{"line":98,"column":89}}]},"6":{"loc":{"start":{"line":99,"column":10},"end":{"line":99,"column":83}},"type":"binary-expr","locations":[{"start":{"line":99,"column":10},"end":{"line":99,"column":43}},{"start":{"line":99,"column":47},"end":{"line":99,"column":83}}]},"7":{"loc":{"start":{"line":121,"column":4},"end":{"line":121,"column":72}},"type":"if","locations":[{"start":{"line":121,"column":4},"end":{"line":121,"column":72}}]},"8":{"loc":{"start":{"line":121,"column":8},"end":{"line":121,"column":53}},"type":"binary-expr","locations":[{"start":{"line":121,"column":8},"end":{"line":121,"column":23}},{"start":{"line":121,"column":27},"end":{"line":121,"column":53}}]},"9":{"loc":{"start":{"line":123,"column":4},"end":{"line":123,"column":68}},"type":"if","locations":[{"start":{"line":123,"column":4},"end":{"line":123,"column":68}}]},"10":{"loc":{"start":{"line":123,"column":8},"end":{"line":123,"column":49}},"type":"binary-expr","locations":[{"start":{"line":123,"column":8},"end":{"line":123,"column":21}},{"start":{"line":123,"column":25},"end":{"line":123,"column":49}}]},"11":{"loc":{"start":{"line":125,"column":11},"end":{"line":125,"column":50}},"type":"cond-expr","locations":[{"start":{"line":125,"column":36},"end":{"line":125,"column":38}},{"start":{"line":125,"column":41},"end":{"line":125,"column":50}}]},"12":{"loc":{"start":{"line":129,"column":4},"end":{"line":129,"column":87}},"type":"if","locations":[{"start":{"line":129,"column":4},"end":{"line":129,"column":87}}]},"13":{"loc":{"start":{"line":129,"column":8},"end":{"line":129,"column":53}},"type":"binary-expr","locations":[{"start":{"line":129,"column":8},"end":{"line":129,"column":23}},{"start":{"line":129,"column":27},"end":{"line":129,"column":53}}]},"14":{"loc":{"start":{"line":131,"column":4},"end":{"line":131,"column":83}},"type":"if","locations":[{"start":{"line":131,"column":4},"end":{"line":131,"column":83}}]},"15":{"loc":{"start":{"line":131,"column":8},"end":{"line":131,"column":49}},"type":"binary-expr","locations":[{"start":{"line":131,"column":8},"end":{"line":131,"column":21}},{"start":{"line":131,"column":25},"end":{"line":131,"column":49}}]},"16":{"loc":{"start":{"line":133,"column":11},"end":{"line":133,"column":67}},"type":"cond-expr","locations":[{"start":{"line":133,"column":37},"end":{"line":133,"column":40}},{"start":{"line":133,"column":43},"end":{"line":133,"column":67}}]},"17":{"loc":{"start":{"line":137,"column":4},"end":{"line":137,"column":87}},"type":"if","locations":[{"start":{"line":137,"column":4},"end":{"line":137,"column":87}}]},"18":{"loc":{"start":{"line":137,"column":8},"end":{"line":137,"column":53}},"type":"binary-expr","locations":[{"start":{"line":137,"column":8},"end":{"line":137,"column":23}},{"start":{"line":137,"column":27},"end":{"line":137,"column":53}}]},"19":{"loc":{"start":{"line":139,"column":4},"end":{"line":139,"column":83}},"type":"if","locations":[{"start":{"line":139,"column":4},"end":{"line":139,"column":83}}]},"20":{"loc":{"start":{"line":139,"column":8},"end":{"line":139,"column":49}},"type":"binary-expr","locations":[{"start":{"line":139,"column":8},"end":{"line":139,"column":21}},{"start":{"line":139,"column":25},"end":{"line":139,"column":49}}]},"21":{"loc":{"start":{"line":141,"column":11},"end":{"line":141,"column":67}},"type":"cond-expr","locations":[{"start":{"line":141,"column":37},"end":{"line":141,"column":40}},{"start":{"line":141,"column":43},"end":{"line":141,"column":67}}]},"22":{"loc":{"start":{"line":145,"column":4},"end":{"line":145,"column":72}},"type":"if","locations":[{"start":{"line":145,"column":4},"end":{"line":145,"column":72}}]},"23":{"loc":{"start":{"line":145,"column":8},"end":{"line":145,"column":53}},"type":"binary-expr","locations":[{"start":{"line":145,"column":8},"end":{"line":145,"column":23}},{"start":{"line":145,"column":27},"end":{"line":145,"column":53}}]},"24":{"loc":{"start":{"line":147,"column":4},"end":{"line":147,"column":68}},"type":"if","locations":[{"start":{"line":147,"column":4},"end":{"line":147,"column":68}}]},"25":{"loc":{"start":{"line":147,"column":8},"end":{"line":147,"column":49}},"type":"binary-expr","locations":[{"start":{"line":147,"column":8},"end":{"line":147,"column":21}},{"start":{"line":147,"column":25},"end":{"line":147,"column":49}}]},"26":{"loc":{"start":{"line":149,"column":11},"end":{"line":149,"column":50}},"type":"cond-expr","locations":[{"start":{"line":149,"column":36},"end":{"line":149,"column":38}},{"start":{"line":149,"column":41},"end":{"line":149,"column":50}}]},"27":{"loc":{"start":{"line":153,"column":4},"end":{"line":153,"column":67}},"type":"if","locations":[{"start":{"line":153,"column":4},"end":{"line":153,"column":67}}]},"28":{"loc":{"start":{"line":153,"column":8},"end":{"line":153,"column":53}},"type":"binary-expr","locations":[{"start":{"line":153,"column":8},"end":{"line":153,"column":23}},{"start":{"line":153,"column":27},"end":{"line":153,"column":53}}]},"29":{"loc":{"start":{"line":155,"column":4},"end":{"line":155,"column":63}},"type":"if","locations":[{"start":{"line":155,"column":4},"end":{"line":155,"column":63}}]},"30":{"loc":{"start":{"line":155,"column":8},"end":{"line":155,"column":49}},"type":"binary-expr","locations":[{"start":{"line":155,"column":8},"end":{"line":155,"column":21}},{"start":{"line":155,"column":25},"end":{"line":155,"column":49}}]},"31":{"loc":{"start":{"line":157,"column":11},"end":{"line":157,"column":55}},"type":"cond-expr","locations":[{"start":{"line":157,"column":41},"end":{"line":157,"column":48}},{"start":{"line":157,"column":51},"end":{"line":157,"column":55}}]},"32":{"loc":{"start":{"line":161,"column":4},"end":{"line":161,"column":68}},"type":"if","locations":[{"start":{"line":161,"column":4},"end":{"line":161,"column":68}}]},"33":{"loc":{"start":{"line":161,"column":8},"end":{"line":161,"column":53}},"type":"binary-expr","locations":[{"start":{"line":161,"column":8},"end":{"line":161,"column":23}},{"start":{"line":161,"column":27},"end":{"line":161,"column":53}}]},"34":{"loc":{"start":{"line":163,"column":4},"end":{"line":163,"column":64}},"type":"if","locations":[{"start":{"line":163,"column":4},"end":{"line":163,"column":64}}]},"35":{"loc":{"start":{"line":163,"column":8},"end":{"line":163,"column":49}},"type":"binary-expr","locations":[{"start":{"line":163,"column":8},"end":{"line":163,"column":21}},{"start":{"line":163,"column":25},"end":{"line":163,"column":49}}]},"36":{"loc":{"start":{"line":165,"column":4},"end":{"line":165,"column":50}},"type":"if","locations":[{"start":{"line":165,"column":4},"end":{"line":165,"column":50}}]},"37":{"loc":{"start":{"line":171,"column":4},"end":{"line":171,"column":68}},"type":"if","locations":[{"start":{"line":171,"column":4},"end":{"line":171,"column":68}}]},"38":{"loc":{"start":{"line":171,"column":8},"end":{"line":171,"column":53}},"type":"binary-expr","locations":[{"start":{"line":171,"column":8},"end":{"line":171,"column":23}},{"start":{"line":171,"column":27},"end":{"line":171,"column":53}}]},"39":{"loc":{"start":{"line":173,"column":4},"end":{"line":173,"column":64}},"type":"if","locations":[{"start":{"line":173,"column":4},"end":{"line":173,"column":64}}]},"40":{"loc":{"start":{"line":173,"column":8},"end":{"line":173,"column":49}},"type":"binary-expr","locations":[{"start":{"line":173,"column":8},"end":{"line":173,"column":21}},{"start":{"line":173,"column":25},"end":{"line":173,"column":49}}]},"41":{"loc":{"start":{"line":175,"column":4},"end":{"line":175,"column":46}},"type":"if","locations":[{"start":{"line":175,"column":4},"end":{"line":175,"column":46}}]}},"s":{"0":3,"1":3,"2":3,"3":3,"4":3,"5":3,"6":3,"7":3,"8":5,"9":3,"10":7,"11":7,"12":7,"13":7,"14":7,"15":9,"16":9,"17":2,"18":2,"19":7,"20":5,"21":5,"22":5,"23":5,"24":5,"25":5,"26":5,"27":5,"28":5,"29":5,"30":5,"31":5,"32":5,"33":5,"34":5,"35":5,"36":5,"37":5,"38":5,"39":5,"40":0,"41":5,"42":5,"43":0,"44":5,"45":5,"46":5,"47":0,"48":5,"49":5,"50":0,"51":5,"52":5,"53":5,"54":0,"55":5,"56":5,"57":0,"58":5,"59":5,"60":5,"61":0,"62":5,"63":5,"64":0,"65":5,"66":5,"67":5,"68":0,"69":5,"70":5,"71":0,"72":5,"73":5,"74":5,"75":0,"76":5,"77":5,"78":0,"79":5,"80":5,"81":4,"82":1,"83":5,"84":0,"85":5,"86":5,"87":0,"88":5,"89":5,"90":4,"91":1,"92":3,"93":3},"f":{"0":5,"1":7,"2":9,"3":5,"4":5,"5":5,"6":5,"7":5,"8":5,"9":5},"b":{"0":[2],"1":[5,1],"2":[5,1],"3":[5,5],"4":[5,4],"5":[5,1],"6":[5,1],"7":[0],"8":[5,5],"9":[0],"10":[5,5],"11":[5,0],"12":[0],"13":[5,5],"14":[0],"15":[5,5],"16":[5,0],"17":[0],"18":[5,5],"19":[0],"20":[5,5],"21":[5,0],"22":[0],"23":[5,5],"24":[0],"25":[5,5],"26":[5,0],"27":[0],"28":[5,5],"29":[0],"30":[5,5],"31":[5,0],"32":[0],"33":[5,5],"34":[0],"35":[5,5],"36":[4],"37":[0],"38":[5,5],"39":[0],"40":[5,5],"41":[4]}}
,"C:\\Users\\Anandu\\Documents\\workspace\\training\\travel-portal\\pgt\\inventory-service\\src\\application\\use-cases\\get-reservation\\get-reservation.use-case.ts": {"path":"C:\\Users\\Anandu\\Documents\\workspace\\training\\travel-portal\\pgt\\inventory-service\\src\\application\\use-cases\\get-reservation\\get-reservation.use-case.ts","statementMap":{"0":{"start":{"line":1,"column":0},"end":{"line":1,"column":52}},"1":{"start":{"line":2,"column":0},"end":{"line":2,"column":51}},"2":{"start":{"line":3,"column":0},"end":{"line":3,"column":147}},"3":{"start":{"line":8,"column":2},"end":{"line":27,"column":4}},"4":{"start":{"line":31,"column":7},"end":{"line":44,"column":null}},"5":{"start":{"line":34,"column":21},"end":{"line":34,"column":66}},"6":{"start":{"line":38,"column":24},"end":{"line":38,"column":80}},"7":{"start":{"line":39,"column":4},"end":{"line":41,"column":5}},"8":{"start":{"line":40,"column":6},"end":{"line":40,"column":82}},"9":{"start":{"line":42,"column":4},"end":{"line":42,"column":35}},"10":{"start":{"line":31,"column":13},"end":{"line":31,"column":34}},"11":{"start":{"line":31,"column":13},"end":{"line":44,"column":null}}},"fnMap":{"0":{"name":"toResponse","decl":{"start":{"line":7,"column":9},"end":{"line":7,"column":19}},"loc":{"start":{"line":7,"column":106},"end":{"line":28,"column":1}}},"1":{"name":"(anonymous_5)","decl":{"start":{"line":32,"column":2},"end":{"line":32,"column":null}},"loc":{"start":{"line":34,"column":66},"end":{"line":35,"column":6}}},"2":{"name":"(anonymous_6)","decl":{"start":{"line":37,"column":2},"end":{"line":37,"column":7}},"loc":{"start":{"line":37,"column":42},"end":{"line":43,"column":3}}}},"branchMap":{"0":{"loc":{"start":{"line":39,"column":4},"end":{"line":41,"column":5}},"type":"if","locations":[{"start":{"line":39,"column":4},"end":{"line":41,"column":5}}]}},"s":{"0":2,"1":2,"2":2,"3":1,"4":2,"5":2,"6":2,"7":2,"8":1,"9":1,"10":2,"11":2},"f":{"0":1,"1":2,"2":2},"b":{"0":[1]}}
,"C:\\Users\\Anandu\\Documents\\workspace\\training\\travel-portal\\pgt\\inventory-service\\src\\application\\use-cases\\search-flights\\search-flights.use-case.ts": {"path":"C:\\Users\\Anandu\\Documents\\workspace\\training\\travel-portal\\pgt\\inventory-service\\src\\application\\use-cases\\search-flights\\search-flights.use-case.ts","statementMap":{"0":{"start":{"line":1,"column":0},"end":{"line":1,"column":52}},"1":{"start":{"line":2,"column":0},"end":{"line":2,"column":128}},"2":{"start":{"line":3,"column":0},"end":{"line":3,"column":88}},"3":{"start":{"line":4,"column":0},"end":{"line":4,"column":87}},"4":{"start":{"line":9,"column":33},"end":{"line":58,"column":null}},"5":{"start":{"line":13,"column":21},"end":{"line":13,"column":28}},"6":{"start":{"line":14,"column":21},"end":{"line":14,"column":36}},"7":{"start":{"line":15,"column":21},"end":{"line":15,"column":30}},"8":{"start":{"line":10,"column":19},"end":{"line":10,"column":66}},"9":{"start":{"line":19,"column":33},"end":{"line":26,"column":6}},"10":{"start":{"line":28,"column":19},"end":{"line":28,"column":47}},"11":{"start":{"line":29,"column":4},"end":{"line":36,"column":5}},"12":{"start":{"line":30,"column":6},"end":{"line":30,"column":54}},"13":{"start":{"line":31,"column":6},"end":{"line":31,"column":49}},"14":{"start":{"line":32,"column":6},"end":{"line":35,"column":8}},"15":{"start":{"line":33,"column":33},"end":{"line":33,"column":89}},"16":{"start":{"line":38,"column":4},"end":{"line":38,"column":53}},"17":{"start":{"line":39,"column":4},"end":{"line":39,"column":48}},"18":{"start":{"line":41,"column":16},"end":{"line":41,"column":100}},"19":{"start":{"line":42,"column":19},"end":{"line":42,"column":41}},"20":{"start":{"line":44,"column":4},"end":{"line":44,"column":69}},"21":{"start":{"line":46,"column":4},"end":{"line":49,"column":6}},"22":{"start":{"line":47,"column":31},"end":{"line":47,"column":64}},"23":{"start":{"line":53,"column":4},"end":{"line":53,"column":59}},"24":{"start":{"line":53,"column":49},"end":{"line":53,"column":59}},"25":{"start":{"line":54,"column":18},"end":{"line":54,"column":57}},"26":{"start":{"line":55,"column":4},"end":{"line":55,"column":40}},"27":{"start":{"line":55,"column":30},"end":{"line":55,"column":40}},"28":{"start":{"line":56,"column":4},"end":{"line":56,"column":39}},"29":{"start":{"line":9,"column":13},"end":{"line":9,"column":33}},"30":{"start":{"line":9,"column":13},"end":{"line":58,"column":null}}},"fnMap":{"0":{"name":"(anonymous_2)","decl":{"start":{"line":12,"column":2},"end":{"line":12,"column":null}},"loc":{"start":{"line":15,"column":44},"end":{"line":16,"column":6}}},"1":{"name":"(anonymous_3)","decl":{"start":{"line":18,"column":2},"end":{"line":18,"column":7}},"loc":{"start":{"line":18,"column":45},"end":{"line":50,"column":3}}},"2":{"name":"(anonymous_4)","decl":{"start":{"line":33,"column":25},"end":{"line":33,"column":26}},"loc":{"start":{"line":33,"column":33},"end":{"line":33,"column":89}}},"3":{"name":"(anonymous_5)","decl":{"start":{"line":47,"column":23},"end":{"line":47,"column":24}},"loc":{"start":{"line":47,"column":31},"end":{"line":47,"column":64}}},"4":{"name":"(anonymous_6)","decl":{"start":{"line":52,"column":10},"end":{"line":52,"column":22}},"loc":{"start":{"line":52,"column":35},"end":{"line":57,"column":3}}}},"branchMap":{"0":{"loc":{"start":{"line":24,"column":10},"end":{"line":24,"column":80}},"type":"binary-expr","locations":[{"start":{"line":24,"column":10},"end":{"line":24,"column":42}},{"start":{"line":24,"column":46},"end":{"line":24,"column":80}}]},"1":{"loc":{"start":{"line":25,"column":10},"end":{"line":25,"column":80}},"type":"binary-expr","locations":[{"start":{"line":25,"column":10},"end":{"line":25,"column":42}},{"start":{"line":25,"column":46},"end":{"line":25,"column":80}}]},"2":{"loc":{"start":{"line":29,"column":4},"end":{"line":36,"column":5}},"type":"if","locations":[{"start":{"line":29,"column":4},"end":{"line":36,"column":5}}]},"3":{"loc":{"start":{"line":53,"column":4},"end":{"line":53,"column":59}},"type":"if","locations":[{"start":{"line":53,"column":4},"end":{"line":53,"column":59}}]},"4":{"loc":{"start":{"line":53,"column":8},"end":{"line":53,"column":47}},"type":"binary-expr","locations":[{"start":{"line":53,"column":8},"end":{"line":53,"column":20}},{"start":{"line":53,"column":24},"end":{"line":53,"column":47}}]},"5":{"loc":{"start":{"line":55,"column":4},"end":{"line":55,"column":40}},"type":"if","locations":[{"start":{"line":55,"column":4},"end":{"line":55,"column":40}}]}},"s":{"0":3,"1":3,"2":3,"3":3,"4":3,"5":7,"6":7,"7":7,"8":7,"9":8,"10":8,"11":8,"12":2,"13":2,"14":2,"15":3,"16":6,"17":6,"18":6,"19":5,"20":5,"21":5,"22":4,"23":5,"24":1,"25":4,"26":4,"27":1,"28":3,"29":3,"30":3},"f":{"0":7,"1":8,"2":3,"3":4,"4":5},"b":{"0":[8,1],"1":[8,1],"2":[2],"3":[1],"4":[5,4],"5":[1]}}
,"C:\\Users\\Anandu\\Documents\\workspace\\training\\travel-portal\\pgt\\inventory-service\\src\\config\\env.validation.ts": {"path":"C:\\Users\\Anandu\\Documents\\workspace\\training\\travel-portal\\pgt\\inventory-service\\src\\config\\env.validation.ts","statementMap":{"0":{"start":{"line":1,"column":0},"end":{"line":1,"column":27}},"1":{"start":{"line":3,"column":13},"end":{"line":13,"column":35}}},"fnMap":{},"branchMap":{},"s":{"0":1,"1":1},"f":{},"b":{}}
,"C:\\Users\\Anandu\\Documents\\workspace\\training\\travel-portal\\pgt\\inventory-service\\src\\config\\inventory.config.ts": {"path":"C:\\Users\\Anandu\\Documents\\workspace\\training\\travel-portal\\pgt\\inventory-service\\src\\config\\inventory.config.ts","statementMap":{"0":{"start":{"line":1,"column":0},"end":{"line":1,"column":44}},"1":{"start":{"line":2,"column":0},"end":{"line":2,"column":47}},"2":{"start":{"line":5,"column":7},"end":{"line":43,"column":null}},"3":{"start":{"line":6,"column":31},"end":{"line":6,"column":39}},"4":{"start":{"line":9,"column":4},"end":{"line":9,"column":51}},"5":{"start":{"line":13,"column":4},"end":{"line":13,"column":57}},"6":{"start":{"line":17,"column":4},"end":{"line":17,"column":76}},"7":{"start":{"line":21,"column":4},"end":{"line":21,"column":85}},"8":{"start":{"line":25,"column":4},"end":{"line":25,"column":89}},"9":{"start":{"line":29,"column":4},"end":{"line":29,"column":62}},"10":{"start":{"line":33,"column":4},"end":{"line":33,"column":66}},"11":{"start":{"line":37,"column":4},"end":{"line":37,"column":69}},"12":{"start":{"line":41,"column":4},"end":{"line":41,"column":68}},"13":{"start":{"line":5,"column":13},"end":{"line":5,"column":28}},"14":{"start":{"line":5,"column":13},"end":{"line":43,"column":null}}},"fnMap":{"0":{"name":"(anonymous_2)","decl":{"start":{"line":6,"column":2},"end":{"line":6,"column":31}},"loc":{"start":{"line":6,"column":52},"end":{"line":6,"column":56}}},"1":{"name":"(anonymous_3)","decl":{"start":{"line":8,"column":2},"end":{"line":8,"column":6}},"loc":{"start":{"line":8,"column":10},"end":{"line":10,"column":3}}},"2":{"name":"(anonymous_4)","decl":{"start":{"line":12,"column":2},"end":{"line":12,"column":6}},"loc":{"start":{"line":12,"column":17},"end":{"line":14,"column":3}}},"3":{"name":"(anonymous_5)","decl":{"start":{"line":16,"column":2},"end":{"line":16,"column":6}},"loc":{"start":{"line":16,"column":14},"end":{"line":18,"column":3}}},"4":{"name":"(anonymous_6)","decl":{"start":{"line":20,"column":2},"end":{"line":20,"column":6}},"loc":{"start":{"line":20,"column":18},"end":{"line":22,"column":3}}},"5":{"name":"(anonymous_7)","decl":{"start":{"line":24,"column":2},"end":{"line":24,"column":6}},"loc":{"start":{"line":24,"column":20},"end":{"line":26,"column":3}}},"6":{"name":"(anonymous_8)","decl":{"start":{"line":28,"column":2},"end":{"line":28,"column":6}},"loc":{"start":{"line":28,"column":21},"end":{"line":30,"column":3}}},"7":{"name":"(anonymous_9)","decl":{"start":{"line":32,"column":2},"end":{"line":32,"column":6}},"loc":{"start":{"line":32,"column":25},"end":{"line":34,"column":3}}},"8":{"name":"(anonymous_10)","decl":{"start":{"line":36,"column":2},"end":{"line":36,"column":6}},"loc":{"start":{"line":36,"column":28},"end":{"line":38,"column":3}}},"9":{"name":"(anonymous_11)","decl":{"start":{"line":40,"column":2},"end":{"line":40,"column":6}},"loc":{"start":{"line":40,"column":27},"end":{"line":42,"column":3}}}},"branchMap":{"0":{"loc":{"start":{"line":9,"column":11},"end":{"line":9,"column":50}},"type":"binary-expr","locations":[{"start":{"line":9,"column":11},"end":{"line":9,"column":42}},{"start":{"line":9,"column":46},"end":{"line":9,"column":50}}]},"1":{"loc":{"start":{"line":13,"column":11},"end":{"line":13,"column":56}},"type":"binary-expr","locations":[{"start":{"line":13,"column":11},"end":{"line":13,"column":50}},{"start":{"line":13,"column":54},"end":{"line":13,"column":56}}]},"2":{"loc":{"start":{"line":17,"column":11},"end":{"line":17,"column":75}},"type":"binary-expr","locations":[{"start":{"line":17,"column":11},"end":{"line":17,"column":47}},{"start":{"line":17,"column":51},"end":{"line":17,"column":75}}]},"3":{"loc":{"start":{"line":21,"column":12},"end":{"line":21,"column":72}},"type":"binary-expr","locations":[{"start":{"line":21,"column":12},"end":{"line":21,"column":52}},{"start":{"line":21,"column":56},"end":{"line":21,"column":72}}]},"4":{"loc":{"start":{"line":25,"column":11},"end":{"line":25,"column":88}},"type":"binary-expr","locations":[{"start":{"line":25,"column":11},"end":{"line":25,"column":54}},{"start":{"line":25,"column":58},"end":{"line":25,"column":88}}]},"5":{"loc":{"start":{"line":29,"column":11},"end":{"line":29,"column":61}},"type":"binary-expr","locations":[{"start":{"line":29,"column":11},"end":{"line":29,"column":55}},{"start":{"line":29,"column":59},"end":{"line":29,"column":61}}]},"6":{"loc":{"start":{"line":33,"column":11},"end":{"line":33,"column":65}},"type":"binary-expr","locations":[{"start":{"line":33,"column":11},"end":{"line":33,"column":59}},{"start":{"line":33,"column":63},"end":{"line":33,"column":65}}]},"7":{"loc":{"start":{"line":37,"column":11},"end":{"line":37,"column":68}},"type":"binary-expr","locations":[{"start":{"line":37,"column":11},"end":{"line":37,"column":62}},{"start":{"line":37,"column":66},"end":{"line":37,"column":68}}]},"8":{"loc":{"start":{"line":41,"column":11},"end":{"line":41,"column":67}},"type":"binary-expr","locations":[{"start":{"line":41,"column":11},"end":{"line":41,"column":61}},{"start":{"line":41,"column":65},"end":{"line":41,"column":67}}]}},"s":{"0":1,"1":1,"2":1,"3":10,"4":2,"5":2,"6":2,"7":2,"8":2,"9":2,"10":2,"11":2,"12":2,"13":1,"14":1},"f":{"0":10,"1":2,"2":2,"3":2,"4":2,"5":2,"6":2,"7":2,"8":2,"9":2},"b":{"0":[2,1],"1":[2,1],"2":[2,1],"3":[2,1],"4":[2,1],"5":[2,1],"6":[2,1],"7":[2,1],"8":[2,1]}}
,"C:\\Users\\Anandu\\Documents\\workspace\\training\\travel-portal\\pgt\\inventory-service\\src\\domain\\aggregates\\flight-reservation.aggregate.ts": {"path":"C:\\Users\\Anandu\\Documents\\workspace\\training\\travel-portal\\pgt\\inventory-service\\src\\domain\\aggregates\\flight-reservation.aggregate.ts","statementMap":{"0":{"start":{"line":1,"column":0},"end":{"line":1,"column":64}},"1":{"start":{"line":2,"column":0},"end":{"line":2,"column":90}},"2":{"start":{"line":5,"column":0},"end":{"line":5,"column":85}},"3":{"start":{"line":6,"column":0},"end":{"line":6,"column":88}},"4":{"start":{"line":7,"column":0},"end":{"line":7,"column":70}},"5":{"start":{"line":8,"column":0},"end":{"line":8,"column":95}},"6":{"start":{"line":9,"column":0},"end":{"line":9,"column":91}},"7":{"start":{"line":10,"column":0},"end":{"line":10,"column":101}},"8":{"start":{"line":40,"column":15},"end":{"line":40,"column":51}},"9":{"start":{"line":41,"column":16},"end":{"line":41,"column":26}},"10":{"start":{"line":42,"column":24},"end":{"line":42,"column":47}},"11":{"start":{"line":43,"column":22},"end":{"line":43,"column":71}},"12":{"start":{"line":45,"column":53},"end":{"line":57,"column":6}},"13":{"start":{"line":59,"column":24},"end":{"line":59,"column":63}},"14":{"start":{"line":60,"column":4},"end":{"line":79,"column":6}},"15":{"start":{"line":80,"column":4},"end":{"line":80,"column":23}},"16":{"start":{"line":84,"column":4},"end":{"line":84,"column":51}},"17":{"start":{"line":88,"column":4},"end":{"line":88,"column":30}},"18":{"start":{"line":92,"column":4},"end":{"line":92,"column":37}},"19":{"start":{"line":96,"column":4},"end":{"line":96,"column":30}},"20":{"start":{"line":100,"column":4},"end":{"line":100,"column":32}},"21":{"start":{"line":104,"column":4},"end":{"line":104,"column":29}},"22":{"start":{"line":108,"column":4},"end":{"line":108,"column":33}},"23":{"start":{"line":112,"column":4},"end":{"line":112,"column":37}},"24":{"start":{"line":116,"column":4},"end":{"line":116,"column":32}},"25":{"start":{"line":120,"column":4},"end":{"line":120,"column":32}},"26":{"start":{"line":124,"column":4},"end":{"line":124,"column":32}},"27":{"start":{"line":128,"column":4},"end":{"line":133,"column":5}},"28":{"start":{"line":129,"column":6},"end":{"line":132,"column":8}},"29":{"start":{"line":134,"column":4},"end":{"line":134,"column":59}},"30":{"start":{"line":135,"column":4},"end":{"line":135,"column":38}},"31":{"start":{"line":139,"column":4},"end":{"line":144,"column":5}},"32":{"start":{"line":140,"column":6},"end":{"line":143,"column":8}},"33":{"start":{"line":145,"column":16},"end":{"line":145,"column":26}},"34":{"start":{"line":146,"column":4},"end":{"line":146,"column":59}},"35":{"start":{"line":147,"column":4},"end":{"line":147,"column":31}},"36":{"start":{"line":148,"column":4},"end":{"line":160,"column":6}},"37":{"start":{"line":164,"column":4},"end":{"line":169,"column":5}},"38":{"start":{"line":165,"column":6},"end":{"line":168,"column":8}},"39":{"start":{"line":170,"column":16},"end":{"line":170,"column":26}},"40":{"start":{"line":171,"column":4},"end":{"line":171,"column":57}},"41":{"start":{"line":172,"column":4},"end":{"line":172,"column":31}},"42":{"start":{"line":173,"column":4},"end":{"line":185,"column":6}},"43":{"start":{"line":189,"column":4},"end":{"line":189,"column":45}},"44":{"start":{"line":38,"column":0},"end":{"line":38,"column":13}}},"fnMap":{"0":{"name":"(anonymous_0)","decl":{"start":{"line":39,"column":2},"end":{"line":39,"column":8}},"loc":{"start":{"line":39,"column":51},"end":{"line":81,"column":3}}},"1":{"name":"(anonymous_1)","decl":{"start":{"line":83,"column":2},"end":{"line":83,"column":6}},"loc":{"start":{"line":83,"column":19},"end":{"line":85,"column":3}}},"2":{"name":"(anonymous_2)","decl":{"start":{"line":87,"column":2},"end":{"line":87,"column":6}},"loc":{"start":{"line":87,"column":13},"end":{"line":89,"column":3}}},"3":{"name":"(anonymous_3)","decl":{"start":{"line":91,"column":2},"end":{"line":91,"column":6}},"loc":{"start":{"line":91,"column":20},"end":{"line":93,"column":3}}},"4":{"name":"(anonymous_4)","decl":{"start":{"line":95,"column":2},"end":{"line":95,"column":6}},"loc":{"start":{"line":95,"column":13},"end":{"line":97,"column":3}}},"5":{"name":"(anonymous_5)","decl":{"start":{"line":99,"column":2},"end":{"line":99,"column":6}},"loc":{"start":{"line":99,"column":15},"end":{"line":101,"column":3}}},"6":{"name":"(anonymous_6)","decl":{"start":{"line":103,"column":2},"end":{"line":103,"column":6}},"loc":{"start":{"line":103,"column":12},"end":{"line":105,"column":3}}},"7":{"name":"(anonymous_7)","decl":{"start":{"line":107,"column":2},"end":{"line":107,"column":6}},"loc":{"start":{"line":107,"column":16},"end":{"line":109,"column":3}}},"8":{"name":"(anonymous_8)","decl":{"start":{"line":111,"column":2},"end":{"line":111,"column":6}},"loc":{"start":{"line":111,"column":20},"end":{"line":113,"column":3}}},"9":{"name":"(anonymous_9)","decl":{"start":{"line":115,"column":2},"end":{"line":115,"column":6}},"loc":{"start":{"line":115,"column":15},"end":{"line":117,"column":3}}},"10":{"name":"(anonymous_10)","decl":{"start":{"line":119,"column":2},"end":{"line":119,"column":6}},"loc":{"start":{"line":119,"column":15},"end":{"line":121,"column":3}}},"11":{"name":"(anonymous_11)","decl":{"start":{"line":123,"column":2},"end":{"line":123,"column":6}},"loc":{"start":{"line":123,"column":15},"end":{"line":125,"column":3}}},"12":{"name":"(anonymous_12)","decl":{"start":{"line":127,"column":2},"end":{"line":127,"column":9}},"loc":{"start":{"line":127,"column":9},"end":{"line":136,"column":3}}},"13":{"name":"(anonymous_13)","decl":{"start":{"line":138,"column":2},"end":{"line":138,"column":8}},"loc":{"start":{"line":138,"column":53},"end":{"line":161,"column":3}}},"14":{"name":"(anonymous_14)","decl":{"start":{"line":163,"column":2},"end":{"line":163,"column":8}},"loc":{"start":{"line":163,"column":53},"end":{"line":186,"column":3}}},"15":{"name":"(anonymous_15)","decl":{"start":{"line":188,"column":2},"end":{"line":188,"column":11}},"loc":{"start":{"line":188,"column":11},"end":{"line":190,"column":3}}}},"branchMap":{"0":{"loc":{"start":{"line":42,"column":24},"end":{"line":42,"column":47}},"type":"binary-expr","locations":[{"start":{"line":42,"column":24},"end":{"line":42,"column":41}},{"start":{"line":42,"column":45},"end":{"line":42,"column":47}}]},"1":{"loc":{"start":{"line":48,"column":22},"end":{"line":48,"column":50}},"type":"binary-expr","locations":[{"start":{"line":48,"column":22},"end":{"line":48,"column":42}},{"start":{"line":48,"column":46},"end":{"line":48,"column":50}}]},"2":{"loc":{"start":{"line":63,"column":12},"end":{"line":63,"column":87}},"type":"binary-expr","locations":[{"start":{"line":63,"column":12},"end":{"line":63,"column":45}},{"start":{"line":63,"column":49},"end":{"line":63,"column":87}}]},"3":{"loc":{"start":{"line":64,"column":12},"end":{"line":64,"column":81}},"type":"binary-expr","locations":[{"start":{"line":64,"column":12},"end":{"line":64,"column":43}},{"start":{"line":64,"column":47},"end":{"line":64,"column":81}}]},"4":{"loc":{"start":{"line":128,"column":4},"end":{"line":133,"column":5}},"type":"if","locations":[{"start":{"line":128,"column":4},"end":{"line":133,"column":5}}]},"5":{"loc":{"start":{"line":139,"column":4},"end":{"line":144,"column":5}},"type":"if","locations":[{"start":{"line":139,"column":4},"end":{"line":144,"column":5}}]},"6":{"loc":{"start":{"line":139,"column":8},"end":{"line":139,"column":88}},"type":"binary-expr","locations":[{"start":{"line":139,"column":8},"end":{"line":139,"column":45}},{"start":{"line":139,"column":49},"end":{"line":139,"column":88}}]},"7":{"loc":{"start":{"line":151,"column":12},"end":{"line":151,"column":60}},"type":"binary-expr","locations":[{"start":{"line":151,"column":12},"end":{"line":151,"column":39}},{"start":{"line":151,"column":43},"end":{"line":151,"column":60}}]},"8":{"loc":{"start":{"line":152,"column":12},"end":{"line":152,"column":56}},"type":"binary-expr","locations":[{"start":{"line":152,"column":12},"end":{"line":152,"column":37}},{"start":{"line":152,"column":41},"end":{"line":152,"column":56}}]},"9":{"loc":{"start":{"line":164,"column":4},"end":{"line":169,"column":5}},"type":"if","locations":[{"start":{"line":164,"column":4},"end":{"line":169,"column":5}}]},"10":{"loc":{"start":{"line":176,"column":12},"end":{"line":176,"column":60}},"type":"binary-expr","locations":[{"start":{"line":176,"column":12},"end":{"line":176,"column":39}},{"start":{"line":176,"column":43},"end":{"line":176,"column":60}}]},"11":{"loc":{"start":{"line":177,"column":12},"end":{"line":177,"column":56}},"type":"binary-expr","locations":[{"start":{"line":177,"column":12},"end":{"line":177,"column":37}},{"start":{"line":177,"column":41},"end":{"line":177,"column":56}}]}},"s":{"0":10,"1":10,"2":10,"3":10,"4":10,"5":10,"6":10,"7":10,"8":28,"9":28,"10":28,"11":28,"12":28,"13":28,"14":28,"15":28,"16":1,"17":11,"18":14,"19":95,"20":69,"21":23,"22":15,"23":11,"24":16,"25":16,"26":11,"27":5,"28":1,"29":4,"30":4,"31":6,"32":3,"33":3,"34":3,"35":3,"36":3,"37":11,"38":2,"39":9,"40":9,"41":9,"42":9,"43":2,"44":10},"f":{"0":28,"1":1,"2":11,"3":14,"4":95,"5":69,"6":23,"7":15,"8":11,"9":16,"10":16,"11":11,"12":5,"13":6,"14":11,"15":2},"b":{"0":[28,4],"1":[28,21],"2":[28,2],"3":[28,2],"4":[1],"5":[3],"6":[6,4],"7":[3,1],"8":[3,1],"9":[2],"10":[9,1],"11":[9,1]}}
,"C:\\Users\\Anandu\\Documents\\workspace\\training\\travel-portal\\pgt\\inventory-service\\src\\domain\\events\\flight-reservation-cancelled.event.ts": {"path":"C:\\Users\\Anandu\\Documents\\workspace\\training\\travel-portal\\pgt\\inventory-service\\src\\domain\\events\\flight-reservation-cancelled.event.ts","statementMap":{"0":{"start":{"line":1,"column":0},"end":{"line":1,"column":63}},"1":{"start":{"line":18,"column":4},"end":{"line":18,"column":17}},"2":{"start":{"line":19,"column":4},"end":{"line":19,"column":27}},"3":{"start":{"line":23,"column":4},"end":{"line":23,"column":40}},"4":{"start":{"line":14,"column":0},"end":{"line":14,"column":13}}},"fnMap":{"0":{"name":"(anonymous_0)","decl":{"start":{"line":17,"column":2},"end":{"line":17,"column":14}},"loc":{"start":{"line":17,"column":52},"end":{"line":20,"column":3}}},"1":{"name":"(anonymous_1)","decl":{"start":{"line":22,"column":2},"end":{"line":22,"column":6}},"loc":{"start":{"line":22,"column":15},"end":{"line":24,"column":3}}}},"branchMap":{},"s":{"0":10,"1":3,"2":3,"3":3,"4":10},"f":{"0":3,"1":3},"b":{}}
,"C:\\Users\\Anandu\\Documents\\workspace\\training\\travel-portal\\pgt\\inventory-service\\src\\domain\\events\\flight-reservation-expired.event.ts": {"path":"C:\\Users\\Anandu\\Documents\\workspace\\training\\travel-portal\\pgt\\inventory-service\\src\\domain\\events\\flight-reservation-expired.event.ts","statementMap":{"0":{"start":{"line":1,"column":0},"end":{"line":1,"column":63}},"1":{"start":{"line":18,"column":4},"end":{"line":18,"column":17}},"2":{"start":{"line":19,"column":4},"end":{"line":19,"column":27}},"3":{"start":{"line":23,"column":4},"end":{"line":23,"column":38}},"4":{"start":{"line":14,"column":0},"end":{"line":14,"column":13}}},"fnMap":{"0":{"name":"(anonymous_0)","decl":{"start":{"line":17,"column":2},"end":{"line":17,"column":14}},"loc":{"start":{"line":17,"column":50},"end":{"line":20,"column":3}}},"1":{"name":"(anonymous_1)","decl":{"start":{"line":22,"column":2},"end":{"line":22,"column":6}},"loc":{"start":{"line":22,"column":15},"end":{"line":24,"column":3}}}},"branchMap":{},"s":{"0":10,"1":9,"2":9,"3":9,"4":10},"f":{"0":9,"1":9},"b":{}}
,"C:\\Users\\Anandu\\Documents\\workspace\\training\\travel-portal\\pgt\\inventory-service\\src\\domain\\events\\flight-reserved.event.ts": {"path":"C:\\Users\\Anandu\\Documents\\workspace\\training\\travel-portal\\pgt\\inventory-service\\src\\domain\\events\\flight-reserved.event.ts","statementMap":{"0":{"start":{"line":1,"column":0},"end":{"line":1,"column":63}},"1":{"start":{"line":25,"column":4},"end":{"line":25,"column":17}},"2":{"start":{"line":26,"column":4},"end":{"line":26,"column":27}},"3":{"start":{"line":30,"column":4},"end":{"line":30,"column":28}},"4":{"start":{"line":21,"column":0},"end":{"line":21,"column":13}}},"fnMap":{"0":{"name":"(anonymous_0)","decl":{"start":{"line":24,"column":2},"end":{"line":24,"column":14}},"loc":{"start":{"line":24,"column":40},"end":{"line":27,"column":3}}},"1":{"name":"(anonymous_1)","decl":{"start":{"line":29,"column":2},"end":{"line":29,"column":6}},"loc":{"start":{"line":29,"column":15},"end":{"line":31,"column":3}}}},"branchMap":{},"s":{"0":11,"1":33,"2":33,"3":48,"4":11},"f":{"0":33,"1":48},"b":{}}
,"C:\\Users\\Anandu\\Documents\\workspace\\training\\travel-portal\\pgt\\inventory-service\\src\\domain\\exceptions\\amadeus-not-found.exception.ts": {"path":"C:\\Users\\Anandu\\Documents\\workspace\\training\\travel-portal\\pgt\\inventory-service\\src\\domain\\exceptions\\amadeus-not-found.exception.ts","statementMap":{"0":{"start":{"line":1,"column":0},"end":{"line":1,"column":49}},"1":{"start":{"line":5,"column":4},"end":{"line":5,"column":43}},"2":{"start":{"line":3,"column":0},"end":{"line":3,"column":13}}},"fnMap":{"0":{"name":"(anonymous_0)","decl":{"start":{"line":4,"column":2},"end":{"line":4,"column":14}},"loc":{"start":{"line":4,"column":52},"end":{"line":6,"column":3}}}},"branchMap":{"0":{"loc":{"start":{"line":4,"column":14},"end":{"line":4,"column":52}},"type":"default-arg","locations":[{"start":{"line":4,"column":24},"end":{"line":4,"column":52}}]}},"s":{"0":9,"1":3,"2":9},"f":{"0":3},"b":{"0":[1]}}
,"C:\\Users\\Anandu\\Documents\\workspace\\training\\travel-portal\\pgt\\inventory-service\\src\\domain\\exceptions\\amadeus-unavailable.exception.ts": {"path":"C:\\Users\\Anandu\\Documents\\workspace\\training\\travel-portal\\pgt\\inventory-service\\src\\domain\\exceptions\\amadeus-unavailable.exception.ts","statementMap":{"0":{"start":{"line":1,"column":0},"end":{"line":1,"column":49}},"1":{"start":{"line":5,"column":4},"end":{"line":5,"column":46}},"2":{"start":{"line":3,"column":0},"end":{"line":3,"column":13}}},"fnMap":{"0":{"name":"(anonymous_0)","decl":{"start":{"line":4,"column":2},"end":{"line":4,"column":14}},"loc":{"start":{"line":4,"column":66},"end":{"line":6,"column":3}}}},"branchMap":{"0":{"loc":{"start":{"line":4,"column":14},"end":{"line":4,"column":66}},"type":"default-arg","locations":[{"start":{"line":4,"column":24},"end":{"line":4,"column":66}}]}},"s":{"0":9,"1":7,"2":9},"f":{"0":7},"b":{"0":[1]}}
,"C:\\Users\\Anandu\\Documents\\workspace\\training\\travel-portal\\pgt\\inventory-service\\src\\domain\\exceptions\\invalid-reservation-state.exception.ts": {"path":"C:\\Users\\Anandu\\Documents\\workspace\\training\\travel-portal\\pgt\\inventory-service\\src\\domain\\exceptions\\invalid-reservation-state.exception.ts","statementMap":{"0":{"start":{"line":1,"column":0},"end":{"line":1,"column":49}},"1":{"start":{"line":5,"column":4},"end":{"line":5,"column":62}},"2":{"start":{"line":3,"column":0},"end":{"line":3,"column":13}}},"fnMap":{"0":{"name":"(anonymous_0)","decl":{"start":{"line":4,"column":2},"end":{"line":4,"column":14}},"loc":{"start":{"line":4,"column":64},"end":{"line":6,"column":3}}}},"branchMap":{},"s":{"0":10,"1":6,"2":10},"f":{"0":6},"b":{}}
,"C:\\Users\\Anandu\\Documents\\workspace\\training\\travel-portal\\pgt\\inventory-service\\src\\domain\\value-objects\\cabin-class.value-object.ts": {"path":"C:\\Users\\Anandu\\Documents\\workspace\\training\\travel-portal\\pgt\\inventory-service\\src\\domain\\value-objects\\cabin-class.value-object.ts","statementMap":{"0":{"start":{"line":7,"column":4},"end":{"line":7,"column":23}},"1":{"start":{"line":16,"column":4},"end":{"line":16,"column":22}},"2":{"start":{"line":3,"column":0},"end":{"line":3,"column":13}},"3":{"start":{"line":10,"column":9},"end":{"line":10,"column":45}},"4":{"start":{"line":11,"column":9},"end":{"line":11,"column":61}},"5":{"start":{"line":12,"column":9},"end":{"line":12,"column":47}},"6":{"start":{"line":13,"column":9},"end":{"line":13,"column":41}}},"fnMap":{"0":{"name":"(anonymous_0)","decl":{"start":{"line":6,"column":2},"end":{"line":6,"column":14}},"loc":{"start":{"line":6,"column":36},"end":{"line":8,"column":3}}},"1":{"name":"(anonymous_1)","decl":{"start":{"line":15,"column":2},"end":{"line":15,"column":10}},"loc":{"start":{"line":15,"column":10},"end":{"line":17,"column":3}}}},"branchMap":{},"s":{"0":91,"1":2,"2":11,"3":11,"4":11,"5":11,"6":11},"f":{"0":91,"1":2},"b":{}}
,"C:\\Users\\Anandu\\Documents\\workspace\\training\\travel-portal\\pgt\\inventory-service\\src\\domain\\value-objects\\flight-reservation-id.value-object.ts": {"path":"C:\\Users\\Anandu\\Documents\\workspace\\training\\travel-portal\\pgt\\inventory-service\\src\\domain\\value-objects\\flight-reservation-id.value-object.ts","statementMap":{"0":{"start":{"line":1,"column":0},"end":{"line":1,"column":41}},"1":{"start":{"line":3,"column":0},"end":{"line":3,"column":13}}},"fnMap":{},"branchMap":{},"s":{"0":10,"1":10},"f":{},"b":{}}
,"C:\\Users\\Anandu\\Documents\\workspace\\training\\travel-portal\\pgt\\inventory-service\\src\\domain\\value-objects\\flight-segment.value-object.ts": {"path":"C:\\Users\\Anandu\\Documents\\workspace\\training\\travel-portal\\pgt\\inventory-service\\src\\domain\\value-objects\\flight-segment.value-object.ts","statementMap":{"0":{"start":{"line":1,"column":0},"end":{"line":1,"column":49}},"1":{"start":{"line":21,"column":4},"end":{"line":27,"column":5}},"2":{"start":{"line":22,"column":6},"end":{"line":26,"column":8}},"3":{"start":{"line":28,"column":4},"end":{"line":34,"column":5}},"4":{"start":{"line":29,"column":6},"end":{"line":33,"column":8}},"5":{"start":{"line":35,"column":4},"end":{"line":35,"column":52}},"6":{"start":{"line":36,"column":4},"end":{"line":36,"column":62}},"7":{"start":{"line":37,"column":4},"end":{"line":37,"column":45}},"8":{"start":{"line":38,"column":4},"end":{"line":38,"column":41}},"9":{"start":{"line":39,"column":4},"end":{"line":39,"column":43}},"10":{"start":{"line":40,"column":4},"end":{"line":40,"column":33}},"11":{"start":{"line":12,"column":0},"end":{"line":12,"column":13}}},"fnMap":{"0":{"name":"(anonymous_0)","decl":{"start":{"line":20,"column":2},"end":{"line":20,"column":14}},"loc":{"start":{"line":20,"column":39},"end":{"line":41,"column":3}}}},"branchMap":{"0":{"loc":{"start":{"line":21,"column":4},"end":{"line":27,"column":5}},"type":"if","locations":[{"start":{"line":21,"column":4},"end":{"line":27,"column":5}}]},"1":{"loc":{"start":{"line":28,"column":4},"end":{"line":34,"column":5}},"type":"if","locations":[{"start":{"line":28,"column":4},"end":{"line":34,"column":5}}]}},"s":{"0":11,"1":46,"2":2,"3":44,"4":2,"5":42,"6":42,"7":42,"8":42,"9":42,"10":42,"11":11},"f":{"0":46},"b":{"0":[2],"1":[2]}}
,"C:\\Users\\Anandu\\Documents\\workspace\\training\\travel-portal\\pgt\\inventory-service\\src\\domain\\value-objects\\passenger-details.value-object.ts": {"path":"C:\\Users\\Anandu\\Documents\\workspace\\training\\travel-portal\\pgt\\inventory-service\\src\\domain\\value-objects\\passenger-details.value-object.ts","statementMap":{"0":{"start":{"line":1,"column":0},"end":{"line":1,"column":49}},"1":{"start":{"line":19,"column":4},"end":{"line":21,"column":5}},"2":{"start":{"line":20,"column":6},"end":{"line":20,"column":99}},"3":{"start":{"line":22,"column":4},"end":{"line":24,"column":5}},"4":{"start":{"line":23,"column":6},"end":{"line":23,"column":97}},"5":{"start":{"line":25,"column":4},"end":{"line":27,"column":5}},"6":{"start":{"line":26,"column":6},"end":{"line":26,"column":96}},"7":{"start":{"line":28,"column":4},"end":{"line":28,"column":48}},"8":{"start":{"line":29,"column":4},"end":{"line":29,"column":44}},"9":{"start":{"line":30,"column":4},"end":{"line":30,"column":42}},"10":{"start":{"line":31,"column":4},"end":{"line":31,"column":41}},"11":{"start":{"line":32,"column":4},"end":{"line":32,"column":47}},"12":{"start":{"line":11,"column":0},"end":{"line":11,"column":13}}},"fnMap":{"0":{"name":"(anonymous_0)","decl":{"start":{"line":18,"column":2},"end":{"line":18,"column":14}},"loc":{"start":{"line":18,"column":42},"end":{"line":33,"column":3}}}},"branchMap":{"0":{"loc":{"start":{"line":19,"column":4},"end":{"line":21,"column":5}},"type":"if","locations":[{"start":{"line":19,"column":4},"end":{"line":21,"column":5}}]},"1":{"loc":{"start":{"line":22,"column":4},"end":{"line":24,"column":5}},"type":"if","locations":[{"start":{"line":22,"column":4},"end":{"line":24,"column":5}}]},"2":{"loc":{"start":{"line":25,"column":4},"end":{"line":27,"column":5}},"type":"if","locations":[{"start":{"line":25,"column":4},"end":{"line":27,"column":5}}]}},"s":{"0":11,"1":46,"2":1,"3":45,"4":1,"5":44,"6":1,"7":43,"8":43,"9":43,"10":43,"11":43,"12":11},"f":{"0":46},"b":{"0":[1],"1":[1],"2":[1]}}
,"C:\\Users\\Anandu\\Documents\\workspace\\training\\travel-portal\\pgt\\inventory-service\\src\\domain\\value-objects\\reservation-status.value-object.ts": {"path":"C:\\Users\\Anandu\\Documents\\workspace\\training\\travel-portal\\pgt\\inventory-service\\src\\domain\\value-objects\\reservation-status.value-object.ts","statementMap":{"0":{"start":{"line":7,"column":4},"end":{"line":7,"column":23}},"1":{"start":{"line":16,"column":4},"end":{"line":16,"column":38}},"2":{"start":{"line":20,"column":4},"end":{"line":20,"column":22}},"3":{"start":{"line":3,"column":0},"end":{"line":3,"column":13}},"4":{"start":{"line":10,"column":9},"end":{"line":10,"column":52}},"5":{"start":{"line":11,"column":9},"end":{"line":11,"column":56}},"6":{"start":{"line":12,"column":9},"end":{"line":12,"column":56}},"7":{"start":{"line":13,"column":9},"end":{"line":13,"column":52}}},"fnMap":{"0":{"name":"(anonymous_0)","decl":{"start":{"line":6,"column":2},"end":{"line":6,"column":14}},"loc":{"start":{"line":6,"column":43},"end":{"line":8,"column":3}}},"1":{"name":"(anonymous_1)","decl":{"start":{"line":15,"column":2},"end":{"line":15,"column":8}},"loc":{"start":{"line":15,"column":33},"end":{"line":17,"column":3}}},"2":{"name":"(anonymous_2)","decl":{"start":{"line":19,"column":2},"end":{"line":19,"column":10}},"loc":{"start":{"line":19,"column":10},"end":{"line":21,"column":3}}}},"branchMap":{},"s":{"0":111,"1":2,"2":2,"3":11,"4":11,"5":11,"6":11,"7":11},"f":{"0":111,"1":2,"2":2},"b":{}}
,"C:\\Users\\Anandu\\Documents\\workspace\\training\\travel-portal\\pgt\\inventory-service\\src\\infrastructure\\amadeus\\amadeus-http.client.ts": {"path":"C:\\Users\\Anandu\\Documents\\workspace\\training\\travel-portal\\pgt\\inventory-service\\src\\infrastructure\\amadeus\\amadeus-http.client.ts","statementMap":{"0":{"start":{"line":1,"column":0},"end":{"line":1,"column":52}},"1":{"start":{"line":2,"column":0},"end":{"line":2,"column":57}},"2":{"start":{"line":3,"column":0},"end":{"line":3,"column":37}},"3":{"start":{"line":4,"column":0},"end":{"line":4,"column":62}},"4":{"start":{"line":5,"column":0},"end":{"line":5,"column":100}},"5":{"start":{"line":6,"column":0},"end":{"line":6,"column":95}},"6":{"start":{"line":7,"column":0},"end":{"line":7,"column":49}},"7":{"start":{"line":8,"column":0},"end":{"line":8,"column":47}},"8":{"start":{"line":10,"column":28},"end":{"line":10,"column":62}},"9":{"start":{"line":11,"column":24},"end":{"line":11,"column":58}},"10":{"start":{"line":13,"column":21},"end":{"line":13,"column":22}},"11":{"start":{"line":14,"column":22},"end":{"line":14,"column":25}},"12":{"start":{"line":15,"column":21},"end":{"line":15,"column":26}},"13":{"start":{"line":18,"column":2},"end":{"line":18,"column":59}},"14":{"start":{"line":18,"column":30},"end":{"line":18,"column":55}},"15":{"start":{"line":22,"column":14},"end":{"line":22,"column":54}},"16":{"start":{"line":23,"column":17},"end":{"line":23,"column":44}},"17":{"start":{"line":24,"column":17},"end":{"line":24,"column":55}},"18":{"start":{"line":25,"column":2},"end":{"line":25,"column":38}},"19":{"start":{"line":29,"column":30},"end":{"line":147,"column":null}},"20":{"start":{"line":36,"column":21},"end":{"line":36,"column":35}},"21":{"start":{"line":37,"column":21},"end":{"line":37,"column":29}},"22":{"start":{"line":30,"column":19},"end":{"line":30,"column":63}},"23":{"start":{"line":39,"column":20},"end":{"line":39,"column":97}},"24":{"start":{"line":41,"column":4},"end":{"line":44,"column":7}},"25":{"start":{"line":47,"column":4},"end":{"line":52,"column":7}},"26":{"start":{"line":48,"column":20},"end":{"line":48,"column":54}},"27":{"start":{"line":49,"column":6},"end":{"line":49,"column":38}},"28":{"start":{"line":50,"column":6},"end":{"line":50,"column":55}},"29":{"start":{"line":51,"column":6},"end":{"line":51,"column":17}},"30":{"start":{"line":55,"column":4},"end":{"line":69,"column":6}},"31":{"start":{"line":56,"column":15},"end":{"line":56,"column":18}},"32":{"start":{"line":58,"column":23},"end":{"line":58,"column":43}},"33":{"start":{"line":59,"column":8},"end":{"line":61,"column":9}},"34":{"start":{"line":60,"column":10},"end":{"line":60,"column":85}},"35":{"start":{"line":63,"column":25},"end":{"line":63,"column":71}},"36":{"start":{"line":64,"column":8},"end":{"line":66,"column":9}},"37":{"start":{"line":65,"column":10},"end":{"line":65,"column":42}},"38":{"start":{"line":67,"column":8},"end":{"line":67,"column":23}},"39":{"start":{"line":73,"column":4},"end":{"line":81,"column":6}},"40":{"start":{"line":74,"column":38},"end":{"line":74,"column":57}},"41":{"start":{"line":83,"column":4},"end":{"line":83,"column":76}},"42":{"start":{"line":83,"column":34},"end":{"line":83,"column":74}},"43":{"start":{"line":84,"column":4},"end":{"line":84,"column":85}},"44":{"start":{"line":84,"column":38},"end":{"line":84,"column":83}},"45":{"start":{"line":85,"column":4},"end":{"line":85,"column":78}},"46":{"start":{"line":85,"column":35},"end":{"line":85,"column":76}},"47":{"start":{"line":90,"column":4},"end":{"line":113,"column":5}},"48":{"start":{"line":90,"column":23},"end":{"line":90,"column":24}},"49":{"start":{"line":91,"column":6},"end":{"line":112,"column":7}},"50":{"start":{"line":92,"column":8},"end":{"line":92,"column":26}},"51":{"start":{"line":95,"column":8},"end":{"line":95,"column":63}},"52":{"start":{"line":95,"column":53},"end":{"line":95,"column":63}},"53":{"start":{"line":96,"column":8},"end":{"line":96,"column":54}},"54":{"start":{"line":96,"column":44},"end":{"line":96,"column":54}},"55":{"start":{"line":98,"column":24},"end":{"line":98,"column":85}},"56":{"start":{"line":99,"column":8},"end":{"line":101,"column":9}},"57":{"start":{"line":100,"column":10},"end":{"line":100,"column":20}},"58":{"start":{"line":103,"column":8},"end":{"line":106,"column":9}},"59":{"start":{"line":104,"column":10},"end":{"line":104,"column":26}},"60":{"start":{"line":105,"column":10},"end":{"line":105,"column":16}},"61":{"start":{"line":108,"column":22},"end":{"line":108,"column":46}},"62":{"start":{"line":109,"column":8},"end":{"line":109,"column":91}},"63":{"start":{"line":110,"column":8},"end":{"line":110,"column":27}},"64":{"start":{"line":111,"column":8},"end":{"line":111,"column":24}},"65":{"start":{"line":114,"column":4},"end":{"line":114,"column":20}},"66":{"start":{"line":118,"column":4},"end":{"line":127,"column":5}},"67":{"start":{"line":119,"column":6},"end":{"line":119,"column":83}},"68":{"start":{"line":123,"column":6},"end":{"line":125,"column":7}},"69":{"start":{"line":124,"column":8},"end":{"line":124,"column":73}},"70":{"start":{"line":126,"column":6},"end":{"line":126,"column":16}},"71":{"start":{"line":131,"column":4},"end":{"line":133,"column":6}},"72":{"start":{"line":132,"column":6},"end":{"line":132,"column":90}},"73":{"start":{"line":132,"column":83},"end":{"line":132,"column":89}},"74":{"start":{"line":137,"column":4},"end":{"line":139,"column":6}},"75":{"start":{"line":138,"column":6},"end":{"line":138,"column":84}},"76":{"start":{"line":138,"column":77},"end":{"line":138,"column":83}},"77":{"start":{"line":143,"column":4},"end":{"line":145,"column":6}},"78":{"start":{"line":144,"column":6},"end":{"line":144,"column":93}},"79":{"start":{"line":144,"column":83},"end":{"line":144,"column":92}},"80":{"start":{"line":29,"column":13},"end":{"line":29,"column":30}},"81":{"start":{"line":29,"column":13},"end":{"line":147,"column":null}}},"fnMap":{"0":{"name":"sleep","decl":{"start":{"line":17,"column":9},"end":{"line":17,"column":14}},"loc":{"start":{"line":17,"column":25},"end":{"line":19,"column":1}}},"1":{"name":"(anonymous_4)","decl":{"start":{"line":18,"column":21},"end":{"line":18,"column":22}},"loc":{"start":{"line":18,"column":27},"end":{"line":18,"column":57}}},"2":{"name":"jitteredBackoff","decl":{"start":{"line":21,"column":9},"end":{"line":21,"column":24}},"loc":{"start":{"line":21,"column":40},"end":{"line":26,"column":1}}},"3":{"name":"(anonymous_6)","decl":{"start":{"line":35,"column":2},"end":{"line":35,"column":null}},"loc":{"start":{"line":37,"column":42},"end":{"line":86,"column":3}}},"4":{"name":"(anonymous_7)","decl":{"start":{"line":47,"column":48},"end":{"line":47,"column":53}},"loc":{"start":{"line":47,"column":62},"end":{"line":52,"column":5}}},"5":{"name":"(anonymous_8)","decl":{"start":{"line":56,"column":6},"end":{"line":56,"column":7}},"loc":{"start":{"line":56,"column":15},"end":{"line":56,"column":18}}},"6":{"name":"(anonymous_9)","decl":{"start":{"line":57,"column":6},"end":{"line":57,"column":7}},"loc":{"start":{"line":57,"column":26},"end":{"line":68,"column":7}}},"7":{"name":"(anonymous_10)","decl":{"start":{"line":74,"column":6},"end":{"line":74,"column":7}},"loc":{"start":{"line":74,"column":38},"end":{"line":74,"column":57}}},"8":{"name":"(anonymous_11)","decl":{"start":{"line":83,"column":28},"end":{"line":83,"column":31}},"loc":{"start":{"line":83,"column":34},"end":{"line":83,"column":74}}},"9":{"name":"(anonymous_12)","decl":{"start":{"line":84,"column":32},"end":{"line":84,"column":35}},"loc":{"start":{"line":84,"column":38},"end":{"line":84,"column":83}}},"10":{"name":"(anonymous_13)","decl":{"start":{"line":85,"column":29},"end":{"line":85,"column":32}},"loc":{"start":{"line":85,"column":35},"end":{"line":85,"column":76}}},"11":{"name":"(anonymous_14)","decl":{"start":{"line":88,"column":10},"end":{"line":88,"column":15}},"loc":{"start":{"line":88,"column":50},"end":{"line":115,"column":3}}},"12":{"name":"(anonymous_15)","decl":{"start":{"line":117,"column":10},"end":{"line":117,"column":15}},"loc":{"start":{"line":117,"column":48},"end":{"line":128,"column":3}}},"13":{"name":"(anonymous_16)","decl":{"start":{"line":130,"column":2},"end":{"line":130,"column":7}},"loc":{"start":{"line":130,"column":53},"end":{"line":134,"column":3}}},"14":{"name":"(anonymous_17)","decl":{"start":{"line":131,"column":25},"end":{"line":131,"column":28}},"loc":{"start":{"line":132,"column":6},"end":{"line":132,"column":90}}},"15":{"name":"(anonymous_18)","decl":{"start":{"line":132,"column":76},"end":{"line":132,"column":77}},"loc":{"start":{"line":132,"column":83},"end":{"line":132,"column":89}}},"16":{"name":"(anonymous_19)","decl":{"start":{"line":136,"column":2},"end":{"line":136,"column":7}},"loc":{"start":{"line":136,"column":49},"end":{"line":140,"column":3}}},"17":{"name":"(anonymous_20)","decl":{"start":{"line":137,"column":25},"end":{"line":137,"column":28}},"loc":{"start":{"line":138,"column":6},"end":{"line":138,"column":84}}},"18":{"name":"(anonymous_21)","decl":{"start":{"line":138,"column":70},"end":{"line":138,"column":71}},"loc":{"start":{"line":138,"column":77},"end":{"line":138,"column":83}}},"19":{"name":"(anonymous_22)","decl":{"start":{"line":142,"column":2},"end":{"line":142,"column":7}},"loc":{"start":{"line":142,"column":35},"end":{"line":146,"column":3}}},"20":{"name":"(anonymous_23)","decl":{"start":{"line":143,"column":24},"end":{"line":143,"column":27}},"loc":{"start":{"line":144,"column":6},"end":{"line":144,"column":93}}},"21":{"name":"(anonymous_24)","decl":{"start":{"line":144,"column":77},"end":{"line":144,"column":80}},"loc":{"start":{"line":144,"column":83},"end":{"line":144,"column":92}}}},"branchMap":{"0":{"loc":{"start":{"line":39,"column":20},"end":{"line":39,"column":97}},"type":"binary-expr","locations":[{"start":{"line":39,"column":20},"end":{"line":39,"column":63}},{"start":{"line":39,"column":67},"end":{"line":39,"column":97}}]},"1":{"loc":{"start":{"line":49,"column":20},"end":{"line":49,"column":37}},"type":"binary-expr","locations":[{"start":{"line":49,"column":20},"end":{"line":49,"column":31}},{"start":{"line":49,"column":35},"end":{"line":49,"column":37}}]},"2":{"loc":{"start":{"line":59,"column":8},"end":{"line":61,"column":9}},"type":"if","locations":[{"start":{"line":59,"column":8},"end":{"line":61,"column":9}}]},"3":{"loc":{"start":{"line":64,"column":8},"end":{"line":66,"column":9}},"type":"if","locations":[{"start":{"line":64,"column":8},"end":{"line":66,"column":9}}]},"4":{"loc":{"start":{"line":95,"column":8},"end":{"line":95,"column":63}},"type":"if","locations":[{"start":{"line":95,"column":8},"end":{"line":95,"column":63}}]},"5":{"loc":{"start":{"line":96,"column":8},"end":{"line":96,"column":54}},"type":"if","locations":[{"start":{"line":96,"column":8},"end":{"line":96,"column":54}}]},"6":{"loc":{"start":{"line":99,"column":8},"end":{"line":101,"column":9}},"type":"if","locations":[{"start":{"line":99,"column":8},"end":{"line":101,"column":9}}]},"7":{"loc":{"start":{"line":99,"column":12},"end":{"line":99,"column":67}},"type":"binary-expr","locations":[{"start":{"line":99,"column":12},"end":{"line":99,"column":32}},{"start":{"line":99,"column":36},"end":{"line":99,"column":67}}]},"8":{"loc":{"start":{"line":103,"column":8},"end":{"line":106,"column":9}},"type":"if","locations":[{"start":{"line":103,"column":8},"end":{"line":106,"column":9}}]},"9":{"loc":{"start":{"line":123,"column":6},"end":{"line":125,"column":7}},"type":"if","locations":[{"start":{"line":123,"column":6},"end":{"line":125,"column":7}}]},"10":{"loc":{"start":{"line":123,"column":10},"end":{"line":123,"column":66}},"type":"binary-expr","locations":[{"start":{"line":123,"column":10},"end":{"line":123,"column":43}},{"start":{"line":123,"column":47},"end":{"line":123,"column":66}}]}},"s":{"0":8,"1":8,"2":8,"3":8,"4":8,"5":8,"6":8,"7":8,"8":8,"9":8,"10":8,"11":8,"12":8,"13":35,"14":35,"15":35,"16":35,"17":35,"18":35,"19":8,"20":10,"21":10,"22":10,"23":10,"24":10,"25":10,"26":54,"27":54,"28":54,"29":54,"30":10,"31":4,"32":50,"33":50,"34":2,"35":48,"36":48,"37":14,"38":48,"39":10,"40":19,"41":10,"42":1,"43":10,"44":0,"45":10,"46":0,"47":19,"48":19,"49":54,"50":54,"51":50,"52":2,"53":48,"54":0,"55":48,"56":48,"57":2,"58":46,"59":11,"60":11,"61":35,"62":35,"63":35,"64":35,"65":11,"66":20,"67":20,"68":16,"69":6,"70":10,"71":16,"72":49,"73":1,"74":2,"75":2,"76":1,"77":2,"78":3,"79":2,"80":8,"81":8},"f":{"0":35,"1":35,"2":35,"3":10,"4":54,"5":4,"6":50,"7":19,"8":1,"9":0,"10":0,"11":19,"12":20,"13":16,"14":49,"15":1,"16":2,"17":2,"18":1,"19":2,"20":3,"21":2},"b":{"0":[10,0],"1":[54,0],"2":[2],"3":[14],"4":[2],"5":[0],"6":[2],"7":[48,14],"8":[11],"9":[6],"10":[16,14]}}
,"C:\\Users\\Anandu\\Documents\\workspace\\training\\travel-portal\\pgt\\inventory-service\\src\\infrastructure\\amadeus\\amadeus-token.service.ts": {"path":"C:\\Users\\Anandu\\Documents\\workspace\\training\\travel-portal\\pgt\\inventory-service\\src\\infrastructure\\amadeus\\amadeus-token.service.ts","statementMap":{"0":{"start":{"line":1,"column":0},"end":{"line":1,"column":52}},"1":{"start":{"line":2,"column":0},"end":{"line":2,"column":26}},"2":{"start":{"line":3,"column":0},"end":{"line":3,"column":47}},"3":{"start":{"line":11,"column":32},"end":{"line":61,"column":null}},"4":{"start":{"line":16,"column":31},"end":{"line":16,"column":39}},"5":{"start":{"line":12,"column":19},"end":{"line":12,"column":65}},"6":{"start":{"line":13,"column":10},"end":{"line":13,"column":42}},"7":{"start":{"line":14,"column":10},"end":{"line":14,"column":56}},"8":{"start":{"line":19,"column":18},"end":{"line":19,"column":28}},"9":{"start":{"line":20,"column":4},"end":{"line":22,"column":5}},"10":{"start":{"line":21,"column":6},"end":{"line":21,"column":36}},"11":{"start":{"line":25,"column":4},"end":{"line":27,"column":5}},"12":{"start":{"line":26,"column":6},"end":{"line":26,"column":33}},"13":{"start":{"line":29,"column":4},"end":{"line":31,"column":7}},"14":{"start":{"line":30,"column":6},"end":{"line":30,"column":33}},"15":{"start":{"line":33,"column":4},"end":{"line":33,"column":31}},"16":{"start":{"line":37,"column":20},"end":{"line":37,"column":97}},"17":{"start":{"line":38,"column":21},"end":{"line":38,"column":71}},"18":{"start":{"line":39,"column":25},"end":{"line":39,"column":79}},"19":{"start":{"line":41,"column":19},"end":{"line":41,"column":40}},"20":{"start":{"line":42,"column":4},"end":{"line":42,"column":54}},"21":{"start":{"line":43,"column":4},"end":{"line":43,"column":41}},"22":{"start":{"line":44,"column":4},"end":{"line":44,"column":49}},"23":{"start":{"line":46,"column":21},"end":{"line":49,"column":null}},"24":{"start":{"line":52,"column":41},"end":{"line":52,"column":54}},"25":{"start":{"line":53,"column":4},"end":{"line":56,"column":6}},"26":{"start":{"line":58,"column":4},"end":{"line":58,"column":49}},"27":{"start":{"line":59,"column":4},"end":{"line":59,"column":24}},"28":{"start":{"line":11,"column":13},"end":{"line":11,"column":32}},"29":{"start":{"line":11,"column":13},"end":{"line":61,"column":null}}},"fnMap":{"0":{"name":"(anonymous_3)","decl":{"start":{"line":16,"column":2},"end":{"line":16,"column":31}},"loc":{"start":{"line":16,"column":52},"end":{"line":16,"column":56}}},"1":{"name":"(anonymous_4)","decl":{"start":{"line":18,"column":2},"end":{"line":18,"column":7}},"loc":{"start":{"line":18,"column":16},"end":{"line":34,"column":3}}},"2":{"name":"(anonymous_5)","decl":{"start":{"line":29,"column":50},"end":{"line":29,"column":53}},"loc":{"start":{"line":29,"column":55},"end":{"line":31,"column":5}}},"3":{"name":"(anonymous_6)","decl":{"start":{"line":36,"column":10},"end":{"line":36,"column":15}},"loc":{"start":{"line":36,"column":24},"end":{"line":60,"column":3}}}},"branchMap":{"0":{"loc":{"start":{"line":20,"column":4},"end":{"line":22,"column":5}},"type":"if","locations":[{"start":{"line":20,"column":4},"end":{"line":22,"column":5}}]},"1":{"loc":{"start":{"line":20,"column":8},"end":{"line":20,"column":59}},"type":"binary-expr","locations":[{"start":{"line":20,"column":8},"end":{"line":20,"column":18}},{"start":{"line":20,"column":22},"end":{"line":20,"column":59}}]},"2":{"loc":{"start":{"line":25,"column":4},"end":{"line":27,"column":5}},"type":"if","locations":[{"start":{"line":25,"column":4},"end":{"line":27,"column":5}}]},"3":{"loc":{"start":{"line":37,"column":20},"end":{"line":37,"column":97}},"type":"binary-expr","locations":[{"start":{"line":37,"column":20},"end":{"line":37,"column":63}},{"start":{"line":37,"column":67},"end":{"line":37,"column":97}}]},"4":{"loc":{"start":{"line":38,"column":21},"end":{"line":38,"column":71}},"type":"binary-expr","locations":[{"start":{"line":38,"column":21},"end":{"line":38,"column":65}},{"start":{"line":38,"column":69},"end":{"line":38,"column":71}}]},"5":{"loc":{"start":{"line":39,"column":25},"end":{"line":39,"column":79}},"type":"binary-expr","locations":[{"start":{"line":39,"column":25},"end":{"line":39,"column":73}},{"start":{"line":39,"column":77},"end":{"line":39,"column":79}}]}},"s":{"0":9,"1":9,"2":9,"3":9,"4":5,"5":5,"6":5,"7":5,"8":7,"9":7,"10":1,"11":6,"12":1,"13":5,"14":5,"15":5,"16":5,"17":5,"18":5,"19":5,"20":5,"21":5,"22":5,"23":5,"24":5,"25":5,"26":5,"27":5,"28":9,"29":9},"f":{"0":5,"1":7,"2":5,"3":5},"b":{"0":[1],"1":[7,2],"2":[1],"3":[5,1],"4":[5,1],"5":[5,1]}}
[...]
,"C:\\Users\\Anandu\\Documents\\workspace\\training\\travel-portal\\pgt\\inventory-service\\src\\infrastructure\\persistence\\entities\\flight-reservation.typeorm-entity.ts": {"path":"C:\\Users\\Anandu\\Documents\\workspace\\training\\travel-portal\\pgt\\inventory-service\\src\\infrastructure\\persistence\\entities\\flight-reservation.typeorm-entity.ts","statementMap":{"0":{"start":{"line":1,"column":0},"end":{"line":1,"column":null}},"1":{"start":{"line":10,"column":7},"end":{"line":75,"column":null}},"2":{"start":{"line":10,"column":13},"end":{"line":10,"column":43}},"3":{"start":{"line":12,"column":2},"end":{"line":12,"column":null}},"4":{"start":{"line":15,"column":2},"end":{"line":15,"column":null}},"5":{"start":{"line":18,"column":2},"end":{"line":18,"column":null}},"6":{"start":{"line":21,"column":2},"end":{"line":21,"column":null}},"7":{"start":{"line":24,"column":2},"end":{"line":24,"column":null}},"8":{"start":{"line":27,"column":2},"end":{"line":27,"column":null}},"9":{"start":{"line":30,"column":2},"end":{"line":30,"column":null}},"10":{"start":{"line":33,"column":2},"end":{"line":33,"column":null}},"11":{"start":{"line":36,"column":2},"end":{"line":36,"column":null}},"12":{"start":{"line":39,"column":2},"end":{"line":39,"column":null}},"13":{"start":{"line":42,"column":2},"end":{"line":42,"column":null}},"14":{"start":{"line":45,"column":2},"end":{"line":45,"column":null}},"15":{"start":{"line":48,"column":2},"end":{"line":48,"column":null}},"16":{"start":{"line":51,"column":2},"end":{"line":51,"column":null}},"17":{"start":{"line":54,"column":2},"end":{"line":54,"column":null}},"18":{"start":{"line":62,"column":2},"end":{"line":62,"column":null}},"19":{"start":{"line":65,"column":2},"end":{"line":65,"column":null}},"20":{"start":{"line":68,"column":2},"end":{"line":68,"column":null}},"21":{"start":{"line":71,"column":2},"end":{"line":71,"column":null}},"22":{"start":{"line":74,"column":2},"end":{"line":74,"column":null}},"23":{"start":{"line":10,"column":13},"end":{"line":75,"column":null}}},"fnMap":{},"branchMap":{},"s":{"0":4,"1":4,"2":4,"3":4,"4":4,"5":4,"6":4,"7":4,"8":4,"9":4,"10":4,"11":4,"12":4,"13":4,"14":4,"15":4,"16":4,"17":4,"18":4,"19":4,"20":4,"21":4,"22":4,"23":4},"f":{},"b":{}}
,"C:\\Users\\Anandu\\Documents\\workspace\\training\\travel-portal\\pgt\\inventory-service\\src\\presentation\\controllers\\flights.controller.ts": {"path":"C:\\Users\\Anandu\\Documents\\workspace\\training\\travel-portal\\pgt\\inventory-service\\src\\presentation\\controllers\\flights.controller.ts","statementMap":{"0":{"start":{"line":1,"column":0},"end":{"line":1,"column":null}},"1":{"start":{"line":7,"column":0},"end":{"line":7,"column":41}},"2":{"start":{"line":8,"column":0},"end":{"line":8,"column":106}},"3":{"start":{"line":9,"column":0},"end":{"line":9,"column":76}},"4":{"start":{"line":10,"column":0},"end":{"line":10,"column":51}},"5":{"start":{"line":11,"column":0},"end":{"line":11,"column":54}},"6":{"start":{"line":15,"column":7},"end":{"line":30,"column":null}},"7":{"start":{"line":16,"column":31},"end":{"line":16,"column":53}},"8":{"start":{"line":21,"column":4},"end":{"line":28,"column":7}},"9":{"start":{"line":15,"column":13},"end":{"line":15,"column":30}},"10":{"start":{"line":20,"column":8},"end":{"line":29,"column":null}},"11":{"start":{"line":15,"column":13},"end":{"line":30,"column":null}}},"fnMap":{"0":{"name":"(anonymous_4)","decl":{"start":{"line":16,"column":2},"end":{"line":16,"column":31}},"loc":{"start":{"line":16,"column":73},"end":{"line":16,"column":77}}},"1":{"name":"(anonymous_5)","decl":{"start":{"line":20,"column":2},"end":{"line":20,"column":7}},"loc":{"start":{"line":20,"column":52},"end":{"line":29,"column":3}}}},"branchMap":{"0":{"loc":{"start":{"line":25,"column":10},"end":{"line":25,"column":72}},"type":"binary-expr","locations":[{"start":{"line":25,"column":10},"end":{"line":25,"column":38}},{"start":{"line":25,"column":42},"end":{"line":25,"column":72}}]},"1":{"loc":{"start":{"line":27,"column":10},"end":{"line":27,"column":72}},"type":"binary-expr","locations":[{"start":{"line":27,"column":10},"end":{"line":27,"column":38}},{"start":{"line":27,"column":42},"end":{"line":27,"column":72}}]}},"s":{"0":1,"1":1,"2":1,"3":1,"4":1,"5":1,"6":1,"7":1,"8":3,"9":1,"10":1,"11":1},"f":{"0":1,"1":3},"b":{"0":[3,1],"1":[3,1]}}
,"C:\\Users\\Anandu\\Documents\\workspace\\training\\travel-portal\\pgt\\inventory-service\\src\\presentation\\controllers\\health.controller.ts": {"path":"C:\\Users\\Anandu\\Documents\\workspace\\training\\travel-portal\\pgt\\inventory-service\\src\\presentation\\controllers\\health.controller.ts","statementMap":{"0":{"start":{"line":1,"column":0},"end":{"line":1,"column":49}},"1":{"start":{"line":4,"column":7},"end":{"line":9,"column":null}},"2":{"start":{"line":7,"column":4},"end":{"line":7,"column":58}},"3":{"start":{"line":4,"column":13},"end":{"line":4,"column":29}},"4":{"start":{"line":6,"column":2},"end":{"line":8,"column":null}},"5":{"start":{"line":4,"column":13},"end":{"line":9,"column":null}}},"fnMap":{"0":{"name":"(anonymous_2)","decl":{"start":{"line":6,"column":2},"end":{"line":6,"column":8}},"loc":{"start":{"line":6,"column":8},"end":{"line":8,"column":3}}}},"branchMap":{},"s":{"0":1,"1":1,"2":1,"3":1,"4":1,"5":1},"f":{"0":1},"b":{}}
,"C:\\Users\\Anandu\\Documents\\workspace\\training\\travel-portal\\pgt\\inventory-service\\src\\presentation\\controllers\\metrics.controller.ts": {"path":"C:\\Users\\Anandu\\Documents\\workspace\\training\\travel-portal\\pgt\\inventory-service\\src\\presentation\\controllers\\metrics.controller.ts","statementMap":{"0":{"start":{"line":1,"column":0},"end":{"line":1,"column":57}},"1":{"start":{"line":2,"column":0},"end":{"line":2,"column":84}},"2":{"start":{"line":5,"column":7},"end":{"line":13,"column":null}},"3":{"start":{"line":6,"column":31},"end":{"line":6,"column":47}},"4":{"start":{"line":11,"column":4},"end":{"line":11,"column":44}},"5":{"start":{"line":5,"column":13},"end":{"line":5,"column":30}},"6":{"start":{"line":10,"column":8},"end":{"line":12,"column":null}},"7":{"start":{"line":5,"column":13},"end":{"line":13,"column":null}}},"fnMap":{"0":{"name":"(anonymous_2)","decl":{"start":{"line":6,"column":2},"end":{"line":6,"column":31}},"loc":{"start":{"line":6,"column":61},"end":{"line":6,"column":65}}},"1":{"name":"(anonymous_3)","decl":{"start":{"line":10,"column":2},"end":{"line":10,"column":7}},"loc":{"start":{"line":10,"column":15},"end":{"line":12,"column":3}}}},"branchMap":{},"s":{"0":1,"1":1,"2":1,"3":1,"4":1,"5":1,"6":1,"7":1},"f":{"0":1,"1":1},"b":{}}
,"C:\\Users\\Anandu\\Documents\\workspace\\training\\travel-portal\\pgt\\inventory-service\\src\\presentation\\controllers\\reservations.controller.ts": {"path":"C:\\Users\\Anandu\\Documents\\workspace\\training\\travel-portal\\pgt\\inventory-service\\src\\presentation\\controllers\\reservations.controller.ts","statementMap":{"0":{"start":{"line":1,"column":0},"end":{"line":1,"column":null}},"1":{"start":{"line":14,"column":0},"end":{"line":14,"column":41}},"2":{"start":{"line":15,"column":0},"end":{"line":15,"column":45}},"3":{"start":{"line":16,"column":0},"end":{"line":16,"column":118}},"4":{"start":{"line":17,"column":0},"end":{"line":17,"column":109}},"5":{"start":{"line":18,"column":0},"end":{"line":18,"column":118}},"6":{"start":{"line":19,"column":0},"end":{"line":19,"column":84}},"7":{"start":{"line":20,"column":0},"end":{"line":20,"column":51}},"8":{"start":{"line":21,"column":0},"end":{"line":21,"column":54}},"9":{"start":{"line":25,"column":7},"end":{"line":77,"column":null}},"10":{"start":{"line":27,"column":21},"end":{"line":27,"column":47}},"11":{"start":{"line":28,"column":21},"end":{"line":28,"column":44}},"12":{"start":{"line":29,"column":21},"end":{"line":29,"column":47}},"13":{"start":{"line":39,"column":4},"end":{"line":41,"column":5}},"14":{"start":{"line":40,"column":6},"end":{"line":40,"column":99}},"15":{"start":{"line":43,"column":19},"end":{"line":51,"column":6}},"16":{"start":{"line":53,"column":4},"end":{"line":56,"column":6}},"17":{"start":{"line":62,"column":4},"end":{"line":62,"column":65}},"18":{"start":{"line":72,"column":4},"end":{"line":75,"column":7}},"19":{"start":{"line":25,"column":13},"end":{"line":25,"column":35}},"20":{"start":{"line":34,"column":8},"end":{"line":57,"column":null}},"21":{"start":{"line":61,"column":8},"end":{"line":63,"column":null}},"22":{"start":{"line":68,"column":8},"end":{"line":76,"column":null}},"23":{"start":{"line":25,"column":13},"end":{"line":77,"column":null}}},"fnMap":{"0":{"name":"(anonymous_4)","decl":{"start":{"line":26,"column":2},"end":{"line":26,"column":null}},"loc":{"start":{"line":29,"column":71},"end":{"line":30,"column":6}}},"1":{"name":"(anonymous_5)","decl":{"start":{"line":34,"column":2},"end":{"line":34,"column":7}},"loc":{"start":{"line":37,"column":44},"end":{"line":57,"column":3}}},"2":{"name":"(anonymous_6)","decl":{"start":{"line":61,"column":2},"end":{"line":61,"column":7}},"loc":{"start":{"line":61,"column":60},"end":{"line":63,"column":3}}},"3":{"name":"(anonymous_7)","decl":{"start":{"line":68,"column":2},"end":{"line":68,"column":7}},"loc":{"start":{"line":70,"column":66},"end":{"line":76,"column":3}}}},"branchMap":{"0":{"loc":{"start":{"line":39,"column":4},"end":{"line":41,"column":5}},"type":"if","locations":[{"start":{"line":39,"column":4},"end":{"line":41,"column":5}}]},"1":{"loc":{"start":{"line":39,"column":8},"end":{"line":39,"column":55}},"type":"binary-expr","locations":[{"start":{"line":39,"column":8},"end":{"line":39,"column":23}},{"start":{"line":39,"column":27},"end":{"line":39,"column":55}}]},"2":{"loc":{"start":{"line":50,"column":10},"end":{"line":50,"column":58}},"type":"binary-expr","locations":[{"start":{"line":50,"column":10},"end":{"line":50,"column":37}},{"start":{"line":50,"column":41},"end":{"line":50,"column":58}}]},"3":{"loc":{"start":{"line":55,"column":18},"end":{"line":55,"column":67}},"type":"cond-expr","locations":[{"start":{"line":55,"column":33},"end":{"line":55,"column":51}},{"start":{"line":55,"column":54},"end":{"line":55,"column":67}}]},"4":{"loc":{"start":{"line":74,"column":10},"end":{"line":74,"column":58}},"type":"binary-expr","locations":[{"start":{"line":74,"column":10},"end":{"line":74,"column":37}},{"start":{"line":74,"column":41},"end":{"line":74,"column":58}}]}},"s":{"0":1,"1":1,"2":1,"3":1,"4":1,"5":1,"6":1,"7":1,"8":1,"9":1,"10":1,"11":1,"12":1,"13":6,"14":2,"15":4,"16":4,"17":1,"18":3,"19":1,"20":1,"21":1,"22":1,"23":1},"f":{"0":1,"1":6,"2":1,"3":3},"b":{"0":[2],"1":[6,5],"2":[4,1],"3":[3,1],"4":[3,1]}}
,"C:\\Users\\Anandu\\Documents\\workspace\\training\\travel-portal\\pgt\\inventory-service\\src\\presentation\\decorators\\roles.decorator.ts": {"path":"C:\\Users\\Anandu\\Documents\\workspace\\training\\travel-portal\\pgt\\inventory-service\\src\\presentation\\decorators\\roles.decorator.ts","statementMap":{"0":{"start":{"line":1,"column":0},"end":{"line":1,"column":45}},"1":{"start":{"line":3,"column":13},"end":{"line":3,"column":33}},"2":{"start":{"line":4,"column":21},"end":{"line":5,"column":31}},"3":{"start":{"line":5,"column":2},"end":{"line":5,"column":31}},"4":{"start":{"line":4,"column":13},"end":{"line":4,"column":21}}},"fnMap":{"0":{"name":"(anonymous_0)","decl":{"start":{"line":4,"column":21},"end":{"line":4,"column":22}},"loc":{"start":{"line":5,"column":2},"end":{"line":5,"column":31}}}},"branchMap":{},"s":{"0":3,"1":3,"2":3,"3":4,"4":3},"f":{"0":4},"b":{}}
,"C:\\Users\\Anandu\\Documents\\workspace\\training\\travel-portal\\pgt\\inventory-service\\src\\presentation\\dto\\create-reservation-request.dto.ts": {"path":"C:\\Users\\Anandu\\Documents\\workspace\\training\\travel-portal\\pgt\\inventory-service\\src\\presentation\\dto\\create-reservation-request.dto.ts","statementMap":{"0":{"start":{"line":1,"column":0},"end":{"line":1,"column":57}},"1":{"start":{"line":3,"column":0},"end":{"line":3,"column":13}},"2":{"start":{"line":5,"column":2},"end":{"line":5,"column":null}},"3":{"start":{"line":8,"column":2},"end":{"line":8,"column":null}},"4":{"start":{"line":11,"column":2},"end":{"line":11,"column":null}}},"fnMap":{},"branchMap":{},"s":{"0":1,"1":1,"2":1,"3":1,"4":1},"f":{},"b":{}}
,"C:\\Users\\Anandu\\Documents\\workspace\\training\\travel-portal\\pgt\\inventory-service\\src\\presentation\\dto\\search-flights-request.dto.ts": {"path":"C:\\Users\\Anandu\\Documents\\workspace\\training\\travel-portal\\pgt\\inventory-service\\src\\presentation\\dto\\search-flights-request.dto.ts","statementMap":{"0":{"start":{"line":1,"column":0},"end":{"line":1,"column":100}},"1":{"start":{"line":2,"column":0},"end":{"line":2,"column":41}},"2":{"start":{"line":4,"column":0},"end":{"line":4,"column":13}},"3":{"start":{"line":7,"column":2},"end":{"line":7,"column":null}},"4":{"start":{"line":11,"column":2},"end":{"line":11,"column":null}},"5":{"start":{"line":14,"column":2},"end":{"line":14,"column":null}},"6":{"start":{"line":18,"column":2},"end":{"line":18,"column":null}},"7":{"start":{"line":24,"column":2},"end":{"line":24,"column":null}},"8":{"start":{"line":20,"column":14},"end":{"line":20,"column":20}},"9":{"start":{"line":28,"column":2},"end":{"line":28,"column":null}}},"fnMap":{"0":{"name":"(anonymous_2)","decl":{"start":{"line":20,"column":8},"end":{"line":20,"column":11}},"loc":{"start":{"line":20,"column":14},"end":{"line":20,"column":20}}}},"branchMap":{},"s":{"0":1,"1":1,"2":1,"3":1,"4":1,"5":1,"6":1,"7":1,"8":4,"9":1},"f":{"0":4},"b":{}}
,"C:\\Users\\Anandu\\Documents\\workspace\\training\\travel-portal\\pgt\\inventory-service\\src\\presentation\\filters\\domain-exception.filter.ts": {"path":"C:\\Users\\Anandu\\Documents\\workspace\\training\\travel-portal\\pgt\\inventory-service\\src\\presentation\\filters\\domain-exception.filter.ts","statementMap":{"0":{"start":{"line":1,"column":0},"end":{"line":1,"column":null}},"1":{"start":{"line":8,"column":0},"end":{"line":8,"column":49}},"2":{"start":{"line":11,"column":7},"end":{"line":33,"column":null}},"3":{"start":{"line":13,"column":16},"end":{"line":13,"column":35}},"4":{"start":{"line":14,"column":21},"end":{"line":14,"column":48}},"5":{"start":{"line":15,"column":20},"end":{"line":15,"column":45}},"6":{"start":{"line":18,"column":7},"end":{"line":18,"column":71}},"7":{"start":{"line":21,"column":6},"end":{"line":23,"column":42}},"8":{"start":{"line":25,"column":4},"end":{"line":31,"column":7}},"9":{"start":{"line":11,"column":13},"end":{"line":11,"column":34}},"10":{"start":{"line":11,"column":13},"end":{"line":33,"column":null}}},"fnMap":{"0":{"name":"(anonymous_1)","decl":{"start":{"line":12,"column":2},"end":{"line":12,"column":7}},"loc":{"start":{"line":12,"column":55},"end":{"line":32,"column":3}}}},"branchMap":{"0":{"loc":{"start":{"line":18,"column":7},"end":{"line":18,"column":71}},"type":"binary-expr","locations":[{"start":{"line":18,"column":7},"end":{"line":18,"column":65}},{"start":{"line":18,"column":69},"end":{"line":18,"column":71}}]},"1":{"loc":{"start":{"line":21,"column":6},"end":{"line":23,"column":42}},"type":"cond-expr","locations":[{"start":{"line":22,"column":10},"end":{"line":22,"column":30}},{"start":{"line":23,"column":10},"end":{"line":23,"column":42}}]}},"s":{"0":2,"1":2,"2":2,"3":4,"4":4,"5":4,"6":4,"7":4,"8":4,"9":2,"10":2},"f":{"0":4},"b":{"0":[4,3],"1":[3,1]}}
,"C:\\Users\\Anandu\\Documents\\workspace\\training\\travel-portal\\pgt\\inventory-service\\src\\presentation\\guards\\roles.guard.ts": {"path":"C:\\Users\\Anandu\\Documents\\workspace\\training\\travel-portal\\pgt\\inventory-service\\src\\presentation\\guards\\roles.guard.ts","statementMap":{"0":{"start":{"line":1,"column":0},"end":{"line":1,"column":95}},"1":{"start":{"line":2,"column":0},"end":{"line":2,"column":41}},"2":{"start":{"line":3,"column":0},"end":{"line":3,"column":58}},"3":{"start":{"line":9,"column":7},"end":{"line":30,"column":null}},"4":{"start":{"line":10,"column":31},"end":{"line":10,"column":42}},"5":{"start":{"line":13,"column":26},"end":{"line":15,"column":null}},"6":{"start":{"line":17,"column":4},"end":{"line":17,"column":66}},"7":{"start":{"line":17,"column":54},"end":{"line":17,"column":66}},"8":{"start":{"line":19,"column":20},"end":{"line":19,"column":104}},"9":{"start":{"line":20,"column":17},"end":{"line":20,"column":47}},"10":{"start":{"line":21,"column":4},"end":{"line":23,"column":5}},"11":{"start":{"line":22,"column":6},"end":{"line":22,"column":65}},"12":{"start":{"line":25,"column":4},"end":{"line":27,"column":5}},"13":{"start":{"line":26,"column":6},"end":{"line":26,"column":69}},"14":{"start":{"line":28,"column":4},"end":{"line":28,"column":16}},"15":{"start":{"line":9,"column":13},"end":{"line":9,"column":23}},"16":{"start":{"line":9,"column":13},"end":{"line":30,"column":null}}},"fnMap":{"0":{"name":"(anonymous_2)","decl":{"start":{"line":10,"column":2},"end":{"line":10,"column":31}},"loc":{"start":{"line":10,"column":51},"end":{"line":10,"column":55}}},"1":{"name":"(anonymous_3)","decl":{"start":{"line":12,"column":2},"end":{"line":12,"column":13}},"loc":{"start":{"line":12,"column":39},"end":{"line":29,"column":3}}}},"branchMap":{"0":{"loc":{"start":{"line":17,"column":4},"end":{"line":17,"column":66}},"type":"if","locations":[{"start":{"line":17,"column":4},"end":{"line":17,"column":66}}]},"1":{"loc":{"start":{"line":17,"column":8},"end":{"line":17,"column":52}},"type":"binary-expr","locations":[{"start":{"line":17,"column":8},"end":{"line":17,"column":22}},{"start":{"line":17,"column":26},"end":{"line":17,"column":52}}]},"2":{"loc":{"start":{"line":21,"column":4},"end":{"line":23,"column":5}},"type":"if","locations":[{"start":{"line":21,"column":4},"end":{"line":23,"column":5}}]},"3":{"loc":{"start":{"line":25,"column":4},"end":{"line":27,"column":5}},"type":"if","locations":[{"start":{"line":25,"column":4},"end":{"line":27,"column":5}}]}},"s":{"0":3,"1":3,"2":3,"3":3,"4":5,"5":18,"6":18,"7":1,"8":17,"9":17,"10":17,"11":1,"12":16,"13":1,"14":15,"15":3,"16":3},"f":{"0":5,"1":18},"b":{"0":[1],"1":[18,17],"2":[1],"3":[1]}}
}
