TN:
SF:src\application\mappers\flight-reservation.mapper.ts
FN:12,encrypt
FN:20,decrypt
FN:31,(anonymous_11)
FN:69,(anonymous_12)
FN:100,(anonymous_13)
FNF:5
FNH:5
FNDA:2,encrypt
FNDA:1,decrypt
FNDA:6,(anonymous_11)
FNDA:9,(anonymous_12)
FNDA:2,(anonymous_13)
DA:1,4
DA:2,4
DA:3,4
DA:4,4
DA:5,4
DA:6,4
DA:7,4
DA:9,4
DA:10,4
DA:13,2
DA:14,2
DA:15,2
DA:16,2
DA:17,2
DA:21,1
DA:22,1
DA:23,1
DA:24,1
DA:25,1
DA:26,1
DA:27,1
DA:30,4
DA:32,6
DA:41,6
DA:51,6
DA:65,6
DA:66,6
DA:73,9
DA:74,9
DA:75,9
DA:76,9
DA:77,9
DA:78,9
DA:79,9
DA:80,9
DA:81,9
DA:85,9
DA:86,9
DA:87,9
DA:88,9
DA:89,9
DA:90,9
DA:91,9
DA:92,9
DA:93,9
DA:94,9
DA:95,9
DA:96,9
DA:97,9
DA:104,2
DA:105,2
DA:106,2
LF:52
LH:52
BRDA:45,0,0,6
BRDA:45,0,1,1
BRDA:46,1,0,6
BRDA:46,1,1,1
BRDA:80,2,0,9
BRDA:80,2,1,8
BRDA:82,3,0,2
BRDA:82,3,1,7
BRF:8
BRH:8
end_of_record
TN:
SF:src\application\use-cases\cancel-reservation\cancel-reservation.use-case.ts
FN:10,(anonymous_4)
FN:17,(anonymous_5)
FNF:2
FNH:2
FNDA:3,(anonymous_4)
FNDA:3,(anonymous_5)
DA:1,2
DA:2,2
DA:3,2
DA:4,2
DA:5,2
DA:9,2
DA:12,3
DA:13,3
DA:14,3
DA:18,3
DA:19,3
DA:20,1
DA:24,2
DA:27,1
DA:28,1
DA:31,1
DA:33,1
DA:34,1
DA:35,1
DA:37,1
LF:20
LH:20
BRDA:19,0,0,1
BRDA:27,1,0,1
BRF:2
BRH:2
end_of_record
TN:
SF:src\application\use-cases\create-reservation\create-reservation.use-case.ts
FN:13,toReservationResponse
FN:40,(anonymous_5)
FN:48,(anonymous_6)
FN:120,(anonymous_7)
FN:128,(anonymous_8)
FN:136,(anonymous_9)
FN:144,(anonymous_10)
FN:152,(anonymous_11)
FN:160,(anonymous_12)
FN:170,(anonymous_13)
FNF:10
FNH:10
FNDA:5,toReservationResponse
FNDA:7,(anonymous_5)
FNDA:9,(anonymous_6)
FNDA:5,(anonymous_7)
FNDA:5,(anonymous_8)
FNDA:5,(anonymous_9)
FNDA:5,(anonymous_10)
FNDA:5,(anonymous_11)
FNDA:5,(anonymous_12)
FNDA:5,(anonymous_13)
DA:1,3
DA:2,3
DA:3,3
DA:4,3
DA:5,3
DA:7,3
DA:8,3
DA:9,3
DA:14,5
DA:37,3
DA:38,7
DA:42,7
DA:43,7
DA:44,7
DA:45,7
DA:50,9
DA:51,9
DA:52,2
DA:53,2
DA:57,7
DA:63,5
DA:66,5
DA:67,5
DA:68,5
DA:69,5
DA:70,5
DA:71,5
DA:73,5
DA:82,5
DA:90,5
DA:103,5
DA:106,5
DA:107,5
DA:108,5
DA:110,5
DA:113,5
DA:114,5
DA:116,5
DA:117,5
DA:121,5
DA:122,5
DA:123,5
DA:124,5
DA:125,5
DA:129,5
DA:130,5
DA:131,5
DA:132,5
DA:133,5
DA:137,5
DA:138,5
DA:139,5
DA:140,5
DA:141,5
DA:145,5
DA:146,5
DA:147,5
DA:148,5
DA:149,5
DA:153,5
DA:154,5
DA:155,5
DA:156,5
DA:157,5
DA:161,5
DA:162,5
DA:163,5
DA:164,5
DA:165,5
DA:167,1
DA:171,5
DA:172,5
DA:173,5
DA:174,5
DA:175,5
DA:176,1
LF:76
LH:76
BRDA:51,0,0,2
BRDA:86,1,0,5
BRDA:86,1,1,1
BRDA:87,2,0,5
BRDA:87,2,1,1
BRDA:92,3,0,5
BRDA:92,3,1,5
BRDA:97,4,0,5
BRDA:97,4,1,4
BRDA:98,5,0,5
BRDA:98,5,1,1
BRDA:99,6,0,5
BRDA:99,6,1,1
BRDA:121,7,0,0
BRDA:121,8,0,5
BRDA:121,8,1,5
BRDA:123,9,0,0
BRDA:123,10,0,5
BRDA:123,10,1,5
BRDA:125,11,0,5
BRDA:125,11,1,0
BRDA:129,12,0,0
BRDA:129,13,0,5
BRDA:129,13,1,5
BRDA:131,14,0,0
BRDA:131,15,0,5
BRDA:131,15,1,5
BRDA:133,16,0,5
BRDA:133,16,1,0
BRDA:137,17,0,0
BRDA:137,18,0,5
BRDA:137,18,1,5
BRDA:139,19,0,0
BRDA:139,20,0,5
BRDA:139,20,1,5
BRDA:141,21,0,5
BRDA:141,21,1,0
BRDA:145,22,0,0
BRDA:145,23,0,5
BRDA:145,23,1,5
BRDA:147,24,0,0
BRDA:147,25,0,5
BRDA:147,25,1,5
BRDA:149,26,0,5
BRDA:149,26,1,0
BRDA:153,27,0,0
BRDA:153,28,0,5
BRDA:153,28,1,5
BRDA:155,29,0,0
BRDA:155,30,0,5
BRDA:155,30,1,5
BRDA:157,31,0,5
BRDA:157,31,1,0
BRDA:161,32,0,0
BRDA:161,33,0,5
BRDA:161,33,1,5
BRDA:163,34,0,0
BRDA:163,35,0,5
BRDA:163,35,1,5
BRDA:165,36,0,4
BRDA:171,37,0,0
BRDA:171,38,0,5
BRDA:171,38,1,5
BRDA:173,39,0,0
BRDA:173,40,0,5
BRDA:173,40,1,5
BRDA:175,41,0,4
BRF:67
BRH:48
end_of_record
TN:
SF:src\application\use-cases\get-reservation\get-reservation.use-case.ts
FN:7,toResponse
FN:32,(anonymous_5)
FN:37,(anonymous_6)
FNF:3
FNH:3
FNDA:1,toResponse
FNDA:2,(anonymous_5)
FNDA:2,(anonymous_6)
DA:1,2
DA:2,2
DA:3,2
DA:8,1
DA:31,2
DA:34,2
DA:38,2
DA:39,2
DA:40,1
DA:42,1
LF:10
LH:10
BRDA:39,0,0,1
BRF:1
BRH:1
end_of_record
TN:
SF:src\application\use-cases\search-flights\search-flights.use-case.ts
FN:12,(anonymous_2)
FN:18,(anonymous_3)
FN:33,(anonymous_4)
FN:47,(anonymous_5)
FN:52,(anonymous_6)
FNF:5
FNH:5
FNDA:7,(anonymous_2)
FNDA:8,(anonymous_3)
FNDA:3,(anonymous_4)
FNDA:4,(anonymous_5)
FNDA:5,(anonymous_6)
DA:1,3
DA:2,3
DA:3,3
DA:4,3
DA:9,3
DA:10,7
DA:13,7
DA:14,7
DA:15,7
DA:19,8
DA:28,8
DA:29,8
DA:30,2
DA:31,2
DA:32,2
DA:33,3
DA:38,6
DA:39,6
DA:41,6
DA:42,5
DA:44,5
DA:46,5
DA:47,4
DA:53,5
DA:54,4
DA:55,4
DA:56,3
LF:27
LH:27
BRDA:24,0,0,8
BRDA:24,0,1,1
BRDA:25,1,0,8
BRDA:25,1,1,1
BRDA:29,2,0,2
BRDA:53,3,0,1
BRDA:53,4,0,5
BRDA:53,4,1,4
BRDA:55,5,0,1
BRF:9
BRH:9
end_of_record
TN:
SF:src\config\env.validation.ts
FNF:0
FNH:0
DA:1,1
DA:3,1
LF:2
LH:2
BRF:0
BRH:0
end_of_record
TN:
SF:src\config\inventory.config.ts
FN:6,(anonymous_2)
FN:8,(anonymous_3)
FN:12,(anonymous_4)
FN:16,(anonymous_5)
FN:20,(anonymous_6)
FN:24,(anonymous_7)
FN:28,(anonymous_8)
FN:32,(anonymous_9)
FN:36,(anonymous_10)
FN:40,(anonymous_11)
FNF:10
FNH:10
FNDA:10,(anonymous_2)
FNDA:2,(anonymous_3)
FNDA:2,(anonymous_4)
FNDA:2,(anonymous_5)
FNDA:2,(anonymous_6)
FNDA:2,(anonymous_7)
FNDA:2,(anonymous_8)
FNDA:2,(anonymous_9)
FNDA:2,(anonymous_10)
FNDA:2,(anonymous_11)
DA:1,1
DA:2,1
DA:5,1
DA:6,10
DA:9,2
DA:13,2
DA:17,2
DA:21,2
DA:25,2
DA:29,2
DA:33,2
DA:37,2
DA:41,2
LF:13
LH:13
BRDA:9,0,0,2
BRDA:9,0,1,1
BRDA:13,1,0,2
BRDA:13,1,1,1
BRDA:17,2,0,2
BRDA:17,2,1,1
BRDA:21,3,0,2
BRDA:21,3,1,1
BRDA:25,4,0,2
BRDA:25,4,1,1
BRDA:29,5,0,2
BRDA:29,5,1,1
BRDA:33,6,0,2
BRDA:33,6,1,1
BRDA:37,7,0,2
BRDA:37,7,1,1
BRDA:41,8,0,2
BRDA:41,8,1,1
BRF:18
BRH:18
end_of_record
TN:
SF:src\domain\aggregates\flight-reservation.aggregate.ts
FN:39,(anonymous_0)
FN:83,(anonymous_1)
FN:87,(anonymous_2)
FN:91,(anonymous_3)
FN:95,(anonymous_4)
FN:99,(anonymous_5)
FN:103,(anonymous_6)
FN:107,(anonymous_7)
FN:111,(anonymous_8)
FN:115,(anonymous_9)
FN:119,(anonymous_10)
FN:123,(anonymous_11)
FN:127,(anonymous_12)
FN:138,(anonymous_13)
FN:163,(anonymous_14)
FN:188,(anonymous_15)
FNF:16
FNH:16
FNDA:28,(anonymous_0)
FNDA:1,(anonymous_1)
FNDA:11,(anonymous_2)
FNDA:14,(anonymous_3)
FNDA:95,(anonymous_4)
FNDA:69,(anonymous_5)
FNDA:23,(anonymous_6)
FNDA:15,(anonymous_7)
FNDA:11,(anonymous_8)
FNDA:16,(anonymous_9)
FNDA:16,(anonymous_10)
FNDA:11,(anonymous_11)
FNDA:5,(anonymous_12)
FNDA:6,(anonymous_13)
FNDA:11,(anonymous_14)
FNDA:2,(anonymous_15)
DA:1,10
DA:2,10
DA:5,10
DA:6,10
DA:7,10
DA:8,10
DA:9,10
DA:10,10
DA:38,10
DA:40,28
DA:41,28
DA:42,28
DA:43,28
DA:45,28
DA:59,28
DA:60,28
DA:80,28
DA:84,1
DA:88,11
DA:92,14
DA:96,95
DA:100,69
DA:104,23
DA:108,15
DA:112,11
DA:116,16
DA:120,16
DA:124,11
DA:128,5
DA:129,1
DA:134,4
DA:135,4
DA:139,6
DA:140,3
DA:145,3
DA:146,3
DA:147,3
DA:148,3
DA:164,11
DA:165,2
DA:170,9
DA:171,9
DA:172,9
DA:173,9
DA:189,2
LF:45
LH:45
BRDA:42,0,0,28
BRDA:42,0,1,4
BRDA:48,1,0,28
BRDA:48,1,1,21
BRDA:63,2,0,28
BRDA:63,2,1,2
BRDA:64,3,0,28
BRDA:64,3,1,2
BRDA:128,4,0,1
BRDA:139,5,0,3
BRDA:139,6,0,6
BRDA:139,6,1,4
BRDA:151,7,0,3
BRDA:151,7,1,1
BRDA:152,8,0,3
BRDA:152,8,1,1
BRDA:164,9,0,2
BRDA:176,10,0,9
BRDA:176,10,1,1
BRDA:177,11,0,9
BRDA:177,11,1,1
BRF:21
BRH:21
end_of_record
TN:
SF:src\domain\events\flight-reservation-cancelled.event.ts
FN:17,(anonymous_0)
FN:22,(anonymous_1)
FNF:2
FNH:2
FNDA:3,(anonymous_0)
FNDA:3,(anonymous_1)
DA:1,10
DA:14,10
DA:18,3
DA:19,3
DA:23,3
LF:5
LH:5
BRF:0
BRH:0
end_of_record
TN:
SF:src\domain\events\flight-reservation-expired.event.ts
FN:17,(anonymous_0)
FN:22,(anonymous_1)
FNF:2
FNH:2
FNDA:9,(anonymous_0)
FNDA:9,(anonymous_1)
DA:1,10
DA:14,10
DA:18,9
DA:19,9
DA:23,9
LF:5
LH:5
BRF:0
BRH:0
end_of_record
TN:
SF:src\domain\events\flight-reserved.event.ts
FN:24,(anonymous_0)
FN:29,(anonymous_1)
FNF:2
FNH:2
FNDA:33,(anonymous_0)
FNDA:48,(anonymous_1)
DA:1,11
DA:21,11
DA:25,33
DA:26,33
DA:30,48
LF:5
LH:5
BRF:0
BRH:0
end_of_record
TN:
SF:src\domain\exceptions\amadeus-not-found.exception.ts
FN:4,(anonymous_0)
FNF:1
FNH:1
FNDA:3,(anonymous_0)
DA:1,9
DA:3,9
DA:5,3
LF:3
LH:3
BRDA:4,0,0,1
BRF:1
BRH:1
end_of_record
TN:
SF:src\domain\exceptions\amadeus-unavailable.exception.ts
FN:4,(anonymous_0)
FNF:1
FNH:1
FNDA:7,(anonymous_0)
DA:1,9
DA:3,9
DA:5,7
LF:3
LH:3
BRDA:4,0,0,1
BRF:1
BRH:1
end_of_record
TN:
SF:src\domain\exceptions\invalid-reservation-state.exception.ts
FN:4,(anonymous_0)
FNF:1
FNH:1
FNDA:6,(anonymous_0)
DA:1,10
DA:3,10
DA:5,6
LF:3
LH:3
BRF:0
BRH:0
end_of_record
TN:
SF:src\domain\value-objects\cabin-class.value-object.ts
FN:6,(anonymous_0)
FN:15,(anonymous_1)
FNF:2
FNH:2
FNDA:91,(anonymous_0)
FNDA:2,(anonymous_1)
DA:3,11
DA:7,91
DA:10,11
DA:11,11
DA:12,11
DA:13,11
DA:16,2
LF:7
LH:7
BRF:0
BRH:0
end_of_record
TN:
SF:src\domain\value-objects\flight-reservation-id.value-object.ts
FNF:0
FNH:0
DA:1,10
DA:3,10
LF:2
LH:2
BRF:0
BRH:0
end_of_record
TN:
SF:src\domain\value-objects\flight-segment.value-object.ts
FN:20,(anonymous_0)
FNF:1
FNH:1
FNDA:46,(anonymous_0)
DA:1,11
DA:12,11
DA:21,46
DA:22,2
DA:28,44
DA:29,2
DA:35,42
DA:36,42
DA:37,42
DA:38,42
DA:39,42
DA:40,42
LF:12
LH:12
BRDA:21,0,0,2
BRDA:28,1,0,2
BRF:2
BRH:2
end_of_record
TN:
SF:src\domain\value-objects\passenger-details.value-object.ts
FN:18,(anonymous_0)
FNF:1
FNH:1
FNDA:46,(anonymous_0)
DA:1,11
DA:11,11
DA:19,46
DA:20,1
DA:22,45
DA:23,1
DA:25,44
DA:26,1
DA:28,43
DA:29,43
DA:30,43
DA:31,43
DA:32,43
LF:13
LH:13
BRDA:19,0,0,1
BRDA:22,1,0,1
BRDA:25,2,0,1
BRF:3
BRH:3
end_of_record
TN:
SF:src\domain\value-objects\reservation-status.value-object.ts
FN:6,(anonymous_0)
FN:15,(anonymous_1)
FN:19,(anonymous_2)
FNF:3
FNH:3
FNDA:111,(anonymous_0)
FNDA:2,(anonymous_1)
FNDA:2,(anonymous_2)
DA:3,11
DA:7,111
DA:10,11
DA:11,11
DA:12,11
DA:13,11
DA:16,2
DA:20,2
LF:8
LH:8
BRF:0
BRH:0
end_of_record
TN:
SF:src\infrastructure\amadeus\amadeus-http.client.ts
FN:17,sleep
FN:18,(anonymous_4)
FN:21,jitteredBackoff
FN:35,(anonymous_6)
FN:47,(anonymous_7)
FN:56,(anonymous_8)
FN:57,(anonymous_9)
FN:74,(anonymous_10)
FN:83,(anonymous_11)
FN:84,(anonymous_12)
FN:85,(anonymous_13)
FN:88,(anonymous_14)
FN:117,(anonymous_15)
FN:130,(anonymous_16)
FN:131,(anonymous_17)
FN:132,(anonymous_18)
FN:136,(anonymous_19)
FN:137,(anonymous_20)
FN:138,(anonymous_21)
FN:142,(anonymous_22)
FN:143,(anonymous_23)
FN:144,(anonymous_24)
FNF:22
FNH:20
FNDA:35,sleep
FNDA:35,(anonymous_4)
FNDA:35,jitteredBackoff
FNDA:10,(anonymous_6)
FNDA:54,(anonymous_7)
FNDA:4,(anonymous_8)
FNDA:50,(anonymous_9)
FNDA:19,(anonymous_10)
FNDA:1,(anonymous_11)
FNDA:0,(anonymous_12)
FNDA:0,(anonymous_13)
FNDA:19,(anonymous_14)
FNDA:20,(anonymous_15)
FNDA:16,(anonymous_16)
FNDA:49,(anonymous_17)
FNDA:1,(anonymous_18)
FNDA:2,(anonymous_19)
FNDA:2,(anonymous_20)
FNDA:1,(anonymous_21)
FNDA:2,(anonymous_22)
FNDA:3,(anonymous_23)
FNDA:2,(anonymous_24)
DA:1,8
DA:2,8
DA:3,8
DA:4,8
DA:5,8
DA:6,8
DA:7,8
DA:8,8
DA:10,8
DA:11,8
DA:13,8
DA:14,8
DA:15,8
DA:18,35
DA:22,35
DA:23,35
DA:24,35
DA:25,35
DA:29,8
DA:30,10
DA:36,10
DA:37,10
DA:39,10
DA:41,10
DA:47,10
DA:48,54
DA:49,54
DA:50,54
DA:51,54
DA:55,10
DA:56,4
DA:58,50
DA:59,50
DA:60,2
DA:63,48
DA:64,48
DA:65,14
DA:67,48
DA:73,10
DA:74,19
DA:83,10
DA:84,10
DA:85,10
DA:90,19
DA:91,54
DA:92,54
DA:95,50
DA:96,48
DA:98,48
DA:99,48
DA:100,2
DA:103,46
DA:104,11
DA:105,11
DA:108,35
DA:109,35
DA:110,35
DA:111,35
DA:114,11
DA:118,20
DA:119,20
DA:123,16
DA:124,6
DA:126,10
DA:131,16
DA:132,49
DA:137,2
DA:138,2
DA:143,2
DA:144,3
LF:70
LH:70
BRDA:39,0,0,10
BRDA:39,0,1,0
BRDA:49,1,0,54
BRDA:49,1,1,0
BRDA:59,2,0,2
BRDA:64,3,0,14
BRDA:95,4,0,2
BRDA:96,5,0,0
BRDA:99,6,0,2
BRDA:99,7,0,48
BRDA:99,7,1,14
BRDA:103,8,0,11
BRDA:123,9,0,6
BRDA:123,10,0,16
BRDA:123,10,1,14
BRF:15
BRH:12
end_of_record
TN:
SF:src\infrastructure\amadeus\amadeus-token.service.ts
FN:16,(anonymous_3)
FN:18,(anonymous_4)
FN:29,(anonymous_5)
FN:36,(anonymous_6)
FNF:4
FNH:4
FNDA:5,(anonymous_3)
FNDA:7,(anonymous_4)
FNDA:5,(anonymous_5)
FNDA:5,(anonymous_6)
DA:1,9
DA:2,9
DA:3,9
DA:11,9
DA:12,5
DA:13,5
DA:14,5
DA:16,5
DA:19,7
DA:20,7
DA:21,1
DA:25,6
DA:26,1
DA:29,5
DA:30,5
DA:33,5
DA:37,5
DA:38,5
DA:39,5
DA:41,5
DA:42,5
DA:43,5
DA:44,5
DA:46,5
DA:52,5
DA:53,5
DA:58,5
DA:59,5
LF:28
LH:28
BRDA:20,0,0,1
BRDA:20,1,0,7
BRDA:20,1,1,2
BRDA:25,2,0,1
BRDA:37,3,0,5
BRDA:37,3,1,1
BRDA:38,4,0,5
BRDA:38,4,1,1
BRDA:39,5,0,5
BRDA:39,5,1,1
BRF:10
BRH:10
end_of_record
TN:
SF:src\infrastructure\cache\flight-search-cache.service.ts
FN:24,resolveTtl
FN:29,normaliseDate
FN:37,canonicalKey
FN:49,(anonymous_17)
FN:60,(anonymous_18)
FN:62,(anonymous_19)
FN:74,(anonymous_20)
FN:83,(anonymous_21)
FNF:8
FNH:8
FNDA:5,resolveTtl
FNDA:19,normaliseDate
FNDA:19,canonicalKey
FNDA:95,(anonymous_17)
FNDA:8,(anonymous_18)
FNDA:10,(anonymous_19)
FNDA:5,(anonymous_20)
FNDA:4,(anonymous_21)
DA:1,9
DA:2,9
DA:3,9
DA:5,9
DA:21,9
DA:22,9
DA:25,5
DA:26,5
DA:31,19
DA:32,2
DA:34,17
DA:38,19
DA:48,19
DA:49,95
DA:52,19
DA:53,19
DA:57,9
DA:58,8
DA:60,8
DA:63,10
DA:64,10
DA:65,10
DA:66,8
DA:67,4
DA:69,2
DA:70,2
DA:75,5
DA:76,5
DA:77,5
DA:79,1
DA:84,4
LF:31
LH:31
BRDA:26,0,0,1
BRDA:26,0,1,4
BRDA:31,1,0,2
BRDA:39,2,0,19
BRDA:39,2,1,12
BRDA:44,3,0,0
BRDA:44,3,1,19
BRDA:66,4,0,4
BRF:8
BRH:7
end_of_record
TN:
SF:src\infrastructure\idempotency\idempotency.service.ts
FN:12,(anonymous_5)
FN:14,(anonymous_6)
FN:25,(anonymous_7)
FN:40,(anonymous_8)
FNF:4
FNH:4
FNDA:9,(anonymous_5)
FNDA:6,(anonymous_6)
FNDA:3,(anonymous_7)
FNDA:3,(anonymous_8)
DA:1,4
DA:2,4
DA:3,4
DA:5,4
DA:6,4
DA:9,4
DA:10,9
DA:12,9
DA:15,6
DA:16,6
DA:17,5
DA:18,2
DA:20,1
DA:21,1
DA:26,3
DA:27,3
DA:34,1
DA:35,1
DA:41,3
DA:42,3
DA:43,2
DA:45,1
LF:22
LH:22
BRDA:17,0,0,3
BRF:1
BRH:1
end_of_record
TN:
SF:src\infrastructure\jobs\reservation-expiry.job.ts
FN:11,(anonymous_4)
FN:19,(anonymous_5)
FNF:2
FNH:2
FNDA:4,(anonymous_4)
FNDA:5,(anonymous_5)
DA:1,2
DA:2,2
DA:3,2
DA:4,2
DA:5,2
DA:8,2
DA:9,4
DA:13,4
DA:14,4
DA:15,4
DA:19,2
DA:20,5
DA:21,5
DA:22,5
DA:23,5
DA:24,5
DA:26,5
DA:27,5
DA:28,5
DA:30,4
DA:32,4
DA:33,4
DA:35,1
LF:23
LH:23
BRF:0
BRH:0
end_of_record
TN:
SF:src\infrastructure\kafka\inventory-event.publisher.ts
FN:12,(anonymous_4)
FN:18,(anonymous_5)
FNF:2
FNH:2
FNDA:5,(anonymous_4)
FNDA:5,(anonymous_5)
DA:1,7
DA:3,7
DA:4,7
DA:6,7
DA:9,7
DA:10,5
DA:14,5
DA:15,5
DA:19,5
DA:36,5
DA:37,5
DA:38,4
DA:39,4
DA:41,1
DA:42,1
DA:47,1
LF:16
LH:16
BRDA:25,0,0,4
BRDA:25,0,1,1
BRDA:26,1,0,5
BRDA:26,1,1,1
BRDA:27,2,0,5
BRDA:27,2,1,1
BRDA:28,3,0,5
BRDA:28,3,1,0
BRDA:32,4,0,5
BRDA:32,4,1,1
BRF:10
BRH:9
end_of_record
TN:
SF:src\infrastructure\observability\metrics.service.ts
FN:27,(anonymous_2)
FN:117,(anonymous_3)
FN:122,(anonymous_4)
FN:126,(anonymous_5)
FN:130,(anonymous_6)
FN:134,(anonymous_7)
FN:138,(anonymous_8)
FN:143,(anonymous_9)
FN:147,(anonymous_10)
FN:151,(anonymous_11)
FN:155,(anonymous_12)
FN:159,(anonymous_13)
FN:163,(anonymous_14)
FNF:13
FNH:13
FNDA:13,(anonymous_2)
FNDA:1,(anonymous_3)
FNDA:1,(anonymous_4)
FNDA:1,(anonymous_5)
FNDA:1,(anonymous_6)
FNDA:1,(anonymous_7)
FNDA:3,(anonymous_8)
FNDA:1,(anonymous_9)
FNDA:2,(anonymous_10)
FNDA:2,(anonymous_11)
FNDA:1,(anonymous_12)
FNDA:1,(anonymous_13)
FNDA:13,(anonymous_14)
DA:1,12
DA:2,12
DA:11,12
DA:28,13
DA:29,13
DA:31,13
DA:38,13
DA:46,13
DA:53,13
DA:60,13
DA:67,13
DA:74,13
DA:81,13
DA:88,13
DA:95,13
DA:102,13
DA:108,13
DA:118,1
DA:119,1
DA:123,1
DA:127,1
DA:131,1
DA:135,1
DA:139,3
DA:140,3
DA:144,1
DA:148,2
DA:152,2
DA:156,1
DA:160,1
DA:164,13
LF:31
LH:31
BRDA:139,0,0,1
BRDA:139,0,1,2
BRDA:139,1,0,1
BRDA:139,1,1,1
BRF:4
BRH:4
end_of_record
TN:
SF:src\infrastructure\persistence\entities\flight-reservation.typeorm-entity.ts
FNF:0
FNH:0
DA:1,4
DA:10,4
DA:12,4
DA:15,4
DA:18,4
DA:21,4
DA:24,4
DA:27,4
DA:30,4
DA:33,4
DA:36,4
DA:39,4
DA:42,4
DA:45,4
DA:48,4
DA:51,4
DA:54,4
DA:62,4
DA:65,4
DA:68,4
DA:71,4
DA:74,4
LF:22
LH:22
BRF:0
BRH:0
end_of_record
TN:
SF:src\presentation\controllers\flights.controller.ts
FN:16,(anonymous_4)
FN:20,(anonymous_5)
FNF:2
FNH:2
FNDA:1,(anonymous_4)
FNDA:3,(anonymous_5)
DA:1,1
DA:7,1
DA:8,1
DA:9,1
DA:10,1
DA:11,1
DA:15,1
DA:16,1
DA:20,1
DA:21,3
LF:10
LH:10
BRDA:25,0,0,3
BRDA:25,0,1,1
BRDA:27,1,0,3
BRDA:27,1,1,1
BRF:4
BRH:4
end_of_record
TN:
SF:src\presentation\controllers\health.controller.ts
FN:6,(anonymous_2)
FNF:1
FNH:1
FNDA:1,(anonymous_2)
DA:1,1
DA:4,1
DA:6,1
DA:7,1
LF:4
LH:4
BRF:0
BRH:0
end_of_record
TN:
SF:src\presentation\controllers\metrics.controller.ts
FN:6,(anonymous_2)
FN:10,(anonymous_3)
FNF:2
FNH:2
FNDA:1,(anonymous_2)
FNDA:1,(anonymous_3)
DA:1,1
DA:2,1
DA:5,1
DA:6,1
DA:10,1
DA:11,1
LF:6
LH:6
BRF:0
BRH:0
end_of_record
TN:
SF:src\presentation\controllers\reservations.controller.ts
FN:26,(anonymous_4)
FN:34,(anonymous_5)
FN:61,(anonymous_6)
FN:68,(anonymous_7)
FNF:4
FNH:4
FNDA:1,(anonymous_4)
FNDA:6,(anonymous_5)
FNDA:1,(anonymous_6)
FNDA:3,(anonymous_7)
DA:1,1
DA:14,1
DA:15,1
DA:16,1
DA:17,1
DA:18,1
DA:19,1
DA:20,1
DA:21,1
DA:25,1
DA:27,1
DA:28,1
DA:29,1
DA:34,1
DA:39,6
DA:40,2
DA:43,4
DA:53,4
DA:61,1
DA:62,1
DA:68,1
DA:72,3
LF:22
LH:22
BRDA:39,0,0,2
BRDA:39,1,0,6
BRDA:39,1,1,5
BRDA:50,2,0,4
BRDA:50,2,1,1
BRDA:55,3,0,3
BRDA:55,3,1,1
BRDA:74,4,0,3
BRDA:74,4,1,1
BRF:9
BRH:9
end_of_record
TN:
SF:src\presentation\decorators\roles.decorator.ts
FN:4,(anonymous_0)
FNF:1
FNH:1
FNDA:4,(anonymous_0)
DA:1,3
DA:3,3
DA:4,3
DA:5,4
LF:4
LH:4
BRF:0
BRH:0
end_of_record
TN:
SF:src\presentation\dto\create-reservation-request.dto.ts
FNF:0
FNH:0
DA:1,1
DA:3,1
DA:5,1
DA:8,1
DA:11,1
LF:5
LH:5
BRF:0
BRH:0
end_of_record
TN:
SF:src\presentation\dto\search-flights-request.dto.ts
FN:20,(anonymous_2)
FNF:1
FNH:1
FNDA:4,(anonymous_2)
DA:1,1
DA:2,1
DA:4,1
DA:7,1
DA:11,1
DA:14,1
DA:18,1
DA:20,4
DA:24,1
DA:28,1
LF:10
LH:10
BRF:0
BRH:0
end_of_record
TN:
SF:src\presentation\filters\domain-exception.filter.ts
FN:12,(anonymous_1)
FNF:1
FNH:1
FNDA:4,(anonymous_1)
DA:1,2
DA:8,2
DA:11,2
DA:13,4
DA:14,4
DA:15,4
DA:18,4
DA:21,4
DA:25,4
LF:9
LH:9
BRDA:18,0,0,4
BRDA:18,0,1,3
BRDA:21,1,0,3
BRDA:21,1,1,1
BRF:4
BRH:4
end_of_record
TN:
SF:src\presentation\guards\roles.guard.ts
FN:10,(anonymous_2)
FN:12,(anonymous_3)
FNF:2
FNH:2
FNDA:5,(anonymous_2)
FNDA:18,(anonymous_3)
DA:1,3
DA:2,3
DA:3,3
DA:9,3
DA:10,5
DA:13,18
DA:17,18
DA:19,17
DA:20,17
DA:21,17
DA:22,1
DA:25,16
DA:26,1
DA:28,15
LF:14
LH:14
BRDA:17,0,0,1
BRDA:17,1,0,18
BRDA:17,1,1,17
BRDA:21,2,0,1
BRDA:25,3,0,1
BRF:5
BRH:5
end_of_record
