{"C:\\Users\\Anandu\\Documents\\workspace\\training\\travel-portal\\pgt\\payment-service\\src\\application\\use-cases\\attach-payment-method\\attach-payment-method.use-case.ts": {"path":"C:\\Users\\Anandu\\Documents\\workspace\\training\\travel-portal\\pgt\\payment-service\\src\\application\\use-cases\\attach-payment-method\\attach-payment-method.use-case.ts","statementMap":{"0":{"start":{"line":1,"column":0},"end":{"line":1,"column":52}},"1":{"start":{"line":2,"column":0},"end":{"line":2,"column":51}},"2":{"start":{"line":3,"column":0},"end":{"line":3,"column":84}},"3":{"start":{"line":4,"column":0},"end":{"line":4,"column":null}},"4":{"start":{"line":13,"column":7},"end":{"line":53,"column":null}},"5":{"start":{"line":16,"column":21},"end":{"line":16,"column":64}},"6":{"start":{"line":21,"column":21},"end":{"line":22,"column":null}},"7":{"start":{"line":24,"column":4},"end":{"line":29,"column":5}},"8":{"start":{"line":25,"column":6},"end":{"line":28,"column":8}},"9":{"start":{"line":31,"column":19},"end":{"line":38,"column":6}},"10":{"start":{"line":40,"column":4},"end":{"line":40,"column":46}},"11":{"start":{"line":42,"column":4},"end":{"line":51,"column":6}},"12":{"start":{"line":13,"column":13},"end":{"line":13,"column":39}},"13":{"start":{"line":13,"column":13},"end":{"line":53,"column":null}}},"fnMap":{"0":{"name":"(anonymous_4)","decl":{"start":{"line":14,"column":2},"end":{"line":14,"column":null}},"loc":{"start":{"line":16,"column":64},"end":{"line":17,"column":6}}},"1":{"name":"(anonymous_5)","decl":{"start":{"line":19,"column":2},"end":{"line":19,"column":7}},"loc":{"start":{"line":19,"column":51},"end":{"line":52,"column":3}}}},"branchMap":{"0":{"loc":{"start":{"line":24,"column":4},"end":{"line":29,"column":5}},"type":"if","locations":[{"start":{"line":24,"column":4},"end":{"line":29,"column":5}}]}},"s":{"0":2,"1":2,"2":2,"3":2,"4":2,"5":3,"6":3,"7":3,"8":1,"9":2,"10":2,"11":2,"12":2,"13":2},"f":{"0":3,"1":3},"b":{"0":[1]}}
,"C:\\Users\\Anandu\\Documents\\workspace\\training\\travel-portal\\pgt\\payment-service\\src\\application\\use-cases\\authorize-payment\\authorize-payment.use-case.ts": {"path":"C:\\Users\\Anandu\\Documents\\workspace\\training\\travel-portal\\pgt\\payment-service\\src\\application\\use-cases\\authorize-payment\\authorize-payment.use-case.ts","statementMap":{"0":{"start":{"line":1,"column":0},"end":{"line":1,"column":81}},"1":{"start":{"line":2,"column":0},"end":{"line":2,"column":70}},"2":{"start":{"line":3,"column":0},"end":{"line":3,"column":71}},"3":{"start":{"line":4,"column":0},"end":{"line":4,"column":82}},"4":{"start":{"line":5,"column":0},"end":{"line":5,"column":null}},"5":{"start":{"line":9,"column":0},"end":{"line":9,"column":null}},"6":{"start":{"line":13,"column":0},"end":{"line":13,"column":145}},"7":{"start":{"line":14,"column":0},"end":{"line":14,"column":95}},"8":{"start":{"line":15,"column":0},"end":{"line":15,"column":87}},"9":{"start":{"line":16,"column":0},"end":{"line":16,"column":93}},"10":{"start":{"line":24,"column":4},"end":{"line":24,"column":19}},"11":{"start":{"line":25,"column":4},"end":{"line":25,"column":45}},"12":{"start":{"line":26,"column":4},"end":{"line":26,"column":54}},"13":{"start":{"line":22,"column":0},"end":{"line":22,"column":13}},"14":{"start":{"line":31,"column":36},"end":{"line":155,"column":null}},"15":{"start":{"line":36,"column":21},"end":{"line":36,"column":52}},"16":{"start":{"line":38,"column":21},"end":{"line":38,"column":64}},"17":{"start":{"line":39,"column":21},"end":{"line":39,"column":35}},"18":{"start":{"line":40,"column":21},"end":{"line":40,"column":37}},"19":{"start":{"line":41,"column":21},"end":{"line":41,"column":30}},"20":{"start":{"line":32,"column":19},"end":{"line":32,"column":69}},"21":{"start":{"line":45,"column":4},"end":{"line":47,"column":5}},"22":{"start":{"line":46,"column":6},"end":{"line":46,"column":74}},"23":{"start":{"line":50,"column":21},"end":{"line":50,"column":88}},"24":{"start":{"line":51,"column":4},"end":{"line":62,"column":5}},"25":{"start":{"line":52,"column":6},"end":{"line":57,"column":7}},"26":{"start":{"line":53,"column":8},"end":{"line":56,"column":10}},"27":{"start":{"line":58,"column":6},"end":{"line":61,"column":8}},"28":{"start":{"line":65,"column":19},"end":{"line":65,"column":81}},"29":{"start":{"line":66,"column":4},"end":{"line":71,"column":5}},"30":{"start":{"line":67,"column":6},"end":{"line":70,"column":8}},"31":{"start":{"line":72,"column":4},"end":{"line":76,"column":5}},"32":{"start":{"line":73,"column":6},"end":{"line":75,"column":8}},"33":{"start":{"line":79,"column":20},"end":{"line":88,"column":6}},"34":{"start":{"line":91,"column":4},"end":{"line":141,"column":5}},"35":{"start":{"line":92,"column":21},"end":{"line":100,"column":null}},"36":{"start":{"line":104,"column":6},"end":{"line":104,"column":58}},"37":{"start":{"line":107,"column":6},"end":{"line":107,"column":43}},"38":{"start":{"line":108,"column":6},"end":{"line":108,"column":62}},"39":{"start":{"line":111,"column":21},"end":{"line":111,"column":51}},"40":{"start":{"line":112,"column":6},"end":{"line":118,"column":7}},"41":{"start":{"line":113,"column":8},"end":{"line":117,"column":9}},"42":{"start":{"line":114,"column":10},"end":{"line":114,"column":58}},"43":{"start":{"line":116,"column":10},"end":{"line":116,"column":115}},"44":{"start":{"line":120,"column":6},"end":{"line":120,"column":64}},"45":{"start":{"line":123,"column":6},"end":{"line":134,"column":7}},"46":{"start":{"line":124,"column":8},"end":{"line":124,"column":60}},"47":{"start":{"line":125,"column":8},"end":{"line":125,"column":45}},"48":{"start":{"line":126,"column":8},"end":{"line":132,"column":9}},"49":{"start":{"line":127,"column":10},"end":{"line":129,"column":11}},"50":{"start":{"line":128,"column":12},"end":{"line":128,"column":60}},"51":{"start":{"line":131,"column":10},"end":{"line":131,"column":90}},"52":{"start":{"line":133,"column":8},"end":{"line":133,"column":18}},"53":{"start":{"line":136,"column":6},"end":{"line":138,"column":7}},"54":{"start":{"line":137,"column":8},"end":{"line":137,"column":58}},"55":{"start":{"line":140,"column":6},"end":{"line":140,"column":16}},"56":{"start":{"line":145,"column":4},"end":{"line":153,"column":6}},"57":{"start":{"line":31,"column":13},"end":{"line":31,"column":36}},"58":{"start":{"line":31,"column":13},"end":{"line":155,"column":null}}},"fnMap":{"0":{"name":"(anonymous_4)","decl":{"start":{"line":23,"column":2},"end":{"line":23,"column":14}},"loc":{"start":{"line":23,"column":29},"end":{"line":27,"column":3}}},"1":{"name":"(anonymous_5)","decl":{"start":{"line":34,"column":2},"end":{"line":34,"column":null}},"loc":{"start":{"line":41,"column":44},"end":{"line":42,"column":6}}},"2":{"name":"(anonymous_6)","decl":{"start":{"line":44,"column":2},"end":{"line":44,"column":7}},"loc":{"start":{"line":44,"column":48},"end":{"line":142,"column":3}}},"3":{"name":"(anonymous_7)","decl":{"start":{"line":144,"column":10},"end":{"line":144,"column":20}},"loc":{"start":{"line":144,"column":37},"end":{"line":154,"column":3}}}},"branchMap":{"0":{"loc":{"start":{"line":45,"column":4},"end":{"line":47,"column":5}},"type":"if","locations":[{"start":{"line":45,"column":4},"end":{"line":47,"column":5}}]},"1":{"loc":{"start":{"line":51,"column":4},"end":{"line":62,"column":5}},"type":"if","locations":[{"start":{"line":51,"column":4},"end":{"line":62,"column":5}}]},"2":{"loc":{"start":{"line":52,"column":6},"end":{"line":57,"column":7}},"type":"if","locations":[{"start":{"line":52,"column":6},"end":{"line":57,"column":7}}]},"3":{"loc":{"start":{"line":66,"column":4},"end":{"line":71,"column":5}},"type":"if","locations":[{"start":{"line":66,"column":4},"end":{"line":71,"column":5}}]},"4":{"loc":{"start":{"line":72,"column":4},"end":{"line":76,"column":5}},"type":"if","locations":[{"start":{"line":72,"column":4},"end":{"line":76,"column":5}}]},"5":{"loc":{"start":{"line":86,"column":10},"end":{"line":86,"column":83}},"type":"binary-expr","locations":[{"start":{"line":86,"column":10},"end":{"line":86,"column":43}},{"start":{"line":86,"column":47},"end":{"line":86,"column":83}}]},"6":{"loc":{"start":{"line":87,"column":10},"end":{"line":87,"column":89}},"type":"binary-expr","locations":[{"start":{"line":87,"column":10},"end":{"line":87,"column":45}},{"start":{"line":87,"column":49},"end":{"line":87,"column":89}}]},"7":{"loc":{"start":{"line":98,"column":14},"end":{"line":98,"column":87}},"type":"binary-expr","locations":[{"start":{"line":98,"column":14},"end":{"line":98,"column":47}},{"start":{"line":98,"column":51},"end":{"line":98,"column":87}}]},"8":{"loc":{"start":{"line":123,"column":6},"end":{"line":134,"column":7}},"type":"if","locations":[{"start":{"line":123,"column":6},"end":{"line":134,"column":7}}]},"9":{"loc":{"start":{"line":136,"column":6},"end":{"line":138,"column":7}},"type":"if","locations":[{"start":{"line":136,"column":6},"end":{"line":138,"column":7}}]},"10":{"loc":{"start":{"line":151,"column":29},"end":{"line":151,"column":64}},"type":"binary-expr","locations":[{"start":{"line":151,"column":29},"end":{"line":151,"column":58}},{"start":{"line":151,"column":62},"end":{"line":151,"column":64}}]}},"s":{"0":2,"1":2,"2":2,"3":2,"4":2,"5":2,"6":2,"7":2,"8":2,"9":2,"10":1,"11":1,"12":1,"13":2,"14":2,"15":11,"16":11,"17":11,"18":11,"19":11,"20":11,"21":11,"22":1,"23":10,"24":10,"25":2,"26":1,"27":1,"28":8,"29":8,"30":1,"31":7,"32":1,"33":6,"34":6,"35":6,"36":2,"37":2,"38":2,"39":2,"40":2,"41":2,"42":2,"43":1,"44":2,"45":4,"46":2,"47":2,"48":2,"49":2,"50":2,"51":1,"52":2,"53":2,"54":1,"55":1,"56":3,"57":2,"58":2},"f":{"0":1,"1":11,"2":11,"3":3},"b":{"0":[1],"1":[2],"2":[1],"3":[1],"4":[1],"5":[6,0],"6":[6,0],"7":[6,0],"8":[2],"9":[1],"10":[3,0]}}
,"C:\\Users\\Anandu\\Documents\\workspace\\training\\travel-portal\\pgt\\payment-service\\src\\application\\use-cases\\capture-payment\\capture-payment.use-case.ts": {"path":"C:\\Users\\Anandu\\Documents\\workspace\\training\\travel-portal\\pgt\\payment-service\\src\\application\\use-cases\\capture-payment\\capture-payment.use-case.ts","statementMap":{"0":{"start":{"line":1,"column":0},"end":{"line":1,"column":60}},"1":{"start":{"line":2,"column":0},"end":{"line":2,"column":68}},"2":{"start":{"line":3,"column":0},"end":{"line":3,"column":82}},"3":{"start":{"line":4,"column":0},"end":{"line":4,"column":null}},"4":{"start":{"line":8,"column":0},"end":{"line":8,"column":91}},"5":{"start":{"line":9,"column":0},"end":{"line":9,"column":95}},"6":{"start":{"line":10,"column":0},"end":{"line":10,"column":87}},"7":{"start":{"line":11,"column":0},"end":{"line":11,"column":93}},"8":{"start":{"line":15,"column":34},"end":{"line":81,"column":null}},"9":{"start":{"line":20,"column":21},"end":{"line":20,"column":52}},"10":{"start":{"line":21,"column":21},"end":{"line":21,"column":35}},"11":{"start":{"line":22,"column":21},"end":{"line":22,"column":37}},"12":{"start":{"line":23,"column":21},"end":{"line":23,"column":30}},"13":{"start":{"line":16,"column":19},"end":{"line":16,"column":67}},"14":{"start":{"line":27,"column":20},"end":{"line":27,"column":70}},"15":{"start":{"line":28,"column":4},"end":{"line":33,"column":5}},"16":{"start":{"line":29,"column":6},"end":{"line":32,"column":8}},"17":{"start":{"line":36,"column":4},"end":{"line":40,"column":5}},"18":{"start":{"line":37,"column":6},"end":{"line":39,"column":8}},"19":{"start":{"line":43,"column":4},"end":{"line":50,"column":5}},"20":{"start":{"line":44,"column":6},"end":{"line":49,"column":8}},"21":{"start":{"line":53,"column":19},"end":{"line":54,"column":null}},"22":{"start":{"line":58,"column":6},"end":{"line":60,"column":30}},"23":{"start":{"line":62,"column":4},"end":{"line":62,"column":64}},"24":{"start":{"line":63,"column":4},"end":{"line":63,"column":41}},"25":{"start":{"line":64,"column":4},"end":{"line":64,"column":67}},"26":{"start":{"line":66,"column":4},"end":{"line":72,"column":5}},"27":{"start":{"line":67,"column":6},"end":{"line":71,"column":7}},"28":{"start":{"line":68,"column":8},"end":{"line":68,"column":56}},"29":{"start":{"line":70,"column":8},"end":{"line":70,"column":85}},"30":{"start":{"line":74,"column":4},"end":{"line":79,"column":6}},"31":{"start":{"line":15,"column":13},"end":{"line":15,"column":34}},"32":{"start":{"line":15,"column":13},"end":{"line":81,"column":null}}},"fnMap":{"0":{"name":"(anonymous_4)","decl":{"start":{"line":18,"column":2},"end":{"line":18,"column":null}},"loc":{"start":{"line":23,"column":44},"end":{"line":24,"column":6}}},"1":{"name":"(anonymous_5)","decl":{"start":{"line":26,"column":2},"end":{"line":26,"column":7}},"loc":{"start":{"line":26,"column":46},"end":{"line":80,"column":3}}}},"branchMap":{"0":{"loc":{"start":{"line":28,"column":4},"end":{"line":33,"column":5}},"type":"if","locations":[{"start":{"line":28,"column":4},"end":{"line":33,"column":5}}]},"1":{"loc":{"start":{"line":36,"column":4},"end":{"line":40,"column":5}},"type":"if","locations":[{"start":{"line":36,"column":4},"end":{"line":40,"column":5}}]},"2":{"loc":{"start":{"line":43,"column":4},"end":{"line":50,"column":5}},"type":"if","locations":[{"start":{"line":43,"column":4},"end":{"line":50,"column":5}}]},"3":{"loc":{"start":{"line":58,"column":6},"end":{"line":60,"column":30}},"type":"cond-expr","locations":[{"start":{"line":59,"column":10},"end":{"line":59,"column":38}},{"start":{"line":60,"column":10},"end":{"line":60,"column":30}}]}},"s":{"0":2,"1":2,"2":2,"3":2,"4":2,"5":2,"6":2,"7":2,"8":2,"9":7,"10":7,"11":7,"12":7,"13":7,"14":7,"15":7,"16":1,"17":6,"18":1,"19":5,"20":1,"21":4,"22":4,"23":4,"24":4,"25":4,"26":4,"27":4,"28":4,"29":1,"30":4,"31":2,"32":2},"f":{"0":7,"1":7},"b":{"0":[1],"1":[1],"2":[1],"3":[3,1]}}
,"C:\\Users\\Anandu\\Documents\\workspace\\training\\travel-portal\\pgt\\payment-service\\src\\application\\use-cases\\detach-payment-method\\detach-payment-method.use-case.ts": {"path":"C:\\Users\\Anandu\\Documents\\workspace\\training\\travel-portal\\pgt\\payment-service\\src\\application\\use-cases\\detach-payment-method\\detach-payment-method.use-case.ts","statementMap":{"0":{"start":{"line":1,"column":0},"end":{"line":1,"column":60}},"1":{"start":{"line":2,"column":0},"end":{"line":2,"column":68}},"2":{"start":{"line":3,"column":0},"end":{"line":3,"column":null}},"3":{"start":{"line":7,"column":0},"end":{"line":7,"column":91}},"4":{"start":{"line":11,"column":4},"end":{"line":11,"column":37}},"5":{"start":{"line":12,"column":4},"end":{"line":12,"column":54}},"6":{"start":{"line":9,"column":0},"end":{"line":9,"column":13}},"7":{"start":{"line":22,"column":39},"end":{"line":58,"column":null}},"8":{"start":{"line":27,"column":21},"end":{"line":27,"column":64}},"9":{"start":{"line":28,"column":21},"end":{"line":28,"column":35}},"10":{"start":{"line":23,"column":19},"end":{"line":23,"column":72}},"11":{"start":{"line":32,"column":19},"end":{"line":32,"column":81}},"12":{"start":{"line":33,"column":4},"end":{"line":38,"column":5}},"13":{"start":{"line":34,"column":6},"end":{"line":37,"column":8}},"14":{"start":{"line":40,"column":4},"end":{"line":44,"column":5}},"15":{"start":{"line":41,"column":6},"end":{"line":43,"column":8}},"16":{"start":{"line":46,"column":4},"end":{"line":46,"column":24}},"17":{"start":{"line":47,"column":4},"end":{"line":47,"column":46}},"18":{"start":{"line":50,"column":4},"end":{"line":56,"column":5}},"19":{"start":{"line":51,"column":6},"end":{"line":51,"column":80}},"20":{"start":{"line":53,"column":6},"end":{"line":55,"column":8}},"21":{"start":{"line":22,"column":13},"end":{"line":22,"column":39}},"22":{"start":{"line":22,"column":13},"end":{"line":58,"column":null}}},"fnMap":{"0":{"name":"(anonymous_4)","decl":{"start":{"line":10,"column":2},"end":{"line":10,"column":14}},"loc":{"start":{"line":10,"column":29},"end":{"line":13,"column":3}}},"1":{"name":"(anonymous_5)","decl":{"start":{"line":25,"column":2},"end":{"line":25,"column":null}},"loc":{"start":{"line":28,"column":54},"end":{"line":29,"column":6}}},"2":{"name":"(anonymous_6)","decl":{"start":{"line":31,"column":2},"end":{"line":31,"column":7}},"loc":{"start":{"line":31,"column":51},"end":{"line":57,"column":3}}}},"branchMap":{"0":{"loc":{"start":{"line":33,"column":4},"end":{"line":38,"column":5}},"type":"if","locations":[{"start":{"line":33,"column":4},"end":{"line":38,"column":5}}]},"1":{"loc":{"start":{"line":40,"column":4},"end":{"line":44,"column":5}},"type":"if","locations":[{"start":{"line":40,"column":4},"end":{"line":44,"column":5}}]}},"s":{"0":7,"1":7,"2":7,"3":7,"4":5,"5":5,"6":7,"7":7,"8":3,"9":3,"10":3,"11":3,"12":3,"13":1,"14":2,"15":1,"16":1,"17":1,"18":1,"19":1,"20":1,"21":7,"22":7},"f":{"0":5,"1":3,"2":3},"b":{"0":[1],"1":[1]}}
,"C:\\Users\\Anandu\\Documents\\workspace\\training\\travel-portal\\pgt\\payment-service\\src\\application\\use-cases\\get-payment\\get-payment.use-case.ts": {"path":"C:\\Users\\Anandu\\Documents\\workspace\\training\\travel-portal\\pgt\\payment-service\\src\\application\\use-cases\\get-payment\\get-payment.use-case.ts","statementMap":{"0":{"start":{"line":1,"column":0},"end":{"line":1,"column":52}},"1":{"start":{"line":2,"column":0},"end":{"line":2,"column":51}},"2":{"start":{"line":3,"column":0},"end":{"line":3,"column":null}},"3":{"start":{"line":7,"column":0},"end":{"line":7,"column":93}},"4":{"start":{"line":11,"column":7},"end":{"line":48,"column":null}},"5":{"start":{"line":14,"column":21},"end":{"line":14,"column":52}},"6":{"start":{"line":18,"column":20},"end":{"line":18,"column":68}},"7":{"start":{"line":19,"column":4},"end":{"line":24,"column":5}},"8":{"start":{"line":20,"column":6},"end":{"line":23,"column":8}},"9":{"start":{"line":26,"column":4},"end":{"line":30,"column":5}},"10":{"start":{"line":27,"column":6},"end":{"line":29,"column":8}},"11":{"start":{"line":33,"column":4},"end":{"line":46,"column":6}},"12":{"start":{"line":11,"column":13},"end":{"line":11,"column":30}},"13":{"start":{"line":11,"column":13},"end":{"line":48,"column":null}}},"fnMap":{"0":{"name":"(anonymous_4)","decl":{"start":{"line":12,"column":2},"end":{"line":12,"column":null}},"loc":{"start":{"line":14,"column":52},"end":{"line":15,"column":6}}},"1":{"name":"(anonymous_5)","decl":{"start":{"line":17,"column":2},"end":{"line":17,"column":7}},"loc":{"start":{"line":17,"column":38},"end":{"line":47,"column":3}}}},"branchMap":{"0":{"loc":{"start":{"line":19,"column":4},"end":{"line":24,"column":5}},"type":"if","locations":[{"start":{"line":19,"column":4},"end":{"line":24,"column":5}}]},"1":{"loc":{"start":{"line":26,"column":4},"end":{"line":30,"column":5}},"type":"if","locations":[{"start":{"line":26,"column":4},"end":{"line":30,"column":5}}]}},"s":{"0":2,"1":2,"2":2,"3":2,"4":2,"5":3,"6":3,"7":3,"8":1,"9":2,"10":1,"11":1,"12":2,"13":2},"f":{"0":3,"1":3},"b":{"0":[1],"1":[1]}}
,"C:\\Users\\Anandu\\Documents\\workspace\\training\\travel-portal\\pgt\\payment-service\\src\\application\\use-cases\\list-payment-methods\\list-payment-methods.use-case.ts": {"path":"C:\\Users\\Anandu\\Documents\\workspace\\training\\travel-portal\\pgt\\payment-service\\src\\application\\use-cases\\list-payment-methods\\list-payment-methods.use-case.ts","statementMap":{"0":{"start":{"line":1,"column":0},"end":{"line":1,"column":52}},"1":{"start":{"line":2,"column":0},"end":{"line":2,"column":null}},"2":{"start":{"line":9,"column":7},"end":{"line":28,"column":null}},"3":{"start":{"line":12,"column":21},"end":{"line":12,"column":64}},"4":{"start":{"line":16,"column":20},"end":{"line":16,"column":77}},"5":{"start":{"line":17,"column":4},"end":{"line":26,"column":8}},"6":{"start":{"line":17,"column":31},"end":{"line":26,"column":6}},"7":{"start":{"line":9,"column":13},"end":{"line":9,"column":38}},"8":{"start":{"line":9,"column":13},"end":{"line":28,"column":null}}},"fnMap":{"0":{"name":"(anonymous_4)","decl":{"start":{"line":10,"column":2},"end":{"line":10,"column":null}},"loc":{"start":{"line":12,"column":64},"end":{"line":13,"column":6}}},"1":{"name":"(anonymous_5)","decl":{"start":{"line":15,"column":2},"end":{"line":15,"column":7}},"loc":{"start":{"line":15,"column":34},"end":{"line":27,"column":3}}},"2":{"name":"(anonymous_6)","decl":{"start":{"line":17,"column":23},"end":{"line":17,"column":24}},"loc":{"start":{"line":17,"column":31},"end":{"line":26,"column":6}}}},"branchMap":{},"s":{"0":2,"1":2,"2":2,"3":2,"4":2,"5":2,"6":1,"7":2,"8":2},"f":{"0":2,"1":2,"2":1},"b":{}}
,"C:\\Users\\Anandu\\Documents\\workspace\\training\\travel-portal\\pgt\\payment-service\\src\\application\\use-cases\\refund-payment\\refund-payment.use-case.ts": {"path":"C:\\Users\\Anandu\\Documents\\workspace\\training\\travel-portal\\pgt\\payment-service\\src\\application\\use-cases\\refund-payment\\refund-payment.use-case.ts","statementMap":{"0":{"start":{"line":1,"column":0},"end":{"line":1,"column":60}},"1":{"start":{"line":2,"column":0},"end":{"line":2,"column":68}},"2":{"start":{"line":4,"column":0},"end":{"line":4,"column":82}},"3":{"start":{"line":5,"column":0},"end":{"line":5,"column":null}},"4":{"start":{"line":9,"column":0},"end":{"line":9,"column":91}},"5":{"start":{"line":10,"column":0},"end":{"line":10,"column":95}},"6":{"start":{"line":11,"column":0},"end":{"line":11,"column":87}},"7":{"start":{"line":12,"column":0},"end":{"line":12,"column":93}},"8":{"start":{"line":18,"column":33},"end":{"line":81,"column":null}},"9":{"start":{"line":23,"column":21},"end":{"line":23,"column":52}},"10":{"start":{"line":24,"column":21},"end":{"line":24,"column":35}},"11":{"start":{"line":25,"column":21},"end":{"line":25,"column":37}},"12":{"start":{"line":26,"column":21},"end":{"line":26,"column":30}},"13":{"start":{"line":19,"column":19},"end":{"line":19,"column":66}},"14":{"start":{"line":30,"column":20},"end":{"line":30,"column":70}},"15":{"start":{"line":31,"column":4},"end":{"line":36,"column":5}},"16":{"start":{"line":32,"column":6},"end":{"line":35,"column":8}},"17":{"start":{"line":39,"column":4},"end":{"line":43,"column":5}},"18":{"start":{"line":40,"column":6},"end":{"line":42,"column":8}},"19":{"start":{"line":46,"column":4},"end":{"line":53,"column":5}},"20":{"start":{"line":47,"column":6},"end":{"line":52,"column":8}},"21":{"start":{"line":55,"column":19},"end":{"line":58,"column":null}},"22":{"start":{"line":61,"column":27},"end":{"line":61,"column":46}},"23":{"start":{"line":62,"column":4},"end":{"line":62,"column":80}},"24":{"start":{"line":63,"column":4},"end":{"line":63,"column":41}},"25":{"start":{"line":64,"column":4},"end":{"line":64,"column":67}},"26":{"start":{"line":66,"column":4},"end":{"line":72,"column":5}},"27":{"start":{"line":67,"column":6},"end":{"line":71,"column":7}},"28":{"start":{"line":68,"column":8},"end":{"line":68,"column":56}},"29":{"start":{"line":70,"column":8},"end":{"line":70,"column":85}},"30":{"start":{"line":74,"column":4},"end":{"line":79,"column":6}},"31":{"start":{"line":18,"column":13},"end":{"line":18,"column":33}},"32":{"start":{"line":18,"column":13},"end":{"line":81,"column":null}}},"fnMap":{"0":{"name":"(anonymous_4)","decl":{"start":{"line":21,"column":2},"end":{"line":21,"column":null}},"loc":{"start":{"line":26,"column":44},"end":{"line":27,"column":6}}},"1":{"name":"(anonymous_5)","decl":{"start":{"line":29,"column":2},"end":{"line":29,"column":7}},"loc":{"start":{"line":29,"column":45},"end":{"line":80,"column":3}}}},"branchMap":{"0":{"loc":{"start":{"line":31,"column":4},"end":{"line":36,"column":5}},"type":"if","locations":[{"start":{"line":31,"column":4},"end":{"line":36,"column":5}}]},"1":{"loc":{"start":{"line":39,"column":4},"end":{"line":43,"column":5}},"type":"if","locations":[{"start":{"line":39,"column":4},"end":{"line":43,"column":5}}]},"2":{"loc":{"start":{"line":46,"column":4},"end":{"line":53,"column":5}},"type":"if","locations":[{"start":{"line":46,"column":4},"end":{"line":53,"column":5}}]}},"s":{"0":2,"1":2,"2":2,"3":2,"4":2,"5":2,"6":2,"7":2,"8":2,"9":5,"10":5,"11":5,"12":5,"13":5,"14":5,"15":5,"16":1,"17":4,"18":1,"19":3,"20":1,"21":2,"22":2,"23":2,"24":2,"25":2,"26":2,"27":2,"28":2,"29":1,"30":2,"31":2,"32":2},"f":{"0":5,"1":5},"b":{"0":[1],"1":[1],"2":[1]}}
,"C:\\Users\\Anandu\\Documents\\workspace\\training\\travel-portal\\pgt\\payment-service\\src\\config\\env.validation.ts": {"path":"C:\\Users\\Anandu\\Documents\\workspace\\training\\travel-portal\\pgt\\payment-service\\src\\config\\env.validation.ts","statementMap":{"0":{"start":{"line":1,"column":0},"end":{"line":1,"column":27}},"1":{"start":{"line":3,"column":13},"end":{"line":15,"column":35}}},"fnMap":{},"branchMap":{},"s":{"0":1,"1":1},"f":{},"b":{}}
,"C:\\Users\\Anandu\\Documents\\workspace\\training\\travel-portal\\pgt\\payment-service\\src\\domain\\aggregates\\payment-method.aggregate.ts": {"path":"C:\\Users\\Anandu\\Documents\\workspace\\training\\travel-portal\\pgt\\payment-service\\src\\domain\\aggregates\\payment-method.aggregate.ts","statementMap":{"0":{"start":{"line":1,"column":0},"end":{"line":1,"column":78}},"1":{"start":{"line":28,"column":15},"end":{"line":28,"column":29}},"2":{"start":{"line":29,"column":16},"end":{"line":29,"column":26}},"3":{"start":{"line":31,"column":44},"end":{"line":42,"column":6}},"4":{"start":{"line":44,"column":4},"end":{"line":44,"column":42}},"5":{"start":{"line":48,"column":4},"end":{"line":48,"column":36}},"6":{"start":{"line":52,"column":4},"end":{"line":52,"column":25}},"7":{"start":{"line":56,"column":4},"end":{"line":56,"column":33}},"8":{"start":{"line":60,"column":4},"end":{"line":60,"column":44}},"9":{"start":{"line":64,"column":4},"end":{"line":64,"column":32}},"10":{"start":{"line":68,"column":4},"end":{"line":68,"column":28}},"11":{"start":{"line":72,"column":4},"end":{"line":72,"column":34}},"12":{"start":{"line":76,"column":4},"end":{"line":76,"column":33}},"13":{"start":{"line":80,"column":4},"end":{"line":80,"column":31}},"14":{"start":{"line":84,"column":4},"end":{"line":84,"column":32}},"15":{"start":{"line":88,"column":4},"end":{"line":88,"column":32}},"16":{"start":{"line":92,"column":4},"end":{"line":98,"column":5}},"17":{"start":{"line":93,"column":6},"end":{"line":97,"column":8}},"18":{"start":{"line":99,"column":4},"end":{"line":99,"column":32}},"19":{"start":{"line":100,"column":4},"end":{"line":100,"column":38}},"20":{"start":{"line":26,"column":0},"end":{"line":26,"column":13}}},"fnMap":{"0":{"name":"(anonymous_0)","decl":{"start":{"line":27,"column":2},"end":{"line":27,"column":8}},"loc":{"start":{"line":27,"column":47},"end":{"line":45,"column":3}}},"1":{"name":"(anonymous_1)","decl":{"start":{"line":47,"column":2},"end":{"line":47,"column":8}},"loc":{"start":{"line":47,"column":47},"end":{"line":49,"column":3}}},"2":{"name":"(anonymous_2)","decl":{"start":{"line":51,"column":2},"end":{"line":51,"column":6}},"loc":{"start":{"line":51,"column":21},"end":{"line":53,"column":3}}},"3":{"name":"(anonymous_3)","decl":{"start":{"line":55,"column":2},"end":{"line":55,"column":6}},"loc":{"start":{"line":55,"column":16},"end":{"line":57,"column":3}}},"4":{"name":"(anonymous_4)","decl":{"start":{"line":59,"column":2},"end":{"line":59,"column":6}},"loc":{"start":{"line":59,"column":27},"end":{"line":61,"column":3}}},"5":{"name":"(anonymous_5)","decl":{"start":{"line":63,"column":2},"end":{"line":63,"column":6}},"loc":{"start":{"line":63,"column":15},"end":{"line":65,"column":3}}},"6":{"name":"(anonymous_6)","decl":{"start":{"line":67,"column":2},"end":{"line":67,"column":6}},"loc":{"start":{"line":67,"column":11},"end":{"line":69,"column":3}}},"7":{"name":"(anonymous_7)","decl":{"start":{"line":71,"column":2},"end":{"line":71,"column":6}},"loc":{"start":{"line":71,"column":17},"end":{"line":73,"column":3}}},"8":{"name":"(anonymous_8)","decl":{"start":{"line":75,"column":2},"end":{"line":75,"column":6}},"loc":{"start":{"line":75,"column":16},"end":{"line":77,"column":3}}},"9":{"name":"(anonymous_9)","decl":{"start":{"line":79,"column":2},"end":{"line":79,"column":6}},"loc":{"start":{"line":79,"column":14},"end":{"line":81,"column":3}}},"10":{"name":"(anonymous_10)","decl":{"start":{"line":83,"column":2},"end":{"line":83,"column":6}},"loc":{"start":{"line":83,"column":15},"end":{"line":85,"column":3}}},"11":{"name":"(anonymous_11)","decl":{"start":{"line":87,"column":2},"end":{"line":87,"column":6}},"loc":{"start":{"line":87,"column":15},"end":{"line":89,"column":3}}},"12":{"name":"(anonymous_12)","decl":{"start":{"line":91,"column":2},"end":{"line":91,"column":12}},"loc":{"start":{"line":91,"column":12},"end":{"line":101,"column":3}}}},"branchMap":{"0":{"loc":{"start":{"line":92,"column":4},"end":{"line":98,"column":5}},"type":"if","locations":[{"start":{"line":92,"column":4},"end":{"line":98,"column":5}}]}},"s":{"0":4,"1":5,"2":5,"3":5,"4":5,"5":2,"6":2,"7":2,"8":1,"9":3,"10":3,"11":2,"12":2,"13":5,"14":2,"15":0,"16":4,"17":2,"18":2,"19":2,"20":4},"f":{"0":5,"1":2,"2":2,"3":2,"4":1,"5":3,"6":3,"7":2,"8":2,"9":5,"10":2,"11":0,"12":4},"b":{"0":[2]}}
,"C:\\Users\\Anandu\\Documents\\workspace\\training\\travel-portal\\pgt\\payment-service\\src\\domain\\aggregates\\payment.aggregate.ts": {"path":"C:\\Users\\Anandu\\Documents\\workspace\\training\\travel-portal\\pgt\\payment-service\\src\\domain\\aggregates\\payment.aggregate.ts","statementMap":{"0":{"start":{"line":1,"column":0},"end":{"line":1,"column":78}},"1":{"start":{"line":2,"column":0},"end":{"line":2,"column":69}},"2":{"start":{"line":3,"column":0},"end":{"line":3,"column":50}},"3":{"start":{"line":4,"column":0},"end":{"line":4,"column":76}},"4":{"start":{"line":5,"column":0},"end":{"line":5,"column":72}},"5":{"start":{"line":6,"column":0},"end":{"line":6,"column":72}},"6":{"start":{"line":7,"column":0},"end":{"line":7,"column":68}},"7":{"start":{"line":40,"column":15},"end":{"line":40,"column":29}},"8":{"start":{"line":41,"column":16},"end":{"line":41,"column":26}},"9":{"start":{"line":42,"column":18},"end":{"line":42,"column":57}},"10":{"start":{"line":44,"column":39},"end":{"line":59,"column":6}},"11":{"start":{"line":61,"column":4},"end":{"line":61,"column":37}},"12":{"start":{"line":65,"column":4},"end":{"line":65,"column":30}},"13":{"start":{"line":69,"column":4},"end":{"line":69,"column":25}},"14":{"start":{"line":73,"column":4},"end":{"line":73,"column":33}},"15":{"start":{"line":77,"column":4},"end":{"line":77,"column":32}},"16":{"start":{"line":81,"column":4},"end":{"line":81,"column":38}},"17":{"start":{"line":85,"column":4},"end":{"line":85,"column":28}},"18":{"start":{"line":89,"column":4},"end":{"line":89,"column":29}},"19":{"start":{"line":93,"column":4},"end":{"line":93,"column":44}},"20":{"start":{"line":97,"column":4},"end":{"line":97,"column":37}},"21":{"start":{"line":101,"column":4},"end":{"line":101,"column":34}},"22":{"start":{"line":105,"column":4},"end":{"line":105,"column":36}},"23":{"start":{"line":109,"column":4},"end":{"line":109,"column":37}},"24":{"start":{"line":113,"column":4},"end":{"line":113,"column":37}},"25":{"start":{"line":117,"column":4},"end":{"line":117,"column":32}},"26":{"start":{"line":121,"column":4},"end":{"line":121,"column":32}},"27":{"start":{"line":125,"column":4},"end":{"line":132,"column":5}},"28":{"start":{"line":126,"column":6},"end":{"line":131,"column":8}},"29":{"start":{"line":133,"column":4},"end":{"line":133,"column":49}},"30":{"start":{"line":134,"column":4},"end":{"line":134,"column":61}},"31":{"start":{"line":135,"column":4},"end":{"line":135,"column":38}},"32":{"start":{"line":137,"column":4},"end":{"line":151,"column":6}},"33":{"start":{"line":155,"column":4},"end":{"line":162,"column":5}},"34":{"start":{"line":156,"column":6},"end":{"line":161,"column":8}},"35":{"start":{"line":163,"column":4},"end":{"line":163,"column":47}},"36":{"start":{"line":164,"column":4},"end":{"line":164,"column":47}},"37":{"start":{"line":165,"column":4},"end":{"line":165,"column":38}},"38":{"start":{"line":167,"column":4},"end":{"line":180,"column":6}},"39":{"start":{"line":184,"column":4},"end":{"line":191,"column":5}},"40":{"start":{"line":185,"column":6},"end":{"line":190,"column":8}},"41":{"start":{"line":192,"column":4},"end":{"line":192,"column":47}},"42":{"start":{"line":193,"column":4},"end":{"line":196,"column":43}},"43":{"start":{"line":197,"column":4},"end":{"line":197,"column":38}},"44":{"start":{"line":199,"column":4},"end":{"line":213,"column":6}},"45":{"start":{"line":217,"column":4},"end":{"line":227,"column":5}},"46":{"start":{"line":221,"column":6},"end":{"line":226,"column":8}},"47":{"start":{"line":228,"column":4},"end":{"line":228,"column":45}},"48":{"start":{"line":229,"column":4},"end":{"line":229,"column":45}},"49":{"start":{"line":230,"column":4},"end":{"line":230,"column":38}},"50":{"start":{"line":232,"column":4},"end":{"line":246,"column":6}},"51":{"start":{"line":250,"column":4},"end":{"line":257,"column":5}},"52":{"start":{"line":251,"column":6},"end":{"line":256,"column":8}},"53":{"start":{"line":258,"column":4},"end":{"line":258,"column":48}},"54":{"start":{"line":259,"column":4},"end":{"line":259,"column":38}},"55":{"start":{"line":38,"column":0},"end":{"line":38,"column":13}}},"fnMap":{"0":{"name":"(anonymous_0)","decl":{"start":{"line":39,"column":2},"end":{"line":39,"column":8}},"loc":{"start":{"line":39,"column":41},"end":{"line":62,"column":3}}},"1":{"name":"(anonymous_1)","decl":{"start":{"line":64,"column":2},"end":{"line":64,"column":8}},"loc":{"start":{"line":64,"column":41},"end":{"line":66,"column":3}}},"2":{"name":"(anonymous_2)","decl":{"start":{"line":68,"column":2},"end":{"line":68,"column":6}},"loc":{"start":{"line":68,"column":15},"end":{"line":70,"column":3}}},"3":{"name":"(anonymous_3)","decl":{"start":{"line":72,"column":2},"end":{"line":72,"column":6}},"loc":{"start":{"line":72,"column":16},"end":{"line":74,"column":3}}},"4":{"name":"(anonymous_4)","decl":{"start":{"line":76,"column":2},"end":{"line":76,"column":6}},"loc":{"start":{"line":76,"column":15},"end":{"line":78,"column":3}}},"5":{"name":"(anonymous_5)","decl":{"start":{"line":80,"column":2},"end":{"line":80,"column":6}},"loc":{"start":{"line":80,"column":21},"end":{"line":82,"column":3}}},"6":{"name":"(anonymous_6)","decl":{"start":{"line":84,"column":2},"end":{"line":84,"column":6}},"loc":{"start":{"line":84,"column":11},"end":{"line":86,"column":3}}},"7":{"name":"(anonymous_7)","decl":{"start":{"line":88,"column":2},"end":{"line":88,"column":6}},"loc":{"start":{"line":88,"column":12},"end":{"line":90,"column":3}}},"8":{"name":"(anonymous_8)","decl":{"start":{"line":92,"column":2},"end":{"line":92,"column":6}},"loc":{"start":{"line":92,"column":27},"end":{"line":94,"column":3}}},"9":{"name":"(anonymous_9)","decl":{"start":{"line":96,"column":2},"end":{"line":96,"column":6}},"loc":{"start":{"line":96,"column":20},"end":{"line":98,"column":3}}},"10":{"name":"(anonymous_10)","decl":{"start":{"line":100,"column":2},"end":{"line":100,"column":6}},"loc":{"start":{"line":100,"column":17},"end":{"line":102,"column":3}}},"11":{"name":"(anonymous_11)","decl":{"start":{"line":104,"column":2},"end":{"line":104,"column":6}},"loc":{"start":{"line":104,"column":19},"end":{"line":106,"column":3}}},"12":{"name":"(anonymous_12)","decl":{"start":{"line":108,"column":2},"end":{"line":108,"column":6}},"loc":{"start":{"line":108,"column":20},"end":{"line":110,"column":3}}},"13":{"name":"(anonymous_13)","decl":{"start":{"line":112,"column":2},"end":{"line":112,"column":6}},"loc":{"start":{"line":112,"column":20},"end":{"line":114,"column":3}}},"14":{"name":"(anonymous_14)","decl":{"start":{"line":116,"column":2},"end":{"line":116,"column":6}},"loc":{"start":{"line":116,"column":15},"end":{"line":118,"column":3}}},"15":{"name":"(anonymous_15)","decl":{"start":{"line":120,"column":2},"end":{"line":120,"column":6}},"loc":{"start":{"line":120,"column":15},"end":{"line":122,"column":3}}},"16":{"name":"(anonymous_16)","decl":{"start":{"line":124,"column":2},"end":{"line":124,"column":11}},"loc":{"start":{"line":124,"column":87},"end":{"line":152,"column":3}}},"17":{"name":"(anonymous_17)","decl":{"start":{"line":154,"column":2},"end":{"line":154,"column":14}},"loc":{"start":{"line":154,"column":83},"end":{"line":181,"column":3}}},"18":{"name":"(anonymous_18)","decl":{"start":{"line":183,"column":2},"end":{"line":183,"column":14}},"loc":{"start":{"line":183,"column":99},"end":{"line":214,"column":3}}},"19":{"name":"(anonymous_19)","decl":{"start":{"line":216,"column":2},"end":{"line":216,"column":12}},"loc":{"start":{"line":216,"column":80},"end":{"line":247,"column":3}}},"20":{"name":"(anonymous_20)","decl":{"start":{"line":249,"column":2},"end":{"line":249,"column":15}},"loc":{"start":{"line":249,"column":15},"end":{"line":261,"column":3}}}},"branchMap":{"0":{"loc":{"start":{"line":53,"column":19},"end":{"line":53,"column":44}},"type":"binary-expr","locations":[{"start":{"line":53,"column":19},"end":{"line":53,"column":36}},{"start":{"line":53,"column":40},"end":{"line":53,"column":44}}]},"1":{"loc":{"start":{"line":125,"column":4},"end":{"line":132,"column":5}},"type":"if","locations":[{"start":{"line":125,"column":4},"end":{"line":132,"column":5}}]},"2":{"loc":{"start":{"line":140,"column":12},"end":{"line":140,"column":60}},"type":"binary-expr","locations":[{"start":{"line":140,"column":12},"end":{"line":140,"column":39}},{"start":{"line":140,"column":43},"end":{"line":140,"column":60}}]},"3":{"loc":{"start":{"line":141,"column":12},"end":{"line":141,"column":56}},"type":"binary-expr","locations":[{"start":{"line":141,"column":12},"end":{"line":141,"column":37}},{"start":{"line":141,"column":41},"end":{"line":141,"column":56}}]},"4":{"loc":{"start":{"line":155,"column":4},"end":{"line":162,"column":5}},"type":"if","locations":[{"start":{"line":155,"column":4},"end":{"line":162,"column":5}}]},"5":{"loc":{"start":{"line":170,"column":12},"end":{"line":170,"column":60}},"type":"binary-expr","locations":[{"start":{"line":170,"column":12},"end":{"line":170,"column":39}},{"start":{"line":170,"column":43},"end":{"line":170,"column":60}}]},"6":{"loc":{"start":{"line":171,"column":12},"end":{"line":171,"column":56}},"type":"binary-expr","locations":[{"start":{"line":171,"column":12},"end":{"line":171,"column":37}},{"start":{"line":171,"column":41},"end":{"line":171,"column":56}}]},"7":{"loc":{"start":{"line":184,"column":4},"end":{"line":191,"column":5}},"type":"if","locations":[{"start":{"line":184,"column":4},"end":{"line":191,"column":5}}]},"8":{"loc":{"start":{"line":194,"column":6},"end":{"line":196,"column":42}},"type":"cond-expr","locations":[{"start":{"line":195,"column":10},"end":{"line":195,"column":32}},{"start":{"line":196,"column":10},"end":{"line":196,"column":42}}]},"9":{"loc":{"start":{"line":202,"column":12},"end":{"line":202,"column":60}},"type":"binary-expr","locations":[{"start":{"line":202,"column":12},"end":{"line":202,"column":39}},{"start":{"line":202,"column":43},"end":{"line":202,"column":60}}]},"10":{"loc":{"start":{"line":203,"column":12},"end":{"line":203,"column":56}},"type":"binary-expr","locations":[{"start":{"line":203,"column":12},"end":{"line":203,"column":37}},{"start":{"line":203,"column":41},"end":{"line":203,"column":56}}]},"11":{"loc":{"start":{"line":217,"column":4},"end":{"line":227,"column":5}},"type":"if","locations":[{"start":{"line":217,"column":4},"end":{"line":227,"column":5}}]},"12":{"loc":{"start":{"line":218,"column":6},"end":{"line":219,"column":52}},"type":"binary-expr","locations":[{"start":{"line":218,"column":6},"end":{"line":218,"column":49}},{"start":{"line":219,"column":6},"end":{"line":219,"column":52}}]},"13":{"loc":{"start":{"line":235,"column":12},"end":{"line":235,"column":60}},"type":"binary-expr","locations":[{"start":{"line":235,"column":12},"end":{"line":235,"column":39}},{"start":{"line":235,"column":43},"end":{"line":235,"column":60}}]},"14":{"loc":{"start":{"line":236,"column":12},"end":{"line":236,"column":56}},"type":"binary-expr","locations":[{"start":{"line":236,"column":12},"end":{"line":236,"column":37}},{"start":{"line":236,"column":41},"end":{"line":236,"column":56}}]},"15":{"loc":{"start":{"line":250,"column":4},"end":{"line":257,"column":5}},"type":"if","locations":[{"start":{"line":250,"column":4},"end":{"line":257,"column":5}}]}},"s":{"0":8,"1":8,"2":8,"3":8,"4":8,"5":8,"6":8,"7":31,"8":31,"9":31,"10":31,"11":31,"12":28,"13":17,"14":14,"15":5,"16":2,"17":23,"18":56,"19":13,"20":2,"21":1,"22":4,"23":3,"24":2,"25":4,"26":1,"27":27,"28":3,"29":24,"30":24,"31":24,"32":24,"33":15,"34":1,"35":14,"36":14,"37":14,"38":14,"39":7,"40":1,"41":6,"42":6,"43":6,"44":6,"45":11,"46":1,"47":10,"48":10,"49":10,"50":10,"51":5,"52":2,"53":3,"54":3,"55":8},"f":{"0":31,"1":28,"2":17,"3":14,"4":5,"5":2,"6":23,"7":56,"8":13,"9":2,"10":1,"11":4,"12":3,"13":2,"14":4,"15":1,"16":27,"17":15,"18":7,"19":11,"20":5},"b":{"0":[31,6],"1":[3],"2":[24,1],"3":[24,0],"4":[1],"5":[14,1],"6":[14,0],"7":[1],"8":[5,1],"9":[6,1],"10":[6,0],"11":[1],"12":[11,7],"13":[10,1],"14":[10,0],"15":[2]}}
,"C:\\Users\\Anandu\\Documents\\workspace\\training\\travel-portal\\pgt\\payment-service\\src\\domain\\events\\payment-authorized.event.ts": {"path":"C:\\Users\\Anandu\\Documents\\workspace\\training\\travel-portal\\pgt\\payment-service\\src\\domain\\events\\payment-authorized.event.ts","statementMap":{"0":{"start":{"line":1,"column":0},"end":{"line":1,"column":63}},"1":{"start":{"line":16,"column":4},"end":{"line":16,"column":31}},"2":{"start":{"line":20,"column":4},"end":{"line":20,"column":17}},"3":{"start":{"line":21,"column":4},"end":{"line":21,"column":27}},"4":{"start":{"line":12,"column":0},"end":{"line":12,"column":13}}},"fnMap":{"0":{"name":"(anonymous_0)","decl":{"start":{"line":15,"column":2},"end":{"line":15,"column":6}},"loc":{"start":{"line":15,"column":15},"end":{"line":17,"column":3}}},"1":{"name":"(anonymous_1)","decl":{"start":{"line":19,"column":2},"end":{"line":19,"column":14}},"loc":{"start":{"line":19,"column":71},"end":{"line":22,"column":3}}}},"branchMap":{},"s":{"0":9,"1":36,"2":28,"3":28,"4":9},"f":{"0":36,"1":28},"b":{}}
,"C:\\Users\\Anandu\\Documents\\workspace\\training\\travel-portal\\pgt\\payment-service\\src\\domain\\events\\payment-captured.event.ts": {"path":"C:\\Users\\Anandu\\Documents\\workspace\\training\\travel-portal\\pgt\\payment-service\\src\\domain\\events\\payment-captured.event.ts","statementMap":{"0":{"start":{"line":1,"column":0},"end":{"line":1,"column":63}},"1":{"start":{"line":15,"column":4},"end":{"line":15,"column":29}},"2":{"start":{"line":19,"column":4},"end":{"line":19,"column":17}},"3":{"start":{"line":20,"column":4},"end":{"line":20,"column":27}},"4":{"start":{"line":11,"column":0},"end":{"line":11,"column":13}}},"fnMap":{"0":{"name":"(anonymous_0)","decl":{"start":{"line":14,"column":2},"end":{"line":14,"column":6}},"loc":{"start":{"line":14,"column":15},"end":{"line":16,"column":3}}},"1":{"name":"(anonymous_1)","decl":{"start":{"line":18,"column":2},"end":{"line":18,"column":14}},"loc":{"start":{"line":18,"column":69},"end":{"line":21,"column":3}}}},"branchMap":{},"s":{"0":8,"1":14,"2":14,"3":14,"4":8},"f":{"0":14,"1":14},"b":{}}
,"C:\\Users\\Anandu\\Documents\\workspace\\training\\travel-portal\\pgt\\payment-service\\src\\domain\\events\\payment-failed.event.ts": {"path":"C:\\Users\\Anandu\\Documents\\workspace\\training\\travel-portal\\pgt\\payment-service\\src\\domain\\events\\payment-failed.event.ts","statementMap":{"0":{"start":{"line":1,"column":0},"end":{"line":1,"column":63}},"1":{"start":{"line":16,"column":4},"end":{"line":16,"column":27}},"2":{"start":{"line":20,"column":4},"end":{"line":20,"column":17}},"3":{"start":{"line":21,"column":4},"end":{"line":21,"column":27}},"4":{"start":{"line":12,"column":0},"end":{"line":12,"column":13}}},"fnMap":{"0":{"name":"(anonymous_0)","decl":{"start":{"line":15,"column":2},"end":{"line":15,"column":6}},"loc":{"start":{"line":15,"column":15},"end":{"line":17,"column":3}}},"1":{"name":"(anonymous_1)","decl":{"start":{"line":19,"column":2},"end":{"line":19,"column":14}},"loc":{"start":{"line":19,"column":67},"end":{"line":22,"column":3}}}},"branchMap":{},"s":{"0":8,"1":10,"2":10,"3":10,"4":8},"f":{"0":10,"1":10},"b":{}}
,"C:\\Users\\Anandu\\Documents\\workspace\\training\\travel-portal\\pgt\\payment-service\\src\\domain\\events\\payment-refunded.event.ts": {"path":"C:\\Users\\Anandu\\Documents\\workspace\\training\\travel-portal\\pgt\\payment-service\\src\\domain\\events\\payment-refunded.event.ts","statementMap":{"0":{"start":{"line":1,"column":0},"end":{"line":1,"column":63}},"1":{"start":{"line":16,"column":4},"end":{"line":16,"column":29}},"2":{"start":{"line":20,"column":4},"end":{"line":20,"column":17}},"3":{"start":{"line":21,"column":4},"end":{"line":21,"column":27}},"4":{"start":{"line":12,"column":0},"end":{"line":12,"column":13}}},"fnMap":{"0":{"name":"(anonymous_0)","decl":{"start":{"line":15,"column":2},"end":{"line":15,"column":6}},"loc":{"start":{"line":15,"column":15},"end":{"line":17,"column":3}}},"1":{"name":"(anonymous_1)","decl":{"start":{"line":19,"column":2},"end":{"line":19,"column":14}},"loc":{"start":{"line":19,"column":69},"end":{"line":22,"column":3}}}},"branchMap":{},"s":{"0":8,"1":6,"2":6,"3":6,"4":8},"f":{"0":6,"1":6},"b":{}}
,"C:\\Users\\Anandu\\Documents\\workspace\\training\\travel-portal\\pgt\\payment-service\\src\\domain\\value-objects\\card-brand.vo.ts": {"path":"C:\\Users\\Anandu\\Documents\\workspace\\training\\travel-portal\\pgt\\payment-service\\src\\domain\\value-objects\\card-brand.vo.ts","statementMap":{"0":{"start":{"line":1,"column":0},"end":{"line":1,"column":49}},"1":{"start":{"line":4,"column":42},"end":{"line":4,"column":104}},"2":{"start":{"line":7,"column":23},"end":{"line":7,"column":44}},"3":{"start":{"line":8,"column":4},"end":{"line":15,"column":5}},"4":{"start":{"line":9,"column":6},"end":{"line":14,"column":8}},"5":{"start":{"line":6,"column":0},"end":{"line":6,"column":13}}},"fnMap":{"0":{"name":"(anonymous_0)","decl":{"start":{"line":7,"column":2},"end":{"line":7,"column":23}},"loc":{"start":{"line":7,"column":44},"end":{"line":16,"column":3}}}},"branchMap":{"0":{"loc":{"start":{"line":8,"column":4},"end":{"line":15,"column":5}},"type":"if","locations":[{"start":{"line":8,"column":4},"end":{"line":15,"column":5}}]}},"s":{"0":1,"1":1,"2":7,"3":7,"4":2,"5":1},"f":{"0":7},"b":{"0":[2]}}
,"C:\\Users\\Anandu\\Documents\\workspace\\training\\travel-portal\\pgt\\payment-service\\src\\domain\\value-objects\\last4.vo.ts": {"path":"C:\\Users\\Anandu\\Documents\\workspace\\training\\travel-portal\\pgt\\payment-service\\src\\domain\\value-objects\\last4.vo.ts","statementMap":{"0":{"start":{"line":1,"column":0},"end":{"line":1,"column":49}},"1":{"start":{"line":4,"column":23},"end":{"line":4,"column":36}},"2":{"start":{"line":5,"column":4},"end":{"line":12,"column":5}},"3":{"start":{"line":6,"column":6},"end":{"line":11,"column":8}},"4":{"start":{"line":3,"column":0},"end":{"line":3,"column":13}}},"fnMap":{"0":{"name":"(anonymous_0)","decl":{"start":{"line":4,"column":2},"end":{"line":4,"column":23}},"loc":{"start":{"line":4,"column":36},"end":{"line":13,"column":3}}}},"branchMap":{"0":{"loc":{"start":{"line":5,"column":4},"end":{"line":12,"column":5}},"type":"if","locations":[{"start":{"line":5,"column":4},"end":{"line":12,"column":5}}]}},"s":{"0":1,"1":5,"2":5,"3":4,"4":1},"f":{"0":5},"b":{"0":[4]}}
,"C:\\Users\\Anandu\\Documents\\workspace\\training\\travel-portal\\pgt\\payment-service\\src\\domain\\value-objects\\money.vo.ts": {"path":"C:\\Users\\Anandu\\Documents\\workspace\\training\\travel-portal\\pgt\\payment-service\\src\\domain\\value-objects\\money.vo.ts","statementMap":{"0":{"start":{"line":1,"column":0},"end":{"line":1,"column":49}},"1":{"start":{"line":5,"column":13},"end":{"line":5,"column":27}},"2":{"start":{"line":6,"column":13},"end":{"line":6,"column":29}},"3":{"start":{"line":8,"column":4},"end":{"line":15,"column":5}},"4":{"start":{"line":9,"column":6},"end":{"line":14,"column":8}},"5":{"start":{"line":16,"column":4},"end":{"line":23,"column":5}},"6":{"start":{"line":17,"column":6},"end":{"line":22,"column":8}},"7":{"start":{"line":25,"column":4},"end":{"line":25,"column":49}},"8":{"start":{"line":29,"column":4},"end":{"line":29,"column":76}},"9":{"start":{"line":3,"column":0},"end":{"line":3,"column":13}}},"fnMap":{"0":{"name":"(anonymous_0)","decl":{"start":{"line":4,"column":2},"end":{"line":4,"column":null}},"loc":{"start":{"line":6,"column":29},"end":{"line":26,"column":3}}},"1":{"name":"(anonymous_1)","decl":{"start":{"line":28,"column":2},"end":{"line":28,"column":8}},"loc":{"start":{"line":28,"column":21},"end":{"line":30,"column":3}}}},"branchMap":{"0":{"loc":{"start":{"line":8,"column":4},"end":{"line":15,"column":5}},"type":"if","locations":[{"start":{"line":8,"column":4},"end":{"line":15,"column":5}}]},"1":{"loc":{"start":{"line":8,"column":8},"end":{"line":8,"column":47}},"type":"binary-expr","locations":[{"start":{"line":8,"column":8},"end":{"line":8,"column":32}},{"start":{"line":8,"column":36},"end":{"line":8,"column":47}}]},"2":{"loc":{"start":{"line":16,"column":4},"end":{"line":23,"column":5}},"type":"if","locations":[{"start":{"line":16,"column":4},"end":{"line":23,"column":5}}]},"3":{"loc":{"start":{"line":29,"column":11},"end":{"line":29,"column":75}},"type":"binary-expr","locations":[{"start":{"line":29,"column":11},"end":{"line":29,"column":39}},{"start":{"line":29,"column":43},"end":{"line":29,"column":75}}]}},"s":{"0":9,"1":69,"2":69,"3":69,"4":2,"5":67,"6":3,"7":64,"8":2,"9":9},"f":{"0":69,"1":2},"b":{"0":[2],"1":[69,69],"2":[3],"3":[2,2]}}
,"C:\\Users\\Anandu\\Documents\\workspace\\training\\travel-portal\\pgt\\payment-service\\src\\domain\\value-objects\\payment-id.vo.ts": {"path":"C:\\Users\\Anandu\\Documents\\workspace\\training\\travel-portal\\pgt\\payment-service\\src\\domain\\value-objects\\payment-id.vo.ts","statementMap":{"0":{"start":{"line":1,"column":0},"end":{"line":1,"column":41}},"1":{"start":{"line":3,"column":0},"end":{"line":3,"column":13}}},"fnMap":{},"branchMap":{},"s":{"0":1,"1":1},"f":{},"b":{}}
,"C:\\Users\\Anandu\\Documents\\workspace\\training\\travel-portal\\pgt\\payment-service\\src\\domain\\value-objects\\payment-method-id.vo.ts": {"path":"C:\\Users\\Anandu\\Documents\\workspace\\training\\travel-portal\\pgt\\payment-service\\src\\domain\\value-objects\\payment-method-id.vo.ts","statementMap":{"0":{"start":{"line":1,"column":0},"end":{"line":1,"column":41}},"1":{"start":{"line":3,"column":0},"end":{"line":3,"column":13}}},"fnMap":{},"branchMap":{},"s":{"0":1,"1":1},"f":{},"b":{}}
,"C:\\Users\\Anandu\\Documents\\workspace\\training\\travel-portal\\pgt\\payment-service\\src\\domain\\value-objects\\payment-status.enum.ts": {"path":"C:\\Users\\Anandu\\Documents\\workspace\\training\\travel-portal\\pgt\\payment-service\\src\\domain\\value-objects\\payment-status.enum.ts","statementMap":{"0":{"start":{"line":1,"column":0},"end":{"line":1,"column":null}},"1":{"start":{"line":2,"column":2},"end":{"line":2,"column":null}},"2":{"start":{"line":3,"column":2},"end":{"line":3,"column":null}},"3":{"start":{"line":4,"column":2},"end":{"line":4,"column":null}},"4":{"start":{"line":5,"column":2},"end":{"line":5,"column":null}},"5":{"start":{"line":6,"column":2},"end":{"line":6,"column":null}},"6":{"start":{"line":7,"column":2},"end":{"line":7,"column":null}},"7":{"start":{"line":8,"column":2},"end":{"line":8,"column":null}}},"fnMap":{"0":{"name":"(anonymous_0)","decl":{"start":{"line":1,"column":0},"end":{"line":1,"column":12}},"loc":{"start":{"line":1,"column":25},"end":{"line":9,"column":1}}}},"branchMap":{"0":{"loc":{"start":{"line":1,"column":12},"end":{"line":1,"column":null}},"type":"binary-expr","locations":[{"start":{"line":1,"column":12},"end":{"line":1,"column":25}},{"start":{"line":1,"column":25},"end":{"line":1,"column":null}}]}},"s":{"0":8,"1":8,"2":8,"3":8,"4":8,"5":8,"6":8,"7":8},"f":{"0":8},"b":{"0":[8,8]}}
,"C:\\Users\\Anandu\\Documents\\workspace\\training\\travel-portal\\pgt\\payment-service\\src\\domain\\value-objects\\stripe-payment-method-id.vo.ts": {"path":"C:\\Users\\Anandu\\Documents\\workspace\\training\\travel-portal\\pgt\\payment-service\\src\\domain\\value-objects\\stripe-payment-method-id.vo.ts","statementMap":{"0":{"start":{"line":1,"column":0},"end":{"line":1,"column":49}},"1":{"start":{"line":4,"column":23},"end":{"line":4,"column":36}},"2":{"start":{"line":5,"column":4},"end":{"line":12,"column":5}},"3":{"start":{"line":6,"column":6},"end":{"line":11,"column":8}},"4":{"start":{"line":3,"column":0},"end":{"line":3,"column":13}}},"fnMap":{"0":{"name":"(anonymous_0)","decl":{"start":{"line":4,"column":2},"end":{"line":4,"column":23}},"loc":{"start":{"line":4,"column":36},"end":{"line":13,"column":3}}}},"branchMap":{"0":{"loc":{"start":{"line":5,"column":4},"end":{"line":12,"column":5}},"type":"if","locations":[{"start":{"line":5,"column":4},"end":{"line":12,"column":5}}]}},"s":{"0":1,"1":5,"2":5,"3":3,"4":1},"f":{"0":5},"b":{"0":[3]}}
,"C:\\Users\\Anandu\\Documents\\workspace\\training\\travel-portal\\pgt\\payment-service\\src\\infrastructure\\events\\payment-event.publisher.ts": {"path":"C:\\Users\\Anandu\\Documents\\workspace\\training\\travel-portal\\pgt\\payment-service\\src\\infrastructure\\events\\payment-event.publisher.ts","statementMap":{"0":{"start":{"line":1,"column":0},"end":{"line":1,"column":60}},"1":{"start":{"line":2,"column":0},"end":{"line":2,"column":48}},"2":{"start":{"line":8,"column":0},"end":{"line":8,"column":66}},"3":{"start":{"line":10,"column":29},"end":{"line":10,"column":45}},"4":{"start":{"line":19,"column":34},"end":{"line":53,"column":null}},"5":{"start":{"line":23,"column":45},"end":{"line":23,"column":63}},"6":{"start":{"line":24,"column":21},"end":{"line":24,"column":30}},"7":{"start":{"line":20,"column":19},"end":{"line":20,"column":67}},"8":{"start":{"line":28,"column":21},"end":{"line":38,"column":6}},"9":{"start":{"line":40,"column":4},"end":{"line":48,"column":7}},"10":{"start":{"line":50,"column":4},"end":{"line":50,"column":86}},"11":{"start":{"line":51,"column":4},"end":{"line":51,"column":87}},"12":{"start":{"line":19,"column":13},"end":{"line":19,"column":34}},"13":{"start":{"line":19,"column":13},"end":{"line":53,"column":null}}},"fnMap":{"0":{"name":"(anonymous_4)","decl":{"start":{"line":22,"column":2},"end":{"line":22,"column":null}},"loc":{"start":{"line":24,"column":44},"end":{"line":25,"column":6}}},"1":{"name":"(anonymous_5)","decl":{"start":{"line":27,"column":2},"end":{"line":27,"column":7}},"loc":{"start":{"line":27,"column":41},"end":{"line":52,"column":3}}}},"branchMap":{"0":{"loc":{"start":{"line":32,"column":18},"end":{"line":34,"column":34}},"type":"cond-expr","locations":[{"start":{"line":33,"column":10},"end":{"line":33,"column":40}},{"start":{"line":34,"column":10},"end":{"line":34,"column":34}}]}},"s":{"0":6,"1":6,"2":6,"3":6,"4":6,"5":4,"6":4,"7":4,"8":4,"9":4,"10":4,"11":4,"12":6,"13":6},"f":{"0":4,"1":4},"b":{"0":[3,1]}}
,"C:\\Users\\Anandu\\Documents\\workspace\\training\\travel-portal\\pgt\\payment-service\\src\\infrastructure\\logging\\log-sanitizer.ts": {"path":"C:\\Users\\Anandu\\Documents\\workspace\\training\\travel-portal\\pgt\\payment-service\\src\\infrastructure\\logging\\log-sanitizer.ts","statementMap":{"0":{"start":{"line":12,"column":0},"end":{"line":12,"column":16}},"1":{"start":{"line":1,"column":23},"end":{"line":10,"column":2}},"2":{"start":{"line":13,"column":42},"end":{"line":13,"column":44}},"3":{"start":{"line":14,"column":2},"end":{"line":22,"column":3}},"4":{"start":{"line":15,"column":4},"end":{"line":21,"column":5}},"5":{"start":{"line":16,"column":6},"end":{"line":16,"column":33}},"6":{"start":{"line":17,"column":11},"end":{"line":21,"column":5}},"7":{"start":{"line":18,"column":6},"end":{"line":18,"column":73}},"8":{"start":{"line":20,"column":6},"end":{"line":20,"column":26}},"9":{"start":{"line":23,"column":2},"end":{"line":23,"column":16}}},"fnMap":{"0":{"name":"sanitizeLogContext","decl":{"start":{"line":12,"column":16},"end":{"line":12,"column":34}},"loc":{"start":{"line":12,"column":67},"end":{"line":24,"column":1}}}},"branchMap":{"0":{"loc":{"start":{"line":15,"column":4},"end":{"line":21,"column":5}},"type":"if","locations":[{"start":{"line":15,"column":4},"end":{"line":21,"column":5}},{"start":{"line":17,"column":11},"end":{"line":21,"column":5}}]},"1":{"loc":{"start":{"line":17,"column":11},"end":{"line":21,"column":5}},"type":"if","locations":[{"start":{"line":17,"column":11},"end":{"line":21,"column":5}},{"start":{"line":19,"column":11},"end":{"line":21,"column":5}}]},"2":{"loc":{"start":{"line":17,"column":15},"end":{"line":17,"column":83}},"type":"binary-expr","locations":[{"start":{"line":17,"column":15},"end":{"line":17,"column":29}},{"start":{"line":17,"column":33},"end":{"line":17,"column":58}},{"start":{"line":17,"column":62},"end":{"line":17,"column":83}}]}},"s":{"0":1,"1":1,"2":5,"3":5,"4":15,"5":8,"6":7,"7":1,"8":6,"9":5},"f":{"0":5},"b":{"0":[8,7],"1":[1,6],"2":[7,7,1]}}
,"C:\\Users\\Anandu\\Documents\\workspace\\training\\travel-portal\\pgt\\payment-service\\src\\infrastructure\\observability\\metrics.service.ts": {"path":"C:\\Users\\Anandu\\Documents\\workspace\\training\\travel-portal\\pgt\\payment-service\\src\\infrastructure\\observability\\metrics.service.ts","statementMap":{"0":{"start":{"line":1,"column":0},"end":{"line":1,"column":44}},"1":{"start":{"line":2,"column":0},"end":{"line":2,"column":36}},"2":{"start":{"line":5,"column":7},"end":{"line":158,"column":null}},"3":{"start":{"line":29,"column":21},"end":{"line":29,"column":34}},"4":{"start":{"line":31,"column":4},"end":{"line":36,"column":7}},"5":{"start":{"line":38,"column":4},"end":{"line":44,"column":7}},"6":{"start":{"line":46,"column":4},"end":{"line":51,"column":7}},"7":{"start":{"line":53,"column":4},"end":{"line":58,"column":7}},"8":{"start":{"line":60,"column":4},"end":{"line":65,"column":7}},"9":{"start":{"line":67,"column":4},"end":{"line":72,"column":7}},"10":{"start":{"line":74,"column":4},"end":{"line":79,"column":7}},"11":{"start":{"line":81,"column":4},"end":{"line":86,"column":7}},"12":{"start":{"line":88,"column":4},"end":{"line":93,"column":7}},"13":{"start":{"line":95,"column":4},"end":{"line":100,"column":7}},"14":{"start":{"line":102,"column":4},"end":{"line":107,"column":7}},"15":{"start":{"line":109,"column":4},"end":{"line":115,"column":7}},"16":{"start":{"line":119,"column":4},"end":{"line":119,"column":75}},"17":{"start":{"line":123,"column":4},"end":{"line":123,"column":57}},"18":{"start":{"line":127,"column":4},"end":{"line":127,"column":72}},"19":{"start":{"line":128,"column":4},"end":{"line":128,"column":62}},"20":{"start":{"line":132,"column":4},"end":{"line":132,"column":46}},"21":{"start":{"line":136,"column":4},"end":{"line":136,"column":48}},"22":{"start":{"line":140,"column":4},"end":{"line":140,"column":48}},"23":{"start":{"line":144,"column":4},"end":{"line":144,"column":49}},"24":{"start":{"line":148,"column":4},"end":{"line":148,"column":49}},"25":{"start":{"line":152,"column":4},"end":{"line":152,"column":73}},"26":{"start":{"line":156,"column":4},"end":{"line":156,"column":35}},"27":{"start":{"line":5,"column":13},"end":{"line":5,"column":27}},"28":{"start":{"line":5,"column":13},"end":{"line":158,"column":null}}},"fnMap":{"0":{"name":"(anonymous_11)","decl":{"start":{"line":28,"column":2},"end":{"line":28,"column":null}},"loc":{"start":{"line":28,"column":2},"end":{"line":116,"column":3}}},"1":{"name":"(anonymous_12)","decl":{"start":{"line":118,"column":2},"end":{"line":118,"column":23}},"loc":{"start":{"line":118,"column":73},"end":{"line":120,"column":3}}},"2":{"name":"(anonymous_13)","decl":{"start":{"line":122,"column":2},"end":{"line":122,"column":25}},"loc":{"start":{"line":122,"column":60},"end":{"line":124,"column":3}}},"3":{"name":"(anonymous_14)","decl":{"start":{"line":126,"column":2},"end":{"line":126,"column":26}},"loc":{"start":{"line":126,"column":63},"end":{"line":129,"column":3}}},"4":{"name":"(anonymous_15)","decl":{"start":{"line":131,"column":2},"end":{"line":131,"column":17}},"loc":{"start":{"line":131,"column":48},"end":{"line":133,"column":3}}},"5":{"name":"(anonymous_16)","decl":{"start":{"line":135,"column":2},"end":{"line":135,"column":21}},"loc":{"start":{"line":135,"column":56},"end":{"line":137,"column":3}}},"6":{"name":"(anonymous_17)","decl":{"start":{"line":139,"column":2},"end":{"line":139,"column":26}},"loc":{"start":{"line":139,"column":43},"end":{"line":141,"column":3}}},"7":{"name":"(anonymous_18)","decl":{"start":{"line":143,"column":2},"end":{"line":143,"column":27}},"loc":{"start":{"line":143,"column":44},"end":{"line":145,"column":3}}},"8":{"name":"(anonymous_19)","decl":{"start":{"line":147,"column":2},"end":{"line":147,"column":27}},"loc":{"start":{"line":147,"column":44},"end":{"line":149,"column":3}}},"9":{"name":"(anonymous_20)","decl":{"start":{"line":151,"column":2},"end":{"line":151,"column":31}},"loc":{"start":{"line":151,"column":64},"end":{"line":153,"column":3}}},"10":{"name":"(anonymous_21)","decl":{"start":{"line":155,"column":2},"end":{"line":155,"column":7}},"loc":{"start":{"line":155,"column":18},"end":{"line":157,"column":3}}}},"branchMap":{},"s":{"0":11,"1":11,"2":11,"3":10,"4":10,"5":10,"6":10,"7":10,"8":10,"9":10,"10":10,"11":10,"12":10,"13":10,"14":10,"15":10,"16":1,"17":1,"18":1,"19":1,"20":2,"21":1,"22":1,"23":1,"24":1,"25":1,"26":1,"27":11,"28":11},"f":{"0":10,"1":1,"2":1,"3":1,"4":2,"5":1,"6":1,"7":1,"8":1,"9":1,"10":1},"b":{}}
,"C:\\Users\\Anandu\\Documents\\workspace\\training\\travel-portal\\pgt\\payment-service\\src\\infrastructure\\persistence\\entities\\payment-method.typeorm-entity.ts": {"path":"C:\\Users\\Anandu\\Documents\\workspace\\training\\travel-portal\\pgt\\payment-service\\src\\infrastructure\\persistence\\entities\\payment-method.typeorm-entity.ts","statementMap":{"0":{"start":{"line":1,"column":0},"end":{"line":1,"column":null}},"1":{"start":{"line":11,"column":7},"end":{"line":43,"column":null}},"2":{"start":{"line":11,"column":13},"end":{"line":11,"column":39}},"3":{"start":{"line":13,"column":2},"end":{"line":13,"column":null}},"4":{"start":{"line":17,"column":2},"end":{"line":17,"column":null}},"5":{"start":{"line":20,"column":2},"end":{"line":20,"column":null}},"6":{"start":{"line":23,"column":2},"end":{"line":23,"column":null}},"7":{"start":{"line":26,"column":2},"end":{"line":26,"column":null}},"8":{"start":{"line":29,"column":2},"end":{"line":29,"column":null}},"9":{"start":{"line":32,"column":2},"end":{"line":32,"column":null}},"10":{"start":{"line":36,"column":2},"end":{"line":36,"column":null}},"11":{"start":{"line":39,"column":2},"end":{"line":39,"column":null}},"12":{"start":{"line":42,"column":2},"end":{"line":42,"column":null}},"13":{"start":{"line":11,"column":13},"end":{"line":43,"column":null}}},"fnMap":{},"branchMap":{},"s":{"0":1,"1":1,"2":1,"3":1,"4":1,"5":1,"6":1,"7":1,"8":1,"9":1,"10":1,"11":1,"12":1,"13":1},"f":{},"b":{}}
,"C:\\Users\\Anandu\\Documents\\workspace\\training\\travel-portal\\pgt\\payment-service\\src\\infrastructure\\persistence\\entities\\payment.typeorm-entity.ts": {"path":"C:\\Users\\Anandu\\Documents\\workspace\\training\\travel-portal\\pgt\\payment-service\\src\\infrastructure\\persistence\\entities\\payment.typeorm-entity.ts","statementMap":{"0":{"start":{"line":1,"column":0},"end":{"line":1,"column":null}},"1":{"start":{"line":11,"column":7},"end":{"line":60,"column":null}},"2":{"start":{"line":11,"column":13},"end":{"line":11,"column":33}},"3":{"start":{"line":13,"column":2},"end":{"line":13,"column":null}},"4":{"start":{"line":17,"column":2},"end":{"line":17,"column":null}},"5":{"start":{"line":21,"column":2},"end":{"line":21,"column":null}},"6":{"start":{"line":24,"column":2},"end":{"line":24,"column":null}},"7":{"start":{"line":27,"column":2},"end":{"line":27,"column":null}},"8":{"start":{"line":30,"column":2},"end":{"line":30,"column":null}},"9":{"start":{"line":34,"column":2},"end":{"line":34,"column":null}},"10":{"start":{"line":37,"column":2},"end":{"line":37,"column":null}},"11":{"start":{"line":41,"column":2},"end":{"line":41,"column":null}},"12":{"start":{"line":44,"column":2},"end":{"line":44,"column":null}},"13":{"start":{"line":47,"column":2},"end":{"line":47,"column":null}},"14":{"start":{"line":50,"column":2},"end":{"line":50,"column":null}},"15":{"start":{"line":53,"column":2},"end":{"line":53,"column":null}},"16":{"start":{"line":56,"column":2},"end":{"line":56,"column":null}},"17":{"start":{"line":59,"column":2},"end":{"line":59,"column":null}},"18":{"start":{"line":11,"column":13},"end":{"line":60,"column":null}}},"fnMap":{},"branchMap":{},"s":{"0":1,"1":1,"2":1,"3":1,"4":1,"5":1,"6":1,"7":1,"8":1,"9":1,"10":1,"11":1,"12":1,"13":1,"14":1,"15":1,"16":1,"17":1,"18":1},"f":{},"b":{}}
,"C:\\Users\\Anandu\\Documents\\workspace\\training\\travel-portal\\pgt\\payment-service\\src\\infrastructure\\stripe\\stripe-client.service.ts": {"path":"C:\\Users\\Anandu\\Documents\\workspace\\training\\travel-portal\\pgt\\payment-service\\src\\infrastructure\\stripe\\stripe-client.service.ts","statementMap":{"0":{"start":{"line":1,"column":0},"end":{"line":1,"column":52}},"1":{"start":{"line":2,"column":0},"end":{"line":2,"column":47}},"2":{"start":{"line":3,"column":0},"end":{"line":3,"column":28}},"3":{"start":{"line":4,"column":0},"end":{"line":4,"column":37}},"4":{"start":{"line":5,"column":0},"end":{"line":5,"column":66}},"5":{"start":{"line":13,"column":4},"end":{"line":13,"column":19}},"6":{"start":{"line":9,"column":13},"end":{"line":9,"column":25}},"7":{"start":{"line":10,"column":13},"end":{"line":10,"column":44}},"8":{"start":{"line":14,"column":4},"end":{"line":14,"column":43}},"9":{"start":{"line":15,"column":4},"end":{"line":15,"column":54}},"10":{"start":{"line":7,"column":0},"end":{"line":7,"column":13}},"11":{"start":{"line":21,"column":4},"end":{"line":21,"column":67}},"12":{"start":{"line":22,"column":4},"end":{"line":22,"column":45}},"13":{"start":{"line":23,"column":4},"end":{"line":23,"column":54}},"14":{"start":{"line":19,"column":0},"end":{"line":19,"column":13}},"15":{"start":{"line":29,"column":4},"end":{"line":29,"column":19}},"16":{"start":{"line":30,"column":4},"end":{"line":30,"column":44}},"17":{"start":{"line":31,"column":4},"end":{"line":31,"column":54}},"18":{"start":{"line":27,"column":0},"end":{"line":27,"column":13}},"19":{"start":{"line":35,"column":28},"end":{"line":35,"column":57}},"20":{"start":{"line":36,"column":20},"end":{"line":36,"column":21}},"21":{"start":{"line":37,"column":22},"end":{"line":37,"column":25}},"22":{"start":{"line":38,"column":21},"end":{"line":38,"column":25}},"23":{"start":{"line":41,"column":2},"end":{"line":41,"column":66}},"24":{"start":{"line":41,"column":34},"end":{"line":41,"column":64}},"25":{"start":{"line":45,"column":2},"end":{"line":45,"column":51}},"26":{"start":{"line":49,"column":32},"end":{"line":199,"column":null}},"27":{"start":{"line":55,"column":21},"end":{"line":55,"column":29}},"28":{"start":{"line":56,"column":21},"end":{"line":56,"column":30}},"29":{"start":{"line":50,"column":19},"end":{"line":50,"column":65}},"30":{"start":{"line":58,"column":4},"end":{"line":62,"column":7}},"31":{"start":{"line":64,"column":4},"end":{"line":72,"column":6}},"32":{"start":{"line":65,"column":38},"end":{"line":65,"column":42}},"33":{"start":{"line":74,"column":4},"end":{"line":77,"column":7}},"34":{"start":{"line":75,"column":6},"end":{"line":75,"column":56}},"35":{"start":{"line":76,"column":6},"end":{"line":76,"column":48}},"36":{"start":{"line":78,"column":4},"end":{"line":80,"column":7}},"37":{"start":{"line":79,"column":6},"end":{"line":79,"column":58}},"38":{"start":{"line":81,"column":4},"end":{"line":84,"column":7}},"39":{"start":{"line":82,"column":6},"end":{"line":82,"column":55}},"40":{"start":{"line":83,"column":6},"end":{"line":83,"column":48}},"41":{"start":{"line":93,"column":4},"end":{"line":140,"column":5}},"42":{"start":{"line":93,"column":23},"end":{"line":93,"column":24}},"43":{"start":{"line":94,"column":6},"end":{"line":139,"column":7}},"44":{"start":{"line":95,"column":23},"end":{"line":95,"column":55}},"45":{"start":{"line":96,"column":8},"end":{"line":96,"column":67}},"46":{"start":{"line":97,"column":8},"end":{"line":97,"column":22}},"47":{"start":{"line":99,"column":8},"end":{"line":99,"column":24}},"48":{"start":{"line":101,"column":8},"end":{"line":104,"column":9}},"49":{"start":{"line":102,"column":10},"end":{"line":102,"column":75}},"50":{"start":{"line":103,"column":10},"end":{"line":103,"column":49}},"51":{"start":{"line":106,"column":8},"end":{"line":131,"column":9}},"52":{"start":{"line":107,"column":29},"end":{"line":107,"column":48}},"53":{"start":{"line":109,"column":10},"end":{"line":117,"column":11}},"54":{"start":{"line":110,"column":12},"end":{"line":110,"column":78}},"55":{"start":{"line":111,"column":12},"end":{"line":111,"column":72}},"56":{"start":{"line":112,"column":12},"end":{"line":116,"column":14}},"57":{"start":{"line":119,"column":10},"end":{"line":122,"column":11}},"58":{"start":{"line":120,"column":12},"end":{"line":120,"column":83}},"59":{"start":{"line":121,"column":12},"end":{"line":121,"column":61}},"60":{"start":{"line":124,"column":10},"end":{"line":130,"column":11}},"61":{"start":{"line":125,"column":28},"end":{"line":125,"column":96}},"62":{"start":{"line":126,"column":12},"end":{"line":126,"column":124}},"63":{"start":{"line":127,"column":12},"end":{"line":127,"column":65}},"64":{"start":{"line":128,"column":12},"end":{"line":128,"column":33}},"65":{"start":{"line":129,"column":12},"end":{"line":129,"column":21}},"66":{"start":{"line":133,"column":8},"end":{"line":138,"column":9}},"67":{"start":{"line":134,"column":26},"end":{"line":134,"column":94}},"68":{"start":{"line":135,"column":10},"end":{"line":135,"column":63}},"69":{"start":{"line":136,"column":10},"end":{"line":136,"column":31}},"70":{"start":{"line":137,"column":10},"end":{"line":137,"column":19}},"71":{"start":{"line":142,"column":4},"end":{"line":142,"column":68}},"72":{"start":{"line":143,"column":4},"end":{"line":145,"column":6}},"73":{"start":{"line":152,"column":4},"end":{"line":157,"column":6}},"74":{"start":{"line":153,"column":6},"end":{"line":155,"column":null}},"75":{"start":{"line":161,"column":4},"end":{"line":163,"column":6}},"76":{"start":{"line":162,"column":6},"end":{"line":162,"column":63}},"77":{"start":{"line":171,"column":4},"end":{"line":177,"column":6}},"78":{"start":{"line":172,"column":6},"end":{"line":176,"column":8}},"79":{"start":{"line":181,"column":4},"end":{"line":183,"column":6}},"80":{"start":{"line":182,"column":6},"end":{"line":182,"column":62}},"81":{"start":{"line":192,"column":4},"end":{"line":192,"column":75}},"82":{"start":{"line":197,"column":4},"end":{"line":197,"column":24}},"83":{"start":{"line":49,"column":13},"end":{"line":49,"column":32}},"84":{"start":{"line":49,"column":13},"end":{"line":199,"column":null}}},"fnMap":{"0":{"name":"(anonymous_3)","decl":{"start":{"line":8,"column":2},"end":{"line":8,"column":null}},"loc":{"start":{"line":11,"column":19},"end":{"line":16,"column":3}}},"1":{"name":"(anonymous_4)","decl":{"start":{"line":20,"column":2},"end":{"line":20,"column":null}},"loc":{"start":{"line":20,"column":2},"end":{"line":24,"column":3}}},"2":{"name":"(anonymous_5)","decl":{"start":{"line":28,"column":2},"end":{"line":28,"column":14}},"loc":{"start":{"line":28,"column":29},"end":{"line":32,"column":3}}},"3":{"name":"delay","decl":{"start":{"line":40,"column":9},"end":{"line":40,"column":14}},"loc":{"start":{"line":40,"column":25},"end":{"line":42,"column":1}}},"4":{"name":"(anonymous_7)","decl":{"start":{"line":41,"column":21},"end":{"line":41,"column":22}},"loc":{"start":{"line":41,"column":34},"end":{"line":41,"column":64}}},"5":{"name":"jitter","decl":{"start":{"line":44,"column":9},"end":{"line":44,"column":15}},"loc":{"start":{"line":44,"column":26},"end":{"line":46,"column":1}}},"6":{"name":"(anonymous_9)","decl":{"start":{"line":54,"column":2},"end":{"line":54,"column":null}},"loc":{"start":{"line":56,"column":44},"end":{"line":85,"column":3}}},"7":{"name":"(anonymous_10)","decl":{"start":{"line":65,"column":6},"end":{"line":65,"column":7}},"loc":{"start":{"line":65,"column":38},"end":{"line":65,"column":42}}},"8":{"name":"(anonymous_11)","decl":{"start":{"line":74,"column":28},"end":{"line":74,"column":31}},"loc":{"start":{"line":74,"column":33},"end":{"line":77,"column":5}}},"9":{"name":"(anonymous_12)","decl":{"start":{"line":78,"column":32},"end":{"line":78,"column":35}},"loc":{"start":{"line":78,"column":37},"end":{"line":80,"column":5}}},"10":{"name":"(anonymous_13)","decl":{"start":{"line":81,"column":29},"end":{"line":81,"column":32}},"loc":{"start":{"line":81,"column":34},"end":{"line":84,"column":5}}},"11":{"name":"(anonymous_14)","decl":{"start":{"line":87,"column":10},"end":{"line":87,"column":15}},"loc":{"start":{"line":89,"column":24},"end":{"line":146,"column":3}}},"12":{"name":"(anonymous_15)","decl":{"start":{"line":148,"column":2},"end":{"line":148,"column":7}},"loc":{"start":{"line":150,"column":26},"end":{"line":158,"column":3}}},"13":{"name":"(anonymous_16)","decl":{"start":{"line":152,"column":49},"end":{"line":152,"column":52}},"loc":{"start":{"line":153,"column":6},"end":{"line":155,"column":null}}},"14":{"name":"(anonymous_17)","decl":{"start":{"line":160,"column":2},"end":{"line":160,"column":7}},"loc":{"start":{"line":160,"column":58},"end":{"line":164,"column":3}}},"15":{"name":"(anonymous_18)","decl":{"start":{"line":161,"column":50},"end":{"line":161,"column":53}},"loc":{"start":{"line":162,"column":6},"end":{"line":162,"column":63}}},"16":{"name":"(anonymous_19)","decl":{"start":{"line":166,"column":2},"end":{"line":166,"column":7}},"loc":{"start":{"line":169,"column":44},"end":{"line":178,"column":3}}},"17":{"name":"(anonymous_20)","decl":{"start":{"line":171,"column":42},"end":{"line":171,"column":45}},"loc":{"start":{"line":172,"column":6},"end":{"line":176,"column":8}}},"18":{"name":"(anonymous_21)","decl":{"start":{"line":180,"column":2},"end":{"line":180,"column":7}},"loc":{"start":{"line":180,"column":57},"end":{"line":184,"column":3}}},"19":{"name":"(anonymous_22)","decl":{"start":{"line":181,"column":49},"end":{"line":181,"column":52}},"loc":{"start":{"line":182,"column":6},"end":{"line":182,"column":62}}},"20":{"name":"(anonymous_23)","decl":{"start":{"line":187,"column":2},"end":{"line":187,"column":23}},"loc":{"start":{"line":190,"column":18},"end":{"line":193,"column":3}}},"21":{"name":"(anonymous_24)","decl":{"start":{"line":196,"column":2},"end":{"line":196,"column":6}},"loc":{"start":{"line":196,"column":20},"end":{"line":198,"column":3}}}},"branchMap":{"0":{"loc":{"start":{"line":58,"column":29},"end":{"line":58,"column":79}},"type":"binary-expr","locations":[{"start":{"line":58,"column":29},"end":{"line":58,"column":73}},{"start":{"line":58,"column":77},"end":{"line":58,"column":79}}]},"1":{"loc":{"start":{"line":101,"column":8},"end":{"line":104,"column":9}},"type":"if","locations":[{"start":{"line":101,"column":8},"end":{"line":104,"column":9}}]},"2":{"loc":{"start":{"line":106,"column":8},"end":{"line":131,"column":9}},"type":"if","locations":[{"start":{"line":106,"column":8},"end":{"line":131,"column":9}}]},"3":{"loc":{"start":{"line":107,"column":29},"end":{"line":107,"column":48}},"type":"binary-expr","locations":[{"start":{"line":107,"column":29},"end":{"line":107,"column":43}},{"start":{"line":107,"column":47},"end":{"line":107,"column":48}}]},"4":{"loc":{"start":{"line":109,"column":10},"end":{"line":117,"column":11}},"type":"if","locations":[{"start":{"line":109,"column":10},"end":{"line":117,"column":11}}]},"5":{"loc":{"start":{"line":113,"column":14},"end":{"line":113,"column":42}},"type":"binary-expr","locations":[{"start":{"line":113,"column":14},"end":{"line":113,"column":22}},{"start":{"line":113,"column":26},"end":{"line":113,"column":42}}]},"6":{"loc":{"start":{"line":119,"column":10},"end":{"line":122,"column":11}},"type":"if","locations":[{"start":{"line":119,"column":10},"end":{"line":122,"column":11}}]},"7":{"loc":{"start":{"line":124,"column":10},"end":{"line":130,"column":11}},"type":"if","locations":[{"start":{"line":124,"column":10},"end":{"line":130,"column":11}}]},"8":{"loc":{"start":{"line":133,"column":8},"end":{"line":138,"column":9}},"type":"if","locations":[{"start":{"line":133,"column":8},"end":{"line":138,"column":9}}]},"9":{"loc":{"start":{"line":174,"column":12},"end":{"line":174,"column":72}},"type":"binary-expr","locations":[{"start":{"line":174,"column":12},"end":{"line":174,"column":32}},{"start":{"line":174,"column":36},"end":{"line":174,"column":72}}]}},"s":{"0":9,"1":9,"2":9,"3":9,"4":9,"5":4,"6":4,"7":4,"8":4,"9":4,"10":9,"11":2,"12":2,"13":2,"14":9,"15":2,"16":2,"17":2,"18":9,"19":9,"20":9,"21":9,"22":9,"23":5,"24":5,"25":5,"26":9,"27":14,"28":14,"29":14,"30":14,"31":14,"32":15,"33":14,"34":2,"35":2,"36":14,"37":1,"38":14,"39":1,"40":1,"41":11,"42":11,"43":16,"44":16,"45":6,"46":6,"47":10,"48":10,"49":1,"50":1,"51":9,"52":5,"53":5,"54":2,"55":2,"56":2,"57":3,"58":1,"59":1,"60":2,"61":2,"62":2,"63":2,"64":2,"65":2,"66":4,"67":3,"68":3,"69":3,"70":3,"71":1,"72":1,"73":7,"74":11,"75":1,"76":1,"77":2,"78":2,"79":1,"80":1,"81":1,"82":4,"83":9,"84":9},"f":{"0":4,"1":2,"2":2,"3":5,"4":5,"5":5,"6":14,"7":15,"8":2,"9":1,"10":1,"11":11,"12":7,"13":11,"14":1,"15":1,"16":2,"17":2,"18":1,"19":1,"20":1,"21":4},"b":{"0":[14,0],"1":[1],"2":[5],"3":[5,0],"4":[2],"5":[2,0],"6":[1],"7":[2],"8":[3],"9":[2,1]}}
,"C:\\Users\\Anandu\\Documents\\workspace\\training\\travel-portal\\pgt\\payment-service\\src\\presentation\\controllers\\health.controller.ts": {"path":"C:\\Users\\Anandu\\Documents\\workspace\\training\\travel-portal\\pgt\\payment-service\\src\\presentation\\controllers\\health.controller.ts","statementMap":{"0":{"start":{"line":1,"column":0},"end":{"line":1,"column":49}},"1":{"start":{"line":4,"column":7},"end":{"line":14,"column":null}},"2":{"start":{"line":7,"column":4},"end":{"line":7,"column":56}},"3":{"start":{"line":12,"column":4},"end":{"line":12,"column":72}},"4":{"start":{"line":4,"column":13},"end":{"line":4,"column":29}},"5":{"start":{"line":6,"column":2},"end":{"line":8,"column":null}},"6":{"start":{"line":11,"column":2},"end":{"line":13,"column":null}},"7":{"start":{"line":4,"column":13},"end":{"line":14,"column":null}}},"fnMap":{"0":{"name":"(anonymous_2)","decl":{"start":{"line":6,"column":2},"end":{"line":6,"column":8}},"loc":{"start":{"line":6,"column":8},"end":{"line":8,"column":3}}},"1":{"name":"(anonymous_3)","decl":{"start":{"line":11,"column":2},"end":{"line":11,"column":7}},"loc":{"start":{"line":11,"column":7},"end":{"line":13,"column":3}}}},"branchMap":{},"s":{"0":1,"1":1,"2":1,"3":0,"4":1,"5":1,"6":1,"7":1},"f":{"0":1,"1":0},"b":{}}
[...]
,"C:\\Users\\Anandu\\Documents\\workspace\\training\\travel-portal\\pgt\\payment-service\\src\\presentation\\controllers\\stripe-webhook.controller.ts": {"path":"C:\\Users\\Anandu\\Documents\\workspace\\training\\travel-portal\\pgt\\payment-service\\src\\presentation\\controllers\\stripe-webhook.controller.ts","statementMap":{"0":{"start":{"line":1,"column":0},"end":{"line":1,"column":null}},"1":{"start":{"line":12,"column":0},"end":{"line":12,"column":47}},"2":{"start":{"line":14,"column":0},"end":{"line":14,"column":79}},"3":{"start":{"line":15,"column":0},"end":{"line":15,"column":null}},"4":{"start":{"line":19,"column":0},"end":{"line":19,"column":88}},"5":{"start":{"line":20,"column":0},"end":{"line":20,"column":92}},"6":{"start":{"line":21,"column":0},"end":{"line":21,"column":40}},"7":{"start":{"line":25,"column":36},"end":{"line":140,"column":null}},"8":{"start":{"line":29,"column":21},"end":{"line":29,"column":35}},"9":{"start":{"line":30,"column":21},"end":{"line":30,"column":29}},"10":{"start":{"line":32,"column":21},"end":{"line":32,"column":52}},"11":{"start":{"line":33,"column":21},"end":{"line":33,"column":37}},"12":{"start":{"line":26,"column":19},"end":{"line":26,"column":69}},"13":{"start":{"line":42,"column":20},"end":{"line":42,"column":31}},"14":{"start":{"line":43,"column":4},"end":{"line":45,"column":5}},"15":{"start":{"line":44,"column":6},"end":{"line":44,"column":83}},"16":{"start":{"line":47,"column":26},"end":{"line":47,"column":80}},"17":{"start":{"line":50,"column":4},"end":{"line":55,"column":5}},"18":{"start":{"line":51,"column":6},"end":{"line":51,"column":89}},"19":{"start":{"line":53,"column":6},"end":{"line":53,"column":87}},"20":{"start":{"line":54,"column":6},"end":{"line":54,"column":64}},"21":{"start":{"line":57,"column":4},"end":{"line":57,"column":35}},"22":{"start":{"line":58,"column":4},"end":{"line":58,"column":30}},"23":{"start":{"line":62,"column":4},"end":{"line":62,"column":66}},"24":{"start":{"line":64,"column":4},"end":{"line":73,"column":5}},"25":{"start":{"line":66,"column":8},"end":{"line":66,"column":46}},"26":{"start":{"line":67,"column":8},"end":{"line":67,"column":14}},"27":{"start":{"line":69,"column":8},"end":{"line":69,"column":49}},"28":{"start":{"line":70,"column":8},"end":{"line":70,"column":14}},"29":{"start":{"line":72,"column":8},"end":{"line":72,"column":88}},"30":{"start":{"line":77,"column":19},"end":{"line":77,"column":60}},"31":{"start":{"line":78,"column":20},"end":{"line":78,"column":81}},"32":{"start":{"line":79,"column":4},"end":{"line":82,"column":5}},"33":{"start":{"line":80,"column":6},"end":{"line":80,"column":104}},"34":{"start":{"line":81,"column":6},"end":{"line":81,"column":13}},"35":{"start":{"line":85,"column":4},"end":{"line":88,"column":5}},"36":{"start":{"line":86,"column":6},"end":{"line":86,"column":82}},"37":{"start":{"line":87,"column":6},"end":{"line":87,"column":13}},"38":{"start":{"line":91,"column":4},"end":{"line":99,"column":5}},"39":{"start":{"line":95,"column":6},"end":{"line":97,"column":8}},"40":{"start":{"line":98,"column":6},"end":{"line":98,"column":13}},"41":{"start":{"line":102,"column":6},"end":{"line":102,"column":79}},"42":{"start":{"line":103,"column":4},"end":{"line":103,"column":39}},"43":{"start":{"line":104,"column":4},"end":{"line":104,"column":41}},"44":{"start":{"line":106,"column":4},"end":{"line":112,"column":5}},"45":{"start":{"line":107,"column":6},"end":{"line":111,"column":7}},"46":{"start":{"line":108,"column":8},"end":{"line":108,"column":62}},"47":{"start":{"line":110,"column":8},"end":{"line":110,"column":106}},"48":{"start":{"line":116,"column":19},"end":{"line":116,"column":60}},"49":{"start":{"line":117,"column":20},"end":{"line":117,"column":81}},"50":{"start":{"line":118,"column":4},"end":{"line":121,"column":5}},"51":{"start":{"line":119,"column":6},"end":{"line":119,"column":98}},"52":{"start":{"line":120,"column":6},"end":{"line":120,"column":13}},"53":{"start":{"line":124,"column":4},"end":{"line":127,"column":5}},"54":{"start":{"line":125,"column":6},"end":{"line":125,"column":85}},"55":{"start":{"line":126,"column":6},"end":{"line":126,"column":13}},"56":{"start":{"line":129,"column":4},"end":{"line":134,"column":5}},"57":{"start":{"line":130,"column":6},"end":{"line":132,"column":8}},"58":{"start":{"line":133,"column":6},"end":{"line":133,"column":13}},"59":{"start":{"line":136,"column":4},"end":{"line":136,"column":28}},"60":{"start":{"line":137,"column":4},"end":{"line":137,"column":41}},"61":{"start":{"line":25,"column":13},"end":{"line":25,"column":36}},"62":{"start":{"line":38,"column":8},"end":{"line":59,"column":null}},"63":{"start":{"line":25,"column":13},"end":{"line":140,"column":null}}},"fnMap":{"0":{"name":"(anonymous_4)","decl":{"start":{"line":28,"column":2},"end":{"line":28,"column":null}},"loc":{"start":{"line":33,"column":58},"end":{"line":34,"column":6}}},"1":{"name":"(anonymous_5)","decl":{"start":{"line":38,"column":2},"end":{"line":38,"column":7}},"loc":{"start":{"line":40,"column":39},"end":{"line":59,"column":3}}},"2":{"name":"(anonymous_6)","decl":{"start":{"line":61,"column":10},"end":{"line":61,"column":15}},"loc":{"start":{"line":61,"column":48},"end":{"line":74,"column":3}}},"3":{"name":"(anonymous_7)","decl":{"start":{"line":76,"column":10},"end":{"line":76,"column":15}},"loc":{"start":{"line":76,"column":55},"end":{"line":113,"column":3}}},"4":{"name":"(anonymous_8)","decl":{"start":{"line":115,"column":10},"end":{"line":115,"column":15}},"loc":{"start":{"line":115,"column":58},"end":{"line":139,"column":3}}}},"branchMap":{"0":{"loc":{"start":{"line":43,"column":4},"end":{"line":45,"column":5}},"type":"if","locations":[{"start":{"line":43,"column":4},"end":{"line":45,"column":5}}]},"1":{"loc":{"start":{"line":43,"column":8},"end":{"line":43,"column":30}},"type":"binary-expr","locations":[{"start":{"line":43,"column":8},"end":{"line":43,"column":16}},{"start":{"line":43,"column":20},"end":{"line":43,"column":30}}]},"2":{"loc":{"start":{"line":47,"column":26},"end":{"line":47,"column":80}},"type":"binary-expr","locations":[{"start":{"line":47,"column":26},"end":{"line":47,"column":74}},{"start":{"line":47,"column":78},"end":{"line":47,"column":80}}]},"3":{"loc":{"start":{"line":64,"column":4},"end":{"line":73,"column":5}},"type":"switch","locations":[{"start":{"line":65,"column":6},"end":{"line":67,"column":14}},{"start":{"line":68,"column":6},"end":{"line":70,"column":14}},{"start":{"line":71,"column":6},"end":{"line":72,"column":88}}]},"4":{"loc":{"start":{"line":79,"column":4},"end":{"line":82,"column":5}},"type":"if","locations":[{"start":{"line":79,"column":4},"end":{"line":82,"column":5}}]},"5":{"loc":{"start":{"line":85,"column":4},"end":{"line":88,"column":5}},"type":"if","locations":[{"start":{"line":85,"column":4},"end":{"line":88,"column":5}}]},"6":{"loc":{"start":{"line":91,"column":4},"end":{"line":99,"column":5}},"type":"if","locations":[{"start":{"line":91,"column":4},"end":{"line":99,"column":5}}]},"7":{"loc":{"start":{"line":92,"column":6},"end":{"line":93,"column":49}},"type":"binary-expr","locations":[{"start":{"line":92,"column":6},"end":{"line":92,"column":46}},{"start":{"line":93,"column":6},"end":{"line":93,"column":49}}]},"8":{"loc":{"start":{"line":102,"column":6},"end":{"line":102,"column":79}},"type":"binary-expr","locations":[{"start":{"line":102,"column":6},"end":{"line":102,"column":40}},{"start":{"line":102,"column":44},"end":{"line":102,"column":79}}]},"9":{"loc":{"start":{"line":118,"column":4},"end":{"line":121,"column":5}},"type":"if","locations":[{"start":{"line":118,"column":4},"end":{"line":121,"column":5}}]},"10":{"loc":{"start":{"line":124,"column":4},"end":{"line":127,"column":5}},"type":"if","locations":[{"start":{"line":124,"column":4},"end":{"line":127,"column":5}}]},"11":{"loc":{"start":{"line":129,"column":4},"end":{"line":134,"column":5}},"type":"if","locations":[{"start":{"line":129,"column":4},"end":{"line":134,"column":5}}]}},"s":{"0":1,"1":1,"2":1,"3":1,"4":1,"5":1,"6":1,"7":1,"8":15,"9":15,"10":15,"11":15,"12":15,"13":14,"14":14,"15":2,"16":12,"17":12,"18":12,"19":1,"20":1,"21":11,"22":11,"23":11,"24":11,"25":6,"26":6,"27":4,"28":4,"29":1,"30":6,"31":6,"32":6,"33":1,"34":1,"35":5,"36":1,"37":1,"38":4,"39":1,"40":1,"41":3,"42":3,"43":3,"44":3,"45":3,"46":3,"47":1,"48":4,"49":4,"50":4,"51":1,"52":1,"53":3,"54":1,"55":1,"56":2,"57":1,"58":1,"59":1,"60":1,"61":1,"62":1,"63":1},"f":{"0":15,"1":14,"2":11,"3":6,"4":4},"b":{"0":[2],"1":[14,13],"2":[12,0],"3":[6,4,1],"4":[1],"5":[1],"6":[1],"7":[4,3],"8":[3,1],"9":[1],"10":[1],"11":[1]}}
,"C:\\Users\\Anandu\\Documents\\workspace\\training\\travel-portal\\pgt\\payment-service\\src\\presentation\\dto\\payment.dto.ts": {"path":"C:\\Users\\Anandu\\Documents\\workspace\\training\\travel-portal\\pgt\\payment-service\\src\\presentation\\dto\\payment.dto.ts","statementMap":{"0":{"start":{"line":1,"column":0},"end":{"line":1,"column":null}},"1":{"start":{"line":12,"column":0},"end":{"line":12,"column":41}},"2":{"start":{"line":14,"column":0},"end":{"line":14,"column":13}},"3":{"start":{"line":17,"column":2},"end":{"line":17,"column":null}},"4":{"start":{"line":20,"column":2},"end":{"line":20,"column":null}},"5":{"start":{"line":24,"column":2},"end":{"line":24,"column":null}},"6":{"start":{"line":30,"column":2},"end":{"line":30,"column":null}},"7":{"start":{"line":29,"column":14},"end":{"line":29,"column":20}},"8":{"start":{"line":35,"column":2},"end":{"line":35,"column":null}},"9":{"start":{"line":34,"column":14},"end":{"line":34,"column":20}},"10":{"start":{"line":38,"column":0},"end":{"line":38,"column":13}},"11":{"start":{"line":40,"column":2},"end":{"line":40,"column":null}},"12":{"start":{"line":45,"column":2},"end":{"line":45,"column":null}},"13":{"start":{"line":44,"column":14},"end":{"line":44,"column":20}},"14":{"start":{"line":49,"column":2},"end":{"line":49,"column":null}},"15":{"start":{"line":52,"column":2},"end":{"line":52,"column":null}},"16":{"start":{"line":56,"column":2},"end":{"line":56,"column":null}},"17":{"start":{"line":59,"column":0},"end":{"line":59,"column":13}},"18":{"start":{"line":64,"column":2},"end":{"line":64,"column":null}},"19":{"start":{"line":63,"column":14},"end":{"line":63,"column":20}},"20":{"start":{"line":68,"column":2},"end":{"line":68,"column":null}}},"fnMap":{"0":{"name":"(anonymous_2)","decl":{"start":{"line":29,"column":8},"end":{"line":29,"column":11}},"loc":{"start":{"line":29,"column":14},"end":{"line":29,"column":20}}},"1":{"name":"(anonymous_3)","decl":{"start":{"line":34,"column":8},"end":{"line":34,"column":11}},"loc":{"start":{"line":34,"column":14},"end":{"line":34,"column":20}}},"2":{"name":"(anonymous_4)","decl":{"start":{"line":44,"column":8},"end":{"line":44,"column":11}},"loc":{"start":{"line":44,"column":14},"end":{"line":44,"column":20}}},"3":{"name":"(anonymous_5)","decl":{"start":{"line":63,"column":8},"end":{"line":63,"column":11}},"loc":{"start":{"line":63,"column":14},"end":{"line":63,"column":20}}}},"branchMap":{},"s":{"0":2,"1":2,"2":2,"3":2,"4":2,"5":2,"6":2,"7":0,"8":2,"9":0,"10":2,"11":2,"12":2,"13":0,"14":2,"15":2,"16":2,"17":2,"18":2,"19":0,"20":2},"f":{"0":0,"1":0,"2":0,"3":0},"b":{}}
,"C:\\Users\\Anandu\\Documents\\workspace\\training\\travel-portal\\pgt\\payment-service\\src\\presentation\\filters\\http-exception.filter.ts": {"path":"C:\\Users\\Anandu\\Documents\\workspace\\training\\travel-portal\\pgt\\payment-service\\src\\presentation\\filters\\http-exception.filter.ts","statementMap":{"0":{"start":{"line":1,"column":0},"end":{"line":1,"column":null}},"1":{"start":{"line":10,"column":0},"end":{"line":10,"column":49}},"2":{"start":{"line":13,"column":32},"end":{"line":58,"column":null}},"3":{"start":{"line":14,"column":19},"end":{"line":14,"column":65}},"4":{"start":{"line":17,"column":16},"end":{"line":17,"column":35}},"5":{"start":{"line":18,"column":21},"end":{"line":18,"column":48}},"6":{"start":{"line":19,"column":20},"end":{"line":19,"column":45}},"7":{"start":{"line":21,"column":7},"end":{"line":21,"column":78}},"8":{"start":{"line":23,"column":21},"end":{"line":23,"column":53}},"9":{"start":{"line":24,"column":16},"end":{"line":24,"column":39}},"10":{"start":{"line":25,"column":18},"end":{"line":25,"column":48}},"11":{"start":{"line":26,"column":29},"end":{"line":26,"column":31}},"12":{"start":{"line":28,"column":4},"end":{"line":48,"column":5}},"13":{"start":{"line":29,"column":6},"end":{"line":29,"column":41}},"14":{"start":{"line":30,"column":32},"end":{"line":30,"column":55}},"15":{"start":{"line":31,"column":6},"end":{"line":40,"column":7}},"16":{"start":{"line":32,"column":21},"end":{"line":32,"column":65}},"17":{"start":{"line":33,"column":8},"end":{"line":33,"column":68}},"18":{"start":{"line":34,"column":8},"end":{"line":36,"column":57}},"19":{"start":{"line":37,"column":8},"end":{"line":37,"column":87}},"20":{"start":{"line":39,"column":8},"end":{"line":39,"column":44}},"21":{"start":{"line":41,"column":11},"end":{"line":48,"column":5}},"22":{"start":{"line":42,"column":6},"end":{"line":42,"column":40}},"23":{"start":{"line":43,"column":6},"end":{"line":43,"column":29}},"24":{"start":{"line":44,"column":6},"end":{"line":44,"column":34}},"25":{"start":{"line":45,"column":6},"end":{"line":45,"column":61}},"26":{"start":{"line":46,"column":11},"end":{"line":48,"column":5}},"27":{"start":{"line":47,"column":6},"end":{"line":47,"column":82}},"28":{"start":{"line":50,"column":4},"end":{"line":56,"column":7}},"29":{"start":{"line":13,"column":13},"end":{"line":13,"column":32}},"30":{"start":{"line":13,"column":13},"end":{"line":58,"column":null}}},"fnMap":{"0":{"name":"(anonymous_1)","decl":{"start":{"line":13,"column":7},"end":{"line":13,"column":13}},"loc":{"start":{"line":13,"column":7},"end":{"line":58,"column":1}}},"1":{"name":"(anonymous_2)","decl":{"start":{"line":16,"column":2},"end":{"line":16,"column":7}},"loc":{"start":{"line":16,"column":47},"end":{"line":57,"column":3}}}},"branchMap":{"0":{"loc":{"start":{"line":21,"column":7},"end":{"line":21,"column":78}},"type":"binary-expr","locations":[{"start":{"line":21,"column":7},"end":{"line":21,"column":65}},{"start":{"line":21,"column":69},"end":{"line":21,"column":78}}]},"1":{"loc":{"start":{"line":28,"column":4},"end":{"line":48,"column":5}},"type":"if","locations":[{"start":{"line":28,"column":4},"end":{"line":48,"column":5}},{"start":{"line":41,"column":11},"end":{"line":48,"column":5}}]},"2":{"loc":{"start":{"line":31,"column":6},"end":{"line":40,"column":7}},"type":"if","locations":[{"start":{"line":31,"column":6},"end":{"line":40,"column":7}},{"start":{"line":38,"column":13},"end":{"line":40,"column":7}}]},"3":{"loc":{"start":{"line":31,"column":10},"end":{"line":31,"column":77}},"type":"binary-expr","locations":[{"start":{"line":31,"column":10},"end":{"line":31,"column":47}},{"start":{"line":31,"column":51},"end":{"line":31,"column":77}}]},"4":{"loc":{"start":{"line":33,"column":23},"end":{"line":33,"column":66}},"type":"binary-expr","locations":[{"start":{"line":33,"column":23},"end":{"line":33,"column":36}},{"start":{"line":33,"column":40},"end":{"line":33,"column":66}}]},"5":{"loc":{"start":{"line":34,"column":18},"end":{"line":36,"column":56}},"type":"cond-expr","locations":[{"start":{"line":35,"column":13},"end":{"line":35,"column":52}},{"start":{"line":36,"column":12},"end":{"line":36,"column":56}}]},"6":{"loc":{"start":{"line":36,"column":19},"end":{"line":36,"column":55}},"type":"binary-expr","locations":[{"start":{"line":36,"column":19},"end":{"line":36,"column":34}},{"start":{"line":36,"column":38},"end":{"line":36,"column":55}}]},"7":{"loc":{"start":{"line":37,"column":18},"end":{"line":37,"column":86}},"type":"cond-expr","locations":[{"start":{"line":37,"column":52},"end":{"line":37,"column":81}},{"start":{"line":37,"column":84},"end":{"line":37,"column":86}}]},"8":{"loc":{"start":{"line":41,"column":11},"end":{"line":48,"column":5}},"type":"if","locations":[{"start":{"line":41,"column":11},"end":{"line":48,"column":5}},{"start":{"line":46,"column":11},"end":{"line":48,"column":5}}]},"9":{"loc":{"start":{"line":45,"column":16},"end":{"line":45,"column":60}},"type":"cond-expr","locations":[{"start":{"line":45,"column":36},"end":{"line":45,"column":55}},{"start":{"line":45,"column":58},"end":{"line":45,"column":60}}]},"10":{"loc":{"start":{"line":46,"column":11},"end":{"line":48,"column":5}},"type":"if","locations":[{"start":{"line":46,"column":11},"end":{"line":48,"column":5}}]}},"s":{"0":1,"1":1,"2":1,"3":9,"4":9,"5":9,"6":9,"7":9,"8":9,"9":9,"10":9,"11":9,"12":9,"13":5,"14":5,"15":5,"16":3,"17":3,"18":3,"19":3,"20":2,"21":4,"22":2,"23":2,"24":2,"25":2,"26":2,"27":2,"28":9,"29":1,"30":1},"f":{"0":9,"1":9},"b":{"0":[9,1],"1":[5,4],"2":[3,2],"3":[5,3],"4":[3,1],"5":[1,2],"6":[2,2],"7":[1,2],"8":[2,2],"9":[1,1],"10":[2]}}
,"C:\\Users\\Anandu\\Documents\\workspace\\training\\travel-portal\\pgt\\payment-service\\src\\presentation\\guards\\jwt-auth.guard.ts": {"path":"C:\\Users\\Anandu\\Documents\\workspace\\training\\travel-portal\\pgt\\payment-service\\src\\presentation\\guards\\jwt-auth.guard.ts","statementMap":{"0":{"start":{"line":1,"column":0},"end":{"line":1,"column":null}},"1":{"start":{"line":18,"column":7},"end":{"line":50,"column":null}},"2":{"start":{"line":20,"column":20},"end":{"line":20,"column":64}},"3":{"start":{"line":21,"column":23},"end":{"line":21,"column":55}},"4":{"start":{"line":23,"column":4},"end":{"line":25,"column":5}},"5":{"start":{"line":24,"column":6},"end":{"line":24,"column":81}},"6":{"start":{"line":27,"column":18},"end":{"line":27,"column":37}},"7":{"start":{"line":31,"column":4},"end":{"line":37,"column":5}},"8":{"start":{"line":32,"column":22},"end":{"line":32,"column":43}},"9":{"start":{"line":33,"column":7},"end":{"line":33,"column":38}},"10":{"start":{"line":34,"column":6},"end":{"line":34,"column":18}},"11":{"start":{"line":36,"column":6},"end":{"line":36,"column":59}},"12":{"start":{"line":41,"column":18},"end":{"line":41,"column":34}},"13":{"start":{"line":42,"column":4},"end":{"line":44,"column":5}},"14":{"start":{"line":43,"column":6},"end":{"line":43,"column":44}},"15":{"start":{"line":45,"column":26},"end":{"line":45,"column":34}},"16":{"start":{"line":46,"column":4},"end":{"line":46,"column":55}},"17":{"start":{"line":46,"column":24},"end":{"line":46,"column":55}},"18":{"start":{"line":47,"column":20},"end":{"line":47,"column":76}},"19":{"start":{"line":48,"column":4},"end":{"line":48,"column":45}},"20":{"start":{"line":18,"column":13},"end":{"line":18,"column":25}},"21":{"start":{"line":18,"column":13},"end":{"line":50,"column":null}}},"fnMap":{"0":{"name":"(anonymous_1)","decl":{"start":{"line":19,"column":2},"end":{"line":19,"column":13}},"loc":{"start":{"line":19,"column":39},"end":{"line":38,"column":3}}},"1":{"name":"(anonymous_2)","decl":{"start":{"line":40,"column":10},"end":{"line":40,"column":19}},"loc":{"start":{"line":40,"column":33},"end":{"line":49,"column":3}}}},"branchMap":{"0":{"loc":{"start":{"line":23,"column":4},"end":{"line":25,"column":5}},"type":"if","locations":[{"start":{"line":23,"column":4},"end":{"line":25,"column":5}}]},"1":{"loc":{"start":{"line":23,"column":8},"end":{"line":23,"column":56}},"type":"binary-expr","locations":[{"start":{"line":23,"column":8},"end":{"line":23,"column":19}},{"start":{"line":23,"column":23},"end":{"line":23,"column":56}}]},"2":{"loc":{"start":{"line":42,"column":4},"end":{"line":44,"column":5}},"type":"if","locations":[{"start":{"line":42,"column":4},"end":{"line":44,"column":5}}]},"3":{"loc":{"start":{"line":46,"column":4},"end":{"line":46,"column":55}},"type":"if","locations":[{"start":{"line":46,"column":4},"end":{"line":46,"column":55}}]}},"s":{"0":3,"1":3,"2":5,"3":5,"4":5,"5":2,"6":3,"7":3,"8":3,"9":1,"10":1,"11":2,"12":3,"13":3,"14":1,"15":2,"16":2,"17":0,"18":2,"19":2,"20":3,"21":3},"f":{"0":5,"1":3},"b":{"0":[2],"1":[5,4],"2":[1],"3":[0]}}
}
