TN:
SF:src\application\use-cases\attach-payment-method\attach-payment-method.use-case.ts
FN:14,(anonymous_4)
FN:19,(anonymous_5)
FNF:2
FNH:2
FNDA:3,(anonymous_4)
FNDA:3,(anonymous_5)
DA:1,2
DA:2,2
DA:3,2
DA:4,2
DA:13,2
DA:16,3
DA:21,3
DA:24,3
DA:25,1
DA:31,2
DA:40,2
DA:42,2
LF:12
LH:12
BRDA:24,0,0,1
BRF:1
BRH:1
end_of_record
TN:
SF:src\application\use-cases\authorize-payment\authorize-payment.use-case.ts
FN:23,(anonymous_4)
FN:34,(anonymous_5)
FN:44,(anonymous_6)
FN:144,(anonymous_7)
FNF:4
FNH:4
FNDA:1,(anonymous_4)
FNDA:11,(anonymous_5)
FNDA:11,(anonymous_6)
FNDA:3,(anonymous_7)
DA:1,2
DA:2,2
DA:3,2
DA:4,2
DA:5,2
DA:9,2
DA:13,2
DA:14,2
DA:15,2
DA:16,2
DA:22,2
DA:24,1
DA:25,1
DA:26,1
DA:31,2
DA:32,11
DA:36,11
DA:38,11
DA:39,11
DA:40,11
DA:41,11
DA:45,11
DA:46,1
DA:50,10
DA:51,10
DA:52,2
DA:53,1
DA:58,1
DA:65,8
DA:66,8
DA:67,1
DA:72,7
DA:73,1
DA:79,6
DA:91,6
DA:92,6
DA:104,2
DA:107,2
DA:108,2
DA:111,2
DA:112,2
DA:113,2
DA:114,2
DA:116,1
DA:120,2
DA:123,4
DA:124,2
DA:125,2
DA:126,2
DA:127,2
DA:128,2
DA:131,1
DA:133,2
DA:136,2
DA:137,1
DA:140,1
DA:145,3
LF:57
LH:57
BRDA:45,0,0,1
BRDA:51,1,0,2
BRDA:52,2,0,1
BRDA:66,3,0,1
BRDA:72,4,0,1
BRDA:86,5,0,6
BRDA:86,5,1,0
BRDA:87,6,0,6
BRDA:87,6,1,0
BRDA:98,7,0,6
BRDA:98,7,1,0
BRDA:123,8,0,2
BRDA:136,9,0,1
BRDA:151,10,0,3
BRDA:151,10,1,0
BRF:15
BRH:11
end_of_record
TN:
SF:src\application\use-cases\capture-payment\capture-payment.use-case.ts
FN:18,(anonymous_4)
FN:26,(anonymous_5)
FNF:2
FNH:2
FNDA:7,(anonymous_4)
FNDA:7,(anonymous_5)
DA:1,2
DA:2,2
DA:3,2
DA:4,2
DA:8,2
DA:9,2
DA:10,2
DA:11,2
DA:15,2
DA:16,7
DA:20,7
DA:21,7
DA:22,7
DA:23,7
DA:27,7
DA:28,7
DA:29,1
DA:36,6
DA:37,1
DA:43,5
DA:44,1
DA:53,4
DA:58,4
DA:62,4
DA:63,4
DA:64,4
DA:66,4
DA:67,4
DA:68,4
DA:70,1
DA:74,4
LF:31
LH:31
BRDA:28,0,0,1
BRDA:36,1,0,1
BRDA:43,2,0,1
BRDA:58,3,0,3
BRDA:58,3,1,1
BRF:5
BRH:5
end_of_record
TN:
SF:src\application\use-cases\detach-payment-method\detach-payment-method.use-case.ts
FN:10,(anonymous_4)
FN:25,(anonymous_5)
FN:31,(anonymous_6)
FNF:3
FNH:3
FNDA:5,(anonymous_4)
FNDA:3,(anonymous_5)
FNDA:3,(anonymous_6)
DA:1,7
DA:2,7
DA:3,7
DA:7,7
DA:9,7
DA:11,5
DA:12,5
DA:22,7
DA:23,3
DA:27,3
DA:28,3
DA:32,3
DA:33,3
DA:34,1
DA:40,2
DA:41,1
DA:46,1
DA:47,1
DA:50,1
DA:51,1
DA:53,1
LF:21
LH:21
BRDA:33,0,0,1
BRDA:40,1,0,1
BRF:2
BRH:2
end_of_record
TN:
SF:src\application\use-cases\get-payment\get-payment.use-case.ts
FN:12,(anonymous_4)
FN:17,(anonymous_5)
FNF:2
FNH:2
FNDA:3,(anonymous_4)
FNDA:3,(anonymous_5)
DA:1,2
DA:2,2
DA:3,2
DA:7,2
DA:11,2
DA:14,3
DA:18,3
DA:19,3
DA:20,1
DA:26,2
DA:27,1
DA:33,1
LF:12
LH:12
BRDA:19,0,0,1
BRDA:26,1,0,1
BRF:2
BRH:2
end_of_record
TN:
SF:src\application\use-cases\list-payment-methods\list-payment-methods.use-case.ts
FN:10,(anonymous_4)
FN:15,(anonymous_5)
FN:17,(anonymous_6)
FNF:3
FNH:3
FNDA:2,(anonymous_4)
FNDA:2,(anonymous_5)
FNDA:1,(anonymous_6)
DA:1,2
DA:2,2
DA:9,2
DA:12,2
DA:16,2
DA:17,2
LF:6
LH:6
BRF:0
BRH:0
end_of_record
TN:
SF:src\application\use-cases\refund-payment\refund-payment.use-case.ts
FN:21,(anonymous_4)
FN:29,(anonymous_5)
FNF:2
FNH:2
FNDA:5,(anonymous_4)
FNDA:5,(anonymous_5)
DA:1,2
DA:2,2
DA:4,2
DA:5,2
DA:9,2
DA:10,2
DA:11,2
DA:12,2
DA:18,2
DA:19,5
DA:23,5
DA:24,5
DA:25,5
DA:26,5
DA:30,5
DA:31,5
DA:32,1
DA:39,4
DA:40,1
DA:46,3
DA:47,1
DA:55,2
DA:61,2
DA:62,2
DA:63,2
DA:64,2
DA:66,2
DA:67,2
DA:68,2
DA:70,1
DA:74,2
LF:31
LH:31
BRDA:31,0,0,1
BRDA:39,1,0,1
BRDA:46,2,0,1
BRF:3
BRH:3
end_of_record
TN:
SF:src\config\env.validation.ts
FNF:0
FNH:0
DA:1,1
DA:3,1
LF:2
LH:2
BRF:0
BRH:0
end_of_record
TN:
SF:src\domain\aggregates\payment-method.aggregate.ts
FN:27,(anonymous_0)
FN:47,(anonymous_1)
FN:51,(anonymous_2)
FN:55,(anonymous_3)
FN:59,(anonymous_4)
FN:63,(anonymous_5)
FN:67,(anonymous_6)
FN:71,(anonymous_7)
FN:75,(anonymous_8)
FN:79,(anonymous_9)
FN:83,(anonymous_10)
FN:87,(anonymous_11)
FN:91,(anonymous_12)
FNF:13
FNH:12
FNDA:5,(anonymous_0)
FNDA:2,(anonymous_1)
FNDA:2,(anonymous_2)
FNDA:2,(anonymous_3)
FNDA:1,(anonymous_4)
FNDA:3,(anonymous_5)
FNDA:3,(anonymous_6)
FNDA:2,(anonymous_7)
FNDA:2,(anonymous_8)
FNDA:5,(anonymous_9)
FNDA:2,(anonymous_10)
FNDA:0,(anonymous_11)
FNDA:4,(anonymous_12)
DA:1,4
DA:26,4
DA:28,5
DA:29,5
DA:31,5
DA:44,5
DA:48,2
DA:52,2
DA:56,2
DA:60,1
DA:64,3
DA:68,3
DA:72,2
DA:76,2
DA:80,5
DA:84,2
DA:88,0
DA:92,4
DA:93,2
DA:99,2
DA:100,2
LF:21
LH:20
BRDA:92,0,0,2
BRF:1
BRH:1
end_of_record
TN:
SF:src\domain\aggregates\payment.aggregate.ts
FN:39,(anonymous_0)
FN:64,(anonymous_1)
FN:68,(anonymous_2)
FN:72,(anonymous_3)
FN:76,(anonymous_4)
FN:80,(anonymous_5)
FN:84,(anonymous_6)
FN:88,(anonymous_7)
FN:92,(anonymous_8)
FN:96,(anonymous_9)
FN:100,(anonymous_10)
FN:104,(anonymous_11)
FN:108,(anonymous_12)
FN:112,(anonymous_13)
FN:116,(anonymous_14)
FN:120,(anonymous_15)
FN:124,(anonymous_16)
FN:154,(anonymous_17)
FN:183,(anonymous_18)
FN:216,(anonymous_19)
FN:249,(anonymous_20)
FNF:21
FNH:21
FNDA:31,(anonymous_0)
FNDA:28,(anonymous_1)
FNDA:17,(anonymous_2)
FNDA:14,(anonymous_3)
FNDA:5,(anonymous_4)
FNDA:2,(anonymous_5)
FNDA:23,(anonymous_6)
FNDA:56,(anonymous_7)
FNDA:13,(anonymous_8)
FNDA:2,(anonymous_9)
FNDA:1,(anonymous_10)
FNDA:4,(anonymous_11)
FNDA:3,(anonymous_12)
FNDA:2,(anonymous_13)
FNDA:4,(anonymous_14)
FNDA:1,(anonymous_15)
FNDA:27,(anonymous_16)
FNDA:15,(anonymous_17)
FNDA:7,(anonymous_18)
FNDA:11,(anonymous_19)
FNDA:5,(anonymous_20)
DA:1,8
DA:2,8
DA:3,8
DA:4,8
DA:5,8
DA:6,8
DA:7,8
DA:38,8
DA:40,31
DA:41,31
DA:42,31
DA:44,31
DA:61,31
DA:65,28
DA:69,17
DA:73,14
DA:77,5
DA:81,2
DA:85,23
DA:89,56
DA:93,13
DA:97,2
DA:101,1
DA:105,4
DA:109,3
DA:113,2
DA:117,4
DA:121,1
DA:125,27
DA:126,3
DA:133,24
DA:134,24
DA:135,24
DA:137,24
DA:155,15
DA:156,1
DA:163,14
DA:164,14
DA:165,14
DA:167,14
DA:184,7
DA:185,1
DA:192,6
DA:193,6
DA:197,6
DA:199,6
DA:217,11
DA:221,1
DA:228,10
DA:229,10
DA:230,10
DA:232,10
DA:250,5
DA:251,2
DA:258,3
DA:259,3
LF:56
LH:56
BRDA:53,0,0,31
BRDA:53,0,1,6
BRDA:125,1,0,3
BRDA:140,2,0,24
BRDA:140,2,1,1
BRDA:141,3,0,24
BRDA:141,3,1,0
BRDA:155,4,0,1
BRDA:170,5,0,14
BRDA:170,5,1,1
BRDA:171,6,0,14
BRDA:171,6,1,0
BRDA:184,7,0,1
BRDA:194,8,0,5
BRDA:194,8,1,1
BRDA:202,9,0,6
BRDA:202,9,1,1
BRDA:203,10,0,6
BRDA:203,10,1,0
BRDA:217,11,0,1
BRDA:218,12,0,11
BRDA:218,12,1,7
BRDA:235,13,0,10
BRDA:235,13,1,1
BRDA:236,14,0,10
BRDA:236,14,1,0
BRDA:250,15,0,2
BRF:27
BRH:23
end_of_record
TN:
SF:src\domain\events\payment-authorized.event.ts
FN:15,(anonymous_0)
FN:19,(anonymous_1)
FNF:2
FNH:2
FNDA:36,(anonymous_0)
FNDA:28,(anonymous_1)
DA:1,9
DA:12,9
DA:16,36
DA:20,28
DA:21,28
LF:5
LH:5
BRF:0
BRH:0
end_of_record
TN:
SF:src\domain\events\payment-captured.event.ts
FN:14,(anonymous_0)
FN:18,(anonymous_1)
FNF:2
FNH:2
FNDA:14,(anonymous_0)
FNDA:14,(anonymous_1)
DA:1,8
DA:11,8
DA:15,14
DA:19,14
DA:20,14
LF:5
LH:5
BRF:0
BRH:0
end_of_record
TN:
SF:src\domain\events\payment-failed.event.ts
FN:15,(anonymous_0)
FN:19,(anonymous_1)
FNF:2
FNH:2
FNDA:10,(anonymous_0)
FNDA:10,(anonymous_1)
DA:1,8
DA:12,8
DA:16,10
DA:20,10
DA:21,10
LF:5
LH:5
BRF:0
BRH:0
end_of_record
TN:
SF:src\domain\events\payment-refunded.event.ts
FN:15,(anonymous_0)
FN:19,(anonymous_1)
FNF:2
FNH:2
FNDA:6,(anonymous_0)
FNDA:6,(anonymous_1)
DA:1,8
DA:12,8
DA:16,6
DA:20,6
DA:21,6
LF:5
LH:5
BRF:0
BRH:0
end_of_record
TN:
SF:src\domain\value-objects\card-brand.vo.ts
FN:7,(anonymous_0)
FNF:1
FNH:1
FNDA:7,(anonymous_0)
DA:1,1
DA:4,1
DA:6,1
DA:7,7
DA:8,7
DA:9,2
LF:6
LH:6
BRDA:8,0,0,2
BRF:1
BRH:1
end_of_record
TN:
SF:src\domain\value-objects\last4.vo.ts
FN:4,(anonymous_0)
FNF:1
FNH:1
FNDA:5,(anonymous_0)
DA:1,1
DA:3,1
DA:4,5
DA:5,5
DA:6,4
LF:5
LH:5
BRDA:5,0,0,4
BRF:1
BRH:1
end_of_record
TN:
SF:src\domain\value-objects\money.vo.ts
FN:4,(anonymous_0)
FN:28,(anonymous_1)
FNF:2
FNH:2
FNDA:69,(anonymous_0)
FNDA:2,(anonymous_1)
DA:1,9
DA:3,9
DA:5,69
DA:6,69
DA:8,69
DA:9,2
DA:16,67
DA:17,3
DA:25,64
DA:29,2
LF:10
LH:10
BRDA:8,0,0,2
BRDA:8,1,0,69
BRDA:8,1,1,69
BRDA:16,2,0,3
BRDA:29,3,0,2
BRDA:29,3,1,2
BRF:6
BRH:6
end_of_record
TN:
SF:src\domain\value-objects\payment-id.vo.ts
FNF:0
FNH:0
DA:1,1
DA:3,1
LF:2
LH:2
BRF:0
BRH:0
end_of_record
TN:
SF:src\domain\value-objects\payment-method-id.vo.ts
FNF:0
FNH:0
DA:1,1
DA:3,1
LF:2
LH:2
BRF:0
BRH:0
end_of_record
TN:
SF:src\domain\value-objects\payment-status.enum.ts
FN:1,(anonymous_0)
FNF:1
FNH:1
FNDA:8,(anonymous_0)
DA:1,8
DA:2,8
DA:3,8
DA:4,8
DA:5,8
DA:6,8
DA:7,8
DA:8,8
LF:8
LH:8
BRDA:1,0,0,8
BRDA:1,0,1,8
BRF:2
BRH:2
end_of_record
TN:
SF:src\domain\value-objects\stripe-payment-method-id.vo.ts
FN:4,(anonymous_0)
FNF:1
FNH:1
FNDA:5,(anonymous_0)
DA:1,1
DA:3,1
DA:4,5
DA:5,5
DA:6,3
LF:5
LH:5
BRDA:5,0,0,3
BRF:1
BRH:1
end_of_record
TN:
SF:src\infrastructure\events\payment-event.publisher.ts
FN:22,(anonymous_4)
FN:27,(anonymous_5)
FNF:2
FNH:2
FNDA:4,(anonymous_4)
FNDA:4,(anonymous_5)
DA:1,6
DA:2,6
DA:8,6
DA:10,6
DA:19,6
DA:20,4
DA:23,4
DA:24,4
DA:28,4
DA:40,4
DA:50,4
DA:51,4
LF:12
LH:12
BRDA:32,0,0,3
BRDA:32,0,1,1
BRF:2
BRH:2
end_of_record
TN:
SF:src\infrastructure\logging\log-sanitizer.ts
FN:12,sanitizeLogContext
FNF:1
FNH:1
FNDA:5,sanitizeLogContext
DA:1,1
DA:12,1
DA:13,5
DA:14,5
DA:15,15
DA:16,8
DA:17,7
DA:18,1
DA:20,6
DA:23,5
LF:10
LH:10
BRDA:15,0,0,8
BRDA:15,0,1,7
BRDA:17,1,0,1
BRDA:17,1,1,6
BRDA:17,2,0,7
BRDA:17,2,1,7
BRDA:17,2,2,1
BRF:7
BRH:7
end_of_record
TN:
SF:src\infrastructure\observability\metrics.service.ts
FN:28,(anonymous_11)
FN:118,(anonymous_12)
FN:122,(anonymous_13)
FN:126,(anonymous_14)
FN:131,(anonymous_15)
FN:135,(anonymous_16)
FN:139,(anonymous_17)
FN:143,(anonymous_18)
FN:147,(anonymous_19)
FN:151,(anonymous_20)
FN:155,(anonymous_21)
FNF:11
FNH:11
FNDA:10,(anonymous_11)
FNDA:1,(anonymous_12)
FNDA:1,(anonymous_13)
FNDA:1,(anonymous_14)
FNDA:2,(anonymous_15)
FNDA:1,(anonymous_16)
FNDA:1,(anonymous_17)
FNDA:1,(anonymous_18)
FNDA:1,(anonymous_19)
FNDA:1,(anonymous_20)
FNDA:1,(anonymous_21)
DA:1,11
DA:2,11
DA:5,11
DA:29,10
DA:31,10
DA:38,10
DA:46,10
DA:53,10
DA:60,10
DA:67,10
DA:74,10
DA:81,10
DA:88,10
DA:95,10
DA:102,10
DA:109,10
DA:119,1
DA:123,1
DA:127,1
DA:128,1
DA:132,2
DA:136,1
DA:140,1
DA:144,1
DA:148,1
DA:152,1
DA:156,1
LF:27
LH:27
BRF:0
BRH:0
end_of_record
TN:
SF:src\infrastructure\persistence\entities\payment-method.typeorm-entity.ts
FNF:0
FNH:0
DA:1,1
DA:11,1
DA:13,1
DA:17,1
DA:20,1
DA:23,1
DA:26,1
DA:29,1
DA:32,1
DA:36,1
DA:39,1
DA:42,1
LF:12
LH:12
BRF:0
BRH:0
end_of_record
TN:
SF:src\infrastructure\persistence\entities\payment.typeorm-entity.ts
FNF:0
FNH:0
DA:1,1
DA:11,1
DA:13,1
DA:17,1
DA:21,1
DA:24,1
DA:27,1
DA:30,1
DA:34,1
DA:37,1
DA:41,1
DA:44,1
DA:47,1
DA:50,1
DA:53,1
DA:56,1
DA:59,1
LF:17
LH:17
BRF:0
BRH:0
end_of_record
TN:
SF:src\infrastructure\stripe\stripe-client.service.ts
FN:8,(anonymous_3)
FN:20,(anonymous_4)
FN:28,(anonymous_5)
FN:40,delay
FN:41,(anonymous_7)
FN:44,jitter
FN:54,(anonymous_9)
FN:65,(anonymous_10)
FN:74,(anonymous_11)
FN:78,(anonymous_12)
FN:81,(anonymous_13)
FN:87,(anonymous_14)
FN:148,(anonymous_15)
FN:152,(anonymous_16)
FN:160,(anonymous_17)
FN:161,(anonymous_18)
FN:166,(anonymous_19)
FN:171,(anonymous_20)
FN:180,(anonymous_21)
FN:181,(anonymous_22)
FN:187,(anonymous_23)
FN:196,(anonymous_24)
FNF:22
FNH:22
FNDA:4,(anonymous_3)
FNDA:2,(anonymous_4)
FNDA:2,(anonymous_5)
FNDA:5,delay
FNDA:5,(anonymous_7)
FNDA:5,jitter
FNDA:14,(anonymous_9)
FNDA:15,(anonymous_10)
FNDA:2,(anonymous_11)
FNDA:1,(anonymous_12)
FNDA:1,(anonymous_13)
FNDA:11,(anonymous_14)
FNDA:7,(anonymous_15)
FNDA:11,(anonymous_16)
FNDA:1,(anonymous_17)
FNDA:1,(anonymous_18)
FNDA:2,(anonymous_19)
FNDA:2,(anonymous_20)
FNDA:1,(anonymous_21)
FNDA:1,(anonymous_22)
FNDA:1,(anonymous_23)
FNDA:4,(anonymous_24)
DA:1,9
DA:2,9
DA:3,9
DA:4,9
DA:5,9
DA:7,9
DA:9,4
DA:10,4
DA:13,4
DA:14,4
DA:15,4
DA:19,9
DA:21,2
DA:22,2
DA:23,2
DA:27,9
DA:29,2
DA:30,2
DA:31,2
DA:35,9
DA:36,9
DA:37,9
DA:38,9
DA:41,5
DA:45,5
DA:49,9
DA:50,14
DA:55,14
DA:56,14
DA:58,14
DA:64,14
DA:65,15
DA:74,14
DA:75,2
DA:76,2
DA:78,14
DA:79,1
DA:81,14
DA:82,1
DA:83,1
DA:93,11
DA:94,16
DA:95,16
DA:96,6
DA:97,6
DA:99,10
DA:101,10
DA:102,1
DA:103,1
DA:106,9
DA:107,5
DA:109,5
DA:110,2
DA:111,2
DA:112,2
DA:119,3
DA:120,1
DA:121,1
DA:124,2
DA:125,2
DA:126,2
DA:127,2
DA:128,2
DA:129,2
DA:133,4
DA:134,3
DA:135,3
DA:136,3
DA:137,3
DA:142,1
DA:143,1
DA:152,7
DA:153,11
DA:161,1
DA:162,1
DA:171,2
DA:172,2
DA:181,1
DA:182,1
DA:192,1
DA:197,4
LF:81
LH:81
BRDA:58,0,0,14
BRDA:58,0,1,0
BRDA:101,1,0,1
BRDA:106,2,0,5
BRDA:107,3,0,5
BRDA:107,3,1,0
BRDA:109,4,0,2
BRDA:113,5,0,2
BRDA:113,5,1,0
BRDA:119,6,0,1
BRDA:124,7,0,2
BRDA:133,8,0,3
BRDA:174,9,0,2
BRDA:174,9,1,1
BRF:14
BRH:11
end_of_record
TN:
SF:src\presentation\controllers\health.controller.ts
FN:6,(anonymous_2)
FN:11,(anonymous_3)
FNF:2
FNH:1
FNDA:1,(anonymous_2)
FNDA:0,(anonymous_3)
DA:1,1
DA:4,1
DA:6,1
DA:7,1
DA:11,1
DA:12,0
LF:6
LH:5
BRF:0
BRH:0
end_of_record
TN:
SF:src\presentation\controllers\payment-method.controller.ts
FN:22,(anonymous_4)
FN:30,(anonymous_5)
FN:43,(anonymous_6)
FN:50,(anonymous_7)
FNF:4
FNH:3
FNDA:2,(anonymous_4)
FNDA:1,(anonymous_5)
FNDA:1,(anonymous_6)
FNDA:0,(anonymous_7)
DA:1,1
DA:13,1
DA:14,1
DA:15,1
DA:16,1
DA:17,1
DA:21,1
DA:23,2
DA:24,2
DA:25,2
DA:30,1
DA:31,1
DA:32,1
DA:43,1
DA:44,1
DA:45,1
DA:50,1
DA:51,0
DA:52,0
LF:19
LH:17
BRF:0
BRH:0
end_of_record
TN:
SF:src\presentation\controllers\payment.controller.ts
FN:24,(anonymous_4)
FN:32,(anonymous_5)
FN:61,(anonymous_6)
FN:68,(anonymous_7)
FN:80,(anonymous_8)
FNF:5
FNH:5
FNDA:8,(anonymous_4)
FNDA:2,(anonymous_5)
FNDA:1,(anonymous_6)
FNDA:2,(anonymous_7)
FNDA:2,(anonymous_8)
DA:1,1
DA:14,1
DA:15,1
DA:16,1
DA:17,1
DA:18,1
DA:19,1
DA:23,1
DA:25,8
DA:26,8
DA:27,8
DA:28,8
DA:32,1
DA:37,2
DA:38,1
DA:41,1
DA:42,1
DA:44,1
DA:56,1
DA:57,1
DA:61,1
DA:62,1
DA:63,1
DA:68,1
DA:69,2
DA:70,2
DA:71,2
DA:80,1
DA:85,2
DA:86,2
DA:87,2
LF:31
LH:31
BRDA:37,0,0,1
BRDA:51,1,0,1
BRDA:51,1,1,0
BRDA:52,2,0,1
BRDA:52,2,1,1
BRDA:56,3,0,1
BRDA:56,3,1,0
BRDA:74,4,0,2
BRDA:74,4,1,1
BRDA:90,5,0,2
BRDA:90,5,1,1
BRDA:92,6,0,2
BRDA:92,6,1,1
BRF:13
BRH:11
end_of_record
TN:
SF:src\presentation\controllers\stripe-webhook.controller.ts
FN:28,(anonymous_4)
FN:38,(anonymous_5)
FN:61,(anonymous_6)
FN:76,(anonymous_7)
FN:115,(anonymous_8)
FNF:5
FNH:5
FNDA:15,(anonymous_4)
FNDA:14,(anonymous_5)
FNDA:11,(anonymous_6)
FNDA:6,(anonymous_7)
FNDA:4,(anonymous_8)
DA:1,1
DA:12,1
DA:14,1
DA:15,1
DA:19,1
DA:20,1
DA:21,1
DA:25,1
DA:26,15
DA:29,15
DA:30,15
DA:32,15
DA:33,15
DA:38,1
DA:42,14
DA:43,14
DA:44,2
DA:47,12
DA:50,12
DA:51,12
DA:53,1
DA:54,1
DA:57,11
DA:58,11
DA:62,11
DA:64,11
DA:66,6
DA:67,6
DA:69,4
DA:70,4
DA:72,1
DA:77,6
DA:78,6
DA:79,6
DA:80,1
DA:81,1
DA:85,5
DA:86,1
DA:87,1
DA:91,4
DA:95,1
DA:98,1
DA:102,3
DA:103,3
DA:104,3
DA:106,3
DA:107,3
DA:108,3
DA:110,1
DA:116,4
DA:117,4
DA:118,4
DA:119,1
DA:120,1
DA:124,3
DA:125,1
DA:126,1
DA:129,2
DA:130,1
DA:133,1
DA:136,1
DA:137,1
LF:62
LH:62
BRDA:43,0,0,2
BRDA:43,1,0,14
BRDA:43,1,1,13
BRDA:47,2,0,12
BRDA:47,2,1,0
BRDA:64,3,0,6
BRDA:64,3,1,4
BRDA:64,3,2,1
BRDA:79,4,0,1
BRDA:85,5,0,1
BRDA:91,6,0,1
BRDA:92,7,0,4
BRDA:92,7,1,3
BRDA:102,8,0,3
BRDA:102,8,1,1
BRDA:118,9,0,1
BRDA:124,10,0,1
BRDA:129,11,0,1
BRF:18
BRH:17
end_of_record
TN:
SF:src\presentation\dto\payment.dto.ts
FN:29,(anonymous_2)
FN:34,(anonymous_3)
FN:44,(anonymous_4)
FN:63,(anonymous_5)
FNF:4
FNH:0
FNDA:0,(anonymous_2)
FNDA:0,(anonymous_3)
FNDA:0,(anonymous_4)
FNDA:0,(anonymous_5)
DA:1,2
DA:12,2
DA:14,2
DA:17,2
DA:20,2
DA:24,2
DA:29,0
DA:30,2
DA:34,0
DA:35,2
DA:38,2
DA:40,2
DA:44,0
DA:45,2
DA:49,2
DA:52,2
DA:56,2
DA:59,2
DA:63,0
DA:64,2
DA:68,2
LF:21
LH:17
BRF:0
BRH:0
end_of_record
TN:
SF:src\presentation\filters\http-exception.filter.ts
FN:13,(anonymous_1)
FN:16,(anonymous_2)
FNF:2
FNH:2
FNDA:9,(anonymous_1)
FNDA:9,(anonymous_2)
DA:1,1
DA:10,1
DA:13,1
DA:14,9
DA:17,9
DA:18,9
DA:19,9
DA:21,9
DA:23,9
DA:24,9
DA:25,9
DA:26,9
DA:28,9
DA:29,5
DA:30,5
DA:31,5
DA:32,3
DA:33,3
DA:34,3
DA:37,3
DA:39,2
DA:41,4
DA:42,2
DA:43,2
DA:44,2
DA:45,2
DA:46,2
DA:47,2
DA:50,9
LF:29
LH:29
BRDA:21,0,0,9
BRDA:21,0,1,1
BRDA:28,1,0,5
BRDA:28,1,1,4
BRDA:31,2,0,3
BRDA:31,2,1,2
BRDA:31,3,0,5
BRDA:31,3,1,3
BRDA:33,4,0,3
BRDA:33,4,1,1
BRDA:34,5,0,1
BRDA:34,5,1,2
BRDA:36,6,0,2
BRDA:36,6,1,2
BRDA:37,7,0,1
BRDA:37,7,1,2
BRDA:41,8,0,2
BRDA:41,8,1,2
BRDA:45,9,0,1
BRDA:45,9,1,1
BRDA:46,10,0,2
BRF:21
BRH:21
end_of_record
TN:
SF:src\presentation\guards\jwt-auth.guard.ts
FN:19,(anonymous_1)
FN:40,(anonymous_2)
FNF:2
FNH:2
FNDA:5,(anonymous_1)
FNDA:3,(anonymous_2)
DA:1,3
DA:18,3
DA:20,5
DA:21,5
DA:23,5
DA:24,2
DA:27,3
DA:31,3
DA:32,3
DA:33,1
DA:34,1
DA:36,2
DA:41,3
DA:42,3
DA:43,1
DA:45,2
DA:46,2
DA:47,2
DA:48,2
LF:19
LH:19
BRDA:23,0,0,2
BRDA:23,1,0,5
BRDA:23,1,1,4
BRDA:42,2,0,1
BRDA:46,3,0,0
BRF:5
BRH:4
end_of_record
