{"C:\\Users\\Anandu\\Documents\\workspace\\training\\travel-portal\\pgt\\policy-service\\src\\application\\dtos\\create-budget.dto.ts": {"path":"C:\\Users\\Anandu\\Documents\\workspace\\training\\travel-portal\\pgt\\policy-service\\src\\application\\dtos\\create-budget.dto.ts","statementMap":{"0":{"start":{"line":1,"column":0},"end":{"line":1,"column":null}},"1":{"start":{"line":12,"column":0},"end":{"line":12,"column":13}},"2":{"start":{"line":16,"column":2},"end":{"line":16,"column":null}},"3":{"start":{"line":20,"column":2},"end":{"line":20,"column":null}},"4":{"start":{"line":24,"column":2},"end":{"line":24,"column":null}},"5":{"start":{"line":28,"column":2},"end":{"line":28,"column":null}},"6":{"start":{"line":33,"column":2},"end":{"line":33,"column":null}},"7":{"start":{"line":38,"column":2},"end":{"line":38,"column":null}},"8":{"start":{"line":43,"column":2},"end":{"line":43,"column":null}},"9":{"start":{"line":48,"column":2},"end":{"line":48,"column":null}}},"fnMap":{},"branchMap":{},"s":{"0":1,"1":1,"2":1,"3":1,"4":1,"5":1,"6":1,"7":1,"8":1,"9":1},"f":{},"b":{}}
,"C:\\Users\\Anandu\\Documents\\workspace\\training\\travel-portal\\pgt\\policy-service\\src\\application\\dtos\\create-policy.dto.ts": {"path":"C:\\Users\\Anandu\\Documents\\workspace\\training\\travel-portal\\pgt\\policy-service\\src\\application\\dtos\\create-policy.dto.ts","statementMap":{"0":{"start":{"line":1,"column":0},"end":{"line":1,"column":null}},"1":{"start":{"line":15,"column":0},"end":{"line":15,"column":41}},"2":{"start":{"line":16,"column":0},"end":{"line":16,"column":82}},"3":{"start":{"line":18,"column":0},"end":{"line":18,"column":13}},"4":{"start":{"line":21,"column":2},"end":{"line":21,"column":null}},"5":{"start":{"line":25,"column":2},"end":{"line":25,"column":null}},"6":{"start":{"line":29,"column":2},"end":{"line":29,"column":null}},"7":{"start":{"line":32,"column":2},"end":{"line":32,"column":null}},"8":{"start":{"line":36,"column":2},"end":{"line":36,"column":null}},"9":{"start":{"line":39,"column":2},"end":{"line":39,"column":null}},"10":{"start":{"line":42,"column":0},"end":{"line":42,"column":13}},"11":{"start":{"line":46,"column":2},"end":{"line":46,"column":null}},"12":{"start":{"line":50,"column":2},"end":{"line":50,"column":null}},"13":{"start":{"line":55,"column":2},"end":{"line":55,"column":null}},"14":{"start":{"line":60,"column":2},"end":{"line":60,"column":null}},"15":{"start":{"line":59,"column":14},"end":{"line":59,"column":28}}},"fnMap":{"0":{"name":"(anonymous_2)","decl":{"start":{"line":59,"column":8},"end":{"line":59,"column":11}},"loc":{"start":{"line":59,"column":14},"end":{"line":59,"column":28}}}},"branchMap":{},"s":{"0":2,"1":2,"2":2,"3":2,"4":2,"5":2,"6":2,"7":2,"8":2,"9":2,"10":2,"11":2,"12":2,"13":2,"14":2,"15":3},"f":{"0":3},"b":{}}
,"C:\\Users\\Anandu\\Documents\\workspace\\training\\travel-portal\\pgt\\policy-service\\src\\application\\dtos\\policy-validation-request.dto.ts": {"path":"C:\\Users\\Anandu\\Documents\\workspace\\training\\travel-portal\\pgt\\policy-service\\src\\application\\dtos\\policy-validation-request.dto.ts","statementMap":{"0":{"start":{"line":1,"column":0},"end":{"line":1,"column":null}},"1":{"start":{"line":10,"column":0},"end":{"line":10,"column":82}},"2":{"start":{"line":12,"column":0},"end":{"line":12,"column":13}},"3":{"start":{"line":14,"column":2},"end":{"line":14,"column":null}},"4":{"start":{"line":18,"column":2},"end":{"line":18,"column":null}},"5":{"start":{"line":22,"column":2},"end":{"line":22,"column":null}},"6":{"start":{"line":26,"column":2},"end":{"line":26,"column":null}},"7":{"start":{"line":30,"column":2},"end":{"line":30,"column":null}},"8":{"start":{"line":35,"column":2},"end":{"line":35,"column":null}},"9":{"start":{"line":39,"column":2},"end":{"line":39,"column":null}}},"fnMap":{},"branchMap":{},"s":{"0":2,"1":2,"2":2,"3":2,"4":2,"5":2,"6":2,"7":2,"8":2,"9":2},"f":{},"b":{}}
,"C:\\Users\\Anandu\\Documents\\workspace\\training\\travel-portal\\pgt\\policy-service\\src\\application\\dtos\\update-policy.dto.ts": {"path":"C:\\Users\\Anandu\\Documents\\workspace\\training\\travel-portal\\pgt\\policy-service\\src\\application\\dtos\\update-policy.dto.ts","statementMap":{"0":{"start":{"line":1,"column":0},"end":{"line":1,"column":null}},"1":{"start":{"line":13,"column":0},"end":{"line":13,"column":41}},"2":{"start":{"line":14,"column":0},"end":{"line":14,"column":82}},"3":{"start":{"line":20,"column":2},"end":{"line":20,"column":null}},"4":{"start":{"line":25,"column":2},"end":{"line":25,"column":null}},"5":{"start":{"line":30,"column":2},"end":{"line":30,"column":null}},"6":{"start":{"line":34,"column":2},"end":{"line":34,"column":null}},"7":{"start":{"line":39,"column":2},"end":{"line":39,"column":null}},"8":{"start":{"line":43,"column":2},"end":{"line":43,"column":null}},"9":{"start":{"line":46,"column":0},"end":{"line":46,"column":13}},"10":{"start":{"line":50,"column":2},"end":{"line":50,"column":null}},"11":{"start":{"line":54,"column":2},"end":{"line":54,"column":null}},"12":{"start":{"line":58,"column":2},"end":{"line":58,"column":null}},"13":{"start":{"line":63,"column":2},"end":{"line":63,"column":null}},"14":{"start":{"line":61,"column":14},"end":{"line":61,"column":34}}},"fnMap":{"0":{"name":"(anonymous_2)","decl":{"start":{"line":61,"column":8},"end":{"line":61,"column":11}},"loc":{"start":{"line":61,"column":14},"end":{"line":61,"column":34}}}},"branchMap":{},"s":{"0":1,"1":1,"2":1,"3":1,"4":1,"5":1,"6":1,"7":1,"8":1,"9":1,"10":1,"11":1,"12":1,"13":1,"14":0},"f":{"0":0},"b":{}}
,"C:\\Users\\Anandu\\Documents\\workspace\\training\\travel-portal\\pgt\\policy-service\\src\\application\\mappers\\budget.mapper.ts": {"path":"C:\\Users\\Anandu\\Documents\\workspace\\training\\travel-portal\\pgt\\policy-service\\src\\application\\mappers\\budget.mapper.ts","statementMap":{"0":{"start":{"line":6,"column":4},"end":{"line":21,"column":6}},"1":{"start":{"line":4,"column":0},"end":{"line":4,"column":13}}},"fnMap":{"0":{"name":"(anonymous_0)","decl":{"start":{"line":5,"column":2},"end":{"line":5,"column":8}},"loc":{"start":{"line":5,"column":41},"end":{"line":22,"column":3}}}},"branchMap":{},"s":{"0":4,"1":5},"f":{"0":4},"b":{}}
,"C:\\Users\\Anandu\\Documents\\workspace\\training\\travel-portal\\pgt\\policy-service\\src\\application\\mappers\\policy.mapper.ts": {"path":"C:\\Users\\Anandu\\Documents\\workspace\\training\\travel-portal\\pgt\\policy-service\\src\\application\\mappers\\policy.mapper.ts","statementMap":{"0":{"start":{"line":6,"column":4},"end":{"line":24,"column":6}},"1":{"start":{"line":4,"column":0},"end":{"line":4,"column":13}}},"fnMap":{"0":{"name":"(anonymous_0)","decl":{"start":{"line":5,"column":2},"end":{"line":5,"column":8}},"loc":{"start":{"line":5,"column":35},"end":{"line":25,"column":3}}}},"branchMap":{},"s":{"0":13,"1":6},"f":{"0":13},"b":{}}
,"C:\\Users\\Anandu\\Documents\\workspace\\training\\travel-portal\\pgt\\policy-service\\src\\application\\use-cases\\create-budget.use-case.ts": {"path":"C:\\Users\\Anandu\\Documents\\workspace\\training\\travel-portal\\pgt\\policy-service\\src\\application\\use-cases\\create-budget.use-case.ts","statementMap":{"0":{"start":{"line":1,"column":0},"end":{"line":1,"column":44}},"1":{"start":{"line":2,"column":0},"end":{"line":2,"column":43}},"2":{"start":{"line":3,"column":0},"end":{"line":3,"column":51}},"3":{"start":{"line":4,"column":0},"end":{"line":4,"column":91}},"4":{"start":{"line":5,"column":0},"end":{"line":5,"column":112}},"5":{"start":{"line":8,"column":0},"end":{"line":8,"column":56}},"6":{"start":{"line":11,"column":7},"end":{"line":44,"column":null}},"7":{"start":{"line":12,"column":31},"end":{"line":12,"column":49}},"8":{"start":{"line":15,"column":19},"end":{"line":24,"column":6}},"9":{"start":{"line":27,"column":4},"end":{"line":40,"column":5}},"10":{"start":{"line":28,"column":6},"end":{"line":28,"column":55}},"11":{"start":{"line":30,"column":6},"end":{"line":38,"column":7}},"12":{"start":{"line":34,"column":8},"end":{"line":37,"column":10}},"13":{"start":{"line":39,"column":6},"end":{"line":39,"column":16}},"14":{"start":{"line":42,"column":4},"end":{"line":42,"column":37}},"15":{"start":{"line":11,"column":13},"end":{"line":11,"column":32}},"16":{"start":{"line":11,"column":13},"end":{"line":44,"column":null}}},"fnMap":{"0":{"name":"(anonymous_2)","decl":{"start":{"line":12,"column":2},"end":{"line":12,"column":31}},"loc":{"start":{"line":12,"column":77},"end":{"line":12,"column":81}}},"1":{"name":"(anonymous_3)","decl":{"start":{"line":14,"column":2},"end":{"line":14,"column":7}},"loc":{"start":{"line":14,"column":36},"end":{"line":43,"column":3}}}},"branchMap":{"0":{"loc":{"start":{"line":20,"column":10},"end":{"line":20,"column":66}},"type":"binary-expr","locations":[{"start":{"line":20,"column":10},"end":{"line":20,"column":36}},{"start":{"line":20,"column":40},"end":{"line":20,"column":66}}]},"1":{"loc":{"start":{"line":21,"column":10},"end":{"line":21,"column":66}},"type":"binary-expr","locations":[{"start":{"line":21,"column":10},"end":{"line":21,"column":36}},{"start":{"line":21,"column":40},"end":{"line":21,"column":66}}]},"2":{"loc":{"start":{"line":22,"column":10},"end":{"line":22,"column":66}},"type":"binary-expr","locations":[{"start":{"line":22,"column":10},"end":{"line":22,"column":36}},{"start":{"line":22,"column":40},"end":{"line":22,"column":66}}]},"3":{"loc":{"start":{"line":23,"column":10},"end":{"line":23,"column":66}},"type":"binary-expr","locations":[{"start":{"line":23,"column":10},"end":{"line":23,"column":36}},{"start":{"line":23,"column":40},"end":{"line":23,"column":66}}]},"4":{"loc":{"start":{"line":30,"column":6},"end":{"line":38,"column":7}},"type":"if","locations":[{"start":{"line":30,"column":6},"end":{"line":38,"column":7}}]},"5":{"loc":{"start":{"line":31,"column":8},"end":{"line":32,"column":37}},"type":"binary-expr","locations":[{"start":{"line":31,"column":8},"end":{"line":31,"column":39}},{"start":{"line":32,"column":9},"end":{"line":32,"column":37}}]}},"s":{"0":2,"1":2,"2":2,"3":2,"4":2,"5":2,"6":2,"7":3,"8":3,"9":3,"10":3,"11":2,"12":1,"13":1,"14":1,"15":2,"16":2},"f":{"0":3,"1":3},"b":{"0":[3,0],"1":[3,0],"2":[3,0],"3":[3,0],"4":[1],"5":[2,1]}}
,"C:\\Users\\Anandu\\Documents\\workspace\\training\\travel-portal\\pgt\\policy-service\\src\\application\\use-cases\\create-policy.use-case.ts": {"path":"C:\\Users\\Anandu\\Documents\\workspace\\training\\travel-portal\\pgt\\policy-service\\src\\application\\use-cases\\create-policy.use-case.ts","statementMap":{"0":{"start":{"line":1,"column":0},"end":{"line":1,"column":44}},"1":{"start":{"line":2,"column":0},"end":{"line":2,"column":43}},"2":{"start":{"line":3,"column":0},"end":{"line":3,"column":51}},"3":{"start":{"line":4,"column":0},"end":{"line":4,"column":79}},"4":{"start":{"line":5,"column":0},"end":{"line":5,"column":100}},"5":{"start":{"line":6,"column":0},"end":{"line":6,"column":85}},"6":{"start":{"line":9,"column":0},"end":{"line":9,"column":56}},"7":{"start":{"line":12,"column":7},"end":{"line":49,"column":null}},"8":{"start":{"line":14,"column":21},"end":{"line":14,"column":39}},"9":{"start":{"line":15,"column":21},"end":{"line":15,"column":35}},"10":{"start":{"line":19,"column":19},"end":{"line":26,"column":null}},"11":{"start":{"line":30,"column":4},"end":{"line":43,"column":5}},"12":{"start":{"line":31,"column":6},"end":{"line":31,"column":55}},"13":{"start":{"line":33,"column":6},"end":{"line":41,"column":7}},"14":{"start":{"line":37,"column":8},"end":{"line":40,"column":10}},"15":{"start":{"line":42,"column":6},"end":{"line":42,"column":16}},"16":{"start":{"line":45,"column":4},"end":{"line":45,"column":76}},"17":{"start":{"line":47,"column":4},"end":{"line":47,"column":37}},"18":{"start":{"line":12,"column":13},"end":{"line":12,"column":32}},"19":{"start":{"line":12,"column":13},"end":{"line":49,"column":null}}},"fnMap":{"0":{"name":"(anonymous_2)","decl":{"start":{"line":13,"column":2},"end":{"line":13,"column":null}},"loc":{"start":{"line":15,"column":53},"end":{"line":16,"column":6}}},"1":{"name":"(anonymous_3)","decl":{"start":{"line":18,"column":2},"end":{"line":18,"column":7}},"loc":{"start":{"line":18,"column":55},"end":{"line":48,"column":3}}}},"branchMap":{"0":{"loc":{"start":{"line":22,"column":12},"end":{"line":22,"column":77}},"type":"binary-expr","locations":[{"start":{"line":22,"column":12},"end":{"line":22,"column":41}},{"start":{"line":22,"column":45},"end":{"line":22,"column":77}}]},"1":{"loc":{"start":{"line":33,"column":6},"end":{"line":41,"column":7}},"type":"if","locations":[{"start":{"line":33,"column":6},"end":{"line":41,"column":7}}]},"2":{"loc":{"start":{"line":34,"column":8},"end":{"line":35,"column":37}},"type":"binary-expr","locations":[{"start":{"line":34,"column":8},"end":{"line":34,"column":39}},{"start":{"line":35,"column":9},"end":{"line":35,"column":37}}]}},"s":{"0":2,"1":2,"2":2,"3":2,"4":2,"5":2,"6":2,"7":2,"8":5,"9":5,"10":5,"11":5,"12":5,"13":2,"14":1,"15":1,"16":3,"17":3,"18":2,"19":2},"f":{"0":5,"1":5},"b":{"0":[5,1],"1":[1],"2":[2,1]}}
,"C:\\Users\\Anandu\\Documents\\workspace\\training\\travel-portal\\pgt\\policy-service\\src\\application\\use-cases\\delete-policy.use-case.ts": {"path":"C:\\Users\\Anandu\\Documents\\workspace\\training\\travel-portal\\pgt\\policy-service\\src\\application\\use-cases\\delete-policy.use-case.ts","statementMap":{"0":{"start":{"line":1,"column":0},"end":{"line":1,"column":44}},"1":{"start":{"line":2,"column":0},"end":{"line":2,"column":51}},"2":{"start":{"line":3,"column":0},"end":{"line":3,"column":100}},"3":{"start":{"line":4,"column":0},"end":{"line":4,"column":85}},"4":{"start":{"line":7,"column":7},"end":{"line":22,"column":null}},"5":{"start":{"line":9,"column":21},"end":{"line":9,"column":39}},"6":{"start":{"line":10,"column":21},"end":{"line":10,"column":35}},"7":{"start":{"line":14,"column":19},"end":{"line":14,"column":59}},"8":{"start":{"line":15,"column":4},"end":{"line":17,"column":5}},"9":{"start":{"line":16,"column":6},"end":{"line":16,"column":70}},"10":{"start":{"line":19,"column":4},"end":{"line":19,"column":43}},"11":{"start":{"line":20,"column":4},"end":{"line":20,"column":76}},"12":{"start":{"line":7,"column":13},"end":{"line":7,"column":32}},"13":{"start":{"line":7,"column":13},"end":{"line":22,"column":null}}},"fnMap":{"0":{"name":"(anonymous_2)","decl":{"start":{"line":8,"column":2},"end":{"line":8,"column":null}},"loc":{"start":{"line":10,"column":53},"end":{"line":11,"column":6}}},"1":{"name":"(anonymous_3)","decl":{"start":{"line":13,"column":2},"end":{"line":13,"column":7}},"loc":{"start":{"line":13,"column":26},"end":{"line":21,"column":3}}}},"branchMap":{"0":{"loc":{"start":{"line":15,"column":4},"end":{"line":17,"column":5}},"type":"if","locations":[{"start":{"line":15,"column":4},"end":{"line":17,"column":5}}]}},"s":{"0":2,"1":2,"2":2,"3":2,"4":2,"5":3,"6":3,"7":3,"8":3,"9":1,"10":2,"11":2,"12":2,"13":2},"f":{"0":3,"1":3},"b":{"0":[1]}}
,"C:\\Users\\Anandu\\Documents\\workspace\\training\\travel-portal\\pgt\\policy-service\\src\\application\\use-cases\\get-budget.use-case.ts": {"path":"C:\\Users\\Anandu\\Documents\\workspace\\training\\travel-portal\\pgt\\policy-service\\src\\application\\use-cases\\get-budget.use-case.ts","statementMap":{"0":{"start":{"line":1,"column":0},"end":{"line":1,"column":44}},"1":{"start":{"line":2,"column":0},"end":{"line":2,"column":51}},"2":{"start":{"line":3,"column":0},"end":{"line":3,"column":112}},"3":{"start":{"line":5,"column":0},"end":{"line":5,"column":56}},"4":{"start":{"line":8,"column":7},"end":{"line":20,"column":null}},"5":{"start":{"line":9,"column":31},"end":{"line":9,"column":49}},"6":{"start":{"line":12,"column":19},"end":{"line":12,"column":94}},"7":{"start":{"line":13,"column":4},"end":{"line":17,"column":5}},"8":{"start":{"line":14,"column":6},"end":{"line":16,"column":8}},"9":{"start":{"line":18,"column":4},"end":{"line":18,"column":38}},"10":{"start":{"line":8,"column":13},"end":{"line":8,"column":29}},"11":{"start":{"line":8,"column":13},"end":{"line":20,"column":null}}},"fnMap":{"0":{"name":"(anonymous_2)","decl":{"start":{"line":9,"column":2},"end":{"line":9,"column":31}},"loc":{"start":{"line":9,"column":77},"end":{"line":9,"column":81}}},"1":{"name":"(anonymous_3)","decl":{"start":{"line":11,"column":2},"end":{"line":11,"column":7}},"loc":{"start":{"line":11,"column":54},"end":{"line":19,"column":3}}}},"branchMap":{"0":{"loc":{"start":{"line":13,"column":4},"end":{"line":17,"column":5}},"type":"if","locations":[{"start":{"line":13,"column":4},"end":{"line":17,"column":5}}]}},"s":{"0":2,"1":2,"2":2,"3":2,"4":2,"5":2,"6":2,"7":2,"8":1,"9":1,"10":2,"11":2},"f":{"0":2,"1":2},"b":{"0":[1]}}
,"C:\\Users\\Anandu\\Documents\\workspace\\training\\travel-portal\\pgt\\policy-service\\src\\application\\use-cases\\get-policy.use-case.ts": {"path":"C:\\Users\\Anandu\\Documents\\workspace\\training\\travel-portal\\pgt\\policy-service\\src\\application\\use-cases\\get-policy.use-case.ts","statementMap":{"0":{"start":{"line":1,"column":0},"end":{"line":1,"column":44}},"1":{"start":{"line":2,"column":0},"end":{"line":2,"column":51}},"2":{"start":{"line":3,"column":0},"end":{"line":3,"column":100}},"3":{"start":{"line":5,"column":0},"end":{"line":5,"column":56}},"4":{"start":{"line":8,"column":7},"end":{"line":18,"column":null}},"5":{"start":{"line":9,"column":31},"end":{"line":9,"column":49}},"6":{"start":{"line":12,"column":19},"end":{"line":12,"column":59}},"7":{"start":{"line":13,"column":4},"end":{"line":15,"column":5}},"8":{"start":{"line":14,"column":6},"end":{"line":14,"column":70}},"9":{"start":{"line":16,"column":4},"end":{"line":16,"column":38}},"10":{"start":{"line":8,"column":13},"end":{"line":8,"column":29}},"11":{"start":{"line":8,"column":13},"end":{"line":18,"column":null}}},"fnMap":{"0":{"name":"(anonymous_2)","decl":{"start":{"line":9,"column":2},"end":{"line":9,"column":31}},"loc":{"start":{"line":9,"column":71},"end":{"line":9,"column":75}}},"1":{"name":"(anonymous_3)","decl":{"start":{"line":11,"column":2},"end":{"line":11,"column":7}},"loc":{"start":{"line":11,"column":26},"end":{"line":17,"column":3}}}},"branchMap":{"0":{"loc":{"start":{"line":13,"column":4},"end":{"line":15,"column":5}},"type":"if","locations":[{"start":{"line":13,"column":4},"end":{"line":15,"column":5}}]}},"s":{"0":2,"1":2,"2":2,"3":2,"4":2,"5":2,"6":2,"7":2,"8":1,"9":1,"10":2,"11":2},"f":{"0":2,"1":2},"b":{"0":[1]}}
,"C:\\Users\\Anandu\\Documents\\workspace\\training\\travel-portal\\pgt\\policy-service\\src\\application\\use-cases\\get-remaining-budget.use-case.ts": {"path":"C:\\Users\\Anandu\\Documents\\workspace\\training\\travel-portal\\pgt\\policy-service\\src\\application\\use-cases\\get-remaining-budget.use-case.ts","statementMap":{"0":{"start":{"line":1,"column":0},"end":{"line":1,"column":44}},"1":{"start":{"line":2,"column":0},"end":{"line":2,"column":51}},"2":{"start":{"line":3,"column":0},"end":{"line":3,"column":112}},"3":{"start":{"line":5,"column":0},"end":{"line":5,"column":56}},"4":{"start":{"line":8,"column":7},"end":{"line":20,"column":null}},"5":{"start":{"line":9,"column":31},"end":{"line":9,"column":49}},"6":{"start":{"line":12,"column":19},"end":{"line":12,"column":94}},"7":{"start":{"line":13,"column":4},"end":{"line":17,"column":5}},"8":{"start":{"line":14,"column":6},"end":{"line":16,"column":8}},"9":{"start":{"line":18,"column":4},"end":{"line":18,"column":38}},"10":{"start":{"line":8,"column":13},"end":{"line":8,"column":38}},"11":{"start":{"line":8,"column":13},"end":{"line":20,"column":null}}},"fnMap":{"0":{"name":"(anonymous_2)","decl":{"start":{"line":9,"column":2},"end":{"line":9,"column":31}},"loc":{"start":{"line":9,"column":77},"end":{"line":9,"column":81}}},"1":{"name":"(anonymous_3)","decl":{"start":{"line":11,"column":2},"end":{"line":11,"column":7}},"loc":{"start":{"line":11,"column":54},"end":{"line":19,"column":3}}}},"branchMap":{"0":{"loc":{"start":{"line":13,"column":4},"end":{"line":17,"column":5}},"type":"if","locations":[{"start":{"line":13,"column":4},"end":{"line":17,"column":5}}]}},"s":{"0":2,"1":2,"2":2,"3":2,"4":2,"5":2,"6":2,"7":2,"8":1,"9":1,"10":2,"11":2},"f":{"0":2,"1":2},"b":{"0":[1]}}
,"C:\\Users\\Anandu\\Documents\\workspace\\training\\travel-portal\\pgt\\policy-service\\src\\application\\use-cases\\list-budgets.use-case.ts": {"path":"C:\\Users\\Anandu\\Documents\\workspace\\training\\travel-portal\\pgt\\policy-service\\src\\application\\use-cases\\list-budgets.use-case.ts","statementMap":{"0":{"start":{"line":1,"column":0},"end":{"line":1,"column":44}},"1":{"start":{"line":2,"column":0},"end":{"line":2,"column":112}},"2":{"start":{"line":4,"column":0},"end":{"line":4,"column":56}},"3":{"start":{"line":7,"column":7},"end":{"line":14,"column":null}},"4":{"start":{"line":8,"column":31},"end":{"line":8,"column":49}},"5":{"start":{"line":11,"column":20},"end":{"line":11,"column":67}},"6":{"start":{"line":12,"column":4},"end":{"line":12,"column":53}},"7":{"start":{"line":12,"column":30},"end":{"line":12,"column":51}},"8":{"start":{"line":7,"column":13},"end":{"line":7,"column":31}},"9":{"start":{"line":7,"column":13},"end":{"line":14,"column":null}}},"fnMap":{"0":{"name":"(anonymous_2)","decl":{"start":{"line":8,"column":2},"end":{"line":8,"column":31}},"loc":{"start":{"line":8,"column":77},"end":{"line":8,"column":81}}},"1":{"name":"(anonymous_3)","decl":{"start":{"line":10,"column":2},"end":{"line":10,"column":7}},"loc":{"start":{"line":10,"column":35},"end":{"line":13,"column":3}}},"2":{"name":"(anonymous_4)","decl":{"start":{"line":12,"column":23},"end":{"line":12,"column":24}},"loc":{"start":{"line":12,"column":30},"end":{"line":12,"column":51}}}},"branchMap":{},"s":{"0":2,"1":2,"2":2,"3":2,"4":3,"5":3,"6":3,"7":1,"8":2,"9":2},"f":{"0":3,"1":3,"2":1},"b":{}}
,"C:\\Users\\Anandu\\Documents\\workspace\\training\\travel-portal\\pgt\\policy-service\\src\\application\\use-cases\\list-policies.use-case.ts": {"path":"C:\\Users\\Anandu\\Documents\\workspace\\training\\travel-portal\\pgt\\policy-service\\src\\application\\use-cases\\list-policies.use-case.ts","statementMap":{"0":{"start":{"line":1,"column":0},"end":{"line":1,"column":44}},"1":{"start":{"line":2,"column":0},"end":{"line":2,"column":100}},"2":{"start":{"line":4,"column":0},"end":{"line":4,"column":56}},"3":{"start":{"line":12,"column":7},"end":{"line":19,"column":null}},"4":{"start":{"line":13,"column":31},"end":{"line":13,"column":49}},"5":{"start":{"line":16,"column":21},"end":{"line":16,"column":65}},"6":{"start":{"line":17,"column":4},"end":{"line":17,"column":54}},"7":{"start":{"line":17,"column":31},"end":{"line":17,"column":52}},"8":{"start":{"line":12,"column":13},"end":{"line":12,"column":32}},"9":{"start":{"line":12,"column":13},"end":{"line":19,"column":null}}},"fnMap":{"0":{"name":"(anonymous_2)","decl":{"start":{"line":13,"column":2},"end":{"line":13,"column":31}},"loc":{"start":{"line":13,"column":71},"end":{"line":13,"column":75}}},"1":{"name":"(anonymous_3)","decl":{"start":{"line":15,"column":2},"end":{"line":15,"column":7}},"loc":{"start":{"line":15,"column":49},"end":{"line":18,"column":3}}},"2":{"name":"(anonymous_4)","decl":{"start":{"line":17,"column":24},"end":{"line":17,"column":25}},"loc":{"start":{"line":17,"column":31},"end":{"line":17,"column":52}}}},"branchMap":{"0":{"loc":{"start":{"line":15,"column":16},"end":{"line":15,"column":49}},"type":"default-arg","locations":[{"start":{"line":15,"column":47},"end":{"line":15,"column":49}}]}},"s":{"0":2,"1":2,"2":2,"3":2,"4":4,"5":4,"6":4,"7":1,"8":2,"9":2},"f":{"0":4,"1":4,"2":1},"b":{"0":[1]}}
,"C:\\Users\\Anandu\\Documents\\workspace\\training\\travel-portal\\pgt\\policy-service\\src\\application\\use-cases\\update-policy.use-case.ts": {"path":"C:\\Users\\Anandu\\Documents\\workspace\\training\\travel-portal\\pgt\\policy-service\\src\\application\\use-cases\\update-policy.use-case.ts","statementMap":{"0":{"start":{"line":1,"column":0},"end":{"line":1,"column":44}},"1":{"start":{"line":2,"column":0},"end":{"line":2,"column":51}},"2":{"start":{"line":3,"column":0},"end":{"line":3,"column":100}},"3":{"start":{"line":4,"column":0},"end":{"line":4,"column":85}},"4":{"start":{"line":7,"column":0},"end":{"line":7,"column":56}},"5":{"start":{"line":10,"column":7},"end":{"line":34,"column":null}},"6":{"start":{"line":12,"column":21},"end":{"line":12,"column":39}},"7":{"start":{"line":13,"column":21},"end":{"line":13,"column":35}},"8":{"start":{"line":17,"column":19},"end":{"line":17,"column":59}},"9":{"start":{"line":18,"column":4},"end":{"line":20,"column":5}},"10":{"start":{"line":19,"column":6},"end":{"line":19,"column":70}},"11":{"start":{"line":22,"column":4},"end":{"line":27,"column":7}},"12":{"start":{"line":29,"column":18},"end":{"line":29,"column":58}},"13":{"start":{"line":30,"column":4},"end":{"line":30,"column":76}},"14":{"start":{"line":32,"column":4},"end":{"line":32,"column":37}},"15":{"start":{"line":10,"column":13},"end":{"line":10,"column":32}},"16":{"start":{"line":10,"column":13},"end":{"line":34,"column":null}}},"fnMap":{"0":{"name":"(anonymous_2)","decl":{"start":{"line":11,"column":2},"end":{"line":11,"column":null}},"loc":{"start":{"line":13,"column":53},"end":{"line":14,"column":6}}},"1":{"name":"(anonymous_3)","decl":{"start":{"line":16,"column":2},"end":{"line":16,"column":7}},"loc":{"start":{"line":16,"column":48},"end":{"line":33,"column":3}}}},"branchMap":{"0":{"loc":{"start":{"line":18,"column":4},"end":{"line":20,"column":5}},"type":"if","locations":[{"start":{"line":18,"column":4},"end":{"line":20,"column":5}}]},"1":{"loc":{"start":{"line":23,"column":10},"end":{"line":23,"column":54}},"type":"binary-expr","locations":[{"start":{"line":23,"column":10},"end":{"line":23,"column":32}},{"start":{"line":23,"column":36},"end":{"line":23,"column":54}}]},"2":{"loc":{"start":{"line":24,"column":10},"end":{"line":24,"column":75}},"type":"binary-expr","locations":[{"start":{"line":24,"column":10},"end":{"line":24,"column":39}},{"start":{"line":24,"column":43},"end":{"line":24,"column":75}}]},"3":{"loc":{"start":{"line":25,"column":10},"end":{"line":25,"column":60}},"type":"binary-expr","locations":[{"start":{"line":25,"column":10},"end":{"line":25,"column":34}},{"start":{"line":25,"column":38},"end":{"line":25,"column":60}}]},"4":{"loc":{"start":{"line":26,"column":10},"end":{"line":26,"column":64}},"type":"binary-expr","locations":[{"start":{"line":26,"column":10},"end":{"line":26,"column":33}},{"start":{"line":26,"column":37},"end":{"line":26,"column":64}}]}},"s":{"0":2,"1":2,"2":2,"3":2,"4":2,"5":2,"6":6,"7":6,"8":6,"9":6,"10":1,"11":5,"12":5,"13":5,"14":5,"15":2,"16":2},"f":{"0":6,"1":6},"b":{"0":[1],"1":[5,3],"2":[5,1],"3":[5,1],"4":[5,1]}}
,"C:\\Users\\Anandu\\Documents\\workspace\\training\\travel-portal\\pgt\\policy-service\\src\\application\\use-cases\\validate-policy.use-case.ts": {"path":"C:\\Users\\Anandu\\Documents\\workspace\\training\\travel-portal\\pgt\\policy-service\\src\\application\\use-cases\\validate-policy.use-case.ts","statementMap":{"0":{"start":{"line":1,"column":0},"end":{"line":1,"column":52}},"1":{"start":{"line":2,"column":0},"end":{"line":2,"column":100}},"2":{"start":{"line":3,"column":0},"end":{"line":3,"column":106}},"3":{"start":{"line":4,"column":0},"end":{"line":4,"column":90}},"4":{"start":{"line":5,"column":0},"end":{"line":5,"column":85}},"5":{"start":{"line":6,"column":0},"end":{"line":6,"column":89}},"6":{"start":{"line":7,"column":0},"end":{"line":7,"column":91}},"7":{"start":{"line":8,"column":0},"end":{"line":8,"column":101}},"8":{"start":{"line":11,"column":0},"end":{"line":11,"column":82}},"9":{"start":{"line":12,"column":0},"end":{"line":12,"column":99}},"10":{"start":{"line":24,"column":34},"end":{"line":135,"column":null}},"11":{"start":{"line":28,"column":21},"end":{"line":28,"column":39}},"12":{"start":{"line":29,"column":21},"end":{"line":29,"column":42}},"13":{"start":{"line":30,"column":21},"end":{"line":30,"column":37}},"14":{"start":{"line":31,"column":21},"end":{"line":31,"column":35}},"15":{"start":{"line":32,"column":21},"end":{"line":32,"column":37}},"16":{"start":{"line":33,"column":21},"end":{"line":33,"column":30}},"17":{"start":{"line":34,"column":21},"end":{"line":34,"column":38}},"18":{"start":{"line":25,"column":19},"end":{"line":25,"column":67}},"19":{"start":{"line":43,"column":21},"end":{"line":43,"column":82}},"20":{"start":{"line":44,"column":4},"end":{"line":50,"column":5}},"21":{"start":{"line":45,"column":6},"end":{"line":48,"column":8}},"22":{"start":{"line":49,"column":6},"end":{"line":49,"column":80}},"23":{"start":{"line":53,"column":19},"end":{"line":53,"column":79}},"24":{"start":{"line":54,"column":4},"end":{"line":57,"column":5}},"25":{"start":{"line":55,"column":6},"end":{"line":55,"column":80}},"26":{"start":{"line":56,"column":6},"end":{"line":56,"column":77}},"27":{"start":{"line":60,"column":19},"end":{"line":60,"column":69}},"28":{"start":{"line":63,"column":29},"end":{"line":72,"column":null}},"29":{"start":{"line":76,"column":4},"end":{"line":84,"column":5}},"30":{"start":{"line":77,"column":6},"end":{"line":83,"column":9}},"31":{"start":{"line":87,"column":4},"end":{"line":87,"column":89}},"32":{"start":{"line":90,"column":21},"end":{"line":90,"column":39}},"33":{"start":{"line":91,"column":4},"end":{"line":125,"column":5}},"34":{"start":{"line":92,"column":6},"end":{"line":107,"column":11}},"35":{"start":{"line":106,"column":10},"end":{"line":106,"column":81}},"36":{"start":{"line":109,"column":6},"end":{"line":124,"column":11}},"37":{"start":{"line":123,"column":10},"end":{"line":123,"column":89}},"38":{"start":{"line":127,"column":4},"end":{"line":133,"column":6}},"39":{"start":{"line":24,"column":13},"end":{"line":24,"column":34}},"40":{"start":{"line":24,"column":13},"end":{"line":135,"column":null}}},"fnMap":{"0":{"name":"(anonymous_2)","decl":{"start":{"line":27,"column":2},"end":{"line":27,"column":null}},"loc":{"start":{"line":34,"column":66},"end":{"line":35,"column":6}}},"1":{"name":"(anonymous_3)","decl":{"start":{"line":37,"column":2},"end":{"line":37,"column":7}},"loc":{"start":{"line":40,"column":25},"end":{"line":134,"column":3}}},"2":{"name":"(anonymous_4)","decl":{"start":{"line":105,"column":15},"end":{"line":105,"column":16}},"loc":{"start":{"line":105,"column":30},"end":{"line":107,"column":9}}},"3":{"name":"(anonymous_5)","decl":{"start":{"line":122,"column":15},"end":{"line":122,"column":16}},"loc":{"start":{"line":122,"column":30},"end":{"line":124,"column":9}}}},"branchMap":{"0":{"loc":{"start":{"line":44,"column":4},"end":{"line":50,"column":5}},"type":"if","locations":[{"start":{"line":44,"column":4},"end":{"line":50,"column":5}}]},"1":{"loc":{"start":{"line":54,"column":4},"end":{"line":57,"column":5}},"type":"if","locations":[{"start":{"line":54,"column":4},"end":{"line":57,"column":5}}]},"2":{"loc":{"start":{"line":60,"column":19},"end":{"line":60,"column":69}},"type":"cond-expr","locations":[{"start":{"line":60,"column":42},"end":{"line":60,"column":61}},{"start":{"line":60,"column":65},"end":{"line":60,"column":69}}]},"3":{"loc":{"start":{"line":60,"column":42},"end":{"line":60,"column":61}},"type":"binary-expr","locations":[{"start":{"line":60,"column":42},"end":{"line":60,"column":53}},{"start":{"line":60,"column":57},"end":{"line":60,"column":61}}]},"4":{"loc":{"start":{"line":67,"column":12},"end":{"line":67,"column":74}},"type":"binary-expr","locations":[{"start":{"line":67,"column":12},"end":{"line":67,"column":40}},{"start":{"line":67,"column":44},"end":{"line":67,"column":74}}]},"5":{"loc":{"start":{"line":68,"column":12},"end":{"line":68,"column":62}},"type":"binary-expr","locations":[{"start":{"line":68,"column":12},"end":{"line":68,"column":36}},{"start":{"line":68,"column":40},"end":{"line":68,"column":62}}]},"6":{"loc":{"start":{"line":69,"column":12},"end":{"line":69,"column":77}},"type":"binary-expr","locations":[{"start":{"line":69,"column":12},"end":{"line":69,"column":41}},{"start":{"line":69,"column":45},"end":{"line":69,"column":77}}]},"7":{"loc":{"start":{"line":70,"column":12},"end":{"line":70,"column":98}},"type":"binary-expr","locations":[{"start":{"line":70,"column":12},"end":{"line":70,"column":48}},{"start":{"line":70,"column":52},"end":{"line":70,"column":98}}]},"8":{"loc":{"start":{"line":76,"column":4},"end":{"line":84,"column":5}},"type":"if","locations":[{"start":{"line":76,"column":4},"end":{"line":84,"column":5}}]},"9":{"loc":{"start":{"line":76,"column":8},"end":{"line":76,"column":50}},"type":"binary-expr","locations":[{"start":{"line":76,"column":8},"end":{"line":76,"column":31}},{"start":{"line":76,"column":35},"end":{"line":76,"column":50}}]},"10":{"loc":{"start":{"line":80,"column":12},"end":{"line":80,"column":74}},"type":"binary-expr","locations":[{"start":{"line":80,"column":12},"end":{"line":80,"column":40}},{"start":{"line":80,"column":44},"end":{"line":80,"column":74}}]},"11":{"loc":{"start":{"line":87,"column":43},"end":{"line":87,"column":87}},"type":"cond-expr","locations":[{"start":{"line":87,"column":68},"end":{"line":87,"column":75}},{"start":{"line":87,"column":78},"end":{"line":87,"column":87}}]},"12":{"loc":{"start":{"line":90,"column":21},"end":{"line":90,"column":39}},"type":"binary-expr","locations":[{"start":{"line":90,"column":21},"end":{"line":90,"column":31}},{"start":{"line":90,"column":35},"end":{"line":90,"column":39}}]},"13":{"loc":{"start":{"line":91,"column":4},"end":{"line":125,"column":5}},"type":"if","locations":[{"start":{"line":91,"column":4},"end":{"line":125,"column":5}},{"start":{"line":108,"column":11},"end":{"line":125,"column":5}}]},"14":{"loc":{"start":{"line":116,"column":24},"end":{"line":116,"column":50}},"type":"binary-expr","locations":[{"start":{"line":116,"column":24},"end":{"line":116,"column":32}},{"start":{"line":116,"column":36},"end":{"line":116,"column":50}}]}},"s":{"0":2,"1":2,"2":2,"3":2,"4":2,"5":2,"6":2,"7":2,"8":2,"9":2,"10":2,"11":11,"12":11,"13":11,"14":11,"15":11,"16":11,"17":11,"18":11,"19":11,"20":11,"21":10,"22":10,"23":11,"24":11,"25":11,"26":11,"27":11,"28":11,"29":11,"30":4,"31":11,"32":11,"33":11,"34":7,"35":1,"36":4,"37":1,"38":11,"39":2,"40":2},"f":{"0":11,"1":11,"2":1,"3":1},"b":{"0":[10],"1":[11],"2":[4,7],"3":[4,0],"4":[11,0],"5":[11,0],"6":[11,0],"7":[11,0],"8":[4],"9":[11,4],"10":[4,0],"11":[7,4],"12":[11,7],"13":[7,4],"14":[4,0]}}
,"C:\\Users\\Anandu\\Documents\\workspace\\training\\travel-portal\\pgt\\policy-service\\src\\config\\env.validation.ts": {"path":"C:\\Users\\Anandu\\Documents\\workspace\\training\\travel-portal\\pgt\\policy-service\\src\\config\\env.validation.ts","statementMap":{"0":{"start":{"line":1,"column":0},"end":{"line":1,"column":27}},"1":{"start":{"line":3,"column":13},"end":{"line":13,"column":35}}},"fnMap":{},"branchMap":{},"s":{"0":1,"1":1},"f":{},"b":{}}
,"C:\\Users\\Anandu\\Documents\\workspace\\training\\travel-portal\\pgt\\policy-service\\src\\domain\\aggregates\\departmental-budget.aggregate.ts": {"path":"C:\\Users\\Anandu\\Documents\\workspace\\training\\travel-portal\\pgt\\policy-service\\src\\domain\\aggregates\\departmental-budget.aggregate.ts","statementMap":{"0":{"start":{"line":1,"column":0},"end":{"line":1,"column":61}},"1":{"start":{"line":31,"column":15},"end":{"line":31,"column":29}},"2":{"start":{"line":32,"column":16},"end":{"line":32,"column":26}},"3":{"start":{"line":33,"column":49},"end":{"line":46,"column":6}},"4":{"start":{"line":47,"column":4},"end":{"line":47,"column":47}},"5":{"start":{"line":51,"column":4},"end":{"line":51,"column":41}},"6":{"start":{"line":55,"column":4},"end":{"line":55,"column":33}},"7":{"start":{"line":59,"column":4},"end":{"line":59,"column":33}},"8":{"start":{"line":63,"column":4},"end":{"line":63,"column":34}},"9":{"start":{"line":67,"column":4},"end":{"line":67,"column":28}},"10":{"start":{"line":71,"column":4},"end":{"line":71,"column":31}},"11":{"start":{"line":75,"column":4},"end":{"line":75,"column":31}},"12":{"start":{"line":79,"column":4},"end":{"line":79,"column":31}},"13":{"start":{"line":83,"column":4},"end":{"line":83,"column":31}},"14":{"start":{"line":87,"column":4},"end":{"line":87,"column":31}},"15":{"start":{"line":91,"column":4},"end":{"line":91,"column":32}},"16":{"start":{"line":95,"column":4},"end":{"line":95,"column":32}},"17":{"start":{"line":99,"column":4},"end":{"line":99,"column":53}},"18":{"start":{"line":103,"column":4},"end":{"line":103,"column":47}},"19":{"start":{"line":103,"column":38},"end":{"line":103,"column":47}},"20":{"start":{"line":104,"column":4},"end":{"line":104,"column":85}},"21":{"start":{"line":29,"column":0},"end":{"line":29,"column":13}}},"fnMap":{"0":{"name":"(anonymous_0)","decl":{"start":{"line":30,"column":2},"end":{"line":30,"column":8}},"loc":{"start":{"line":30,"column":40},"end":{"line":48,"column":3}}},"1":{"name":"(anonymous_1)","decl":{"start":{"line":50,"column":2},"end":{"line":50,"column":8}},"loc":{"start":{"line":50,"column":52},"end":{"line":52,"column":3}}},"2":{"name":"(anonymous_2)","decl":{"start":{"line":54,"column":2},"end":{"line":54,"column":6}},"loc":{"start":{"line":54,"column":16},"end":{"line":56,"column":3}}},"3":{"name":"(anonymous_3)","decl":{"start":{"line":58,"column":2},"end":{"line":58,"column":6}},"loc":{"start":{"line":58,"column":16},"end":{"line":60,"column":3}}},"4":{"name":"(anonymous_4)","decl":{"start":{"line":62,"column":2},"end":{"line":62,"column":6}},"loc":{"start":{"line":62,"column":17},"end":{"line":64,"column":3}}},"5":{"name":"(anonymous_5)","decl":{"start":{"line":66,"column":2},"end":{"line":66,"column":6}},"loc":{"start":{"line":66,"column":11},"end":{"line":68,"column":3}}},"6":{"name":"(anonymous_6)","decl":{"start":{"line":70,"column":2},"end":{"line":70,"column":6}},"loc":{"start":{"line":70,"column":14},"end":{"line":72,"column":3}}},"7":{"name":"(anonymous_7)","decl":{"start":{"line":74,"column":2},"end":{"line":74,"column":6}},"loc":{"start":{"line":74,"column":14},"end":{"line":76,"column":3}}},"8":{"name":"(anonymous_8)","decl":{"start":{"line":78,"column":2},"end":{"line":78,"column":6}},"loc":{"start":{"line":78,"column":14},"end":{"line":80,"column":3}}},"9":{"name":"(anonymous_9)","decl":{"start":{"line":82,"column":2},"end":{"line":82,"column":6}},"loc":{"start":{"line":82,"column":14},"end":{"line":84,"column":3}}},"10":{"name":"(anonymous_10)","decl":{"start":{"line":86,"column":2},"end":{"line":86,"column":6}},"loc":{"start":{"line":86,"column":14},"end":{"line":88,"column":3}}},"11":{"name":"(anonymous_11)","decl":{"start":{"line":90,"column":2},"end":{"line":90,"column":6}},"loc":{"start":{"line":90,"column":15},"end":{"line":92,"column":3}}},"12":{"name":"(anonymous_12)","decl":{"start":{"line":94,"column":2},"end":{"line":94,"column":6}},"loc":{"start":{"line":94,"column":15},"end":{"line":96,"column":3}}},"13":{"name":"(anonymous_13)","decl":{"start":{"line":98,"column":2},"end":{"line":98,"column":6}},"loc":{"start":{"line":98,"column":15},"end":{"line":100,"column":3}}},"14":{"name":"(anonymous_14)","decl":{"start":{"line":102,"column":2},"end":{"line":102,"column":6}},"loc":{"start":{"line":102,"column":20},"end":{"line":105,"column":3}}}},"branchMap":{"0":{"loc":{"start":{"line":40,"column":16},"end":{"line":40,"column":38}},"type":"binary-expr","locations":[{"start":{"line":40,"column":16},"end":{"line":40,"column":30}},{"start":{"line":40,"column":34},"end":{"line":40,"column":38}}]},"1":{"loc":{"start":{"line":41,"column":16},"end":{"line":41,"column":38}},"type":"binary-expr","locations":[{"start":{"line":41,"column":16},"end":{"line":41,"column":30}},{"start":{"line":41,"column":34},"end":{"line":41,"column":38}}]},"2":{"loc":{"start":{"line":42,"column":16},"end":{"line":42,"column":38}},"type":"binary-expr","locations":[{"start":{"line":42,"column":16},"end":{"line":42,"column":30}},{"start":{"line":42,"column":34},"end":{"line":42,"column":38}}]},"3":{"loc":{"start":{"line":43,"column":16},"end":{"line":43,"column":38}},"type":"binary-expr","locations":[{"start":{"line":43,"column":16},"end":{"line":43,"column":30}},{"start":{"line":43,"column":34},"end":{"line":43,"column":38}}]},"4":{"loc":{"start":{"line":103,"column":4},"end":{"line":103,"column":47}},"type":"if","locations":[{"start":{"line":103,"column":4},"end":{"line":103,"column":47}}]}},"s":{"0":6,"1":11,"2":11,"3":11,"4":11,"5":5,"6":5,"7":5,"8":4,"9":5,"10":4,"11":6,"12":5,"13":5,"14":5,"15":4,"16":4,"17":6,"18":7,"19":1,"20":6,"21":6},"f":{"0":11,"1":5,"2":5,"3":5,"4":4,"5":5,"6":4,"7":6,"8":5,"9":5,"10":5,"11":4,"12":4,"13":6,"14":7},"b":{"0":[11,10],"1":[11,10],"2":[11,10],"3":[11,10],"4":[1]}}
,"C:\\Users\\Anandu\\Documents\\workspace\\training\\travel-portal\\pgt\\policy-service\\src\\domain\\aggregates\\travel-policy.aggregate.ts": {"path":"C:\\Users\\Anandu\\Documents\\workspace\\training\\travel-portal\\pgt\\policy-service\\src\\domain\\aggregates\\travel-policy.aggregate.ts","statementMap":{"0":{"start":{"line":1,"column":0},"end":{"line":1,"column":61}},"1":{"start":{"line":2,"column":0},"end":{"line":2,"column":40}},"2":{"start":{"line":115,"column":9},"end":{"line":2,"column":103}},"3":{"start":{"line":34,"column":15},"end":{"line":34,"column":29}},"4":{"start":{"line":35,"column":16},"end":{"line":35,"column":26}},"5":{"start":{"line":36,"column":43},"end":{"line":47,"column":6}},"6":{"start":{"line":48,"column":4},"end":{"line":48,"column":41}},"7":{"start":{"line":52,"column":4},"end":{"line":52,"column":35}},"8":{"start":{"line":56,"column":4},"end":{"line":56,"column":30}},"9":{"start":{"line":60,"column":4},"end":{"line":60,"column":27}},"10":{"start":{"line":64,"column":4},"end":{"line":64,"column":34}},"11":{"start":{"line":68,"column":4},"end":{"line":68,"column":33}},"12":{"start":{"line":72,"column":4},"end":{"line":72,"column":28}},"13":{"start":{"line":76,"column":4},"end":{"line":76,"column":29}},"14":{"start":{"line":80,"column":4},"end":{"line":80,"column":32}},"15":{"start":{"line":84,"column":4},"end":{"line":84,"column":32}},"16":{"start":{"line":88,"column":4},"end":{"line":88,"column":32}},"17":{"start":{"line":92,"column":4},"end":{"line":94,"column":5}},"18":{"start":{"line":93,"column":6},"end":{"line":93,"column":41}},"19":{"start":{"line":95,"column":4},"end":{"line":97,"column":5}},"20":{"start":{"line":96,"column":6},"end":{"line":96,"column":55}},"21":{"start":{"line":98,"column":4},"end":{"line":100,"column":5}},"22":{"start":{"line":99,"column":6},"end":{"line":99,"column":60}},"23":{"start":{"line":101,"column":4},"end":{"line":103,"column":5}},"24":{"start":{"line":102,"column":6},"end":{"line":102,"column":45}},"25":{"start":{"line":104,"column":4},"end":{"line":104,"column":28}},"26":{"start":{"line":105,"column":4},"end":{"line":105,"column":38}},"27":{"start":{"line":109,"column":4},"end":{"line":109,"column":30}},"28":{"start":{"line":110,"column":4},"end":{"line":110,"column":28}},"29":{"start":{"line":111,"column":4},"end":{"line":111,"column":38}},"30":{"start":{"line":32,"column":0},"end":{"line":32,"column":13}}},"fnMap":{"0":{"name":"(anonymous_0)","decl":{"start":{"line":115,"column":9},"end":{"line":115,"column":19}},"loc":{"start":{"line":115,"column":9},"end":{"line":2,"column":103}}},"1":{"name":"(anonymous_1)","decl":{"start":{"line":33,"column":2},"end":{"line":33,"column":8}},"loc":{"start":{"line":33,"column":59},"end":{"line":49,"column":3}}},"2":{"name":"(anonymous_2)","decl":{"start":{"line":51,"column":2},"end":{"line":51,"column":8}},"loc":{"start":{"line":51,"column":46},"end":{"line":53,"column":3}}},"3":{"name":"(anonymous_3)","decl":{"start":{"line":55,"column":2},"end":{"line":55,"column":15}},"loc":{"start":{"line":55,"column":22},"end":{"line":57,"column":3}}},"4":{"name":"(anonymous_4)","decl":{"start":{"line":59,"column":2},"end":{"line":59,"column":6}},"loc":{"start":{"line":59,"column":10},"end":{"line":61,"column":3}}},"5":{"name":"(anonymous_5)","decl":{"start":{"line":63,"column":2},"end":{"line":63,"column":6}},"loc":{"start":{"line":63,"column":17},"end":{"line":65,"column":3}}},"6":{"name":"(anonymous_6)","decl":{"start":{"line":67,"column":2},"end":{"line":67,"column":6}},"loc":{"start":{"line":67,"column":16},"end":{"line":69,"column":3}}},"7":{"name":"(anonymous_7)","decl":{"start":{"line":71,"column":2},"end":{"line":71,"column":6}},"loc":{"start":{"line":71,"column":11},"end":{"line":73,"column":3}}},"8":{"name":"(anonymous_8)","decl":{"start":{"line":75,"column":2},"end":{"line":75,"column":6}},"loc":{"start":{"line":75,"column":12},"end":{"line":77,"column":3}}},"9":{"name":"(anonymous_9)","decl":{"start":{"line":79,"column":2},"end":{"line":79,"column":6}},"loc":{"start":{"line":79,"column":15},"end":{"line":81,"column":3}}},"10":{"name":"(anonymous_10)","decl":{"start":{"line":83,"column":2},"end":{"line":83,"column":6}},"loc":{"start":{"line":83,"column":15},"end":{"line":85,"column":3}}},"11":{"name":"(anonymous_11)","decl":{"start":{"line":87,"column":2},"end":{"line":87,"column":6}},"loc":{"start":{"line":87,"column":15},"end":{"line":89,"column":3}}},"12":{"name":"(anonymous_12)","decl":{"start":{"line":91,"column":2},"end":{"line":91,"column":8}},"loc":{"start":{"line":91,"column":39},"end":{"line":106,"column":3}}},"13":{"name":"(anonymous_13)","decl":{"start":{"line":108,"column":2},"end":{"line":108,"column":12}},"loc":{"start":{"line":108,"column":12},"end":{"line":112,"column":3}}}},"branchMap":{"0":{"loc":{"start":{"line":39,"column":19},"end":{"line":39,"column":44}},"type":"binary-expr","locations":[{"start":{"line":39,"column":19},"end":{"line":39,"column":36}},{"start":{"line":39,"column":40},"end":{"line":39,"column":44}}]},"1":{"loc":{"start":{"line":92,"column":4},"end":{"line":94,"column":5}},"type":"if","locations":[{"start":{"line":92,"column":4},"end":{"line":94,"column":5}}]},"2":{"loc":{"start":{"line":95,"column":4},"end":{"line":97,"column":5}},"type":"if","locations":[{"start":{"line":95,"column":4},"end":{"line":97,"column":5}}]},"3":{"loc":{"start":{"line":98,"column":4},"end":{"line":100,"column":5}},"type":"if","locations":[{"start":{"line":98,"column":4},"end":{"line":100,"column":5}}]},"4":{"loc":{"start":{"line":101,"column":4},"end":{"line":103,"column":5}},"type":"if","locations":[{"start":{"line":101,"column":4},"end":{"line":103,"column":5}}]}},"s":{"0":12,"1":12,"2":12,"3":47,"4":47,"5":47,"6":46,"7":1,"8":18,"9":16,"10":14,"11":24,"12":136,"13":15,"14":14,"15":14,"16":14,"17":10,"18":7,"19":10,"20":1,"21":10,"22":2,"23":10,"24":1,"25":10,"26":10,"27":1,"28":1,"29":1,"30":12},"f":{"0":0,"1":47,"2":1,"3":18,"4":16,"5":14,"6":24,"7":136,"8":15,"9":14,"10":14,"11":14,"12":10,"13":1},"b":{"0":[47,45],"1":[7],"2":[1],"3":[2],"4":[1]}}
,"C:\\Users\\Anandu\\Documents\\workspace\\training\\travel-portal\\pgt\\policy-service\\src\\domain\\events\\policy-validated.event.ts": {"path":"C:\\Users\\Anandu\\Documents\\workspace\\training\\travel-portal\\pgt\\policy-service\\src\\domain\\events\\policy-validated.event.ts","statementMap":{"0":{"start":{"line":1,"column":0},"end":{"line":1,"column":63}},"1":{"start":{"line":14,"column":4},"end":{"line":14,"column":29}},"2":{"start":{"line":18,"column":4},"end":{"line":18,"column":17}},"3":{"start":{"line":19,"column":4},"end":{"line":19,"column":27}},"4":{"start":{"line":10,"column":0},"end":{"line":10,"column":13}}},"fnMap":{"0":{"name":"(anonymous_0)","decl":{"start":{"line":13,"column":2},"end":{"line":13,"column":6}},"loc":{"start":{"line":13,"column":15},"end":{"line":15,"column":3}}},"1":{"name":"(anonymous_1)","decl":{"start":{"line":17,"column":2},"end":{"line":17,"column":14}},"loc":{"start":{"line":17,"column":69},"end":{"line":20,"column":3}}}},"branchMap":{},"s":{"0":4,"1":10,"2":14,"3":14,"4":4},"f":{"0":10,"1":14},"b":{}}
,"C:\\Users\\Anandu\\Documents\\workspace\\training\\travel-portal\\pgt\\policy-service\\src\\domain\\events\\policy-violation-detected.event.ts": {"path":"C:\\Users\\Anandu\\Documents\\workspace\\training\\travel-portal\\pgt\\policy-service\\src\\domain\\events\\policy-violation-detected.event.ts","statementMap":{"0":{"start":{"line":1,"column":0},"end":{"line":1,"column":63}},"1":{"start":{"line":15,"column":4},"end":{"line":15,"column":37}},"2":{"start":{"line":19,"column":4},"end":{"line":19,"column":17}},"3":{"start":{"line":20,"column":4},"end":{"line":20,"column":27}},"4":{"start":{"line":11,"column":0},"end":{"line":11,"column":13}}},"fnMap":{"0":{"name":"(anonymous_0)","decl":{"start":{"line":14,"column":2},"end":{"line":14,"column":6}},"loc":{"start":{"line":14,"column":15},"end":{"line":16,"column":3}}},"1":{"name":"(anonymous_1)","decl":{"start":{"line":18,"column":2},"end":{"line":18,"column":14}},"loc":{"start":{"line":18,"column":77},"end":{"line":21,"column":3}}}},"branchMap":{},"s":{"0":4,"1":9,"2":10,"3":10,"4":4},"f":{"0":9,"1":10},"b":{}}
,"C:\\Users\\Anandu\\Documents\\workspace\\training\\travel-portal\\pgt\\policy-service\\src\\domain\\services\\policy-validator.domain-service.ts": {"path":"C:\\Users\\Anandu\\Documents\\workspace\\training\\travel-portal\\pgt\\policy-service\\src\\domain\\services\\policy-validator.domain-service.ts","statementMap":{"0":{"start":{"line":1,"column":0},"end":{"line":1,"column":44}},"1":{"start":{"line":4,"column":0},"end":{"line":4,"column":83}},"2":{"start":{"line":16,"column":7},"end":{"line":86,"column":null}},"3":{"start":{"line":21,"column":4},"end":{"line":23,"column":5}},"4":{"start":{"line":22,"column":6},"end":{"line":22,"column":37}},"5":{"start":{"line":25,"column":42},"end":{"line":25,"column":44}},"6":{"start":{"line":28,"column":4},"end":{"line":36,"column":5}},"7":{"start":{"line":29,"column":6},"end":{"line":35,"column":7}},"8":{"start":{"line":30,"column":8},"end":{"line":34,"column":11}},"9":{"start":{"line":39,"column":4},"end":{"line":45,"column":5}},"10":{"start":{"line":40,"column":6},"end":{"line":44,"column":9}},"11":{"start":{"line":48,"column":4},"end":{"line":56,"column":5}},"12":{"start":{"line":49,"column":6},"end":{"line":55,"column":7}},"13":{"start":{"line":50,"column":8},"end":{"line":54,"column":11}},"14":{"start":{"line":59,"column":4},"end":{"line":73,"column":5}},"15":{"start":{"line":60,"column":21},"end":{"line":60,"column":41}},"16":{"start":{"line":61,"column":26},"end":{"line":61,"column":51}},"17":{"start":{"line":63,"column":8},"end":{"line":65,"column":58}},"18":{"start":{"line":66,"column":6},"end":{"line":72,"column":7}},"19":{"start":{"line":67,"column":8},"end":{"line":71,"column":11}},"20":{"start":{"line":77,"column":6},"end":{"line":78,"column":53}},"21":{"start":{"line":80,"column":4},"end":{"line":82,"column":5}},"22":{"start":{"line":81,"column":6},"end":{"line":81,"column":65}},"23":{"start":{"line":84,"column":4},"end":{"line":84,"column":51}},"24":{"start":{"line":16,"column":13},"end":{"line":16,"column":41}},"25":{"start":{"line":16,"column":13},"end":{"line":86,"column":null}}},"fnMap":{"0":{"name":"(anonymous_1)","decl":{"start":{"line":17,"column":2},"end":{"line":17,"column":10}},"loc":{"start":{"line":19,"column":31},"end":{"line":85,"column":3}}}},"branchMap":{"0":{"loc":{"start":{"line":21,"column":4},"end":{"line":23,"column":5}},"type":"if","locations":[{"start":{"line":21,"column":4},"end":{"line":23,"column":5}}]},"1":{"loc":{"start":{"line":28,"column":4},"end":{"line":36,"column":5}},"type":"if","locations":[{"start":{"line":28,"column":4},"end":{"line":36,"column":5}}]},"2":{"loc":{"start":{"line":29,"column":6},"end":{"line":35,"column":7}},"type":"if","locations":[{"start":{"line":29,"column":6},"end":{"line":35,"column":7}}]},"3":{"loc":{"start":{"line":39,"column":4},"end":{"line":45,"column":5}},"type":"if","locations":[{"start":{"line":39,"column":4},"end":{"line":45,"column":5}}]},"4":{"loc":{"start":{"line":48,"column":4},"end":{"line":56,"column":5}},"type":"if","locations":[{"start":{"line":48,"column":4},"end":{"line":56,"column":5}}]},"5":{"loc":{"start":{"line":49,"column":6},"end":{"line":55,"column":7}},"type":"if","locations":[{"start":{"line":49,"column":6},"end":{"line":55,"column":7}}]},"6":{"loc":{"start":{"line":59,"column":4},"end":{"line":73,"column":5}},"type":"if","locations":[{"start":{"line":59,"column":4},"end":{"line":73,"column":5}}]},"7":{"loc":{"start":{"line":60,"column":21},"end":{"line":60,"column":41}},"type":"binary-expr","locations":[{"start":{"line":60,"column":21},"end":{"line":60,"column":35}},{"start":{"line":60,"column":39},"end":{"line":60,"column":41}}]},"8":{"loc":{"start":{"line":61,"column":26},"end":{"line":61,"column":51}},"type":"binary-expr","locations":[{"start":{"line":61,"column":26},"end":{"line":61,"column":45}},{"start":{"line":61,"column":49},"end":{"line":61,"column":51}}]},"9":{"loc":{"start":{"line":63,"column":8},"end":{"line":65,"column":58}},"type":"binary-expr","locations":[{"start":{"line":63,"column":8},"end":{"line":63,"column":27}},{"start":{"line":64,"column":8},"end":{"line":64,"column":32}},{"start":{"line":65,"column":8},"end":{"line":65,"column":58}}]},"10":{"loc":{"start":{"line":66,"column":6},"end":{"line":72,"column":7}},"type":"if","locations":[{"start":{"line":66,"column":6},"end":{"line":72,"column":7}}]},"11":{"loc":{"start":{"line":77,"column":6},"end":{"line":78,"column":53}},"type":"binary-expr","locations":[{"start":{"line":77,"column":6},"end":{"line":77,"column":35}},{"start":{"line":78,"column":6},"end":{"line":78,"column":53}}]},"12":{"loc":{"start":{"line":80,"column":4},"end":{"line":82,"column":5}},"type":"if","locations":[{"start":{"line":80,"column":4},"end":{"line":82,"column":5}}]}},"s":{"0":3,"1":3,"2":3,"3":12,"4":1,"5":11,"6":11,"7":3,"8":2,"9":11,"10":2,"11":11,"12":3,"13":2,"14":11,"15":3,"16":3,"17":3,"18":3,"19":1,"20":11,"21":11,"22":5,"23":6,"24":3,"25":3},"f":{"0":12},"b":{"0":[1],"1":[3],"2":[2],"3":[2],"4":[3],"5":[2],"6":[3],"7":[3,0],"8":[3,0],"9":[3,2,2],"10":[1],"11":[11,10],"12":[5]}}
,"C:\\Users\\Anandu\\Documents\\workspace\\training\\travel-portal\\pgt\\policy-service\\src\\domain\\value-objects\\policy-rules.value-object.ts": {"path":"C:\\Users\\Anandu\\Documents\\workspace\\training\\travel-portal\\pgt\\policy-service\\src\\domain\\value-objects\\policy-rules.value-object.ts","statementMap":{"0":{"start":{"line":1,"column":0},"end":{"line":1,"column":49}},"1":{"start":{"line":3,"column":0},"end":{"line":3,"column":null}},"2":{"start":{"line":4,"column":2},"end":{"line":4,"column":null}},"3":{"start":{"line":5,"column":2},"end":{"line":5,"column":null}},"4":{"start":{"line":6,"column":2},"end":{"line":6,"column":null}},"5":{"start":{"line":7,"column":2},"end":{"line":7,"column":null}},"6":{"start":{"line":34,"column":30},"end":{"line":34,"column":55}},"7":{"start":{"line":35,"column":4},"end":{"line":44,"column":5}},"8":{"start":{"line":36,"column":6},"end":{"line":43,"column":7}},"9":{"start":{"line":37,"column":8},"end":{"line":42,"column":10}},"10":{"start":{"line":45,"column":4},"end":{"line":45,"column":45}},"11":{"start":{"line":46,"column":4},"end":{"line":46,"column":62}},"12":{"start":{"line":47,"column":4},"end":{"line":47,"column":55}},"13":{"start":{"line":48,"column":4},"end":{"line":48,"column":51}},"14":{"start":{"line":49,"column":4},"end":{"line":49,"column":53}},"15":{"start":{"line":50,"column":4},"end":{"line":50,"column":55}},"16":{"start":{"line":54,"column":4},"end":{"line":61,"column":6}},"17":{"start":{"line":65,"column":4},"end":{"line":65,"column":34}},"18":{"start":{"line":25,"column":0},"end":{"line":25,"column":13}}},"fnMap":{"0":{"name":"(anonymous_0)","decl":{"start":{"line":3,"column":0},"end":{"line":3,"column":12}},"loc":{"start":{"line":3,"column":22},"end":{"line":8,"column":1}}},"1":{"name":"(anonymous_1)","decl":{"start":{"line":33,"column":2},"end":{"line":33,"column":14}},"loc":{"start":{"line":33,"column":37},"end":{"line":51,"column":3}}},"2":{"name":"(anonymous_2)","decl":{"start":{"line":53,"column":2},"end":{"line":53,"column":9}},"loc":{"start":{"line":53,"column":9},"end":{"line":62,"column":3}}},"3":{"name":"(anonymous_3)","decl":{"start":{"line":64,"column":2},"end":{"line":64,"column":8}},"loc":{"start":{"line":64,"column":42},"end":{"line":66,"column":3}}}},"branchMap":{"0":{"loc":{"start":{"line":3,"column":12},"end":{"line":3,"column":null}},"type":"binary-expr","locations":[{"start":{"line":3,"column":12},"end":{"line":3,"column":22}},{"start":{"line":3,"column":22},"end":{"line":3,"column":null}}]},"1":{"loc":{"start":{"line":36,"column":6},"end":{"line":43,"column":7}},"type":"if","locations":[{"start":{"line":36,"column":6},"end":{"line":43,"column":7}}]}},"s":{"0":15,"1":15,"2":15,"3":15,"4":15,"5":15,"6":54,"7":54,"8":80,"9":2,"10":52,"11":52,"12":52,"13":52,"14":52,"15":52,"16":2,"17":2,"18":15},"f":{"0":15,"1":54,"2":2,"3":2},"b":{"0":[15,15],"1":[2]}}
,"C:\\Users\\Anandu\\Documents\\workspace\\training\\travel-portal\\pgt\\policy-service\\src\\domain\\value-objects\\validation-result.value-object.ts": {"path":"C:\\Users\\Anandu\\Documents\\workspace\\training\\travel-portal\\pgt\\policy-service\\src\\domain\\value-objects\\validation-result.value-object.ts","statementMap":{"0":{"start":{"line":9,"column":4},"end":{"line":9,"column":23}},"1":{"start":{"line":10,"column":4},"end":{"line":10,"column":33}},"2":{"start":{"line":11,"column":4},"end":{"line":11,"column":45}},"3":{"start":{"line":15,"column":4},"end":{"line":15,"column":60}},"4":{"start":{"line":19,"column":4},"end":{"line":19,"column":69}},"5":{"start":{"line":3,"column":0},"end":{"line":3,"column":13}}},"fnMap":{"0":{"name":"(anonymous_0)","decl":{"start":{"line":8,"column":2},"end":{"line":8,"column":22}},"loc":{"start":{"line":8,"column":94},"end":{"line":12,"column":3}}},"1":{"name":"(anonymous_1)","decl":{"start":{"line":14,"column":2},"end":{"line":14,"column":8}},"loc":{"start":{"line":14,"column":38},"end":{"line":16,"column":3}}},"2":{"name":"(anonymous_2)","decl":{"start":{"line":18,"column":2},"end":{"line":18,"column":8}},"loc":{"start":{"line":18,"column":69},"end":{"line":20,"column":3}}}},"branchMap":{"0":{"loc":{"start":{"line":14,"column":14},"end":{"line":14,"column":38}},"type":"default-arg","locations":[{"start":{"line":14,"column":33},"end":{"line":14,"column":38}}]},"1":{"loc":{"start":{"line":18,"column":45},"end":{"line":18,"column":69}},"type":"default-arg","locations":[{"start":{"line":18,"column":64},"end":{"line":18,"column":69}}]}},"s":{"0":39,"1":39,"2":39,"3":27,"4":12,"5":4},"f":{"0":39,"1":27,"2":12},"b":{"0":[20],"1":[6]}}
,"C:\\Users\\Anandu\\Documents\\workspace\\training\\travel-portal\\pgt\\policy-service\\src\\infrastructure\\cache\\policy-cache.service.ts": {"path":"C:\\Users\\Anandu\\Documents\\workspace\\training\\travel-portal\\pgt\\policy-service\\src\\infrastructure\\cache\\policy-cache.service.ts","statementMap":{"0":{"start":{"line":1,"column":0},"end":{"line":1,"column":52}},"1":{"start":{"line":2,"column":0},"end":{"line":2,"column":47}},"2":{"start":{"line":3,"column":0},"end":{"line":3,"column":28}},"3":{"start":{"line":4,"column":0},"end":{"line":4,"column":79}},"4":{"start":{"line":5,"column":0},"end":{"line":5,"column":83}},"5":{"start":{"line":7,"column":0},"end":{"line":7,"column":73}},"6":{"start":{"line":9,"column":24},"end":{"line":9,"column":27}},"7":{"start":{"line":10,"column":26},"end":{"line":10,"column":30}},"8":{"start":{"line":13,"column":31},"end":{"line":111,"column":null}},"9":{"start":{"line":18,"column":21},"end":{"line":18,"column":29}},"10":{"start":{"line":19,"column":21},"end":{"line":19,"column":30}},"11":{"start":{"line":14,"column":19},"end":{"line":14,"column":64}},"12":{"start":{"line":21,"column":21},"end":{"line":21,"column":85}},"13":{"start":{"line":22,"column":4},"end":{"line":22,"column":37}},"14":{"start":{"line":24,"column":4},"end":{"line":26,"column":7}},"15":{"start":{"line":25,"column":6},"end":{"line":25,"column":65}},"16":{"start":{"line":30,"column":4},"end":{"line":30,"column":54}},"17":{"start":{"line":34,"column":4},"end":{"line":34,"column":56}},"18":{"start":{"line":38,"column":4},"end":{"line":58,"column":5}},"19":{"start":{"line":39,"column":18},"end":{"line":39,"column":64}},"20":{"start":{"line":40,"column":6},"end":{"line":43,"column":7}},"21":{"start":{"line":41,"column":8},"end":{"line":41,"column":52}},"22":{"start":{"line":42,"column":8},"end":{"line":42,"column":20}},"23":{"start":{"line":44,"column":6},"end":{"line":44,"column":48}},"24":{"start":{"line":45,"column":21},"end":{"line":45,"column":59}},"25":{"start":{"line":46,"column":6},"end":{"line":54,"column":9}},"26":{"start":{"line":47,"column":41},"end":{"line":52,"column":10}},"27":{"start":{"line":53,"column":8},"end":{"line":53,"column":48}},"28":{"start":{"line":56,"column":6},"end":{"line":56,"column":86}},"29":{"start":{"line":57,"column":6},"end":{"line":57,"column":18}},"30":{"start":{"line":62,"column":4},"end":{"line":78,"column":5}},"31":{"start":{"line":63,"column":25},"end":{"line":74,"column":9}},"32":{"start":{"line":63,"column":46},"end":{"line":74,"column":8}},"33":{"start":{"line":75,"column":6},"end":{"line":75,"column":100}},"34":{"start":{"line":77,"column":6},"end":{"line":77,"column":88}},"35":{"start":{"line":82,"column":4},"end":{"line":86,"column":5}},"36":{"start":{"line":83,"column":6},"end":{"line":83,"column":53}},"37":{"start":{"line":85,"column":6},"end":{"line":85,"column":86}},"38":{"start":{"line":90,"column":4},"end":{"line":101,"column":5}},"39":{"start":{"line":91,"column":18},"end":{"line":91,"column":72}},"40":{"start":{"line":92,"column":6},"end":{"line":95,"column":7}},"41":{"start":{"line":93,"column":8},"end":{"line":93,"column":54}},"42":{"start":{"line":94,"column":8},"end":{"line":94,"column":20}},"43":{"start":{"line":96,"column":6},"end":{"line":96,"column":50}},"44":{"start":{"line":97,"column":6},"end":{"line":97,"column":17}},"45":{"start":{"line":99,"column":6},"end":{"line":99,"column":96}},"46":{"start":{"line":100,"column":6},"end":{"line":100,"column":18}},"47":{"start":{"line":105,"column":4},"end":{"line":109,"column":5}},"48":{"start":{"line":106,"column":6},"end":{"line":106,"column":88}},"49":{"start":{"line":108,"column":6},"end":{"line":108,"column":98}},"50":{"start":{"line":13,"column":13},"end":{"line":13,"column":31}},"51":{"start":{"line":13,"column":13},"end":{"line":111,"column":null}}},"fnMap":{"0":{"name":"(anonymous_3)","decl":{"start":{"line":17,"column":2},"end":{"line":17,"column":null}},"loc":{"start":{"line":19,"column":50},"end":{"line":27,"column":3}}},"1":{"name":"(anonymous_4)","decl":{"start":{"line":24,"column":27},"end":{"line":24,"column":28}},"loc":{"start":{"line":24,"column":42},"end":{"line":26,"column":5}}},"2":{"name":"(anonymous_5)","decl":{"start":{"line":29,"column":10},"end":{"line":29,"column":23}},"loc":{"start":{"line":29,"column":42},"end":{"line":31,"column":3}}},"3":{"name":"(anonymous_6)","decl":{"start":{"line":33,"column":10},"end":{"line":33,"column":25}},"loc":{"start":{"line":33,"column":44},"end":{"line":35,"column":3}}},"4":{"name":"(anonymous_7)","decl":{"start":{"line":37,"column":2},"end":{"line":37,"column":7}},"loc":{"start":{"line":37,"column":45},"end":{"line":59,"column":3}}},"5":{"name":"(anonymous_8)","decl":{"start":{"line":46,"column":24},"end":{"line":46,"column":25}},"loc":{"start":{"line":46,"column":30},"end":{"line":54,"column":7}}},"6":{"name":"(anonymous_9)","decl":{"start":{"line":61,"column":2},"end":{"line":61,"column":7}},"loc":{"start":{"line":61,"column":71},"end":{"line":79,"column":3}}},"7":{"name":"(anonymous_10)","decl":{"start":{"line":63,"column":38},"end":{"line":63,"column":39}},"loc":{"start":{"line":63,"column":46},"end":{"line":74,"column":8}}},"8":{"name":"(anonymous_11)","decl":{"start":{"line":81,"column":2},"end":{"line":81,"column":7}},"loc":{"start":{"line":81,"column":49},"end":{"line":87,"column":3}}},"9":{"name":"(anonymous_12)","decl":{"start":{"line":89,"column":2},"end":{"line":89,"column":7}},"loc":{"start":{"line":89,"column":48},"end":{"line":102,"column":3}}},"10":{"name":"(anonymous_13)","decl":{"start":{"line":104,"column":2},"end":{"line":104,"column":7}},"loc":{"start":{"line":104,"column":62},"end":{"line":110,"column":3}}}},"branchMap":{"0":{"loc":{"start":{"line":21,"column":21},"end":{"line":21,"column":85}},"type":"binary-expr","locations":[{"start":{"line":21,"column":21},"end":{"line":21,"column":57}},{"start":{"line":21,"column":61},"end":{"line":21,"column":85}}]},"1":{"loc":{"start":{"line":40,"column":6},"end":{"line":43,"column":7}},"type":"if","locations":[{"start":{"line":40,"column":6},"end":{"line":43,"column":7}}]},"2":{"loc":{"start":{"line":92,"column":6},"end":{"line":95,"column":7}},"type":"if","locations":[{"start":{"line":92,"column":6},"end":{"line":95,"column":7}}]}},"s":{"0":6,"1":6,"2":6,"3":6,"4":6,"5":6,"6":6,"7":6,"8":6,"9":15,"10":15,"11":15,"12":15,"13":15,"14":15,"15":0,"16":9,"17":5,"18":5,"19":5,"20":4,"21":2,"22":2,"23":2,"24":2,"25":2,"26":1,"27":1,"28":1,"29":1,"30":2,"31":2,"32":0,"33":2,"34":1,"35":2,"36":2,"37":1,"38":3,"39":3,"40":2,"41":1,"42":1,"43":1,"44":1,"45":1,"46":1,"47":2,"48":2,"49":1,"50":6,"51":6},"f":{"0":15,"1":0,"2":9,"3":5,"4":5,"5":1,"6":2,"7":0,"8":2,"9":3,"10":2},"b":{"0":[15,0],"1":[2],"2":[1]}}
,"C:\\Users\\Anandu\\Documents\\workspace\\training\\travel-portal\\pgt\\policy-service\\src\\infrastructure\\entities\\departmental-budget.entity.ts": {"path":"C:\\Users\\Anandu\\Documents\\workspace\\training\\travel-portal\\pgt\\policy-service\\src\\infrastructure\\entities\\departmental-budget.entity.ts","statementMap":{"0":{"start":{"line":1,"column":0},"end":{"line":1,"column":null}},"1":{"start":{"line":13,"column":7},"end":{"line":50,"column":null}},"2":{"start":{"line":13,"column":13},"end":{"line":13,"column":37}},"3":{"start":{"line":15,"column":2},"end":{"line":15,"column":null}},"4":{"start":{"line":19,"column":2},"end":{"line":19,"column":null}},"5":{"start":{"line":22,"column":2},"end":{"line":22,"column":null}},"6":{"start":{"line":25,"column":2},"end":{"line":25,"column":null}},"7":{"start":{"line":28,"column":2},"end":{"line":28,"column":null}},"8":{"start":{"line":31,"column":2},"end":{"line":31,"column":null}},"9":{"start":{"line":34,"column":2},"end":{"line":34,"column":null}},"10":{"start":{"line":37,"column":2},"end":{"line":37,"column":null}},"11":{"start":{"line":40,"column":2},"end":{"line":40,"column":null}},"12":{"start":{"line":43,"column":2},"end":{"line":43,"column":null}},"13":{"start":{"line":46,"column":2},"end":{"line":46,"column":null}},"14":{"start":{"line":49,"column":2},"end":{"line":49,"column":null}},"15":{"start":{"line":13,"column":13},"end":{"line":50,"column":null}}},"fnMap":{},"branchMap":{},"s":{"0":7,"1":7,"2":7,"3":7,"4":7,"5":7,"6":7,"7":7,"8":7,"9":7,"10":7,"11":7,"12":7,"13":7,"14":7,"15":7},"f":{},"b":{}}
,"C:\\Users\\Anandu\\Documents\\workspace\\training\\travel-portal\\pgt\\policy-service\\src\\infrastructure\\entities\\policy-violation.entity.ts": {"path":"C:\\Users\\Anandu\\Documents\\workspace\\training\\travel-portal\\pgt\\policy-service\\src\\infrastructure\\entities\\policy-violation.entity.ts","statementMap":{"0":{"start":{"line":1,"column":0},"end":{"line":1,"column":null}},"1":{"start":{"line":10,"column":0},"end":{"line":10,"column":60}},"2":{"start":{"line":14,"column":7},"end":{"line":41,"column":null}},"3":{"start":{"line":14,"column":13},"end":{"line":14,"column":34}},"4":{"start":{"line":16,"column":2},"end":{"line":16,"column":null}},"5":{"start":{"line":20,"column":2},"end":{"line":20,"column":null}},"6":{"start":{"line":24,"column":2},"end":{"line":24,"column":null}},"7":{"start":{"line":22,"column":19},"end":{"line":22,"column":37}},"8":{"start":{"line":28,"column":2},"end":{"line":28,"column":null}},"9":{"start":{"line":31,"column":2},"end":{"line":31,"column":null}},"10":{"start":{"line":34,"column":2},"end":{"line":34,"column":null}},"11":{"start":{"line":37,"column":2},"end":{"line":37,"column":null}},"12":{"start":{"line":40,"column":2},"end":{"line":40,"column":null}},"13":{"start":{"line":14,"column":13},"end":{"line":41,"column":null}}},"fnMap":{"0":{"name":"(anonymous_2)","decl":{"start":{"line":22,"column":13},"end":{"line":22,"column":16}},"loc":{"start":{"line":22,"column":19},"end":{"line":22,"column":37}}}},"branchMap":{},"s":{"0":3,"1":3,"2":3,"3":3,"4":3,"5":3,"6":3,"7":0,"8":3,"9":3,"10":3,"11":3,"12":3,"13":3},"f":{"0":0},"b":{}}
,"C:\\Users\\Anandu\\Documents\\workspace\\training\\travel-portal\\pgt\\policy-service\\src\\infrastructure\\entities\\travel-policy.entity.ts": {"path":"C:\\Users\\Anandu\\Documents\\workspace\\training\\travel-portal\\pgt\\policy-service\\src\\infrastructure\\entities\\travel-policy.entity.ts","statementMap":{"0":{"start":{"line":1,"column":0},"end":{"line":1,"column":null}},"1":{"start":{"line":15,"column":7},"end":{"line":47,"column":null}},"2":{"start":{"line":15,"column":13},"end":{"line":15,"column":31}},"3":{"start":{"line":17,"column":2},"end":{"line":17,"column":null}},"4":{"start":{"line":21,"column":2},"end":{"line":21,"column":null}},"5":{"start":{"line":24,"column":2},"end":{"line":24,"column":null}},"6":{"start":{"line":28,"column":2},"end":{"line":28,"column":null}},"7":{"start":{"line":31,"column":2},"end":{"line":31,"column":null}},"8":{"start":{"line":34,"column":2},"end":{"line":34,"column":null}},"9":{"start":{"line":37,"column":2},"end":{"line":37,"column":null}},"10":{"start":{"line":40,"column":2},"end":{"line":40,"column":null}},"11":{"start":{"line":43,"column":2},"end":{"line":43,"column":null}},"12":{"start":{"line":46,"column":2},"end":{"line":46,"column":null}},"13":{"start":{"line":15,"column":13},"end":{"line":47,"column":null}}},"fnMap":{},"branchMap":{},"s":{"0":9,"1":9,"2":9,"3":9,"4":9,"5":9,"6":9,"7":9,"8":9,"9":9,"10":9,"11":9,"12":9,"13":9},"f":{},"b":{}}
,"C:\\Users\\Anandu\\Documents\\workspace\\training\\travel-portal\\pgt\\policy-service\\src\\infrastructure\\http\\traveler-service.client.ts": {"path":"C:\\Users\\Anandu\\Documents\\workspace\\training\\travel-portal\\pgt\\policy-service\\src\\infrastructure\\http\\traveler-service.client.ts","statementMap":{"0":{"start":{"line":1,"column":0},"end":{"line":1,"column":52}},"1":{"start":{"line":2,"column":0},"end":{"line":2,"column":47}},"2":{"start":{"line":3,"column":0},"end":{"line":3,"column":57}},"3":{"start":{"line":4,"column":0},"end":{"line":4,"column":76}},"4":{"start":{"line":5,"column":0},"end":{"line":5,"column":37}},"5":{"start":{"line":6,"column":0},"end":{"line":6,"column":73}},"6":{"start":{"line":13,"column":34},"end":{"line":82,"column":null}},"7":{"start":{"line":19,"column":21},"end":{"line":19,"column":29}},"8":{"start":{"line":20,"column":21},"end":{"line":20,"column":30}},"9":{"start":{"line":14,"column":19},"end":{"line":14,"column":67}},"10":{"start":{"line":22,"column":20},"end":{"line":22,"column":101}},"11":{"start":{"line":23,"column":20},"end":{"line":23,"column":87}},"12":{"start":{"line":25,"column":4},"end":{"line":25,"column":60}},"13":{"start":{"line":27,"column":4},"end":{"line":42,"column":7}},"14":{"start":{"line":30,"column":21},"end":{"line":30,"column":66}},"15":{"start":{"line":31,"column":8},"end":{"line":31,"column":56}},"16":{"start":{"line":35,"column":24},"end":{"line":35,"column":82}},"17":{"start":{"line":36,"column":8},"end":{"line":38,"column":9}},"18":{"start":{"line":37,"column":10},"end":{"line":37,"column":23}},"19":{"start":{"line":39,"column":8},"end":{"line":39,"column":55}},"20":{"start":{"line":40,"column":8},"end":{"line":40,"column":56}},"21":{"start":{"line":45,"column":29},"end":{"line":50,"column":5}},"22":{"start":{"line":46,"column":23},"end":{"line":47,"column":null}},"23":{"start":{"line":49,"column":6},"end":{"line":49,"column":27}},"24":{"start":{"line":52,"column":4},"end":{"line":57,"column":7}},"25":{"start":{"line":59,"column":4},"end":{"line":59,"column":95}},"26":{"start":{"line":59,"column":69},"end":{"line":59,"column":92}},"27":{"start":{"line":61,"column":4},"end":{"line":64,"column":7}},"28":{"start":{"line":62,"column":6},"end":{"line":62,"column":55}},"29":{"start":{"line":63,"column":6},"end":{"line":63,"column":53}},"30":{"start":{"line":65,"column":4},"end":{"line":68,"column":7}},"31":{"start":{"line":66,"column":6},"end":{"line":66,"column":60}},"32":{"start":{"line":67,"column":6},"end":{"line":67,"column":58}},"33":{"start":{"line":69,"column":4},"end":{"line":72,"column":7}},"34":{"start":{"line":70,"column":6},"end":{"line":70,"column":56}},"35":{"start":{"line":71,"column":6},"end":{"line":71,"column":55}},"36":{"start":{"line":79,"column":19},"end":{"line":79,"column":100}},"37":{"start":{"line":80,"column":4},"end":{"line":80,"column":29}},"38":{"start":{"line":13,"column":13},"end":{"line":13,"column":34}},"39":{"start":{"line":13,"column":13},"end":{"line":82,"column":null}}},"fnMap":{"0":{"name":"(anonymous_12)","decl":{"start":{"line":18,"column":2},"end":{"line":18,"column":null}},"loc":{"start":{"line":20,"column":50},"end":{"line":73,"column":3}}},"1":{"name":"(anonymous_13)","decl":{"start":{"line":29,"column":18},"end":{"line":29,"column":19}},"loc":{"start":{"line":29,"column":41},"end":{"line":32,"column":7}}},"2":{"name":"(anonymous_14)","decl":{"start":{"line":33,"column":22},"end":{"line":33,"column":23}},"loc":{"start":{"line":33,"column":44},"end":{"line":41,"column":7}}},"3":{"name":"(anonymous_15)","decl":{"start":{"line":45,"column":29},"end":{"line":45,"column":34}},"loc":{"start":{"line":45,"column":103},"end":{"line":50,"column":5}}},"4":{"name":"(anonymous_16)","decl":{"start":{"line":59,"column":26},"end":{"line":59,"column":27}},"loc":{"start":{"line":59,"column":69},"end":{"line":59,"column":92}}},"5":{"name":"(anonymous_17)","decl":{"start":{"line":61,"column":28},"end":{"line":61,"column":31}},"loc":{"start":{"line":61,"column":33},"end":{"line":64,"column":5}}},"6":{"name":"(anonymous_18)","decl":{"start":{"line":65,"column":32},"end":{"line":65,"column":35}},"loc":{"start":{"line":65,"column":37},"end":{"line":68,"column":5}}},"7":{"name":"(anonymous_19)","decl":{"start":{"line":69,"column":29},"end":{"line":69,"column":32}},"loc":{"start":{"line":69,"column":34},"end":{"line":72,"column":5}}},"8":{"name":"(anonymous_20)","decl":{"start":{"line":75,"column":2},"end":{"line":75,"column":7}},"loc":{"start":{"line":77,"column":25},"end":{"line":81,"column":3}}}},"branchMap":{"0":{"loc":{"start":{"line":22,"column":20},"end":{"line":22,"column":101}},"type":"binary-expr","locations":[{"start":{"line":22,"column":20},"end":{"line":22,"column":67}},{"start":{"line":22,"column":71},"end":{"line":22,"column":101}}]},"1":{"loc":{"start":{"line":23,"column":20},"end":{"line":23,"column":87}},"type":"binary-expr","locations":[{"start":{"line":23,"column":20},"end":{"line":23,"column":79}},{"start":{"line":23,"column":83},"end":{"line":23,"column":87}}]},"2":{"loc":{"start":{"line":36,"column":8},"end":{"line":38,"column":9}},"type":"if","locations":[{"start":{"line":36,"column":8},"end":{"line":38,"column":9}}]},"3":{"loc":{"start":{"line":36,"column":12},"end":{"line":36,"column":83}},"type":"binary-expr","locations":[{"start":{"line":36,"column":12},"end":{"line":36,"column":32}},{"start":{"line":36,"column":36},"end":{"line":36,"column":49}},{"start":{"line":36,"column":53},"end":{"line":36,"column":65}},{"start":{"line":36,"column":69},"end":{"line":36,"column":83}}]}},"s":{"0":3,"1":3,"2":3,"3":3,"4":3,"5":3,"6":3,"7":4,"8":4,"9":4,"10":4,"11":4,"12":4,"13":4,"14":0,"15":0,"16":1,"17":1,"18":1,"19":0,"20":0,"21":4,"22":0,"23":0,"24":4,"25":4,"26":0,"27":4,"28":0,"29":0,"30":4,"31":0,"32":0,"33":4,"34":0,"35":0,"36":2,"37":2,"38":3,"39":3},"f":{"0":4,"1":0,"2":1,"3":0,"4":0,"5":0,"6":0,"7":0,"8":2},"b":{"0":[4,0],"1":[4,0],"2":[1],"3":[1,1,1,1]}}
,"C:\\Users\\Anandu\\Documents\\workspace\\training\\travel-portal\\pgt\\policy-service\\src\\infrastructure\\kafka\\policy-event.publisher.ts": {"path":"C:\\Users\\Anandu\\Documents\\workspace\\training\\travel-portal\\pgt\\policy-service\\src\\infrastructure\\kafka\\policy-event.publisher.ts","statementMap":{"0":{"start":{"line":1,"column":0},"end":{"line":1,"column":60}},"1":{"start":{"line":2,"column":0},"end":{"line":2,"column":48}},"2":{"start":{"line":7,"column":28},"end":{"line":7,"column":43}},"3":{"start":{"line":10,"column":33},"end":{"line":76,"column":null}},"4":{"start":{"line":14,"column":45},"end":{"line":14,"column":63}},"5":{"start":{"line":11,"column":19},"end":{"line":11,"column":66}},"6":{"start":{"line":18,"column":21},"end":{"line":28,"column":6}},"7":{"start":{"line":30,"column":4},"end":{"line":44,"column":5}},"8":{"start":{"line":31,"column":6},"end":{"line":39,"column":9}},"9":{"start":{"line":40,"column":6},"end":{"line":40,"column":91}},"10":{"start":{"line":42,"column":6},"end":{"line":42,"column":91}},"11":{"start":{"line":43,"column":6},"end":{"line":43,"column":16}},"12":{"start":{"line":48,"column":21},"end":{"line":58,"column":6}},"13":{"start":{"line":60,"column":4},"end":{"line":74,"column":5}},"14":{"start":{"line":61,"column":6},"end":{"line":69,"column":9}},"15":{"start":{"line":70,"column":6},"end":{"line":70,"column":91}},"16":{"start":{"line":72,"column":6},"end":{"line":72,"column":91}},"17":{"start":{"line":73,"column":6},"end":{"line":73,"column":16}},"18":{"start":{"line":10,"column":13},"end":{"line":10,"column":33}},"19":{"start":{"line":10,"column":13},"end":{"line":76,"column":null}}},"fnMap":{"0":{"name":"(anonymous_4)","decl":{"start":{"line":13,"column":2},"end":{"line":13,"column":null}},"loc":{"start":{"line":14,"column":63},"end":{"line":15,"column":6}}},"1":{"name":"(anonymous_5)","decl":{"start":{"line":17,"column":2},"end":{"line":17,"column":7}},"loc":{"start":{"line":17,"column":58},"end":{"line":45,"column":3}}},"2":{"name":"(anonymous_6)","decl":{"start":{"line":47,"column":2},"end":{"line":47,"column":7}},"loc":{"start":{"line":47,"column":74},"end":{"line":75,"column":3}}}},"branchMap":{"0":{"loc":{"start":{"line":22,"column":18},"end":{"line":24,"column":34}},"type":"cond-expr","locations":[{"start":{"line":23,"column":10},"end":{"line":23,"column":40}},{"start":{"line":24,"column":10},"end":{"line":24,"column":34}}]},"1":{"loc":{"start":{"line":52,"column":18},"end":{"line":54,"column":34}},"type":"cond-expr","locations":[{"start":{"line":53,"column":10},"end":{"line":53,"column":40}},{"start":{"line":54,"column":10},"end":{"line":54,"column":34}}]}},"s":{"0":3,"1":3,"2":3,"3":3,"4":8,"5":8,"6":4,"7":4,"8":4,"9":3,"10":1,"11":1,"12":4,"13":4,"14":4,"15":3,"16":1,"17":1,"18":3,"19":3},"f":{"0":8,"1":4,"2":4},"b":{"0":[3,1],"1":[3,1]}}
[...]
,"C:\\Users\\Anandu\\Documents\\workspace\\training\\travel-portal\\pgt\\policy-service\\src\\presentation\\controllers\\metrics.controller.ts": {"path":"C:\\Users\\Anandu\\Documents\\workspace\\training\\travel-portal\\pgt\\policy-service\\src\\presentation\\controllers\\metrics.controller.ts","statementMap":{"0":{"start":{"line":1,"column":0},"end":{"line":1,"column":62}},"1":{"start":{"line":3,"column":0},"end":{"line":3,"column":36}},"2":{"start":{"line":6,"column":7},"end":{"line":13,"column":null}},"3":{"start":{"line":10,"column":20},"end":{"line":10,"column":49}},"4":{"start":{"line":11,"column":4},"end":{"line":11,"column":34}},"5":{"start":{"line":6,"column":13},"end":{"line":6,"column":30}},"6":{"start":{"line":9,"column":8},"end":{"line":12,"column":null}},"7":{"start":{"line":6,"column":13},"end":{"line":13,"column":null}}},"fnMap":{"0":{"name":"(anonymous_13)","decl":{"start":{"line":9,"column":2},"end":{"line":9,"column":7}},"loc":{"start":{"line":9,"column":36},"end":{"line":12,"column":3}}}},"branchMap":{},"s":{"0":1,"1":1,"2":1,"3":1,"4":1,"5":1,"6":1,"7":1},"f":{"0":1},"b":{}}
,"C:\\Users\\Anandu\\Documents\\workspace\\training\\travel-portal\\pgt\\policy-service\\src\\presentation\\controllers\\policy.controller.ts": {"path":"C:\\Users\\Anandu\\Documents\\workspace\\training\\travel-portal\\pgt\\policy-service\\src\\presentation\\controllers\\policy.controller.ts","statementMap":{"0":{"start":{"line":1,"column":0},"end":{"line":1,"column":null}},"1":{"start":{"line":15,"column":0},"end":{"line":15,"column":46}},"2":{"start":{"line":16,"column":0},"end":{"line":16,"column":56}},"3":{"start":{"line":17,"column":0},"end":{"line":17,"column":58}},"4":{"start":{"line":18,"column":0},"end":{"line":18,"column":89}},"5":{"start":{"line":19,"column":0},"end":{"line":19,"column":83}},"6":{"start":{"line":20,"column":0},"end":{"line":20,"column":89}},"7":{"start":{"line":21,"column":0},"end":{"line":21,"column":89}},"8":{"start":{"line":22,"column":0},"end":{"line":22,"column":89}},"9":{"start":{"line":23,"column":0},"end":{"line":23,"column":93}},"10":{"start":{"line":24,"column":0},"end":{"line":24,"column":75}},"11":{"start":{"line":25,"column":0},"end":{"line":25,"column":75}},"12":{"start":{"line":26,"column":0},"end":{"line":26,"column":98}},"13":{"start":{"line":30,"column":7},"end":{"line":85,"column":null}},"14":{"start":{"line":32,"column":21},"end":{"line":32,"column":35}},"15":{"start":{"line":33,"column":21},"end":{"line":33,"column":32}},"16":{"start":{"line":34,"column":21},"end":{"line":34,"column":35}},"17":{"start":{"line":35,"column":21},"end":{"line":35,"column":35}},"18":{"start":{"line":36,"column":21},"end":{"line":36,"column":35}},"19":{"start":{"line":37,"column":21},"end":{"line":37,"column":37}},"20":{"start":{"line":44,"column":18},"end":{"line":44,"column":53}},"21":{"start":{"line":45,"column":4},"end":{"line":45,"column":52}},"22":{"start":{"line":51,"column":18},"end":{"line":51,"column":34}},"23":{"start":{"line":53,"column":7},"end":{"line":53,"column":79}},"24":{"start":{"line":54,"column":4},"end":{"line":54,"column":65}},"25":{"start":{"line":62,"column":63},"end":{"line":62,"column":65}},"26":{"start":{"line":63,"column":4},"end":{"line":63,"column":66}},"27":{"start":{"line":63,"column":34},"end":{"line":63,"column":66}},"28":{"start":{"line":64,"column":4},"end":{"line":64,"column":65}},"29":{"start":{"line":64,"column":30},"end":{"line":64,"column":65}},"30":{"start":{"line":65,"column":4},"end":{"line":65,"column":46}},"31":{"start":{"line":70,"column":4},"end":{"line":70,"column":38}},"32":{"start":{"line":76,"column":4},"end":{"line":76,"column":46}},"33":{"start":{"line":83,"column":4},"end":{"line":83,"column":41}},"34":{"start":{"line":30,"column":13},"end":{"line":30,"column":29}},"35":{"start":{"line":43,"column":8},"end":{"line":46,"column":null}},"36":{"start":{"line":50,"column":8},"end":{"line":55,"column":null}},"37":{"start":{"line":58,"column":8},"end":{"line":66,"column":null}},"38":{"start":{"line":69,"column":8},"end":{"line":71,"column":null}},"39":{"start":{"line":75,"column":8},"end":{"line":77,"column":null}},"40":{"start":{"line":82,"column":8},"end":{"line":84,"column":null}},"41":{"start":{"line":30,"column":13},"end":{"line":85,"column":null}}},"fnMap":{"0":{"name":"(anonymous_4)","decl":{"start":{"line":31,"column":2},"end":{"line":31,"column":null}},"loc":{"start":{"line":37,"column":58},"end":{"line":38,"column":6}}},"1":{"name":"(anonymous_5)","decl":{"start":{"line":43,"column":2},"end":{"line":43,"column":7}},"loc":{"start":{"line":43,"column":64},"end":{"line":46,"column":3}}},"2":{"name":"(anonymous_6)","decl":{"start":{"line":50,"column":2},"end":{"line":50,"column":7}},"loc":{"start":{"line":50,"column":77},"end":{"line":55,"column":3}}},"3":{"name":"(anonymous_7)","decl":{"start":{"line":58,"column":2},"end":{"line":58,"column":7}},"loc":{"start":{"line":60,"column":36},"end":{"line":66,"column":3}}},"4":{"name":"(anonymous_8)","decl":{"start":{"line":69,"column":2},"end":{"line":69,"column":7}},"loc":{"start":{"line":69,"column":39},"end":{"line":71,"column":3}}},"5":{"name":"(anonymous_9)","decl":{"start":{"line":75,"column":2},"end":{"line":75,"column":7}},"loc":{"start":{"line":75,"column":68},"end":{"line":77,"column":3}}},"6":{"name":"(anonymous_10)","decl":{"start":{"line":82,"column":2},"end":{"line":82,"column":7}},"loc":{"start":{"line":82,"column":38},"end":{"line":84,"column":3}}}},"branchMap":{"0":{"loc":{"start":{"line":53,"column":7},"end":{"line":53,"column":79}},"type":"binary-expr","locations":[{"start":{"line":53,"column":7},"end":{"line":53,"column":61}},{"start":{"line":53,"column":65},"end":{"line":53,"column":79}}]},"1":{"loc":{"start":{"line":63,"column":4},"end":{"line":63,"column":66}},"type":"if","locations":[{"start":{"line":63,"column":4},"end":{"line":63,"column":66}}]},"2":{"loc":{"start":{"line":64,"column":4},"end":{"line":64,"column":65}},"type":"if","locations":[{"start":{"line":64,"column":4},"end":{"line":64,"column":65}}]}},"s":{"0":1,"1":1,"2":1,"3":1,"4":1,"5":1,"6":1,"7":1,"8":1,"9":1,"10":1,"11":1,"12":1,"13":1,"14":14,"15":14,"16":14,"17":14,"18":14,"19":14,"20":1,"21":1,"22":3,"23":3,"24":3,"25":3,"26":3,"27":1,"28":3,"29":2,"30":3,"31":1,"32":1,"33":1,"34":1,"35":1,"36":1,"37":1,"38":1,"39":1,"40":1,"41":1},"f":{"0":14,"1":1,"2":3,"3":3,"4":1,"5":1,"6":1},"b":{"0":[3,1],"1":[1],"2":[2]}}
,"C:\\Users\\Anandu\\Documents\\workspace\\training\\travel-portal\\pgt\\policy-service\\src\\presentation\\filters\\http-exception.filter.ts": {"path":"C:\\Users\\Anandu\\Documents\\workspace\\training\\travel-portal\\pgt\\policy-service\\src\\presentation\\filters\\http-exception.filter.ts","statementMap":{"0":{"start":{"line":1,"column":0},"end":{"line":1,"column":null}},"1":{"start":{"line":10,"column":0},"end":{"line":10,"column":49}},"2":{"start":{"line":13,"column":32},"end":{"line":56,"column":null}},"3":{"start":{"line":14,"column":19},"end":{"line":14,"column":65}},"4":{"start":{"line":17,"column":16},"end":{"line":17,"column":35}},"5":{"start":{"line":18,"column":21},"end":{"line":18,"column":48}},"6":{"start":{"line":19,"column":20},"end":{"line":19,"column":45}},"7":{"start":{"line":21,"column":7},"end":{"line":21,"column":78}},"8":{"start":{"line":23,"column":21},"end":{"line":23,"column":53}},"9":{"start":{"line":24,"column":16},"end":{"line":24,"column":39}},"10":{"start":{"line":25,"column":18},"end":{"line":25,"column":48}},"11":{"start":{"line":26,"column":29},"end":{"line":26,"column":31}},"12":{"start":{"line":28,"column":4},"end":{"line":48,"column":5}},"13":{"start":{"line":29,"column":6},"end":{"line":29,"column":41}},"14":{"start":{"line":30,"column":32},"end":{"line":30,"column":55}},"15":{"start":{"line":31,"column":6},"end":{"line":40,"column":7}},"16":{"start":{"line":32,"column":21},"end":{"line":32,"column":65}},"17":{"start":{"line":33,"column":8},"end":{"line":33,"column":68}},"18":{"start":{"line":34,"column":8},"end":{"line":36,"column":57}},"19":{"start":{"line":37,"column":8},"end":{"line":37,"column":87}},"20":{"start":{"line":39,"column":8},"end":{"line":39,"column":44}},"21":{"start":{"line":41,"column":11},"end":{"line":48,"column":5}},"22":{"start":{"line":42,"column":6},"end":{"line":42,"column":40}},"23":{"start":{"line":43,"column":6},"end":{"line":43,"column":29}},"24":{"start":{"line":44,"column":6},"end":{"line":44,"column":34}},"25":{"start":{"line":45,"column":6},"end":{"line":45,"column":61}},"26":{"start":{"line":46,"column":11},"end":{"line":48,"column":5}},"27":{"start":{"line":47,"column":6},"end":{"line":47,"column":82}},"28":{"start":{"line":50,"column":4},"end":{"line":54,"column":7}},"29":{"start":{"line":13,"column":13},"end":{"line":13,"column":32}},"30":{"start":{"line":13,"column":13},"end":{"line":56,"column":null}}},"fnMap":{"0":{"name":"(anonymous_1)","decl":{"start":{"line":13,"column":7},"end":{"line":13,"column":13}},"loc":{"start":{"line":13,"column":7},"end":{"line":56,"column":1}}},"1":{"name":"(anonymous_2)","decl":{"start":{"line":16,"column":2},"end":{"line":16,"column":7}},"loc":{"start":{"line":16,"column":47},"end":{"line":55,"column":3}}}},"branchMap":{"0":{"loc":{"start":{"line":21,"column":7},"end":{"line":21,"column":78}},"type":"binary-expr","locations":[{"start":{"line":21,"column":7},"end":{"line":21,"column":65}},{"start":{"line":21,"column":69},"end":{"line":21,"column":78}}]},"1":{"loc":{"start":{"line":28,"column":4},"end":{"line":48,"column":5}},"type":"if","locations":[{"start":{"line":28,"column":4},"end":{"line":48,"column":5}},{"start":{"line":41,"column":11},"end":{"line":48,"column":5}}]},"2":{"loc":{"start":{"line":31,"column":6},"end":{"line":40,"column":7}},"type":"if","locations":[{"start":{"line":31,"column":6},"end":{"line":40,"column":7}},{"start":{"line":38,"column":13},"end":{"line":40,"column":7}}]},"3":{"loc":{"start":{"line":31,"column":10},"end":{"line":31,"column":77}},"type":"binary-expr","locations":[{"start":{"line":31,"column":10},"end":{"line":31,"column":47}},{"start":{"line":31,"column":51},"end":{"line":31,"column":77}}]},"4":{"loc":{"start":{"line":33,"column":23},"end":{"line":33,"column":66}},"type":"binary-expr","locations":[{"start":{"line":33,"column":23},"end":{"line":33,"column":36}},{"start":{"line":33,"column":40},"end":{"line":33,"column":66}}]},"5":{"loc":{"start":{"line":34,"column":18},"end":{"line":36,"column":56}},"type":"cond-expr","locations":[{"start":{"line":35,"column":13},"end":{"line":35,"column":52}},{"start":{"line":36,"column":12},"end":{"line":36,"column":56}}]},"6":{"loc":{"start":{"line":36,"column":19},"end":{"line":36,"column":55}},"type":"binary-expr","locations":[{"start":{"line":36,"column":19},"end":{"line":36,"column":34}},{"start":{"line":36,"column":38},"end":{"line":36,"column":55}}]},"7":{"loc":{"start":{"line":37,"column":18},"end":{"line":37,"column":86}},"type":"cond-expr","locations":[{"start":{"line":37,"column":52},"end":{"line":37,"column":81}},{"start":{"line":37,"column":84},"end":{"line":37,"column":86}}]},"8":{"loc":{"start":{"line":41,"column":11},"end":{"line":48,"column":5}},"type":"if","locations":[{"start":{"line":41,"column":11},"end":{"line":48,"column":5}},{"start":{"line":46,"column":11},"end":{"line":48,"column":5}}]},"9":{"loc":{"start":{"line":45,"column":16},"end":{"line":45,"column":60}},"type":"cond-expr","locations":[{"start":{"line":45,"column":36},"end":{"line":45,"column":55}},{"start":{"line":45,"column":58},"end":{"line":45,"column":60}}]},"10":{"loc":{"start":{"line":46,"column":11},"end":{"line":48,"column":5}},"type":"if","locations":[{"start":{"line":46,"column":11},"end":{"line":48,"column":5}}]}},"s":{"0":1,"1":1,"2":1,"3":5,"4":5,"5":5,"6":5,"7":5,"8":5,"9":5,"10":5,"11":5,"12":5,"13":3,"14":3,"15":3,"16":2,"17":2,"18":2,"19":2,"20":1,"21":2,"22":1,"23":1,"24":1,"25":1,"26":1,"27":1,"28":5,"29":1,"30":1},"f":{"0":5,"1":5},"b":{"0":[5,0],"1":[3,2],"2":[2,1],"3":[3,2],"4":[2,0],"5":[0,2],"6":[2,0],"7":[0,2],"8":[1,1],"9":[0,1],"10":[1]}}
,"C:\\Users\\Anandu\\Documents\\workspace\\training\\travel-portal\\pgt\\policy-service\\src\\presentation\\guards\\jwt-auth.guard.ts": {"path":"C:\\Users\\Anandu\\Documents\\workspace\\training\\travel-portal\\pgt\\policy-service\\src\\presentation\\guards\\jwt-auth.guard.ts","statementMap":{"0":{"start":{"line":1,"column":0},"end":{"line":1,"column":null}},"1":{"start":{"line":11,"column":7},"end":{"line":40,"column":null}},"2":{"start":{"line":13,"column":20},"end":{"line":13,"column":64}},"3":{"start":{"line":14,"column":23},"end":{"line":14,"column":55}},"4":{"start":{"line":16,"column":4},"end":{"line":18,"column":5}},"5":{"start":{"line":17,"column":6},"end":{"line":17,"column":81}},"6":{"start":{"line":20,"column":18},"end":{"line":20,"column":37}},"7":{"start":{"line":21,"column":4},"end":{"line":27,"column":5}},"8":{"start":{"line":22,"column":22},"end":{"line":22,"column":43}},"9":{"start":{"line":23,"column":7},"end":{"line":23,"column":38}},"10":{"start":{"line":24,"column":6},"end":{"line":24,"column":18}},"11":{"start":{"line":26,"column":6},"end":{"line":26,"column":59}},"12":{"start":{"line":31,"column":18},"end":{"line":31,"column":34}},"13":{"start":{"line":32,"column":4},"end":{"line":34,"column":5}},"14":{"start":{"line":33,"column":6},"end":{"line":33,"column":44}},"15":{"start":{"line":35,"column":26},"end":{"line":35,"column":34}},"16":{"start":{"line":36,"column":4},"end":{"line":36,"column":55}},"17":{"start":{"line":36,"column":24},"end":{"line":36,"column":55}},"18":{"start":{"line":37,"column":20},"end":{"line":37,"column":76}},"19":{"start":{"line":38,"column":4},"end":{"line":38,"column":45}},"20":{"start":{"line":11,"column":13},"end":{"line":11,"column":25}},"21":{"start":{"line":11,"column":13},"end":{"line":40,"column":null}}},"fnMap":{"0":{"name":"(anonymous_1)","decl":{"start":{"line":12,"column":2},"end":{"line":12,"column":13}},"loc":{"start":{"line":12,"column":39},"end":{"line":28,"column":3}}},"1":{"name":"(anonymous_2)","decl":{"start":{"line":30,"column":10},"end":{"line":30,"column":19}},"loc":{"start":{"line":30,"column":33},"end":{"line":39,"column":3}}}},"branchMap":{"0":{"loc":{"start":{"line":16,"column":4},"end":{"line":18,"column":5}},"type":"if","locations":[{"start":{"line":16,"column":4},"end":{"line":18,"column":5}}]},"1":{"loc":{"start":{"line":16,"column":8},"end":{"line":16,"column":56}},"type":"binary-expr","locations":[{"start":{"line":16,"column":8},"end":{"line":16,"column":19}},{"start":{"line":16,"column":23},"end":{"line":16,"column":56}}]},"2":{"loc":{"start":{"line":32,"column":4},"end":{"line":34,"column":5}},"type":"if","locations":[{"start":{"line":32,"column":4},"end":{"line":34,"column":5}}]},"3":{"loc":{"start":{"line":36,"column":4},"end":{"line":36,"column":55}},"type":"if","locations":[{"start":{"line":36,"column":4},"end":{"line":36,"column":55}}]}},"s":{"0":3,"1":3,"2":6,"3":6,"4":6,"5":2,"6":4,"7":4,"8":4,"9":1,"10":1,"11":3,"12":4,"13":4,"14":1,"15":3,"16":3,"17":1,"18":2,"19":2,"20":3,"21":3},"f":{"0":6,"1":4},"b":{"0":[2],"1":[6,5],"2":[1],"3":[1]}}
,"C:\\Users\\Anandu\\Documents\\workspace\\training\\travel-portal\\pgt\\policy-service\\src\\presentation\\guards\\roles.guard.ts": {"path":"C:\\Users\\Anandu\\Documents\\workspace\\training\\travel-portal\\pgt\\policy-service\\src\\presentation\\guards\\roles.guard.ts","statementMap":{"0":{"start":{"line":12,"column":0},"end":{"line":12,"column":16}},"1":{"start":{"line":1,"column":0},"end":{"line":1,"column":null}},"2":{"start":{"line":7,"column":0},"end":{"line":7,"column":41}},"3":{"start":{"line":10,"column":13},"end":{"line":10,"column":33}},"4":{"start":{"line":13,"column":2},"end":{"line":21,"column":4}},"5":{"start":{"line":14,"column":21},"end":{"line":14,"column":26}},"6":{"start":{"line":15,"column":4},"end":{"line":19,"column":5}},"7":{"start":{"line":16,"column":6},"end":{"line":16,"column":68}},"8":{"start":{"line":18,"column":6},"end":{"line":18,"column":58}},"9":{"start":{"line":20,"column":4},"end":{"line":20,"column":39}},"10":{"start":{"line":25,"column":7},"end":{"line":49,"column":null}},"11":{"start":{"line":26,"column":31},"end":{"line":26,"column":42}},"12":{"start":{"line":29,"column":26},"end":{"line":29,"column":87}},"13":{"start":{"line":30,"column":4},"end":{"line":32,"column":5}},"14":{"start":{"line":31,"column":6},"end":{"line":31,"column":18}},"15":{"start":{"line":34,"column":20},"end":{"line":34,"column":64}},"16":{"start":{"line":35,"column":18},"end":{"line":35,"column":71}},"17":{"start":{"line":37,"column":4},"end":{"line":39,"column":5}},"18":{"start":{"line":38,"column":6},"end":{"line":38,"column":55}},"19":{"start":{"line":41,"column":4},"end":{"line":45,"column":5}},"20":{"start":{"line":42,"column":6},"end":{"line":44,"column":8}},"21":{"start":{"line":47,"column":4},"end":{"line":47,"column":16}},"22":{"start":{"line":25,"column":13},"end":{"line":25,"column":23}},"23":{"start":{"line":25,"column":13},"end":{"line":49,"column":null}}},"fnMap":{"0":{"name":"Roles","decl":{"start":{"line":12,"column":16},"end":{"line":12,"column":21}},"loc":{"start":{"line":12,"column":40},"end":{"line":22,"column":1}}},"1":{"name":"(anonymous_3)","decl":{"start":{"line":13,"column":9},"end":{"line":13,"column":10}},"loc":{"start":{"line":13,"column":84},"end":{"line":21,"column":3}}},"2":{"name":"(anonymous_4)","decl":{"start":{"line":26,"column":2},"end":{"line":26,"column":31}},"loc":{"start":{"line":26,"column":51},"end":{"line":26,"column":55}}},"3":{"name":"(anonymous_5)","decl":{"start":{"line":28,"column":2},"end":{"line":28,"column":13}},"loc":{"start":{"line":28,"column":39},"end":{"line":48,"column":3}}}},"branchMap":{"0":{"loc":{"start":{"line":15,"column":4},"end":{"line":19,"column":5}},"type":"if","locations":[{"start":{"line":15,"column":4},"end":{"line":19,"column":5}},{"start":{"line":17,"column":11},"end":{"line":19,"column":5}}]},"1":{"loc":{"start":{"line":20,"column":11},"end":{"line":20,"column":38}},"type":"binary-expr","locations":[{"start":{"line":20,"column":11},"end":{"line":20,"column":21}},{"start":{"line":20,"column":25},"end":{"line":20,"column":38}}]},"2":{"loc":{"start":{"line":30,"column":4},"end":{"line":32,"column":5}},"type":"if","locations":[{"start":{"line":30,"column":4},"end":{"line":32,"column":5}}]},"3":{"loc":{"start":{"line":30,"column":8},"end":{"line":30,"column":52}},"type":"binary-expr","locations":[{"start":{"line":30,"column":8},"end":{"line":30,"column":22}},{"start":{"line":30,"column":26},"end":{"line":30,"column":52}}]},"4":{"loc":{"start":{"line":37,"column":4},"end":{"line":39,"column":5}},"type":"if","locations":[{"start":{"line":37,"column":4},"end":{"line":39,"column":5}}]},"5":{"loc":{"start":{"line":37,"column":8},"end":{"line":37,"column":27}},"type":"binary-expr","locations":[{"start":{"line":37,"column":8},"end":{"line":37,"column":13}},{"start":{"line":37,"column":17},"end":{"line":37,"column":27}}]},"6":{"loc":{"start":{"line":41,"column":4},"end":{"line":45,"column":5}},"type":"if","locations":[{"start":{"line":41,"column":4},"end":{"line":45,"column":5}}]}},"s":{"0":2,"1":2,"2":2,"3":2,"4":4,"5":4,"6":4,"7":3,"8":1,"9":4,"10":2,"11":8,"12":4,"13":4,"14":1,"15":3,"16":3,"17":3,"18":1,"19":2,"20":1,"21":1,"22":2,"23":2},"f":{"0":4,"1":4,"2":8,"3":4},"b":{"0":[3,1],"1":[4,1],"2":[1],"3":[4,3],"4":[1],"5":[3,3],"6":[1]}}
,"C:\\Users\\Anandu\\Documents\\workspace\\training\\travel-portal\\pgt\\policy-service\\src\\types\\axios-retry.d.ts": {"path":"C:\\Users\\Anandu\\Documents\\workspace\\training\\travel-portal\\pgt\\policy-service\\src\\types\\axios-retry.d.ts","statementMap":{},"fnMap":{},"branchMap":{},"s":{},"f":{},"b":{}}
}
