TN:
SF:src\application\dtos\create-budget.dto.ts
FNF:0
FNH:0
DA:1,1
DA:12,1
DA:16,1
DA:20,1
DA:24,1
DA:28,1
DA:33,1
DA:38,1
DA:43,1
DA:48,1
LF:10
LH:10
BRF:0
BRH:0
end_of_record
TN:
SF:src\application\dtos\create-policy.dto.ts
FN:59,(anonymous_2)
FNF:1
FNH:1
FNDA:3,(anonymous_2)
DA:1,2
DA:15,2
DA:16,2
DA:18,2
DA:21,2
DA:25,2
DA:29,2
DA:32,2
DA:36,2
DA:39,2
DA:42,2
DA:46,2
DA:50,2
DA:55,2
DA:59,3
DA:60,2
LF:16
LH:16
BRF:0
BRH:0
end_of_record
TN:
SF:src\application\dtos\policy-validation-request.dto.ts
FNF:0
FNH:0
DA:1,2
DA:10,2
DA:12,2
DA:14,2
DA:18,2
DA:22,2
DA:26,2
DA:30,2
DA:35,2
DA:39,2
LF:10
LH:10
BRF:0
BRH:0
end_of_record
TN:
SF:src\application\dtos\update-policy.dto.ts
FN:61,(anonymous_2)
FNF:1
FNH:0
FNDA:0,(anonymous_2)
DA:1,1
DA:13,1
DA:14,1
DA:20,1
DA:25,1
DA:30,1
DA:34,1
DA:39,1
DA:43,1
DA:46,1
DA:50,1
DA:54,1
DA:58,1
DA:61,0
DA:63,1
LF:15
LH:14
BRF:0
BRH:0
end_of_record
TN:
SF:src\application\mappers\budget.mapper.ts
FN:5,(anonymous_0)
FNF:1
FNH:1
FNDA:4,(anonymous_0)
DA:4,5
DA:6,4
LF:2
LH:2
BRF:0
BRH:0
end_of_record
TN:
SF:src\application\mappers\policy.mapper.ts
FN:5,(anonymous_0)
FNF:1
FNH:1
FNDA:13,(anonymous_0)
DA:4,6
DA:6,13
LF:2
LH:2
BRF:0
BRH:0
end_of_record
TN:
SF:src\application\use-cases\create-budget.use-case.ts
FN:12,(anonymous_2)
FN:14,(anonymous_3)
FNF:2
FNH:2
FNDA:3,(anonymous_2)
FNDA:3,(anonymous_3)
DA:1,2
DA:2,2
DA:3,2
DA:4,2
DA:5,2
DA:8,2
DA:11,2
DA:12,3
DA:15,3
DA:27,3
DA:28,3
DA:30,2
DA:34,1
DA:39,1
DA:42,1
LF:15
LH:15
BRDA:20,0,0,3
BRDA:20,0,1,0
BRDA:21,1,0,3
BRDA:21,1,1,0
BRDA:22,2,0,3
BRDA:22,2,1,0
BRDA:23,3,0,3
BRDA:23,3,1,0
BRDA:30,4,0,1
BRDA:31,5,0,2
BRDA:31,5,1,1
BRF:11
BRH:7
end_of_record
TN:
SF:src\application\use-cases\create-policy.use-case.ts
FN:13,(anonymous_2)
FN:18,(anonymous_3)
FNF:2
FNH:2
FNDA:5,(anonymous_2)
FNDA:5,(anonymous_3)
DA:1,2
DA:2,2
DA:3,2
DA:4,2
DA:5,2
DA:6,2
DA:9,2
DA:12,2
DA:14,5
DA:15,5
DA:19,5
DA:30,5
DA:31,5
DA:33,2
DA:37,1
DA:42,1
DA:45,3
DA:47,3
LF:18
LH:18
BRDA:22,0,0,5
BRDA:22,0,1,1
BRDA:33,1,0,1
BRDA:34,2,0,2
BRDA:34,2,1,1
BRF:5
BRH:5
end_of_record
TN:
SF:src\application\use-cases\delete-policy.use-case.ts
FN:8,(anonymous_2)
FN:13,(anonymous_3)
FNF:2
FNH:2
FNDA:3,(anonymous_2)
FNDA:3,(anonymous_3)
DA:1,2
DA:2,2
DA:3,2
DA:4,2
DA:7,2
DA:9,3
DA:10,3
DA:14,3
DA:15,3
DA:16,1
DA:19,2
DA:20,2
LF:12
LH:12
BRDA:15,0,0,1
BRF:1
BRH:1
end_of_record
TN:
SF:src\application\use-cases\get-budget.use-case.ts
FN:9,(anonymous_2)
FN:11,(anonymous_3)
FNF:2
FNH:2
FNDA:2,(anonymous_2)
FNDA:2,(anonymous_3)
DA:1,2
DA:2,2
DA:3,2
DA:5,2
DA:8,2
DA:9,2
DA:12,2
DA:13,2
DA:14,1
DA:18,1
LF:10
LH:10
BRDA:13,0,0,1
BRF:1
BRH:1
end_of_record
TN:
SF:src\application\use-cases\get-policy.use-case.ts
FN:9,(anonymous_2)
FN:11,(anonymous_3)
FNF:2
FNH:2
FNDA:2,(anonymous_2)
FNDA:2,(anonymous_3)
DA:1,2
DA:2,2
DA:3,2
DA:5,2
DA:8,2
DA:9,2
DA:12,2
DA:13,2
DA:14,1
DA:16,1
LF:10
LH:10
BRDA:13,0,0,1
BRF:1
BRH:1
end_of_record
TN:
SF:src\application\use-cases\get-remaining-budget.use-case.ts
FN:9,(anonymous_2)
FN:11,(anonymous_3)
FNF:2
FNH:2
FNDA:2,(anonymous_2)
FNDA:2,(anonymous_3)
DA:1,2
DA:2,2
DA:3,2
DA:5,2
DA:8,2
DA:9,2
DA:12,2
DA:13,2
DA:14,1
DA:18,1
LF:10
LH:10
BRDA:13,0,0,1
BRF:1
BRH:1
end_of_record
TN:
SF:src\application\use-cases\list-budgets.use-case.ts
FN:8,(anonymous_2)
FN:10,(anonymous_3)
FN:12,(anonymous_4)
FNF:3
FNH:3
FNDA:3,(anonymous_2)
FNDA:3,(anonymous_3)
FNDA:1,(anonymous_4)
DA:1,2
DA:2,2
DA:4,2
DA:7,2
DA:8,3
DA:11,3
DA:12,3
LF:7
LH:7
BRF:0
BRH:0
end_of_record
TN:
SF:src\application\use-cases\list-policies.use-case.ts
FN:13,(anonymous_2)
FN:15,(anonymous_3)
FN:17,(anonymous_4)
FNF:3
FNH:3
FNDA:4,(anonymous_2)
FNDA:4,(anonymous_3)
FNDA:1,(anonymous_4)
DA:1,2
DA:2,2
DA:4,2
DA:12,2
DA:13,4
DA:16,4
DA:17,4
LF:7
LH:7
BRDA:15,0,0,1
BRF:1
BRH:1
end_of_record
TN:
SF:src\application\use-cases\update-policy.use-case.ts
FN:11,(anonymous_2)
FN:16,(anonymous_3)
FNF:2
FNH:2
FNDA:6,(anonymous_2)
FNDA:6,(anonymous_3)
DA:1,2
DA:2,2
DA:3,2
DA:4,2
DA:7,2
DA:10,2
DA:12,6
DA:13,6
DA:17,6
DA:18,6
DA:19,1
DA:22,5
DA:29,5
DA:30,5
DA:32,5
LF:15
LH:15
BRDA:18,0,0,1
BRDA:23,1,0,5
BRDA:23,1,1,3
BRDA:24,2,0,5
BRDA:24,2,1,1
BRDA:25,3,0,5
BRDA:25,3,1,1
BRDA:26,4,0,5
BRDA:26,4,1,1
BRF:9
BRH:9
end_of_record
TN:
SF:src\application\use-cases\validate-policy.use-case.ts
FN:27,(anonymous_2)
FN:37,(anonymous_3)
FN:105,(anonymous_4)
FN:122,(anonymous_5)
FNF:4
FNH:4
FNDA:11,(anonymous_2)
FNDA:11,(anonymous_3)
FNDA:1,(anonymous_4)
FNDA:1,(anonymous_5)
DA:1,2
DA:2,2
DA:3,2
DA:4,2
DA:5,2
DA:6,2
DA:7,2
DA:8,2
DA:11,2
DA:12,2
DA:24,2
DA:25,11
DA:28,11
DA:29,11
DA:30,11
DA:31,11
DA:32,11
DA:33,11
DA:34,11
DA:43,11
DA:44,11
DA:45,10
DA:49,10
DA:53,11
DA:54,11
DA:55,11
DA:56,11
DA:60,11
DA:63,11
DA:76,11
DA:77,4
DA:87,11
DA:90,11
DA:91,11
DA:92,7
DA:106,1
DA:109,4
DA:123,1
DA:127,11
LF:39
LH:39
BRDA:44,0,0,10
BRDA:54,1,0,11
BRDA:60,2,0,4
BRDA:60,2,1,7
BRDA:60,3,0,4
BRDA:60,3,1,0
BRDA:67,4,0,11
BRDA:67,4,1,0
BRDA:68,5,0,11
BRDA:68,5,1,0
BRDA:69,6,0,11
BRDA:69,6,1,0
BRDA:70,7,0,11
BRDA:70,7,1,0
BRDA:76,8,0,4
BRDA:76,9,0,11
BRDA:76,9,1,4
BRDA:80,10,0,4
BRDA:80,10,1,0
BRDA:87,11,0,7
BRDA:87,11,1,4
BRDA:90,12,0,11
BRDA:90,12,1,7
BRDA:91,13,0,7
BRDA:91,13,1,4
BRDA:116,14,0,4
BRDA:116,14,1,0
BRF:27
BRH:20
end_of_record
TN:
SF:src\config\env.validation.ts
FNF:0
FNH:0
DA:1,1
DA:3,1
LF:2
LH:2
BRF:0
BRH:0
end_of_record
TN:
SF:src\domain\aggregates\departmental-budget.aggregate.ts
FN:30,(anonymous_0)
FN:50,(anonymous_1)
FN:54,(anonymous_2)
FN:58,(anonymous_3)
FN:62,(anonymous_4)
FN:66,(anonymous_5)
FN:70,(anonymous_6)
FN:74,(anonymous_7)
FN:78,(anonymous_8)
FN:82,(anonymous_9)
FN:86,(anonymous_10)
FN:90,(anonymous_11)
FN:94,(anonymous_12)
FN:98,(anonymous_13)
FN:102,(anonymous_14)
FNF:15
FNH:15
FNDA:11,(anonymous_0)
FNDA:5,(anonymous_1)
FNDA:5,(anonymous_2)
FNDA:5,(anonymous_3)
FNDA:4,(anonymous_4)
FNDA:5,(anonymous_5)
FNDA:4,(anonymous_6)
FNDA:6,(anonymous_7)
FNDA:5,(anonymous_8)
FNDA:5,(anonymous_9)
FNDA:5,(anonymous_10)
FNDA:4,(anonymous_11)
FNDA:4,(anonymous_12)
FNDA:6,(anonymous_13)
FNDA:7,(anonymous_14)
DA:1,6
DA:29,6
DA:31,11
DA:32,11
DA:33,11
DA:47,11
DA:51,5
DA:55,5
DA:59,5
DA:63,4
DA:67,5
DA:71,4
DA:75,6
DA:79,5
DA:83,5
DA:87,5
DA:91,4
DA:95,4
DA:99,6
DA:103,7
DA:104,6
LF:21
LH:21
BRDA:40,0,0,11
BRDA:40,0,1,10
BRDA:41,1,0,11
BRDA:41,1,1,10
BRDA:42,2,0,11
BRDA:42,2,1,10
BRDA:43,3,0,11
BRDA:43,3,1,10
BRDA:103,4,0,1
BRF:9
BRH:9
end_of_record
TN:
SF:src\domain\aggregates\travel-policy.aggregate.ts
FN:115,(anonymous_0)
FN:33,(anonymous_1)
FN:51,(anonymous_2)
FN:55,(anonymous_3)
FN:59,(anonymous_4)
FN:63,(anonymous_5)
FN:67,(anonymous_6)
FN:71,(anonymous_7)
FN:75,(anonymous_8)
FN:79,(anonymous_9)
FN:83,(anonymous_10)
FN:87,(anonymous_11)
FN:91,(anonymous_12)
FN:108,(anonymous_13)
FNF:14
FNH:13
FNDA:0,(anonymous_0)
FNDA:47,(anonymous_1)
FNDA:1,(anonymous_2)
FNDA:18,(anonymous_3)
FNDA:16,(anonymous_4)
FNDA:14,(anonymous_5)
FNDA:24,(anonymous_6)
FNDA:136,(anonymous_7)
FNDA:15,(anonymous_8)
FNDA:14,(anonymous_9)
FNDA:14,(anonymous_10)
FNDA:14,(anonymous_11)
FNDA:10,(anonymous_12)
FNDA:1,(anonymous_13)
DA:1,12
DA:2,12
DA:32,12
DA:34,47
DA:35,47
DA:36,47
DA:48,46
DA:52,1
DA:56,18
DA:60,16
DA:64,14
DA:68,24
DA:72,136
DA:76,15
DA:80,14
DA:84,14
DA:88,14
DA:92,10
DA:93,7
DA:95,10
DA:96,1
DA:98,10
DA:99,2
DA:101,10
DA:102,1
DA:104,10
DA:105,10
DA:109,1
DA:110,1
DA:111,1
DA:115,12
LF:31
LH:31
BRDA:39,0,0,47
BRDA:39,0,1,45
BRDA:92,1,0,7
BRDA:95,2,0,1
BRDA:98,3,0,2
BRDA:101,4,0,1
BRF:6
BRH:6
end_of_record
TN:
SF:src\domain\events\policy-validated.event.ts
FN:13,(anonymous_0)
FN:17,(anonymous_1)
FNF:2
FNH:2
FNDA:10,(anonymous_0)
FNDA:14,(anonymous_1)
DA:1,4
DA:10,4
DA:14,10
DA:18,14
DA:19,14
LF:5
LH:5
BRF:0
BRH:0
end_of_record
TN:
SF:src\domain\events\policy-violation-detected.event.ts
FN:14,(anonymous_0)
FN:18,(anonymous_1)
FNF:2
FNH:2
FNDA:9,(anonymous_0)
FNDA:10,(anonymous_1)
DA:1,4
DA:11,4
DA:15,9
DA:19,10
DA:20,10
LF:5
LH:5
BRF:0
BRH:0
end_of_record
TN:
SF:src\domain\services\policy-validator.domain-service.ts
FN:17,(anonymous_1)
FNF:1
FNH:1
FNDA:12,(anonymous_1)
DA:1,3
DA:4,3
DA:16,3
DA:21,12
DA:22,1
DA:25,11
DA:28,11
DA:29,3
DA:30,2
DA:39,11
DA:40,2
DA:48,11
DA:49,3
DA:50,2
DA:59,11
DA:60,3
DA:61,3
DA:63,3
DA:66,3
DA:67,1
DA:77,11
DA:80,11
DA:81,5
DA:84,6
LF:24
LH:24
BRDA:21,0,0,1
BRDA:28,1,0,3
BRDA:29,2,0,2
BRDA:39,3,0,2
BRDA:48,4,0,3
BRDA:49,5,0,2
BRDA:59,6,0,3
BRDA:60,7,0,3
BRDA:60,7,1,0
BRDA:61,8,0,3
BRDA:61,8,1,0
BRDA:63,9,0,3
BRDA:63,9,1,2
BRDA:63,9,2,2
BRDA:66,10,0,1
BRDA:77,11,0,11
BRDA:77,11,1,10
BRDA:80,12,0,5
BRF:18
BRH:16
end_of_record
TN:
SF:src\domain\value-objects\policy-rules.value-object.ts
FN:3,(anonymous_0)
FN:33,(anonymous_1)
FN:53,(anonymous_2)
FN:64,(anonymous_3)
FNF:4
FNH:4
FNDA:15,(anonymous_0)
FNDA:54,(anonymous_1)
FNDA:2,(anonymous_2)
FNDA:2,(anonymous_3)
DA:1,15
DA:3,15
DA:4,15
DA:5,15
DA:6,15
DA:7,15
DA:25,15
DA:34,54
DA:35,54
DA:36,80
DA:37,2
DA:45,52
DA:46,52
DA:47,52
DA:48,52
DA:49,52
DA:50,52
DA:54,2
DA:65,2
LF:19
LH:19
BRDA:3,0,0,15
BRDA:3,0,1,15
BRDA:36,1,0,2
BRF:3
BRH:3
end_of_record
TN:
SF:src\domain\value-objects\validation-result.value-object.ts
FN:8,(anonymous_0)
FN:14,(anonymous_1)
FN:18,(anonymous_2)
FNF:3
FNH:3
FNDA:39,(anonymous_0)
FNDA:27,(anonymous_1)
FNDA:12,(anonymous_2)
DA:3,4
DA:9,39
DA:10,39
DA:11,39
DA:15,27
DA:19,12
LF:6
LH:6
BRDA:14,0,0,20
BRDA:18,1,0,6
BRF:2
BRH:2
end_of_record
TN:
SF:src\infrastructure\cache\policy-cache.service.ts
FN:17,(anonymous_3)
FN:24,(anonymous_4)
FN:29,(anonymous_5)
FN:33,(anonymous_6)
FN:37,(anonymous_7)
FN:46,(anonymous_8)
FN:61,(anonymous_9)
FN:63,(anonymous_10)
FN:81,(anonymous_11)
FN:89,(anonymous_12)
FN:104,(anonymous_13)
FNF:11
FNH:9
FNDA:15,(anonymous_3)
FNDA:0,(anonymous_4)
FNDA:9,(anonymous_5)
FNDA:5,(anonymous_6)
FNDA:5,(anonymous_7)
FNDA:1,(anonymous_8)
FNDA:2,(anonymous_9)
FNDA:0,(anonymous_10)
FNDA:2,(anonymous_11)
FNDA:3,(anonymous_12)
FNDA:2,(anonymous_13)
DA:1,6
DA:2,6
DA:3,6
DA:4,6
DA:5,6
DA:7,6
DA:9,6
DA:10,6
DA:13,6
DA:14,15
DA:18,15
DA:19,15
DA:21,15
DA:22,15
DA:24,15
DA:25,0
DA:30,9
DA:34,5
DA:38,5
DA:39,5
DA:40,4
DA:41,2
DA:42,2
DA:44,2
DA:45,2
DA:46,2
DA:47,1
DA:53,1
DA:56,1
DA:57,1
DA:62,2
DA:63,2
DA:75,2
DA:77,1
DA:82,2
DA:83,2
DA:85,1
DA:90,3
DA:91,3
DA:92,2
DA:93,1
DA:94,1
DA:96,1
DA:97,1
DA:99,1
DA:100,1
DA:105,2
DA:106,2
DA:108,1
LF:49
LH:48
BRDA:21,0,0,15
BRDA:21,0,1,0
BRDA:40,1,0,2
BRDA:92,2,0,1
BRF:4
BRH:3
end_of_record
TN:
SF:src\infrastructure\entities\departmental-budget.entity.ts
FNF:0
FNH:0
DA:1,7
DA:13,7
DA:15,7
DA:19,7
DA:22,7
DA:25,7
DA:28,7
DA:31,7
DA:34,7
DA:37,7
DA:40,7
DA:43,7
DA:46,7
DA:49,7
LF:14
LH:14
BRF:0
BRH:0
end_of_record
TN:
SF:src\infrastructure\entities\policy-violation.entity.ts
FN:22,(anonymous_2)
FNF:1
FNH:0
FNDA:0,(anonymous_2)
DA:1,3
DA:10,3
DA:14,3
DA:16,3
DA:20,3
DA:22,0
DA:24,3
DA:28,3
DA:31,3
DA:34,3
DA:37,3
DA:40,3
LF:12
LH:11
BRF:0
BRH:0
end_of_record
TN:
SF:src\infrastructure\entities\travel-policy.entity.ts
FNF:0
FNH:0
DA:1,9
DA:15,9
DA:17,9
DA:21,9
DA:24,9
DA:28,9
DA:31,9
DA:34,9
DA:37,9
DA:40,9
DA:43,9
DA:46,9
LF:12
LH:12
BRF:0
BRH:0
end_of_record
TN:
SF:src\infrastructure\http\traveler-service.client.ts
FN:18,(anonymous_12)
FN:29,(anonymous_13)
FN:33,(anonymous_14)
FN:45,(anonymous_15)
FN:59,(anonymous_16)
FN:61,(anonymous_17)
FN:65,(anonymous_18)
FN:69,(anonymous_19)
FN:75,(anonymous_20)
FNF:9
FNH:3
FNDA:4,(anonymous_12)
FNDA:0,(anonymous_13)
FNDA:1,(anonymous_14)
FNDA:0,(anonymous_15)
FNDA:0,(anonymous_16)
FNDA:0,(anonymous_17)
FNDA:0,(anonymous_18)
FNDA:0,(anonymous_19)
FNDA:2,(anonymous_20)
DA:1,3
DA:2,3
DA:3,3
DA:4,3
DA:5,3
DA:6,3
DA:13,3
DA:14,4
DA:19,4
DA:20,4
DA:22,4
DA:23,4
DA:25,4
DA:27,4
DA:30,0
DA:31,0
DA:35,1
DA:36,1
DA:37,1
DA:39,0
DA:40,0
DA:45,4
DA:46,0
DA:49,0
DA:52,4
DA:59,4
DA:61,4
DA:62,0
DA:63,0
DA:65,4
DA:66,0
DA:67,0
DA:69,4
DA:70,0
DA:71,0
DA:79,2
DA:80,2
LF:37
LH:25
BRDA:22,0,0,4
BRDA:22,0,1,0
BRDA:23,1,0,4
BRDA:23,1,1,0
BRDA:36,2,0,1
BRDA:36,3,0,1
BRDA:36,3,1,1
BRDA:36,3,2,1
BRDA:36,3,3,1
BRF:9
BRH:7
end_of_record
TN:
SF:src\infrastructure\kafka\policy-event.publisher.ts
FN:13,(anonymous_4)
FN:17,(anonymous_5)
FN:47,(anonymous_6)
FNF:3
FNH:3
FNDA:8,(anonymous_4)
FNDA:4,(anonymous_5)
FNDA:4,(anonymous_6)
DA:1,3
DA:2,3
DA:7,3
DA:10,3
DA:11,8
DA:14,8
DA:18,4
DA:30,4
DA:31,4
DA:40,3
DA:42,1
DA:43,1
DA:48,4
DA:60,4
DA:61,4
DA:70,3
DA:72,1
DA:73,1
LF:18
LH:18
BRDA:22,0,0,3
BRDA:22,0,1,1
BRDA:52,1,0,3
BRDA:52,1,1,1
BRF:4
BRH:4
end_of_record
TN:
SF:src\infrastructure\metrics\policy-metrics.service.ts
FN:14,(anonymous_11)
FN:58,(anonymous_12)
FN:62,(anonymous_13)
FN:66,(anonymous_14)
FN:70,(anonymous_15)
FN:74,(anonymous_16)
FN:78,(anonymous_17)
FNF:7
FNH:6
FNDA:7,(anonymous_11)
FNDA:2,(anonymous_12)
FNDA:1,(anonymous_13)
FNDA:2,(anonymous_14)
FNDA:1,(anonymous_15)
FNDA:1,(anonymous_16)
FNDA:0,(anonymous_17)
DA:1,8
DA:2,8
DA:5,8
DA:15,7
DA:21,7
DA:28,7
DA:34,7
DA:39,7
DA:45,7
DA:51,7
DA:59,2
DA:63,1
DA:67,2
DA:71,1
DA:75,1
DA:80,0
DA:81,0
LF:17
LH:15
BRDA:67,0,0,1
BRDA:67,0,1,1
BRF:2
BRH:2
end_of_record
TN:
SF:src\presentation\controllers\budget.controller.ts
FN:24,(anonymous_4)
FN:33,(anonymous_5)
FN:38,(anonymous_6)
FN:44,(anonymous_7)
FN:52,(anonymous_8)
FNF:5
FNH:5
FNDA:5,(anonymous_4)
FNDA:1,(anonymous_5)
FNDA:2,(anonymous_6)
FNDA:1,(anonymous_7)
FNDA:1,(anonymous_8)
DA:1,1
DA:12,1
DA:13,1
DA:14,1
DA:15,1
DA:16,1
DA:17,1
DA:18,1
DA:23,1
DA:25,5
DA:26,5
DA:27,5
DA:28,5
DA:33,1
DA:34,1
DA:38,1
DA:39,2
DA:40,2
DA:44,1
DA:48,1
DA:52,1
DA:56,1
LF:22
LH:22
BRDA:39,0,0,1
BRDA:39,0,1,1
BRF:2
BRH:2
end_of_record
TN:
SF:src\presentation\controllers\health.controller.ts
FN:7,(anonymous_4)
FN:12,(anonymous_5)
FN:17,(anonymous_6)
FNF:3
FNH:3
FNDA:3,(anonymous_4)
FNDA:1,(anonymous_5)
FNDA:2,(anonymous_6)
DA:1,1
DA:2,1
DA:3,1
DA:6,1
DA:8,3
DA:12,1
DA:13,1
DA:17,1
DA:18,2
DA:19,2
DA:20,1
DA:22,1
LF:12
LH:12
BRF:0
BRH:0
end_of_record
TN:
SF:src\presentation\controllers\metrics.controller.ts
FN:9,(anonymous_13)
FNF:1
FNH:1
FNDA:1,(anonymous_13)
DA:1,1
DA:3,1
DA:6,1
DA:9,1
DA:10,1
DA:11,1
LF:6
LH:6
BRF:0
BRH:0
end_of_record
TN:
SF:src\presentation\controllers\policy.controller.ts
FN:31,(anonymous_4)
FN:43,(anonymous_5)
FN:50,(anonymous_6)
FN:58,(anonymous_7)
FN:69,(anonymous_8)
FN:75,(anonymous_9)
FN:82,(anonymous_10)
FNF:7
FNH:7
FNDA:14,(anonymous_4)
FNDA:1,(anonymous_5)
FNDA:3,(anonymous_6)
FNDA:3,(anonymous_7)
FNDA:1,(anonymous_8)
FNDA:1,(anonymous_9)
FNDA:1,(anonymous_10)
DA:1,1
DA:15,1
DA:16,1
DA:17,1
DA:18,1
DA:19,1
DA:20,1
DA:21,1
DA:22,1
DA:23,1
DA:24,1
DA:25,1
DA:26,1
DA:30,1
DA:32,14
DA:33,14
DA:34,14
DA:35,14
DA:36,14
DA:37,14
DA:43,1
DA:44,1
DA:45,1
DA:50,1
DA:51,3
DA:53,3
DA:54,3
DA:58,1
DA:62,3
DA:63,3
DA:64,3
DA:65,3
DA:69,1
DA:70,1
DA:75,1
DA:76,1
DA:82,1
DA:83,1
LF:38
LH:38
BRDA:53,0,0,3
BRDA:53,0,1,1
BRDA:63,1,0,1
BRDA:64,2,0,2
BRF:4
BRH:4
end_of_record
TN:
SF:src\presentation\filters\http-exception.filter.ts
FN:13,(anonymous_1)
FN:16,(anonymous_2)
FNF:2
FNH:2
FNDA:5,(anonymous_1)
FNDA:5,(anonymous_2)
DA:1,1
DA:10,1
DA:13,1
DA:14,5
DA:17,5
DA:18,5
DA:19,5
DA:21,5
DA:23,5
DA:24,5
DA:25,5
DA:26,5
DA:28,5
DA:29,3
DA:30,3
DA:31,3
DA:32,2
DA:33,2
DA:34,2
DA:37,2
DA:39,1
DA:41,2
DA:42,1
DA:43,1
DA:44,1
DA:45,1
DA:46,1
DA:47,1
DA:50,5
LF:29
LH:29
BRDA:21,0,0,5
BRDA:21,0,1,0
BRDA:28,1,0,3
BRDA:28,1,1,2
BRDA:31,2,0,2
BRDA:31,2,1,1
BRDA:31,3,0,3
BRDA:31,3,1,2
BRDA:33,4,0,2
BRDA:33,4,1,0
BRDA:34,5,0,0
BRDA:34,5,1,2
BRDA:36,6,0,2
BRDA:36,6,1,0
BRDA:37,7,0,0
BRDA:37,7,1,2
BRDA:41,8,0,1
BRDA:41,8,1,1
BRDA:45,9,0,0
BRDA:45,9,1,1
BRDA:46,10,0,1
BRF:21
BRH:15
end_of_record
TN:
SF:src\presentation\guards\jwt-auth.guard.ts
FN:12,(anonymous_1)
FN:30,(anonymous_2)
FNF:2
FNH:2
FNDA:6,(anonymous_1)
FNDA:4,(anonymous_2)
DA:1,3
DA:11,3
DA:13,6
DA:14,6
DA:16,6
DA:17,2
DA:20,4
DA:21,4
DA:22,4
DA:23,1
DA:24,1
DA:26,3
DA:31,4
DA:32,4
DA:33,1
DA:35,3
DA:36,3
DA:37,2
DA:38,2
LF:19
LH:19
BRDA:16,0,0,2
BRDA:16,1,0,6
BRDA:16,1,1,5
BRDA:32,2,0,1
BRDA:36,3,0,1
BRF:5
BRH:5
end_of_record
TN:
SF:src\presentation\guards\roles.guard.ts
FN:12,Roles
FN:13,(anonymous_3)
FN:26,(anonymous_4)
FN:28,(anonymous_5)
FNF:4
FNH:4
FNDA:4,Roles
FNDA:4,(anonymous_3)
FNDA:8,(anonymous_4)
FNDA:4,(anonymous_5)
DA:1,2
DA:7,2
DA:10,2
DA:12,2
DA:13,4
DA:14,4
DA:15,4
DA:16,3
DA:18,1
DA:20,4
DA:25,2
DA:26,8
DA:29,4
DA:30,4
DA:31,1
DA:34,3
DA:35,3
DA:37,3
DA:38,1
DA:41,2
DA:42,1
DA:47,1
LF:22
LH:22
BRDA:15,0,0,3
BRDA:15,0,1,1
BRDA:20,1,0,4
BRDA:20,1,1,1
BRDA:30,2,0,1
BRDA:30,3,0,4
BRDA:30,3,1,3
BRDA:37,4,0,1
BRDA:37,5,0,3
BRDA:37,5,1,3
BRDA:41,6,0,1
BRF:11
BRH:11
end_of_record
TN:
SF:src\types\axios-retry.d.ts
FNF:0
FNH:0
LF:0
LH:0
BRF:0
BRH:0
end_of_record
