TN:
SF:src\auth\auth.controller.ts
FN:13,(anonymous_4)
FN:17,(anonymous_5)
FN:31,(anonymous_6)
FNF:3
FNH:3
FNDA:4,(anonymous_4)
FNDA:2,(anonymous_5)
FNDA:2,(anonymous_6)
DA:1,1
DA:2,1
DA:3,1
DA:4,1
DA:6,1
DA:7,1
DA:12,1
DA:13,4
DA:17,1
DA:21,2
DA:31,1
DA:32,2
LF:12
LH:12
BRDA:24,0,0,2
BRDA:24,0,1,1
BRDA:25,1,0,2
BRDA:25,1,1,1
BRF:4
BRH:4
end_of_record
TN:
SF:src\auth\auth.service.ts
FN:20,(anonymous_3)
FN:29,(anonymous_4)
FN:33,(anonymous_5)
FN:40,(anonymous_6)
FN:47,(anonymous_7)
FN:58,(anonymous_8)
FN:63,(anonymous_9)
FN:80,(anonymous_10)
FN:140,(anonymous_11)
FNF:9
FNH:8
FNDA:8,(anonymous_3)
FNDA:11,(anonymous_4)
FNDA:4,(anonymous_5)
FNDA:4,(anonymous_6)
FNDA:6,(anonymous_7)
FNDA:0,(anonymous_8)
FNDA:5,(anonymous_9)
FNDA:4,(anonymous_10)
FNDA:3,(anonymous_11)
DA:1,2
DA:7,2
DA:8,2
DA:9,2
DA:10,2
DA:11,2
DA:17,2
DA:18,8
DA:21,8
DA:22,8
DA:23,8
DA:24,8
DA:30,11
DA:34,4
DA:41,4
DA:48,6
DA:49,6
DA:50,6
DA:51,6
DA:53,0
DA:59,0
DA:60,0
DA:64,5
DA:65,5
DA:67,5
DA:70,4
DA:73,1
DA:74,1
DA:87,4
DA:88,4
DA:90,4
DA:91,3
DA:92,1
DA:96,1
DA:100,3
DA:102,3
DA:103,3
DA:112,3
DA:114,0
DA:117,3
DA:122,3
DA:124,3
DA:126,3
DA:129,3
DA:130,3
DA:132,0
DA:135,3
DA:143,3
DA:144,3
DA:146,1
DA:150,2
DA:151,2
DA:152,1
DA:156,1
DA:161,1
DA:163,1
DA:165,1
LF:57
LH:52
BRDA:36,0,0,4
BRDA:36,0,1,0
BRDA:43,1,0,4
BRDA:43,1,1,0
BRDA:49,2,0,6
BRDA:49,2,1,0
BRDA:91,3,0,1
BRDA:100,4,0,3
BRDA:100,4,1,0
BRDA:151,5,0,1
BRF:10
BRH:6
end_of_record
TN:
SF:src\auth\decorators\public.decorator.ts
FN:4,(anonymous_0)
FNF:1
FNH:1
FNDA:2,(anonymous_0)
DA:1,3
DA:3,3
DA:4,3
LF:3
LH:3
BRF:0
BRH:0
end_of_record
TN:
SF:src\auth\decorators\roles.decorator.ts
FN:5,(anonymous_0)
FNF:1
FNH:0
FNDA:0,(anonymous_0)
DA:1,1
DA:4,1
DA:5,1
LF:3
LH:3
BRF:0
BRH:0
end_of_record
TN:
SF:src\auth\dto\login.request.dto.ts
FNF:0
FNH:0
DA:1,1
DA:3,1
DA:5,1
DA:10,1
LF:4
LH:4
BRF:0
BRH:0
end_of_record
TN:
SF:src\auth\dto\refresh.request.dto.ts
FNF:0
FNH:0
DA:1,1
DA:3,1
DA:5,1
LF:3
LH:3
BRF:0
BRH:0
end_of_record
TN:
SF:src\auth\guards\jwt-auth.guard.ts
FN:8,(anonymous_2)
FN:12,(anonymous_3)
FNF:2
FNH:2
FNDA:4,(anonymous_2)
FNDA:1,(anonymous_3)
DA:1,1
DA:2,1
DA:3,1
DA:4,1
DA:7,1
DA:8,4
DA:9,4
DA:13,1
DA:17,1
DA:18,1
DA:20,0
LF:11
LH:10
BRDA:17,0,0,1
BRF:1
BRH:1
end_of_record
TN:
SF:src\auth\guards\roles.guard.ts
FN:15,(anonymous_2)
FN:17,(anonymous_3)
FN:35,(anonymous_4)
FNF:3
FNH:3
FNDA:4,(anonymous_2)
FNDA:4,(anonymous_3)
FNDA:3,(anonymous_4)
DA:1,1
DA:2,1
DA:3,1
DA:4,1
DA:7,1
DA:14,1
DA:15,4
DA:18,4
DA:23,4
DA:24,1
DA:27,3
DA:28,3
DA:30,3
DA:31,0
DA:34,3
DA:35,3
DA:37,3
LF:17
LH:16
BRDA:23,0,0,1
BRDA:23,1,0,4
BRDA:23,1,1,3
BRDA:30,2,0,0
BRDA:34,3,0,3
BRDA:34,3,1,0
BRDA:35,4,0,3
BRDA:35,4,1,0
BRF:8
BRH:5
end_of_record
TN:
SF:src\auth\strategies\jwt.strategy.ts
FN:9,(anonymous_2)
FN:18,(anonymous_3)
FNF:2
FNH:2
FNDA:1,(anonymous_2)
FNDA:1,(anonymous_3)
DA:1,1
DA:2,1
DA:3,1
DA:4,1
DA:8,1
DA:10,1
DA:19,1
DA:24,1
DA:25,1
DA:26,1
LF:10
LH:10
BRDA:13,0,0,1
BRDA:13,0,1,0
BRDA:24,1,0,0
BRDA:25,2,0,0
BRF:4
BRH:1
end_of_record
TN:
SF:src\circuit-breaker\circuit-breaker.service.ts
FN:10,(anonymous_1)
FN:14,(anonymous_2)
FN:18,(anonymous_3)
FN:22,(anonymous_4)
FN:29,(anonymous_5)
FN:33,(anonymous_6)
FN:36,(anonymous_7)
FN:39,(anonymous_8)
FN:42,(anonymous_9)
FN:50,(anonymous_10)
FNF:10
FNH:7
FNDA:10,(anonymous_1)
FNDA:0,(anonymous_2)
FNDA:28,(anonymous_3)
FNDA:20,(anonymous_4)
FNDA:22,(anonymous_5)
FNDA:2,(anonymous_6)
FNDA:0,(anonymous_7)
FNDA:0,(anonymous_8)
FNDA:20,(anonymous_9)
FNDA:22,(anonymous_10)
DA:1,5
DA:2,5
DA:10,5
DA:11,10
DA:12,10
DA:15,0
DA:19,28
DA:20,28
DA:22,20
DA:29,5
DA:30,22
DA:33,5
DA:34,2
DA:36,5
DA:37,0
DA:39,5
DA:40,0
DA:42,5
DA:43,20
DA:46,5
DA:47,5
DA:51,22
DA:52,22
LF:23
LH:20
BRDA:20,0,0,23
BRF:1
BRH:1
end_of_record
TN:
SF:src\common\enums\role.enum.ts
FN:1,(anonymous_0)
FNF:1
FNH:1
FNDA:5,(anonymous_0)
DA:1,5
DA:2,5
DA:3,5
DA:4,5
LF:4
LH:4
BRDA:1,0,0,5
BRDA:1,0,1,5
BRF:2
BRH:2
end_of_record
TN:
SF:src\common\interceptors\correlation-id.interceptor.ts
FN:13,(anonymous_1)
FN:28,(anonymous_2)
FNF:2
FNH:2
FNDA:3,(anonymous_1)
FNDA:3,(anonymous_2)
DA:1,1
DA:8,1
DA:9,1
DA:12,1
DA:14,3
DA:18,3
DA:22,3
DA:23,3
DA:25,3
DA:27,3
DA:29,3
LF:11
LH:11
BRDA:23,0,0,3
BRDA:23,0,1,2
BRF:2
BRH:2
end_of_record
TN:
SF:src\common\interceptors\request-logging.interceptor.ts
FN:15,redactSensitive
FN:25,(anonymous_11)
FN:54,(anonymous_12)
FN:67,(anonymous_13)
FN:78,(anonymous_14)
FNF:5
FNH:5
FNDA:4,redactSensitive
FNDA:4,(anonymous_11)
FNDA:3,(anonymous_12)
FNDA:1,(anonymous_13)
FNDA:1,(anonymous_14)
DA:1,1
DA:7,1
DA:8,1
DA:9,1
DA:11,1
DA:16,4
DA:17,1
DA:18,1
DA:19,1
DA:20,1
DA:24,1
DA:26,4
DA:35,4
DA:36,4
DA:39,4
DA:53,4
DA:55,3
DA:56,3
DA:57,3
DA:65,3
DA:68,1
DA:69,1
DA:70,1
DA:78,1
LF:24
LH:24
BRDA:16,0,0,3
BRDA:16,1,0,4
BRDA:16,1,1,1
BRDA:18,2,0,1
BRDA:19,3,0,0
BRDA:69,4,0,1
BRDA:69,4,1,0
BRF:7
BRH:5
end_of_record
TN:
SF:src\common\middleware\idempotency.middleware.ts
FN:7,(anonymous_1)
FNF:1
FNH:1
FNDA:3,(anonymous_1)
DA:1,1
DA:3,1
DA:6,1
DA:12,3
DA:13,3
DA:15,3
LF:6
LH:6
BRDA:14,0,0,3
BRDA:14,0,1,2
BRDA:14,1,0,0
BRDA:14,1,1,3
BRF:4
BRH:3
end_of_record
TN:
SF:src\health\health.controller.ts
FN:12,(anonymous_4)
FN:21,(anonymous_5)
FNF:2
FNH:2
FNDA:1,(anonymous_4)
FNDA:1,(anonymous_5)
DA:1,1
DA:3,1
DA:4,1
DA:5,1
DA:10,1
DA:12,1
DA:13,1
DA:21,1
DA:22,1
DA:23,1
DA:24,1
LF:11
LH:11
BRF:0
BRH:0
end_of_record
TN:
SF:src\observability\metrics.service.ts
FN:22,(anonymous_2)
FN:77,(anonymous_3)
FN:81,(anonymous_4)
FN:85,(anonymous_5)
FN:89,(anonymous_6)
FN:93,(anonymous_7)
FN:97,(anonymous_8)
FN:101,(anonymous_9)
FNF:8
FNH:7
FNDA:5,(anonymous_2)
FNDA:1,(anonymous_3)
FNDA:0,(anonymous_4)
FNDA:1,(anonymous_5)
FNDA:1,(anonymous_6)
FNDA:1,(anonymous_7)
FNDA:1,(anonymous_8)
FNDA:1,(anonymous_9)
DA:1,1
DA:2,1
DA:11,1
DA:23,5
DA:24,5
DA:26,5
DA:33,5
DA:41,5
DA:48,5
DA:55,5
DA:62,5
DA:69,5
DA:78,1
DA:82,0
DA:86,1
DA:90,1
DA:94,1
DA:98,1
DA:102,1
LF:19
LH:18
BRF:0
BRH:0
end_of_record
TN:
SF:src\observability\tracing.service.ts
FN:12,(anonymous_2)
FN:28,(anonymous_3)
FNF:2
FNH:2
FNDA:1,(anonymous_2)
FNDA:1,(anonymous_3)
DA:1,1
DA:2,1
DA:3,1
DA:4,1
DA:5,1
DA:8,1
DA:9,1
DA:12,1
DA:14,1
DA:16,1
DA:20,1
DA:21,1
DA:22,1
DA:24,0
DA:29,1
LF:15
LH:14
BRDA:14,0,0,1
BRDA:14,0,1,0
BRDA:28,1,0,1
BRF:3
BRH:2
end_of_record
TN:
SF:src\rate-limit\redis-throttler.store.ts
FN:25,(anonymous_3)
FN:27,(anonymous_4)
FN:31,(anonymous_5)
FNF:3
FNH:2
FNDA:4,(anonymous_3)
FNDA:0,(anonymous_4)
FNDA:4,(anonymous_5)
DA:1,1
DA:3,1
DA:7,1
DA:21,1
DA:22,4
DA:23,4
DA:25,4
DA:28,0
DA:32,4
DA:33,4
DA:36,3
DA:37,3
DA:44,1
DA:46,1
LF:14
LH:13
BRF:0
BRH:0
end_of_record
TN:
SF:src\routing\proxy-http.client.ts
FN:20,computeDelay
FN:25,sleep
FN:26,(anonymous_5)
FN:34,(anonymous_6)
FN:36,(anonymous_7)
FN:40,(anonymous_8)
FN:61,(anonymous_9)
FN:66,(anonymous_10)
FNF:8
FNH:8
FNDA:3,computeDelay
FNDA:3,sleep
FNDA:3,(anonymous_5)
FNDA:5,(anonymous_6)
FNDA:2,(anonymous_7)
FNDA:5,(anonymous_8)
FNDA:5,(anonymous_9)
FNDA:5,(anonymous_10)
DA:1,4
DA:7,4
DA:8,4
DA:14,4
DA:15,4
DA:16,4
DA:17,4
DA:18,4
DA:21,3
DA:22,3
DA:26,3
DA:30,4
DA:31,5
DA:32,5
DA:34,5
DA:37,2
DA:47,5
DA:49,5
DA:52,5
DA:53,5
DA:55,5
DA:61,5
DA:62,5
DA:72,5
DA:73,8
DA:74,8
DA:75,3
DA:77,5
DA:80,5
DA:83,5
DA:84,1
DA:88,4
DA:89,1
DA:93,3
DA:94,3
DA:95,3
DA:96,3
DA:99,0
DA:103,0
DA:104,0
LF:40
LH:37
BRDA:52,0,0,1
BRDA:53,1,0,1
BRDA:80,2,0,4
BRDA:80,2,1,1
BRDA:80,3,0,5
BRDA:80,3,1,5
BRDA:83,4,0,1
BRDA:83,5,0,5
BRDA:83,5,1,5
BRDA:88,6,0,1
BRDA:88,7,0,4
BRDA:88,7,1,4
BRDA:93,8,0,3
BRDA:93,9,0,3
BRDA:93,9,1,3
BRDA:93,9,2,3
BRF:16
BRH:16
end_of_record
TN:
SF:src\routing\proxy-routing.controller.ts
FN:18,(anonymous_4)
FN:24,(anonymous_5)
FN:26,(anonymous_6)
FNF:3
FNH:3
FNDA:6,(anonymous_4)
FNDA:11,(anonymous_5)
FNDA:35,(anonymous_6)
DA:1,1
DA:9,1
DA:11,1
DA:12,1
DA:15,1
DA:16,6
DA:19,6
DA:20,6
DA:24,1
DA:25,11
DA:26,35
DA:28,11
DA:29,1
DA:32,10
DA:33,10
DA:34,10
DA:36,10
DA:37,10
DA:38,0
DA:39,0
DA:42,10
DA:43,10
DA:45,10
DA:55,10
DA:56,10
DA:57,3
DA:59,10
LF:27
LH:25
BRDA:28,0,0,1
BRDA:33,1,0,1
BRDA:33,1,1,9
BRDA:38,2,0,0
BRDA:38,3,0,0
BRDA:38,3,1,0
BRDA:39,4,0,0
BRDA:39,4,1,0
BRDA:42,5,0,0
BRDA:43,6,0,0
BRDA:51,7,0,0
BRDA:51,7,1,10
BRDA:52,8,0,0
BRDA:52,8,1,10
BRDA:57,9,0,3
BRF:15
BRH:6
end_of_record
TN:
SF:src\routing\route-table.config.ts
FN:9,buildRouteTable
FNF:1
FNH:1
FNDA:6,buildRouteTable
DA:9,1
DA:10,6
LF:2
LH:2
BRDA:11,0,0,6
BRDA:11,0,1,0
BRDA:12,1,0,6
BRDA:12,1,1,0
BRDA:13,2,0,6
BRDA:13,2,1,0
BRDA:14,3,0,6
BRDA:14,3,1,0
BRDA:15,4,0,6
BRDA:15,4,1,0
BRDA:16,5,0,6
BRDA:16,5,1,0
BRF:12
BRH:6
end_of_record
