{"C:\\Users\\Anandu\\Documents\\workspace\\training\\travel-portal\\pgt\\expense-service\\src\\application\\dtos\\category-response.dto.ts": {"path":"C:\\Users\\Anandu\\Documents\\workspace\\training\\travel-portal\\pgt\\expense-service\\src\\application\\dtos\\category-response.dto.ts","statementMap":{"0":{"start":{"line":1,"column":0},"end":{"line":1,"column":13}}},"fnMap":{},"branchMap":{},"s":{"0":1},"f":{},"b":{}}
,"C:\\Users\\Anandu\\Documents\\workspace\\training\\travel-portal\\pgt\\expense-service\\src\\application\\dtos\\expense-query.dto.ts": {"path":"C:\\Users\\Anandu\\Documents\\workspace\\training\\travel-portal\\pgt\\expense-service\\src\\application\\dtos\\expense-query.dto.ts","statementMap":{"0":{"start":{"line":1,"column":0},"end":{"line":1,"column":91}},"1":{"start":{"line":2,"column":0},"end":{"line":2,"column":41}},"2":{"start":{"line":21,"column":2},"end":{"line":21,"column":20}},"3":{"start":{"line":27,"column":2},"end":{"line":27,"column":22}},"4":{"start":{"line":4,"column":0},"end":{"line":4,"column":13}},"5":{"start":{"line":7,"column":2},"end":{"line":7,"column":null}},"6":{"start":{"line":11,"column":2},"end":{"line":11,"column":null}},"7":{"start":{"line":15,"column":2},"end":{"line":15,"column":null}},"8":{"start":{"line":21,"column":2},"end":{"line":21,"column":null}},"9":{"start":{"line":18,"column":14},"end":{"line":18,"column":20}},"10":{"start":{"line":27,"column":2},"end":{"line":27,"column":null}},"11":{"start":{"line":24,"column":14},"end":{"line":24,"column":20}}},"fnMap":{"0":{"name":"(anonymous_2)","decl":{"start":{"line":4,"column":0},"end":{"line":4,"column":13}},"loc":{"start":{"line":4,"column":0},"end":{"line":28,"column":1}}},"1":{"name":"(anonymous_3)","decl":{"start":{"line":18,"column":8},"end":{"line":18,"column":11}},"loc":{"start":{"line":18,"column":14},"end":{"line":18,"column":20}}},"2":{"name":"(anonymous_4)","decl":{"start":{"line":24,"column":8},"end":{"line":24,"column":11}},"loc":{"start":{"line":24,"column":14},"end":{"line":24,"column":20}}}},"branchMap":{},"s":{"0":2,"1":2,"2":4,"3":4,"4":2,"5":2,"6":2,"7":2,"8":2,"9":0,"10":2,"11":0},"f":{"0":4,"1":0,"2":0},"b":{}}
,"C:\\Users\\Anandu\\Documents\\workspace\\training\\travel-portal\\pgt\\expense-service\\src\\application\\dtos\\expense-response.dto.ts": {"path":"C:\\Users\\Anandu\\Documents\\workspace\\training\\travel-portal\\pgt\\expense-service\\src\\application\\dtos\\expense-response.dto.ts","statementMap":{"0":{"start":{"line":1,"column":0},"end":{"line":1,"column":13}}},"fnMap":{},"branchMap":{},"s":{"0":4},"f":{},"b":{}}
,"C:\\Users\\Anandu\\Documents\\workspace\\training\\travel-portal\\pgt\\expense-service\\src\\application\\dtos\\expense-summary.dto.ts": {"path":"C:\\Users\\Anandu\\Documents\\workspace\\training\\travel-portal\\pgt\\expense-service\\src\\application\\dtos\\expense-summary.dto.ts","statementMap":{"0":{"start":{"line":1,"column":0},"end":{"line":1,"column":13}}},"fnMap":{},"branchMap":{},"s":{"0":0},"f":{},"b":{}}
,"C:\\Users\\Anandu\\Documents\\workspace\\training\\travel-portal\\pgt\\expense-service\\src\\application\\dtos\\receipt-response.dto.ts": {"path":"C:\\Users\\Anandu\\Documents\\workspace\\training\\travel-portal\\pgt\\expense-service\\src\\application\\dtos\\receipt-response.dto.ts","statementMap":{"0":{"start":{"line":1,"column":0},"end":{"line":1,"column":13}},"1":{"start":{"line":18,"column":0},"end":{"line":18,"column":13}}},"fnMap":{},"branchMap":{},"s":{"0":4,"1":4},"f":{},"b":{}}
,"C:\\Users\\Anandu\\Documents\\workspace\\training\\travel-portal\\pgt\\expense-service\\src\\application\\mappers\\expense.mapper.ts": {"path":"C:\\Users\\Anandu\\Documents\\workspace\\training\\travel-portal\\pgt\\expense-service\\src\\application\\mappers\\expense.mapper.ts","statementMap":{"0":{"start":{"line":2,"column":0},"end":{"line":2,"column":66}},"1":{"start":{"line":6,"column":16},"end":{"line":6,"column":40}},"2":{"start":{"line":7,"column":4},"end":{"line":7,"column":24}},"3":{"start":{"line":8,"column":4},"end":{"line":8,"column":38}},"4":{"start":{"line":9,"column":4},"end":{"line":9,"column":38}},"5":{"start":{"line":10,"column":4},"end":{"line":10,"column":40}},"6":{"start":{"line":11,"column":4},"end":{"line":11,"column":44}},"7":{"start":{"line":12,"column":4},"end":{"line":12,"column":32}},"8":{"start":{"line":13,"column":4},"end":{"line":13,"column":36}},"9":{"start":{"line":14,"column":4},"end":{"line":14,"column":36}},"10":{"start":{"line":15,"column":4},"end":{"line":15,"column":42}},"11":{"start":{"line":16,"column":4},"end":{"line":18,"column":36}},"12":{"start":{"line":19,"column":4},"end":{"line":19,"column":32}},"13":{"start":{"line":20,"column":4},"end":{"line":22,"column":5}},"14":{"start":{"line":21,"column":6},"end":{"line":21,"column":58}},"15":{"start":{"line":23,"column":4},"end":{"line":23,"column":15}},"16":{"start":{"line":27,"column":19},"end":{"line":27,"column":135}},"17":{"start":{"line":28,"column":17},"end":{"line":38,"column":6}},"18":{"start":{"line":29,"column":26},"end":{"line":29,"column":74}},"19":{"start":{"line":30,"column":26},"end":{"line":32,"column":31}},"20":{"start":{"line":33,"column":6},"end":{"line":37,"column":18}},"21":{"start":{"line":39,"column":4},"end":{"line":39,"column":40}},"22":{"start":{"line":4,"column":0},"end":{"line":4,"column":13}}},"fnMap":{"0":{"name":"(anonymous_0)","decl":{"start":{"line":5,"column":2},"end":{"line":5,"column":8}},"loc":{"start":{"line":5,"column":31},"end":{"line":24,"column":3}}},"1":{"name":"(anonymous_1)","decl":{"start":{"line":26,"column":2},"end":{"line":26,"column":8}},"loc":{"start":{"line":26,"column":34},"end":{"line":40,"column":3}}},"2":{"name":"(anonymous_2)","decl":{"start":{"line":28,"column":30},"end":{"line":28,"column":31}},"loc":{"start":{"line":28,"column":36},"end":{"line":38,"column":5}}}},"branchMap":{"0":{"loc":{"start":{"line":16,"column":22},"end":{"line":18,"column":35}},"type":"cond-expr","locations":[{"start":{"line":17,"column":8},"end":{"line":17,"column":41}},{"start":{"line":18,"column":8},"end":{"line":18,"column":35}}]},"1":{"loc":{"start":{"line":20,"column":4},"end":{"line":22,"column":5}},"type":"if","locations":[{"start":{"line":20,"column":4},"end":{"line":22,"column":5}}]},"2":{"loc":{"start":{"line":29,"column":26},"end":{"line":29,"column":74}},"type":"cond-expr","locations":[{"start":{"line":29,"column":42},"end":{"line":29,"column":69}},{"start":{"line":29,"column":72},"end":{"line":29,"column":74}}]},"3":{"loc":{"start":{"line":30,"column":26},"end":{"line":32,"column":31}},"type":"cond-expr","locations":[{"start":{"line":31,"column":10},"end":{"line":31,"column":37}},{"start":{"line":32,"column":10},"end":{"line":32,"column":31}}]}},"s":{"0":4,"1":6,"2":6,"3":6,"4":6,"5":6,"6":6,"7":6,"8":6,"9":6,"10":6,"11":6,"12":6,"13":6,"14":1,"15":6,"16":6,"17":6,"18":6,"19":6,"20":6,"21":6,"22":4},"f":{"0":6,"1":6,"2":6},"b":{"0":[5,1],"1":[1],"2":[1,5],"3":[5,1]}}
,"C:\\Users\\Anandu\\Documents\\workspace\\training\\travel-portal\\pgt\\expense-service\\src\\application\\mappers\\receipt.mapper.ts": {"path":"C:\\Users\\Anandu\\Documents\\workspace\\training\\travel-portal\\pgt\\expense-service\\src\\application\\mappers\\receipt.mapper.ts","statementMap":{"0":{"start":{"line":2,"column":0},"end":{"line":2,"column":66}},"1":{"start":{"line":6,"column":16},"end":{"line":6,"column":40}},"2":{"start":{"line":7,"column":4},"end":{"line":7,"column":24}},"3":{"start":{"line":8,"column":4},"end":{"line":8,"column":46}},"4":{"start":{"line":9,"column":4},"end":{"line":9,"column":38}},"5":{"start":{"line":10,"column":4},"end":{"line":10,"column":40}},"6":{"start":{"line":11,"column":4},"end":{"line":11,"column":44}},"7":{"start":{"line":12,"column":4},"end":{"line":12,"column":46}},"8":{"start":{"line":13,"column":4},"end":{"line":13,"column":32}},"9":{"start":{"line":14,"column":4},"end":{"line":14,"column":36}},"10":{"start":{"line":15,"column":4},"end":{"line":15,"column":32}},"11":{"start":{"line":16,"column":4},"end":{"line":16,"column":42}},"12":{"start":{"line":17,"column":4},"end":{"line":19,"column":38}},"13":{"start":{"line":20,"column":4},"end":{"line":20,"column":32}},"14":{"start":{"line":21,"column":4},"end":{"line":21,"column":56}},"15":{"start":{"line":22,"column":4},"end":{"line":24,"column":5}},"16":{"start":{"line":23,"column":6},"end":{"line":23,"column":52}},"17":{"start":{"line":25,"column":4},"end":{"line":25,"column":15}},"18":{"start":{"line":4,"column":0},"end":{"line":4,"column":13}}},"fnMap":{"0":{"name":"(anonymous_0)","decl":{"start":{"line":5,"column":2},"end":{"line":5,"column":8}},"loc":{"start":{"line":5,"column":31},"end":{"line":26,"column":3}}}},"branchMap":{"0":{"loc":{"start":{"line":17,"column":24},"end":{"line":19,"column":37}},"type":"cond-expr","locations":[{"start":{"line":18,"column":8},"end":{"line":18,"column":43}},{"start":{"line":19,"column":8},"end":{"line":19,"column":37}}]},"1":{"loc":{"start":{"line":22,"column":4},"end":{"line":24,"column":5}},"type":"if","locations":[{"start":{"line":22,"column":4},"end":{"line":24,"column":5}}]}},"s":{"0":4,"1":5,"2":5,"3":5,"4":5,"5":5,"6":5,"7":5,"8":5,"9":5,"10":5,"11":5,"12":5,"13":5,"14":5,"15":5,"16":0,"17":5,"18":4},"f":{"0":5},"b":{"0":[4,1],"1":[0]}}
,"C:\\Users\\Anandu\\Documents\\workspace\\training\\travel-portal\\pgt\\expense-service\\src\\application\\services\\expense-query.service.ts": {"path":"C:\\Users\\Anandu\\Documents\\workspace\\training\\travel-portal\\pgt\\expense-service\\src\\application\\services\\expense-query.service.ts","statementMap":{"0":{"start":{"line":1,"column":0},"end":{"line":1,"column":64}},"1":{"start":{"line":2,"column":0},"end":{"line":2,"column":51}},"2":{"start":{"line":3,"column":0},"end":{"line":3,"column":89}},"3":{"start":{"line":4,"column":0},"end":{"line":4,"column":89}},"4":{"start":{"line":5,"column":0},"end":{"line":5,"column":58}},"5":{"start":{"line":6,"column":0},"end":{"line":6,"column":58}},"6":{"start":{"line":13,"column":42},"end":{"line":19,"column":2}},"7":{"start":{"line":22,"column":7},"end":{"line":163,"column":null}},"8":{"start":{"line":24,"column":21},"end":{"line":24,"column":34}},"9":{"start":{"line":25,"column":21},"end":{"line":25,"column":34}},"10":{"start":{"line":34,"column":21},"end":{"line":34,"column":72}},"11":{"start":{"line":35,"column":18},"end":{"line":35,"column":33}},"12":{"start":{"line":36,"column":18},"end":{"line":36,"column":36}},"13":{"start":{"line":37,"column":18},"end":{"line":37,"column":54}},"14":{"start":{"line":38,"column":4},"end":{"line":46,"column":6}},"15":{"start":{"line":39,"column":33},"end":{"line":39,"column":55}},"16":{"start":{"line":54,"column":20},"end":{"line":54,"column":55}},"17":{"start":{"line":55,"column":4},"end":{"line":57,"column":5}},"18":{"start":{"line":56,"column":6},"end":{"line":56,"column":61}},"19":{"start":{"line":58,"column":4},"end":{"line":60,"column":5}},"20":{"start":{"line":59,"column":6},"end":{"line":59,"column":68}},"21":{"start":{"line":61,"column":4},"end":{"line":61,"column":40}},"22":{"start":{"line":69,"column":22},"end":{"line":69,"column":47}},"23":{"start":{"line":70,"column":20},"end":{"line":70,"column":43}},"24":{"start":{"line":73,"column":4},"end":{"line":83,"column":5}},"25":{"start":{"line":75,"column":6},"end":{"line":75,"column":89}},"26":{"start":{"line":78,"column":6},"end":{"line":82,"column":7}},"27":{"start":{"line":79,"column":8},"end":{"line":79,"column":97}},"28":{"start":{"line":81,"column":8},"end":{"line":81,"column":70}},"29":{"start":{"line":85,"column":24},"end":{"line":85,"column":70}},"30":{"start":{"line":85,"column":52},"end":{"line":85,"column":66}},"31":{"start":{"line":86,"column":4},"end":{"line":89,"column":6}},"32":{"start":{"line":87,"column":36},"end":{"line":87,"column":58}},"33":{"start":{"line":97,"column":22},"end":{"line":97,"column":53}},"34":{"start":{"line":98,"column":20},"end":{"line":98,"column":51}},"35":{"start":{"line":101,"column":4},"end":{"line":105,"column":5}},"36":{"start":{"line":102,"column":6},"end":{"line":102,"column":89}},"37":{"start":{"line":104,"column":6},"end":{"line":104,"column":68}},"38":{"start":{"line":107,"column":26},"end":{"line":107,"column":72}},"39":{"start":{"line":107,"column":54},"end":{"line":107,"column":68}},"40":{"start":{"line":110,"column":23},"end":{"line":110,"column":75}},"41":{"start":{"line":111,"column":4},"end":{"line":116,"column":5}},"42":{"start":{"line":112,"column":16},"end":{"line":112,"column":87}},"43":{"start":{"line":113,"column":20},"end":{"line":113,"column":85}},"44":{"start":{"line":114,"column":23},"end":{"line":114,"column":71}},"45":{"start":{"line":115,"column":6},"end":{"line":115,"column":95}},"46":{"start":{"line":117,"column":20},"end":{"line":121,"column":7}},"47":{"start":{"line":117,"column":74},"end":{"line":121,"column":6}},"48":{"start":{"line":124,"column":47},"end":{"line":124,"column":49}},"49":{"start":{"line":125,"column":4},"end":{"line":127,"column":5}},"50":{"start":{"line":126,"column":6},"end":{"line":126,"column":72}},"51":{"start":{"line":129,"column":4},"end":{"line":135,"column":6}},"52":{"start":{"line":143,"column":31},"end":{"line":143,"column":78}},"53":{"start":{"line":145,"column":22},"end":{"line":145,"column":47}},"54":{"start":{"line":146,"column":20},"end":{"line":146,"column":43}},"55":{"start":{"line":148,"column":4},"end":{"line":156,"column":5}},"56":{"start":{"line":149,"column":6},"end":{"line":149,"column":89}},"57":{"start":{"line":151,"column":6},"end":{"line":155,"column":7}},"58":{"start":{"line":152,"column":8},"end":{"line":152,"column":97}},"59":{"start":{"line":154,"column":8},"end":{"line":154,"column":70}},"60":{"start":{"line":157,"column":4},"end":{"line":157,"column":41}},"61":{"start":{"line":161,"column":4},"end":{"line":161,"column":22}},"62":{"start":{"line":22,"column":13},"end":{"line":22,"column":32}},"63":{"start":{"line":22,"column":13},"end":{"line":163,"column":null}}},"fnMap":{"0":{"name":"(anonymous_2)","decl":{"start":{"line":23,"column":2},"end":{"line":23,"column":null}},"loc":{"start":{"line":25,"column":51},"end":{"line":26,"column":6}}},"1":{"name":"(anonymous_3)","decl":{"start":{"line":28,"column":2},"end":{"line":28,"column":7}},"loc":{"start":{"line":32,"column":14},"end":{"line":47,"column":3}}},"2":{"name":"(anonymous_4)","decl":{"start":{"line":39,"column":26},"end":{"line":39,"column":27}},"loc":{"start":{"line":39,"column":33},"end":{"line":39,"column":55}}},"3":{"name":"(anonymous_5)","decl":{"start":{"line":49,"column":2},"end":{"line":49,"column":7}},"loc":{"start":{"line":52,"column":16},"end":{"line":62,"column":3}}},"4":{"name":"(anonymous_6)","decl":{"start":{"line":64,"column":2},"end":{"line":64,"column":7}},"loc":{"start":{"line":67,"column":16},"end":{"line":90,"column":3}}},"5":{"name":"(anonymous_7)","decl":{"start":{"line":85,"column":40},"end":{"line":85,"column":41}},"loc":{"start":{"line":85,"column":52},"end":{"line":85,"column":66}}},"6":{"name":"(anonymous_8)","decl":{"start":{"line":87,"column":29},"end":{"line":87,"column":30}},"loc":{"start":{"line":87,"column":36},"end":{"line":87,"column":58}}},"7":{"name":"(anonymous_9)","decl":{"start":{"line":92,"column":2},"end":{"line":92,"column":7}},"loc":{"start":{"line":95,"column":16},"end":{"line":136,"column":3}}},"8":{"name":"(anonymous_10)","decl":{"start":{"line":107,"column":42},"end":{"line":107,"column":43}},"loc":{"start":{"line":107,"column":54},"end":{"line":107,"column":68}}},"9":{"name":"(anonymous_11)","decl":{"start":{"line":117,"column":57},"end":{"line":117,"column":58}},"loc":{"start":{"line":117,"column":74},"end":{"line":121,"column":6}}},"10":{"name":"(anonymous_12)","decl":{"start":{"line":138,"column":2},"end":{"line":138,"column":7}},"loc":{"start":{"line":141,"column":16},"end":{"line":158,"column":3}}},"11":{"name":"(anonymous_13)","decl":{"start":{"line":160,"column":2},"end":{"line":160,"column":15}},"loc":{"start":{"line":160,"column":15},"end":{"line":162,"column":3}}}},"branchMap":{"0":{"loc":{"start":{"line":31,"column":4},"end":{"line":31,"column":12}},"type":"default-arg","locations":[{"start":{"line":31,"column":11},"end":{"line":31,"column":12}}]},"1":{"loc":{"start":{"line":32,"column":4},"end":{"line":32,"column":14}},"type":"default-arg","locations":[{"start":{"line":32,"column":12},"end":{"line":32,"column":14}}]},"2":{"loc":{"start":{"line":55,"column":4},"end":{"line":57,"column":5}},"type":"if","locations":[{"start":{"line":55,"column":4},"end":{"line":57,"column":5}}]},"3":{"loc":{"start":{"line":58,"column":4},"end":{"line":60,"column":5}},"type":"if","locations":[{"start":{"line":58,"column":4},"end":{"line":60,"column":5}}]},"4":{"loc":{"start":{"line":58,"column":8},"end":{"line":58,"column":74}},"type":"binary-expr","locations":[{"start":{"line":58,"column":8},"end":{"line":58,"column":27}},{"start":{"line":58,"column":31},"end":{"line":58,"column":74}}]},"5":{"loc":{"start":{"line":73,"column":4},"end":{"line":83,"column":5}},"type":"if","locations":[{"start":{"line":73,"column":4},"end":{"line":83,"column":5}},{"start":{"line":76,"column":11},"end":{"line":83,"column":5}}]},"6":{"loc":{"start":{"line":78,"column":6},"end":{"line":82,"column":7}},"type":"if","locations":[{"start":{"line":78,"column":6},"end":{"line":82,"column":7}},{"start":{"line":80,"column":13},"end":{"line":82,"column":7}}]},"7":{"loc":{"start":{"line":101,"column":4},"end":{"line":105,"column":5}},"type":"if","locations":[{"start":{"line":101,"column":4},"end":{"line":105,"column":5}},{"start":{"line":103,"column":11},"end":{"line":105,"column":5}}]},"8":{"loc":{"start":{"line":112,"column":16},"end":{"line":112,"column":87}},"type":"cond-expr","locations":[{"start":{"line":112,"column":48},"end":{"line":112,"column":61}},{"start":{"line":112,"column":64},"end":{"line":112,"column":87}}]},"9":{"loc":{"start":{"line":114,"column":23},"end":{"line":114,"column":71}},"type":"binary-expr","locations":[{"start":{"line":114,"column":23},"end":{"line":114,"column":44}},{"start":{"line":114,"column":48},"end":{"line":114,"column":71}}]},"10":{"loc":{"start":{"line":126,"column":32},"end":{"line":126,"column":59}},"type":"binary-expr","locations":[{"start":{"line":126,"column":32},"end":{"line":126,"column":54}},{"start":{"line":126,"column":58},"end":{"line":126,"column":59}}]},"11":{"loc":{"start":{"line":148,"column":4},"end":{"line":156,"column":5}},"type":"if","locations":[{"start":{"line":148,"column":4},"end":{"line":156,"column":5}},{"start":{"line":150,"column":11},"end":{"line":156,"column":5}}]},"12":{"loc":{"start":{"line":151,"column":6},"end":{"line":155,"column":7}},"type":"if","locations":[{"start":{"line":151,"column":6},"end":{"line":155,"column":7}},{"start":{"line":153,"column":13},"end":{"line":155,"column":7}}]}},"s":{"0":3,"1":3,"2":3,"3":3,"4":3,"5":3,"6":3,"7":3,"8":15,"9":15,"10":1,"11":1,"12":1,"13":1,"14":1,"15":1,"16":4,"17":4,"18":1,"19":3,"20":1,"21":2,"22":6,"23":6,"24":6,"25":2,"26":4,"27":2,"28":2,"29":6,"30":3,"31":6,"32":3,"33":3,"34":3,"35":3,"36":2,"37":1,"38":3,"39":2,"40":3,"41":3,"42":2,"43":2,"44":2,"45":2,"46":3,"47":2,"48":3,"49":3,"50":2,"51":3,"52":3,"53":3,"54":3,"55":3,"56":1,"57":2,"58":1,"59":1,"60":3,"61":1,"62":3,"63":3},"f":{"0":15,"1":1,"2":1,"3":4,"4":6,"5":3,"6":3,"7":3,"8":2,"9":2,"10":3,"11":1},"b":{"0":[1],"1":[1],"2":[1],"3":[1],"4":[3,2],"5":[2,4],"6":[2,2],"7":[2,1],"8":[2,0],"9":[2,2],"10":[2,2],"11":[1,2],"12":[1,1]}}
,"C:\\Users\\Anandu\\Documents\\workspace\\training\\travel-portal\\pgt\\expense-service\\src\\application\\use-cases\\generate-receipt.use-case.ts": {"path":"C:\\Users\\Anandu\\Documents\\workspace\\training\\travel-portal\\pgt\\expense-service\\src\\application\\use-cases\\generate-receipt.use-case.ts","statementMap":{"0":{"start":{"line":1,"column":0},"end":{"line":1,"column":44}},"1":{"start":{"line":3,"column":0},"end":{"line":3,"column":68}},"2":{"start":{"line":4,"column":0},"end":{"line":4,"column":68}},"3":{"start":{"line":5,"column":0},"end":{"line":5,"column":89}},"4":{"start":{"line":6,"column":0},"end":{"line":6,"column":89}},"5":{"start":{"line":21,"column":7},"end":{"line":68,"column":null}},"6":{"start":{"line":23,"column":21},"end":{"line":23,"column":34}},"7":{"start":{"line":24,"column":21},"end":{"line":24,"column":34}},"8":{"start":{"line":33,"column":17},"end":{"line":33,"column":41}},"9":{"start":{"line":34,"column":18},"end":{"line":35,"column":null}},"10":{"start":{"line":35,"column":7},"end":{"line":35,"column":67}},"11":{"start":{"line":37,"column":16},"end":{"line":37,"column":50}},"12":{"start":{"line":38,"column":26},"end":{"line":38,"column":46}},"13":{"start":{"line":40,"column":20},"end":{"line":51,"column":6}},"14":{"start":{"line":53,"column":20},"end":{"line":61,"column":6}},"15":{"start":{"line":63,"column":4},"end":{"line":63,"column":45}},"16":{"start":{"line":64,"column":4},"end":{"line":64,"column":45}},"17":{"start":{"line":66,"column":4},"end":{"line":66,"column":32}},"18":{"start":{"line":21,"column":13},"end":{"line":21,"column":35}},"19":{"start":{"line":21,"column":13},"end":{"line":68,"column":null}}},"fnMap":{"0":{"name":"(anonymous_11)","decl":{"start":{"line":22,"column":2},"end":{"line":22,"column":null}},"loc":{"start":{"line":24,"column":51},"end":{"line":25,"column":6}}},"1":{"name":"(anonymous_12)","decl":{"start":{"line":27,"column":2},"end":{"line":27,"column":7}},"loc":{"start":{"line":30,"column":21},"end":{"line":67,"column":3}}},"2":{"name":"(anonymous_13)","decl":{"start":{"line":35,"column":7},"end":{"line":35,"column":20}},"loc":{"start":{"line":35,"column":7},"end":{"line":35,"column":67}}}},"branchMap":{"0":{"loc":{"start":{"line":47,"column":16},"end":{"line":47,"column":38}},"type":"binary-expr","locations":[{"start":{"line":47,"column":16},"end":{"line":47,"column":29}},{"start":{"line":47,"column":33},"end":{"line":47,"column":38}}]},"1":{"loc":{"start":{"line":59,"column":16},"end":{"line":59,"column":38}},"type":"binary-expr","locations":[{"start":{"line":59,"column":16},"end":{"line":59,"column":29}},{"start":{"line":59,"column":33},"end":{"line":59,"column":38}}]}},"s":{"0":2,"1":2,"2":2,"3":2,"4":2,"5":2,"6":5,"7":5,"8":5,"9":5,"10":5,"11":5,"12":5,"13":5,"14":5,"15":5,"16":5,"17":5,"18":2,"19":2},"f":{"0":5,"1":5,"2":5},"b":{"0":[5,1],"1":[5,1]}}
,"C:\\Users\\Anandu\\Documents\\workspace\\training\\travel-portal\\pgt\\expense-service\\src\\application\\use-cases\\void-receipt.use-case.ts": {"path":"C:\\Users\\Anandu\\Documents\\workspace\\training\\travel-portal\\pgt\\expense-service\\src\\application\\use-cases\\void-receipt.use-case.ts","statementMap":{"0":{"start":{"line":1,"column":0},"end":{"line":1,"column":52}},"1":{"start":{"line":3,"column":0},"end":{"line":3,"column":89}},"2":{"start":{"line":4,"column":0},"end":{"line":4,"column":89}},"3":{"start":{"line":7,"column":31},"end":{"line":35,"column":null}},"4":{"start":{"line":11,"column":21},"end":{"line":11,"column":34}},"5":{"start":{"line":12,"column":21},"end":{"line":12,"column":34}},"6":{"start":{"line":8,"column":19},"end":{"line":8,"column":64}},"7":{"start":{"line":20,"column":20},"end":{"line":20,"column":69}},"8":{"start":{"line":21,"column":4},"end":{"line":24,"column":5}},"9":{"start":{"line":22,"column":6},"end":{"line":22,"column":79}},"10":{"start":{"line":23,"column":6},"end":{"line":23,"column":13}},"11":{"start":{"line":26,"column":4},"end":{"line":26,"column":29}},"12":{"start":{"line":27,"column":4},"end":{"line":27,"column":45}},"13":{"start":{"line":29,"column":20},"end":{"line":29,"column":69}},"14":{"start":{"line":30,"column":4},"end":{"line":33,"column":5}},"15":{"start":{"line":31,"column":6},"end":{"line":31,"column":33}},"16":{"start":{"line":32,"column":6},"end":{"line":32,"column":47}},"17":{"start":{"line":7,"column":13},"end":{"line":7,"column":31}},"18":{"start":{"line":7,"column":13},"end":{"line":35,"column":null}}},"fnMap":{"0":{"name":"(anonymous_2)","decl":{"start":{"line":10,"column":2},"end":{"line":10,"column":null}},"loc":{"start":{"line":12,"column":51},"end":{"line":13,"column":6}}},"1":{"name":"(anonymous_3)","decl":{"start":{"line":15,"column":2},"end":{"line":15,"column":7}},"loc":{"start":{"line":18,"column":21},"end":{"line":34,"column":3}}}},"branchMap":{"0":{"loc":{"start":{"line":21,"column":4},"end":{"line":24,"column":5}},"type":"if","locations":[{"start":{"line":21,"column":4},"end":{"line":24,"column":5}}]},"1":{"loc":{"start":{"line":30,"column":4},"end":{"line":33,"column":5}},"type":"if","locations":[{"start":{"line":30,"column":4},"end":{"line":33,"column":5}}]}},"s":{"0":2,"1":2,"2":2,"3":2,"4":3,"5":3,"6":3,"7":3,"8":3,"9":1,"10":1,"11":2,"12":2,"13":2,"14":2,"15":1,"16":1,"17":2,"18":2},"f":{"0":3,"1":3},"b":{"0":[1],"1":[1]}}
,"C:\\Users\\Anandu\\Documents\\workspace\\training\\travel-portal\\pgt\\expense-service\\src\\config\\env.validation.ts": {"path":"C:\\Users\\Anandu\\Documents\\workspace\\training\\travel-portal\\pgt\\expense-service\\src\\config\\env.validation.ts","statementMap":{"0":{"start":{"line":1,"column":0},"end":{"line":1,"column":27}},"1":{"start":{"line":3,"column":13},"end":{"line":10,"column":35}}},"fnMap":{},"branchMap":{},"s":{"0":1,"1":1},"f":{},"b":{}}
,"C:\\Users\\Anandu\\Documents\\workspace\\training\\travel-portal\\pgt\\expense-service\\src\\domain\\aggregates\\expense.aggregate.ts": {"path":"C:\\Users\\Anandu\\Documents\\workspace\\training\\travel-portal\\pgt\\expense-service\\src\\domain\\aggregates\\expense.aggregate.ts","statementMap":{"0":{"start":{"line":1,"column":0},"end":{"line":1,"column":78}},"1":{"start":{"line":2,"column":0},"end":{"line":2,"column":69}},"2":{"start":{"line":3,"column":0},"end":{"line":3,"column":73}},"3":{"start":{"line":34,"column":15},"end":{"line":34,"column":29}},"4":{"start":{"line":35,"column":4},"end":{"line":47,"column":7}},"5":{"start":{"line":51,"column":4},"end":{"line":51,"column":32}},"6":{"start":{"line":55,"column":4},"end":{"line":55,"column":32}},"7":{"start":{"line":59,"column":4},"end":{"line":59,"column":33}},"8":{"start":{"line":63,"column":4},"end":{"line":63,"column":35}},"9":{"start":{"line":67,"column":4},"end":{"line":67,"column":29}},"10":{"start":{"line":71,"column":4},"end":{"line":71,"column":31}},"11":{"start":{"line":75,"column":4},"end":{"line":75,"column":31}},"12":{"start":{"line":79,"column":4},"end":{"line":79,"column":34}},"13":{"start":{"line":83,"column":4},"end":{"line":83,"column":34}},"14":{"start":{"line":87,"column":4},"end":{"line":87,"column":29}},"15":{"start":{"line":91,"column":4},"end":{"line":91,"column":34}},"16":{"start":{"line":95,"column":4},"end":{"line":101,"column":5}},"17":{"start":{"line":96,"column":6},"end":{"line":100,"column":8}},"18":{"start":{"line":102,"column":4},"end":{"line":102,"column":48}},"19":{"start":{"line":103,"column":4},"end":{"line":103,"column":41}},"20":{"start":{"line":32,"column":0},"end":{"line":32,"column":13}}},"fnMap":{"0":{"name":"(anonymous_0)","decl":{"start":{"line":33,"column":2},"end":{"line":33,"column":8}},"loc":{"start":{"line":33,"column":41},"end":{"line":48,"column":3}}},"1":{"name":"(anonymous_1)","decl":{"start":{"line":50,"column":2},"end":{"line":50,"column":6}},"loc":{"start":{"line":50,"column":15},"end":{"line":52,"column":3}}},"2":{"name":"(anonymous_2)","decl":{"start":{"line":54,"column":2},"end":{"line":54,"column":6}},"loc":{"start":{"line":54,"column":15},"end":{"line":56,"column":3}}},"3":{"name":"(anonymous_3)","decl":{"start":{"line":58,"column":2},"end":{"line":58,"column":6}},"loc":{"start":{"line":58,"column":16},"end":{"line":60,"column":3}}},"4":{"name":"(anonymous_4)","decl":{"start":{"line":62,"column":2},"end":{"line":62,"column":6}},"loc":{"start":{"line":62,"column":18},"end":{"line":64,"column":3}}},"5":{"name":"(anonymous_5)","decl":{"start":{"line":66,"column":2},"end":{"line":66,"column":6}},"loc":{"start":{"line":66,"column":12},"end":{"line":68,"column":3}}},"6":{"name":"(anonymous_6)","decl":{"start":{"line":70,"column":2},"end":{"line":70,"column":6}},"loc":{"start":{"line":70,"column":14},"end":{"line":72,"column":3}}},"7":{"name":"(anonymous_7)","decl":{"start":{"line":74,"column":2},"end":{"line":74,"column":6}},"loc":{"start":{"line":74,"column":14},"end":{"line":76,"column":3}}},"8":{"name":"(anonymous_8)","decl":{"start":{"line":78,"column":2},"end":{"line":78,"column":6}},"loc":{"start":{"line":78,"column":17},"end":{"line":80,"column":3}}},"9":{"name":"(anonymous_9)","decl":{"start":{"line":82,"column":2},"end":{"line":82,"column":6}},"loc":{"start":{"line":82,"column":17},"end":{"line":84,"column":3}}},"10":{"name":"(anonymous_10)","decl":{"start":{"line":86,"column":2},"end":{"line":86,"column":6}},"loc":{"start":{"line":86,"column":12},"end":{"line":88,"column":3}}},"11":{"name":"(anonymous_11)","decl":{"start":{"line":90,"column":2},"end":{"line":90,"column":6}},"loc":{"start":{"line":90,"column":17},"end":{"line":92,"column":3}}},"12":{"name":"(anonymous_12)","decl":{"start":{"line":94,"column":2},"end":{"line":94,"column":8}},"loc":{"start":{"line":94,"column":26},"end":{"line":104,"column":3}}}},"branchMap":{"0":{"loc":{"start":{"line":42,"column":16},"end":{"line":42,"column":39}},"type":"binary-expr","locations":[{"start":{"line":42,"column":16},"end":{"line":42,"column":30}},{"start":{"line":42,"column":34},"end":{"line":42,"column":39}}]},"1":{"loc":{"start":{"line":43,"column":16},"end":{"line":43,"column":56}},"type":"binary-expr","locations":[{"start":{"line":43,"column":16},"end":{"line":43,"column":30}},{"start":{"line":43,"column":34},"end":{"line":43,"column":56}}]},"2":{"loc":{"start":{"line":44,"column":19},"end":{"line":44,"column":56}},"type":"binary-expr","locations":[{"start":{"line":44,"column":19},"end":{"line":44,"column":36}},{"start":{"line":44,"column":40},"end":{"line":44,"column":56}}]},"3":{"loc":{"start":{"line":95,"column":4},"end":{"line":101,"column":5}},"type":"if","locations":[{"start":{"line":95,"column":4},"end":{"line":101,"column":5}}]}},"s":{"0":8,"1":8,"2":8,"3":23,"4":23,"5":13,"6":14,"7":12,"8":12,"9":21,"10":14,"11":19,"12":12,"13":28,"14":16,"15":16,"16":6,"17":1,"18":5,"19":5,"20":8},"f":{"0":23,"1":13,"2":14,"3":12,"4":12,"5":21,"6":14,"7":19,"8":12,"9":28,"10":16,"11":16,"12":6},"b":{"0":[23,18],"1":[23,22],"2":[23,23],"3":[1]}}
,"C:\\Users\\Anandu\\Documents\\workspace\\training\\travel-portal\\pgt\\expense-service\\src\\domain\\aggregates\\receipt.aggregate.ts": {"path":"C:\\Users\\Anandu\\Documents\\workspace\\training\\travel-portal\\pgt\\expense-service\\src\\domain\\aggregates\\receipt.aggregate.ts","statementMap":{"0":{"start":{"line":1,"column":0},"end":{"line":1,"column":78}},"1":{"start":{"line":2,"column":0},"end":{"line":2,"column":69}},"2":{"start":{"line":36,"column":15},"end":{"line":36,"column":29}},"3":{"start":{"line":37,"column":4},"end":{"line":51,"column":7}},"4":{"start":{"line":55,"column":4},"end":{"line":55,"column":36}},"5":{"start":{"line":59,"column":4},"end":{"line":59,"column":32}},"6":{"start":{"line":63,"column":4},"end":{"line":63,"column":33}},"7":{"start":{"line":67,"column":4},"end":{"line":67,"column":35}},"8":{"start":{"line":71,"column":4},"end":{"line":71,"column":36}},"9":{"start":{"line":75,"column":4},"end":{"line":75,"column":29}},"10":{"start":{"line":79,"column":4},"end":{"line":79,"column":31}},"11":{"start":{"line":83,"column":4},"end":{"line":83,"column":29}},"12":{"start":{"line":87,"column":4},"end":{"line":87,"column":34}},"13":{"start":{"line":91,"column":4},"end":{"line":91,"column":36}},"14":{"start":{"line":95,"column":4},"end":{"line":95,"column":29}},"15":{"start":{"line":99,"column":4},"end":{"line":99,"column":34}},"16":{"start":{"line":103,"column":4},"end":{"line":103,"column":31}},"17":{"start":{"line":107,"column":4},"end":{"line":113,"column":5}},"18":{"start":{"line":108,"column":6},"end":{"line":112,"column":8}},"19":{"start":{"line":114,"column":4},"end":{"line":114,"column":45}},"20":{"start":{"line":115,"column":4},"end":{"line":115,"column":35}},"21":{"start":{"line":34,"column":0},"end":{"line":34,"column":13}}},"fnMap":{"0":{"name":"(anonymous_0)","decl":{"start":{"line":35,"column":2},"end":{"line":35,"column":8}},"loc":{"start":{"line":35,"column":41},"end":{"line":52,"column":3}}},"1":{"name":"(anonymous_1)","decl":{"start":{"line":54,"column":2},"end":{"line":54,"column":6}},"loc":{"start":{"line":54,"column":19},"end":{"line":56,"column":3}}},"2":{"name":"(anonymous_2)","decl":{"start":{"line":58,"column":2},"end":{"line":58,"column":6}},"loc":{"start":{"line":58,"column":15},"end":{"line":60,"column":3}}},"3":{"name":"(anonymous_3)","decl":{"start":{"line":62,"column":2},"end":{"line":62,"column":6}},"loc":{"start":{"line":62,"column":16},"end":{"line":64,"column":3}}},"4":{"name":"(anonymous_4)","decl":{"start":{"line":66,"column":2},"end":{"line":66,"column":6}},"loc":{"start":{"line":66,"column":18},"end":{"line":68,"column":3}}},"5":{"name":"(anonymous_5)","decl":{"start":{"line":70,"column":2},"end":{"line":70,"column":6}},"loc":{"start":{"line":70,"column":19},"end":{"line":72,"column":3}}},"6":{"name":"(anonymous_6)","decl":{"start":{"line":74,"column":2},"end":{"line":74,"column":6}},"loc":{"start":{"line":74,"column":12},"end":{"line":76,"column":3}}},"7":{"name":"(anonymous_7)","decl":{"start":{"line":78,"column":2},"end":{"line":78,"column":6}},"loc":{"start":{"line":78,"column":14},"end":{"line":80,"column":3}}},"8":{"name":"(anonymous_8)","decl":{"start":{"line":82,"column":2},"end":{"line":82,"column":6}},"loc":{"start":{"line":82,"column":12},"end":{"line":84,"column":3}}},"9":{"name":"(anonymous_9)","decl":{"start":{"line":86,"column":2},"end":{"line":86,"column":6}},"loc":{"start":{"line":86,"column":17},"end":{"line":88,"column":3}}},"10":{"name":"(anonymous_10)","decl":{"start":{"line":90,"column":2},"end":{"line":90,"column":6}},"loc":{"start":{"line":90,"column":19},"end":{"line":92,"column":3}}},"11":{"name":"(anonymous_11)","decl":{"start":{"line":94,"column":2},"end":{"line":94,"column":6}},"loc":{"start":{"line":94,"column":12},"end":{"line":96,"column":3}}},"12":{"name":"(anonymous_12)","decl":{"start":{"line":98,"column":2},"end":{"line":98,"column":6}},"loc":{"start":{"line":98,"column":17},"end":{"line":100,"column":3}}},"13":{"name":"(anonymous_13)","decl":{"start":{"line":102,"column":2},"end":{"line":102,"column":6}},"loc":{"start":{"line":102,"column":14},"end":{"line":104,"column":3}}},"14":{"name":"(anonymous_14)","decl":{"start":{"line":106,"column":2},"end":{"line":106,"column":6}},"loc":{"start":{"line":106,"column":21},"end":{"line":116,"column":3}}}},"branchMap":{"0":{"loc":{"start":{"line":45,"column":16},"end":{"line":45,"column":39}},"type":"binary-expr","locations":[{"start":{"line":45,"column":16},"end":{"line":45,"column":30}},{"start":{"line":45,"column":34},"end":{"line":45,"column":39}}]},"1":{"loc":{"start":{"line":107,"column":4},"end":{"line":113,"column":5}},"type":"if","locations":[{"start":{"line":107,"column":4},"end":{"line":113,"column":5}}]}},"s":{"0":8,"1":8,"2":19,"3":19,"4":10,"5":6,"6":8,"7":5,"8":5,"9":5,"10":7,"11":5,"12":5,"13":10,"14":9,"15":7,"16":7,"17":5,"18":1,"19":4,"20":4,"21":8},"f":{"0":19,"1":10,"2":6,"3":8,"4":5,"5":5,"6":5,"7":7,"8":5,"9":5,"10":10,"11":9,"12":7,"13":7,"14":5},"b":{"0":[19,7],"1":[1]}}
,"C:\\Users\\Anandu\\Documents\\workspace\\training\\travel-portal\\pgt\\expense-service\\src\\domain\\events\\expense-recorded.event.ts": {"path":"C:\\Users\\Anandu\\Documents\\workspace\\training\\travel-portal\\pgt\\expense-service\\src\\domain\\events\\expense-recorded.event.ts","statementMap":{"0":{"start":{"line":1,"column":0},"end":{"line":1,"column":63}},"1":{"start":{"line":15,"column":4},"end":{"line":15,"column":17}},"2":{"start":{"line":16,"column":4},"end":{"line":16,"column":27}},"3":{"start":{"line":20,"column":4},"end":{"line":20,"column":29}},"4":{"start":{"line":24,"column":4},"end":{"line":33,"column":6}},"5":{"start":{"line":11,"column":0},"end":{"line":11,"column":13}}},"fnMap":{"0":{"name":"(anonymous_0)","decl":{"start":{"line":14,"column":2},"end":{"line":14,"column":14}},"loc":{"start":{"line":14,"column":69},"end":{"line":17,"column":3}}},"1":{"name":"(anonymous_1)","decl":{"start":{"line":19,"column":2},"end":{"line":19,"column":6}},"loc":{"start":{"line":19,"column":15},"end":{"line":21,"column":3}}},"2":{"name":"(anonymous_2)","decl":{"start":{"line":23,"column":2},"end":{"line":23,"column":12}},"loc":{"start":{"line":23,"column":12},"end":{"line":34,"column":3}}}},"branchMap":{},"s":{"0":3,"1":5,"2":5,"3":4,"4":3,"5":3},"f":{"0":5,"1":4,"2":3},"b":{}}
,"C:\\Users\\Anandu\\Documents\\workspace\\training\\travel-portal\\pgt\\expense-service\\src\\domain\\events\\receipt-generated.event.ts": {"path":"C:\\Users\\Anandu\\Documents\\workspace\\training\\travel-portal\\pgt\\expense-service\\src\\domain\\events\\receipt-generated.event.ts","statementMap":{"0":{"start":{"line":1,"column":0},"end":{"line":1,"column":63}},"1":{"start":{"line":15,"column":4},"end":{"line":15,"column":17}},"2":{"start":{"line":16,"column":4},"end":{"line":16,"column":27}},"3":{"start":{"line":20,"column":4},"end":{"line":20,"column":30}},"4":{"start":{"line":24,"column":4},"end":{"line":33,"column":6}},"5":{"start":{"line":11,"column":0},"end":{"line":11,"column":13}}},"fnMap":{"0":{"name":"(anonymous_0)","decl":{"start":{"line":14,"column":2},"end":{"line":14,"column":14}},"loc":{"start":{"line":14,"column":70},"end":{"line":17,"column":3}}},"1":{"name":"(anonymous_1)","decl":{"start":{"line":19,"column":2},"end":{"line":19,"column":6}},"loc":{"start":{"line":19,"column":15},"end":{"line":21,"column":3}}},"2":{"name":"(anonymous_2)","decl":{"start":{"line":23,"column":2},"end":{"line":23,"column":12}},"loc":{"start":{"line":23,"column":12},"end":{"line":34,"column":3}}}},"branchMap":{},"s":{"0":3,"1":6,"2":6,"3":9,"4":5,"5":3},"f":{"0":6,"1":9,"2":5},"b":{}}
,"C:\\Users\\Anandu\\Documents\\workspace\\training\\travel-portal\\pgt\\expense-service\\src\\domain\\value-objects\\expense-category.enum.ts": {"path":"C:\\Users\\Anandu\\Documents\\workspace\\training\\travel-portal\\pgt\\expense-service\\src\\domain\\value-objects\\expense-category.enum.ts","statementMap":{"0":{"start":{"line":1,"column":0},"end":{"line":1,"column":null}},"1":{"start":{"line":2,"column":2},"end":{"line":2,"column":null}},"2":{"start":{"line":3,"column":2},"end":{"line":3,"column":null}},"3":{"start":{"line":4,"column":2},"end":{"line":4,"column":null}},"4":{"start":{"line":5,"column":2},"end":{"line":5,"column":null}},"5":{"start":{"line":6,"column":2},"end":{"line":6,"column":null}}},"fnMap":{"0":{"name":"(anonymous_0)","decl":{"start":{"line":1,"column":0},"end":{"line":1,"column":12}},"loc":{"start":{"line":1,"column":27},"end":{"line":7,"column":1}}}},"branchMap":{"0":{"loc":{"start":{"line":1,"column":12},"end":{"line":1,"column":null}},"type":"binary-expr","locations":[{"start":{"line":1,"column":12},"end":{"line":1,"column":27}},{"start":{"line":1,"column":27},"end":{"line":1,"column":null}}]}},"s":{"0":8,"1":8,"2":8,"3":8,"4":8,"5":8},"f":{"0":8},"b":{"0":[8,8]}}
,"C:\\Users\\Anandu\\Documents\\workspace\\training\\travel-portal\\pgt\\expense-service\\src\\domain\\value-objects\\expense-status.enum.ts": {"path":"C:\\Users\\Anandu\\Documents\\workspace\\training\\travel-portal\\pgt\\expense-service\\src\\domain\\value-objects\\expense-status.enum.ts","statementMap":{"0":{"start":{"line":1,"column":0},"end":{"line":1,"column":null}},"1":{"start":{"line":2,"column":2},"end":{"line":2,"column":null}},"2":{"start":{"line":3,"column":2},"end":{"line":3,"column":null}}},"fnMap":{"0":{"name":"(anonymous_0)","decl":{"start":{"line":1,"column":0},"end":{"line":1,"column":12}},"loc":{"start":{"line":1,"column":25},"end":{"line":4,"column":1}}}},"branchMap":{"0":{"loc":{"start":{"line":1,"column":12},"end":{"line":1,"column":null}},"type":"binary-expr","locations":[{"start":{"line":1,"column":12},"end":{"line":1,"column":25}},{"start":{"line":1,"column":25},"end":{"line":1,"column":null}}]}},"s":{"0":8,"1":8,"2":8},"f":{"0":8},"b":{"0":[8,8]}}
,"C:\\Users\\Anandu\\Documents\\workspace\\training\\travel-portal\\pgt\\expense-service\\src\\domain\\value-objects\\receipt-status.enum.ts": {"path":"C:\\Users\\Anandu\\Documents\\workspace\\training\\travel-portal\\pgt\\expense-service\\src\\domain\\value-objects\\receipt-status.enum.ts","statementMap":{"0":{"start":{"line":1,"column":0},"end":{"line":1,"column":null}},"1":{"start":{"line":2,"column":2},"end":{"line":2,"column":null}},"2":{"start":{"line":3,"column":2},"end":{"line":3,"column":null}}},"fnMap":{"0":{"name":"(anonymous_0)","decl":{"start":{"line":1,"column":0},"end":{"line":1,"column":12}},"loc":{"start":{"line":1,"column":25},"end":{"line":4,"column":1}}}},"branchMap":{"0":{"loc":{"start":{"line":1,"column":12},"end":{"line":1,"column":null}},"type":"binary-expr","locations":[{"start":{"line":1,"column":12},"end":{"line":1,"column":25}},{"start":{"line":1,"column":25},"end":{"line":1,"column":null}}]}},"s":{"0":8,"1":8,"2":8},"f":{"0":8},"b":{"0":[8,8]}}
,"C:\\Users\\Anandu\\Documents\\workspace\\training\\travel-portal\\pgt\\expense-service\\src\\infrastructure\\kafka\\booking-event.consumer.ts": {"path":"C:\\Users\\Anandu\\Documents\\workspace\\training\\travel-portal\\pgt\\expense-service\\src\\infrastructure\\kafka\\booking-event.consumer.ts","statementMap":{"0":{"start":{"line":1,"column":0},"end":{"line":1,"column":60}},"1":{"start":{"line":2,"column":0},"end":{"line":2,"column":64}},"2":{"start":{"line":3,"column":0},"end":{"line":3,"column":52}},"3":{"start":{"line":4,"column":0},"end":{"line":4,"column":95}},"4":{"start":{"line":5,"column":0},"end":{"line":5,"column":87}},"5":{"start":{"line":6,"column":0},"end":{"line":6,"column":86}},"6":{"start":{"line":7,"column":0},"end":{"line":7,"column":66}},"7":{"start":{"line":8,"column":0},"end":{"line":8,"column":75}},"8":{"start":{"line":9,"column":0},"end":{"line":9,"column":84}},"9":{"start":{"line":10,"column":0},"end":{"line":10,"column":82}},"10":{"start":{"line":22,"column":33},"end":{"line":167,"column":null}},"11":{"start":{"line":26,"column":44},"end":{"line":26,"column":56}},"12":{"start":{"line":27,"column":21},"end":{"line":27,"column":45}},"13":{"start":{"line":28,"column":21},"end":{"line":28,"column":41}},"14":{"start":{"line":29,"column":21},"end":{"line":29,"column":41}},"15":{"start":{"line":30,"column":21},"end":{"line":30,"column":32}},"16":{"start":{"line":31,"column":21},"end":{"line":31,"column":30}},"17":{"start":{"line":23,"column":19},"end":{"line":23,"column":66}},"18":{"start":{"line":37,"column":4},"end":{"line":42,"column":5}},"19":{"start":{"line":38,"column":6},"end":{"line":38,"column":45}},"20":{"start":{"line":40,"column":6},"end":{"line":40,"column":90}},"21":{"start":{"line":41,"column":6},"end":{"line":41,"column":13}},"22":{"start":{"line":44,"column":81},"end":{"line":44,"column":89}},"23":{"start":{"line":46,"column":4},"end":{"line":52,"column":5}},"24":{"start":{"line":47,"column":6},"end":{"line":47,"column":94}},"25":{"start":{"line":48,"column":11},"end":{"line":52,"column":5}},"26":{"start":{"line":49,"column":6},"end":{"line":49,"column":94}},"27":{"start":{"line":51,"column":6},"end":{"line":51,"column":69}},"28":{"start":{"line":62,"column":24},"end":{"line":62,"column":69}},"29":{"start":{"line":63,"column":4},"end":{"line":67,"column":5}},"30":{"start":{"line":64,"column":6},"end":{"line":64,"column":82}},"31":{"start":{"line":65,"column":6},"end":{"line":65,"column":84}},"32":{"start":{"line":66,"column":6},"end":{"line":66,"column":13}},"33":{"start":{"line":69,"column":24},"end":{"line":79,"column":6}},"34":{"start":{"line":82,"column":33},"end":{"line":86,"column":6}},"35":{"start":{"line":83,"column":21},"end":{"line":83,"column":94}},"36":{"start":{"line":84,"column":6},"end":{"line":84,"column":65}},"37":{"start":{"line":85,"column":6},"end":{"line":85,"column":20}},"38":{"start":{"line":89,"column":25},"end":{"line":99,"column":6}},"39":{"start":{"line":100,"column":25},"end":{"line":110,"column":6}},"40":{"start":{"line":112,"column":4},"end":{"line":112,"column":62}},"41":{"start":{"line":113,"column":4},"end":{"line":113,"column":61}},"42":{"start":{"line":115,"column":4},"end":{"line":115,"column":46}},"43":{"start":{"line":116,"column":4},"end":{"line":116,"column":80}},"44":{"start":{"line":126,"column":24},"end":{"line":126,"column":69}},"45":{"start":{"line":127,"column":4},"end":{"line":131,"column":5}},"46":{"start":{"line":128,"column":6},"end":{"line":128,"column":82}},"47":{"start":{"line":129,"column":6},"end":{"line":129,"column":84}},"48":{"start":{"line":130,"column":6},"end":{"line":130,"column":13}},"49":{"start":{"line":134,"column":4},"end":{"line":137,"column":7}},"50":{"start":{"line":135,"column":6},"end":{"line":135,"column":76}},"51":{"start":{"line":136,"column":6},"end":{"line":136,"column":65}},"52":{"start":{"line":139,"column":25},"end":{"line":149,"column":6}},"53":{"start":{"line":150,"column":4},"end":{"line":150,"column":61}},"54":{"start":{"line":152,"column":4},"end":{"line":152,"column":43}},"55":{"start":{"line":153,"column":4},"end":{"line":153,"column":80}},"56":{"start":{"line":157,"column":4},"end":{"line":159,"column":5}},"57":{"start":{"line":158,"column":6},"end":{"line":158,"column":54}},"58":{"start":{"line":160,"column":14},"end":{"line":160,"column":48}},"59":{"start":{"line":161,"column":4},"end":{"line":161,"column":81}},"60":{"start":{"line":161,"column":42},"end":{"line":161,"column":81}},"61":{"start":{"line":162,"column":4},"end":{"line":162,"column":85}},"62":{"start":{"line":162,"column":44},"end":{"line":162,"column":85}},"63":{"start":{"line":163,"column":4},"end":{"line":163,"column":89}},"64":{"start":{"line":163,"column":46},"end":{"line":163,"column":89}},"65":{"start":{"line":164,"column":4},"end":{"line":164,"column":97}},"66":{"start":{"line":164,"column":61},"end":{"line":164,"column":97}},"67":{"start":{"line":165,"column":4},"end":{"line":165,"column":48}},"68":{"start":{"line":22,"column":13},"end":{"line":22,"column":33}},"69":{"start":{"line":35,"column":8},"end":{"line":53,"column":null}},"70":{"start":{"line":22,"column":13},"end":{"line":167,"column":null}}},"fnMap":{"0":{"name":"(anonymous_4)","decl":{"start":{"line":25,"column":2},"end":{"line":25,"column":null}},"loc":{"start":{"line":31,"column":51},"end":{"line":32,"column":6}}},"1":{"name":"(anonymous_5)","decl":{"start":{"line":35,"column":2},"end":{"line":35,"column":7}},"loc":{"start":{"line":35,"column":54},"end":{"line":53,"column":3}}},"2":{"name":"(anonymous_6)","decl":{"start":{"line":55,"column":10},"end":{"line":55,"column":15}},"loc":{"start":{"line":60,"column":33},"end":{"line":117,"column":3}}},"3":{"name":"(anonymous_7)","decl":{"start":{"line":82,"column":67},"end":{"line":82,"column":72}},"loc":{"start":{"line":82,"column":95},"end":{"line":86,"column":5}}},"4":{"name":"(anonymous_8)","decl":{"start":{"line":119,"column":10},"end":{"line":119,"column":15}},"loc":{"start":{"line":124,"column":33},"end":{"line":154,"column":3}}},"5":{"name":"(anonymous_9)","decl":{"start":{"line":134,"column":38},"end":{"line":134,"column":43}},"loc":{"start":{"line":134,"column":66},"end":{"line":137,"column":5}}},"6":{"name":"(anonymous_10)","decl":{"start":{"line":156,"column":10},"end":{"line":156,"column":23}},"loc":{"start":{"line":156,"column":40},"end":{"line":166,"column":3}}}},"branchMap":{"0":{"loc":{"start":{"line":44,"column":45},"end":{"line":44,"column":70}},"type":"default-arg","locations":[{"start":{"line":44,"column":61},"end":{"line":44,"column":70}}]},"1":{"loc":{"start":{"line":46,"column":4},"end":{"line":52,"column":5}},"type":"if","locations":[{"start":{"line":46,"column":4},"end":{"line":52,"column":5}},{"start":{"line":48,"column":11},"end":{"line":52,"column":5}}]},"2":{"loc":{"start":{"line":48,"column":11},"end":{"line":52,"column":5}},"type":"if","locations":[{"start":{"line":48,"column":11},"end":{"line":52,"column":5}},{"start":{"line":50,"column":11},"end":{"line":52,"column":5}}]},"3":{"loc":{"start":{"line":63,"column":4},"end":{"line":67,"column":5}},"type":"if","locations":[{"start":{"line":63,"column":4},"end":{"line":67,"column":5}}]},"4":{"loc":{"start":{"line":75,"column":10},"end":{"line":75,"column":74}},"type":"cond-expr","locations":[{"start":{"line":75,"column":29},"end":{"line":75,"column":69}},{"start":{"line":75,"column":72},"end":{"line":75,"column":74}}]},"5":{"loc":{"start":{"line":127,"column":4},"end":{"line":131,"column":5}},"type":"if","locations":[{"start":{"line":127,"column":4},"end":{"line":131,"column":5}}]},"6":{"loc":{"start":{"line":157,"column":4},"end":{"line":159,"column":5}},"type":"if","locations":[{"start":{"line":157,"column":4},"end":{"line":159,"column":5}}]},"7":{"loc":{"start":{"line":157,"column":8},"end":{"line":157,"column":55}},"type":"binary-expr","locations":[{"start":{"line":157,"column":8},"end":{"line":157,"column":35}},{"start":{"line":157,"column":39},"end":{"line":157,"column":55}}]},"8":{"loc":{"start":{"line":161,"column":4},"end":{"line":161,"column":81}},"type":"if","locations":[{"start":{"line":161,"column":4},"end":{"line":161,"column":81}}]},"9":{"loc":{"start":{"line":162,"column":4},"end":{"line":162,"column":85}},"type":"if","locations":[{"start":{"line":162,"column":4},"end":{"line":162,"column":85}}]},"10":{"loc":{"start":{"line":163,"column":4},"end":{"line":163,"column":89}},"type":"if","locations":[{"start":{"line":163,"column":4},"end":{"line":163,"column":89}}]},"11":{"loc":{"start":{"line":164,"column":4},"end":{"line":164,"column":97}},"type":"if","locations":[{"start":{"line":164,"column":4},"end":{"line":164,"column":97}}]},"12":{"loc":{"start":{"line":164,"column":8},"end":{"line":164,"column":59}},"type":"binary-expr","locations":[{"start":{"line":164,"column":8},"end":{"line":164,"column":37}},{"start":{"line":164,"column":41},"end":{"line":164,"column":59}}]}},"s":{"0":1,"1":1,"2":1,"3":1,"4":1,"5":1,"6":1,"7":1,"8":1,"9":1,"10":1,"11":8,"12":8,"13":8,"14":8,"15":8,"16":8,"17":8,"18":8,"19":8,"20":2,"21":2,"22":6,"23":6,"24":3,"25":3,"26":2,"27":1,"28":3,"29":3,"30":1,"31":1,"32":1,"33":2,"34":2,"35":1,"36":1,"37":1,"38":1,"39":1,"40":1,"41":1,"42":1,"43":1,"44":2,"45":2,"46":1,"47":1,"48":1,"49":1,"50":1,"51":1,"52":1,"53":1,"54":1,"55":1,"56":8,"57":1,"58":7,"59":7,"60":1,"61":6,"62":0,"63":6,"64":0,"65":6,"66":0,"67":6,"68":1,"69":1,"70":1},"f":{"0":8,"1":8,"2":3,"3":1,"4":2,"5":1,"6":8},"b":{"0":[1],"1":[3,3],"2":[2,1],"3":[1],"4":[2,0],"5":[1],"6":[1],"7":[8,8],"8":[1],"9":[0],"10":[0],"11":[0],"12":[6,6]}}
,"C:\\Users\\Anandu\\Documents\\workspace\\training\\travel-portal\\pgt\\expense-service\\src\\infrastructure\\kafka\\expense-event.publisher.ts": {"path":"C:\\Users\\Anandu\\Documents\\workspace\\training\\travel-portal\\pgt\\expense-service\\src\\infrastructure\\kafka\\expense-event.publisher.ts","statementMap":{"0":{"start":{"line":1,"column":0},"end":{"line":1,"column":52}},"1":{"start":{"line":3,"column":0},"end":{"line":3,"column":40}},"2":{"start":{"line":4,"column":0},"end":{"line":4,"column":48}},"3":{"start":{"line":7,"column":0},"end":{"line":7,"column":75}},"4":{"start":{"line":9,"column":29},"end":{"line":9,"column":45}},"5":{"start":{"line":12,"column":34},"end":{"line":52,"column":null}},"6":{"start":{"line":16,"column":45},"end":{"line":16,"column":63}},"7":{"start":{"line":17,"column":21},"end":{"line":17,"column":30}},"8":{"start":{"line":13,"column":19},"end":{"line":13,"column":67}},"9":{"start":{"line":21,"column":4},"end":{"line":21,"column":79}},"10":{"start":{"line":25,"column":4},"end":{"line":25,"column":79}},"11":{"start":{"line":33,"column":4},"end":{"line":50,"column":5}},"12":{"start":{"line":34,"column":6},"end":{"line":42,"column":9}},"13":{"start":{"line":43,"column":6},"end":{"line":43,"column":72}},"14":{"start":{"line":44,"column":6},"end":{"line":44,"column":71}},"15":{"start":{"line":46,"column":6},"end":{"line":48,"column":8}},"16":{"start":{"line":12,"column":13},"end":{"line":12,"column":34}},"17":{"start":{"line":12,"column":13},"end":{"line":52,"column":null}}},"fnMap":{"0":{"name":"(anonymous_4)","decl":{"start":{"line":15,"column":2},"end":{"line":15,"column":null}},"loc":{"start":{"line":17,"column":51},"end":{"line":18,"column":6}}},"1":{"name":"(anonymous_5)","decl":{"start":{"line":20,"column":2},"end":{"line":20,"column":7}},"loc":{"start":{"line":20,"column":60},"end":{"line":22,"column":3}}},"2":{"name":"(anonymous_6)","decl":{"start":{"line":24,"column":2},"end":{"line":24,"column":7}},"loc":{"start":{"line":24,"column":58},"end":{"line":26,"column":3}}},"3":{"name":"(anonymous_7)","decl":{"start":{"line":28,"column":10},"end":{"line":28,"column":15}},"loc":{"start":{"line":31,"column":21},"end":{"line":51,"column":3}}}},"branchMap":{},"s":{"0":2,"1":2,"2":2,"3":2,"4":2,"5":2,"6":5,"7":5,"8":5,"9":4,"10":1,"11":5,"12":5,"13":4,"14":4,"15":1,"16":2,"17":2},"f":{"0":5,"1":4,"2":1,"3":5},"b":{}}
,"C:\\Users\\Anandu\\Documents\\workspace\\training\\travel-portal\\pgt\\expense-service\\src\\infrastructure\\metrics\\expense-metrics.service.ts": {"path":"C:\\Users\\Anandu\\Documents\\workspace\\training\\travel-portal\\pgt\\expense-service\\src\\infrastructure\\metrics\\expense-metrics.service.ts","statementMap":{"0":{"start":{"line":1,"column":0},"end":{"line":1,"column":44}},"1":{"start":{"line":2,"column":0},"end":{"line":2,"column":36}},"2":{"start":{"line":5,"column":7},"end":{"line":76,"column":null}},"3":{"start":{"line":15,"column":4},"end":{"line":19,"column":7}},"4":{"start":{"line":21,"column":4},"end":{"line":26,"column":7}},"5":{"start":{"line":28,"column":4},"end":{"line":31,"column":7}},"6":{"start":{"line":33,"column":4},"end":{"line":36,"column":7}},"7":{"start":{"line":38,"column":4},"end":{"line":42,"column":7}},"8":{"start":{"line":44,"column":4},"end":{"line":48,"column":7}},"9":{"start":{"line":50,"column":4},"end":{"line":54,"column":7}},"10":{"start":{"line":58,"column":4},"end":{"line":58,"column":38}},"11":{"start":{"line":62,"column":4},"end":{"line":62,"column":35}},"12":{"start":{"line":66,"column":4},"end":{"line":66,"column":70}},"13":{"start":{"line":70,"column":4},"end":{"line":70,"column":56}},"14":{"start":{"line":74,"column":4},"end":{"line":74,"column":56}},"15":{"start":{"line":5,"column":13},"end":{"line":5,"column":34}},"16":{"start":{"line":5,"column":13},"end":{"line":76,"column":null}}},"fnMap":{"0":{"name":"(anonymous_11)","decl":{"start":{"line":14,"column":2},"end":{"line":14,"column":null}},"loc":{"start":{"line":14,"column":2},"end":{"line":55,"column":3}}},"1":{"name":"(anonymous_12)","decl":{"start":{"line":57,"column":2},"end":{"line":57,"column":28}},"loc":{"start":{"line":57,"column":28},"end":{"line":59,"column":3}}},"2":{"name":"(anonymous_13)","decl":{"start":{"line":61,"column":2},"end":{"line":61,"column":25}},"loc":{"start":{"line":61,"column":25},"end":{"line":63,"column":3}}},"3":{"name":"(anonymous_14)","decl":{"start":{"line":65,"column":2},"end":{"line":65,"column":33}},"loc":{"start":{"line":65,"column":68},"end":{"line":67,"column":3}}},"4":{"name":"(anonymous_15)","decl":{"start":{"line":69,"column":2},"end":{"line":69,"column":32}},"loc":{"start":{"line":69,"column":46},"end":{"line":71,"column":3}}},"5":{"name":"(anonymous_16)","decl":{"start":{"line":73,"column":2},"end":{"line":73,"column":21}},"loc":{"start":{"line":73,"column":63},"end":{"line":75,"column":3}}}},"branchMap":{},"s":{"0":3,"1":3,"2":3,"3":19,"4":19,"5":19,"6":19,"7":19,"8":19,"9":19,"10":2,"11":2,"12":5,"13":5,"14":1,"15":3,"16":3},"f":{"0":19,"1":2,"2":2,"3":5,"4":5,"5":1},"b":{}}
,"C:\\Users\\Anandu\\Documents\\workspace\\training\\travel-portal\\pgt\\expense-service\\src\\presentation\\controllers\\expense.controller.ts": {"path":"C:\\Users\\Anandu\\Documents\\workspace\\training\\travel-portal\\pgt\\expense-service\\src\\presentation\\controllers\\expense.controller.ts","statementMap":{"0":{"start":{"line":1,"column":0},"end":{"line":1,"column":null}},"1":{"start":{"line":11,"column":0},"end":{"line":11,"column":68}},"2":{"start":{"line":12,"column":0},"end":{"line":12,"column":87}},"3":{"start":{"line":13,"column":0},"end":{"line":13,"column":75}},"4":{"start":{"line":20,"column":7},"end":{"line":62,"column":null}},"5":{"start":{"line":21,"column":31},"end":{"line":21,"column":45}},"6":{"start":{"line":28,"column":18},"end":{"line":28,"column":48}},"7":{"start":{"line":29,"column":4},"end":{"line":29,"column":69}},"8":{"start":{"line":37,"column":18},"end":{"line":37,"column":48}},"9":{"start":{"line":38,"column":4},"end":{"line":42,"column":6}},"10":{"start":{"line":51,"column":18},"end":{"line":51,"column":48}},"11":{"start":{"line":52,"column":16},"end":{"line":52,"column":82}},"12":{"start":{"line":53,"column":4},"end":{"line":53,"column":46}},"13":{"start":{"line":54,"column":4},"end":{"line":54,"column":80}},"14":{"start":{"line":55,"column":4},"end":{"line":55,"column":18}},"15":{"start":{"line":60,"column":4},"end":{"line":60,"column":45}},"16":{"start":{"line":20,"column":13},"end":{"line":20,"column":30}},"17":{"start":{"line":24,"column":8},"end":{"line":30,"column":null}},"18":{"start":{"line":33,"column":8},"end":{"line":43,"column":null}},"19":{"start":{"line":46,"column":8},"end":{"line":56,"column":null}},"20":{"start":{"line":59,"column":2},"end":{"line":61,"column":null}},"21":{"start":{"line":20,"column":13},"end":{"line":62,"column":null}}},"fnMap":{"0":{"name":"(anonymous_4)","decl":{"start":{"line":21,"column":2},"end":{"line":21,"column":31}},"loc":{"start":{"line":21,"column":64},"end":{"line":21,"column":68}}},"1":{"name":"(anonymous_5)","decl":{"start":{"line":24,"column":2},"end":{"line":24,"column":7}},"loc":{"start":{"line":26,"column":23},"end":{"line":30,"column":3}}},"2":{"name":"(anonymous_6)","decl":{"start":{"line":33,"column":2},"end":{"line":33,"column":7}},"loc":{"start":{"line":35,"column":23},"end":{"line":43,"column":3}}},"3":{"name":"(anonymous_7)","decl":{"start":{"line":46,"column":2},"end":{"line":46,"column":7}},"loc":{"start":{"line":49,"column":24},"end":{"line":56,"column":3}}},"4":{"name":"(anonymous_8)","decl":{"start":{"line":59,"column":2},"end":{"line":59,"column":15}},"loc":{"start":{"line":59,"column":15},"end":{"line":61,"column":3}}}},"branchMap":{"0":{"loc":{"start":{"line":39,"column":15},"end":{"line":39,"column":61}},"type":"binary-expr","locations":[{"start":{"line":39,"column":15},"end":{"line":39,"column":25}},{"start":{"line":39,"column":29},"end":{"line":39,"column":61}}]}},"s":{"0":1,"1":1,"2":1,"3":1,"4":1,"5":8,"6":1,"7":1,"8":2,"9":2,"10":1,"11":1,"12":1,"13":1,"14":1,"15":1,"16":1,"17":1,"18":1,"19":1,"20":1,"21":1},"f":{"0":8,"1":1,"2":2,"3":1,"4":1},"b":{"0":[2,1]}}
,"C:\\Users\\Anandu\\Documents\\workspace\\training\\travel-portal\\pgt\\expense-service\\src\\presentation\\controllers\\health.controller.ts": {"path":"C:\\Users\\Anandu\\Documents\\workspace\\training\\travel-portal\\pgt\\expense-service\\src\\presentation\\controllers\\health.controller.ts","statementMap":{"0":{"start":{"line":1,"column":0},"end":{"line":1,"column":78}},"1":{"start":{"line":2,"column":0},"end":{"line":2,"column":51}},"2":{"start":{"line":3,"column":0},"end":{"line":3,"column":37}},"3":{"start":{"line":4,"column":0},"end":{"line":4,"column":36}},"4":{"start":{"line":7,"column":7},"end":{"line":32,"column":null}},"5":{"start":{"line":9,"column":41},"end":{"line":9,"column":53}},"6":{"start":{"line":14,"column":4},"end":{"line":14,"column":70}},"7":{"start":{"line":19,"column":4},"end":{"line":24,"column":5}},"8":{"start":{"line":20,"column":6},"end":{"line":20,"column":46}},"9":{"start":{"line":21,"column":6},"end":{"line":21,"column":56}},"10":{"start":{"line":23,"column":6},"end":{"line":23,"column":73}},"11":{"start":{"line":29,"column":26},"end":{"line":29,"column":55}},"12":{"start":{"line":30,"column":4},"end":{"line":30,"column":25}},"13":{"start":{"line":7,"column":13},"end":{"line":7,"column":29}},"14":{"start":{"line":13,"column":2},"end":{"line":15,"column":null}},"15":{"start":{"line":18,"column":8},"end":{"line":25,"column":null}},"16":{"start":{"line":28,"column":8},"end":{"line":31,"column":null}},"17":{"start":{"line":7,"column":13},"end":{"line":32,"column":null}}},"fnMap":{"0":{"name":"(anonymous_13)","decl":{"start":{"line":8,"column":2},"end":{"line":8,"column":null}},"loc":{"start":{"line":9,"column":63},"end":{"line":10,"column":6}}},"1":{"name":"(anonymous_14)","decl":{"start":{"line":13,"column":2},"end":{"line":13,"column":8}},"loc":{"start":{"line":13,"column":8},"end":{"line":15,"column":3}}},"2":{"name":"(anonymous_15)","decl":{"start":{"line":18,"column":2},"end":{"line":18,"column":7}},"loc":{"start":{"line":18,"column":13},"end":{"line":25,"column":3}}},"3":{"name":"(anonymous_16)","decl":{"start":{"line":28,"column":2},"end":{"line":28,"column":7}},"loc":{"start":{"line":28,"column":15},"end":{"line":31,"column":3}}}},"branchMap":{},"s":{"0":1,"1":1,"2":1,"3":1,"4":1,"5":4,"6":1,"7":2,"8":2,"9":1,"10":1,"11":1,"12":1,"13":1,"14":1,"15":1,"16":1,"17":1},"f":{"0":4,"1":1,"2":2,"3":1},"b":{}}
,"C:\\Users\\Anandu\\Documents\\workspace\\training\\travel-portal\\pgt\\expense-service\\src\\presentation\\controllers\\receipt.controller.ts": {"path":"C:\\Users\\Anandu\\Documents\\workspace\\training\\travel-portal\\pgt\\expense-service\\src\\presentation\\controllers\\receipt.controller.ts","statementMap":{"0":{"start":{"line":1,"column":0},"end":{"line":1,"column":null}},"1":{"start":{"line":10,"column":0},"end":{"line":10,"column":46}},"2":{"start":{"line":11,"column":0},"end":{"line":11,"column":68}},"3":{"start":{"line":12,"column":0},"end":{"line":12,"column":87}},"4":{"start":{"line":17,"column":7},"end":{"line":47,"column":null}},"5":{"start":{"line":18,"column":31},"end":{"line":18,"column":45}},"6":{"start":{"line":26,"column":18},"end":{"line":26,"column":48}},"7":{"start":{"line":28,"column":7},"end":{"line":28,"column":79}},"8":{"start":{"line":29,"column":4},"end":{"line":34,"column":6}},"9":{"start":{"line":42,"column":18},"end":{"line":42,"column":48}},"10":{"start":{"line":44,"column":7},"end":{"line":44,"column":79}},"11":{"start":{"line":45,"column":4},"end":{"line":45,"column":69}},"12":{"start":{"line":17,"column":13},"end":{"line":17,"column":30}},"13":{"start":{"line":21,"column":8},"end":{"line":35,"column":null}},"14":{"start":{"line":38,"column":8},"end":{"line":46,"column":null}},"15":{"start":{"line":17,"column":13},"end":{"line":47,"column":null}}},"fnMap":{"0":{"name":"(anonymous_4)","decl":{"start":{"line":18,"column":2},"end":{"line":18,"column":31}},"loc":{"start":{"line":18,"column":64},"end":{"line":18,"column":68}}},"1":{"name":"(anonymous_5)","decl":{"start":{"line":21,"column":2},"end":{"line":21,"column":7}},"loc":{"start":{"line":24,"column":34},"end":{"line":35,"column":3}}},"2":{"name":"(anonymous_6)","decl":{"start":{"line":38,"column":2},"end":{"line":38,"column":7}},"loc":{"start":{"line":40,"column":23},"end":{"line":46,"column":3}}}},"branchMap":{"0":{"loc":{"start":{"line":28,"column":7},"end":{"line":28,"column":79}},"type":"binary-expr","locations":[{"start":{"line":28,"column":7},"end":{"line":28,"column":61}},{"start":{"line":28,"column":65},"end":{"line":28,"column":79}}]},"1":{"loc":{"start":{"line":32,"column":6},"end":{"line":32,"column":35}},"type":"cond-expr","locations":[{"start":{"line":32,"column":13},"end":{"line":32,"column":31}},{"start":{"line":32,"column":34},"end":{"line":32,"column":35}}]},"2":{"loc":{"start":{"line":33,"column":6},"end":{"line":33,"column":38}},"type":"cond-expr","locations":[{"start":{"line":33,"column":14},"end":{"line":33,"column":33}},{"start":{"line":33,"column":36},"end":{"line":33,"column":38}}]},"3":{"loc":{"start":{"line":44,"column":7},"end":{"line":44,"column":79}},"type":"binary-expr","locations":[{"start":{"line":44,"column":7},"end":{"line":44,"column":61}},{"start":{"line":44,"column":65},"end":{"line":44,"column":79}}]}},"s":{"0":1,"1":1,"2":1,"3":1,"4":1,"5":5,"6":2,"7":2,"8":2,"9":2,"10":2,"11":2,"12":1,"13":1,"14":1,"15":1},"f":{"0":5,"1":2,"2":2},"b":{"0":[2,1],"1":[0,2],"2":[0,2],"3":[2,2]}}
,"C:\\Users\\Anandu\\Documents\\workspace\\training\\travel-portal\\pgt\\expense-service\\src\\presentation\\filters\\http-exception.filter.ts": {"path":"C:\\Users\\Anandu\\Documents\\workspace\\training\\travel-portal\\pgt\\expense-service\\src\\presentation\\filters\\http-exception.filter.ts","statementMap":{"0":{"start":{"line":1,"column":0},"end":{"line":1,"column":null}},"1":{"start":{"line":10,"column":0},"end":{"line":10,"column":49}},"2":{"start":{"line":13,"column":32},"end":{"line":56,"column":null}},"3":{"start":{"line":14,"column":19},"end":{"line":14,"column":65}},"4":{"start":{"line":17,"column":16},"end":{"line":17,"column":35}},"5":{"start":{"line":18,"column":21},"end":{"line":18,"column":48}},"6":{"start":{"line":19,"column":20},"end":{"line":19,"column":45}},"7":{"start":{"line":21,"column":7},"end":{"line":21,"column":78}},"8":{"start":{"line":23,"column":21},"end":{"line":23,"column":53}},"9":{"start":{"line":24,"column":16},"end":{"line":24,"column":39}},"10":{"start":{"line":25,"column":18},"end":{"line":25,"column":48}},"11":{"start":{"line":26,"column":29},"end":{"line":26,"column":31}},"12":{"start":{"line":28,"column":4},"end":{"line":48,"column":5}},"13":{"start":{"line":29,"column":6},"end":{"line":29,"column":41}},"14":{"start":{"line":30,"column":32},"end":{"line":30,"column":55}},"15":{"start":{"line":31,"column":6},"end":{"line":40,"column":7}},"16":{"start":{"line":32,"column":21},"end":{"line":32,"column":65}},"17":{"start":{"line":33,"column":8},"end":{"line":33,"column":68}},"18":{"start":{"line":34,"column":8},"end":{"line":36,"column":57}},"19":{"start":{"line":37,"column":8},"end":{"line":37,"column":87}},"20":{"start":{"line":39,"column":8},"end":{"line":39,"column":44}},"21":{"start":{"line":41,"column":11},"end":{"line":48,"column":5}},"22":{"start":{"line":42,"column":6},"end":{"line":42,"column":40}},"23":{"start":{"line":43,"column":6},"end":{"line":43,"column":29}},"24":{"start":{"line":44,"column":6},"end":{"line":44,"column":34}},"25":{"start":{"line":45,"column":6},"end":{"line":45,"column":61}},"26":{"start":{"line":46,"column":11},"end":{"line":48,"column":5}},"27":{"start":{"line":47,"column":6},"end":{"line":47,"column":82}},"28":{"start":{"line":50,"column":4},"end":{"line":54,"column":7}},"29":{"start":{"line":13,"column":13},"end":{"line":13,"column":32}},"30":{"start":{"line":13,"column":13},"end":{"line":56,"column":null}}},"fnMap":{"0":{"name":"(anonymous_1)","decl":{"start":{"line":13,"column":7},"end":{"line":13,"column":13}},"loc":{"start":{"line":13,"column":7},"end":{"line":56,"column":1}}},"1":{"name":"(anonymous_2)","decl":{"start":{"line":16,"column":2},"end":{"line":16,"column":7}},"loc":{"start":{"line":16,"column":47},"end":{"line":55,"column":3}}}},"branchMap":{"0":{"loc":{"start":{"line":21,"column":7},"end":{"line":21,"column":78}},"type":"binary-expr","locations":[{"start":{"line":21,"column":7},"end":{"line":21,"column":65}},{"start":{"line":21,"column":69},"end":{"line":21,"column":78}}]},"1":{"loc":{"start":{"line":28,"column":4},"end":{"line":48,"column":5}},"type":"if","locations":[{"start":{"line":28,"column":4},"end":{"line":48,"column":5}},{"start":{"line":41,"column":11},"end":{"line":48,"column":5}}]},"2":{"loc":{"start":{"line":31,"column":6},"end":{"line":40,"column":7}},"type":"if","locations":[{"start":{"line":31,"column":6},"end":{"line":40,"column":7}},{"start":{"line":38,"column":13},"end":{"line":40,"column":7}}]},"3":{"loc":{"start":{"line":31,"column":10},"end":{"line":31,"column":77}},"type":"binary-expr","locations":[{"start":{"line":31,"column":10},"end":{"line":31,"column":47}},{"start":{"line":31,"column":51},"end":{"line":31,"column":77}}]},"4":{"loc":{"start":{"line":33,"column":23},"end":{"line":33,"column":66}},"type":"binary-expr","locations":[{"start":{"line":33,"column":23},"end":{"line":33,"column":36}},{"start":{"line":33,"column":40},"end":{"line":33,"column":66}}]},"5":{"loc":{"start":{"line":34,"column":18},"end":{"line":36,"column":56}},"type":"cond-expr","locations":[{"start":{"line":35,"column":13},"end":{"line":35,"column":52}},{"start":{"line":36,"column":12},"end":{"line":36,"column":56}}]},"6":{"loc":{"start":{"line":36,"column":19},"end":{"line":36,"column":55}},"type":"binary-expr","locations":[{"start":{"line":36,"column":19},"end":{"line":36,"column":34}},{"start":{"line":36,"column":38},"end":{"line":36,"column":55}}]},"7":{"loc":{"start":{"line":37,"column":18},"end":{"line":37,"column":86}},"type":"cond-expr","locations":[{"start":{"line":37,"column":52},"end":{"line":37,"column":81}},{"start":{"line":37,"column":84},"end":{"line":37,"column":86}}]},"8":{"loc":{"start":{"line":41,"column":11},"end":{"line":48,"column":5}},"type":"if","locations":[{"start":{"line":41,"column":11},"end":{"line":48,"column":5}},{"start":{"line":46,"column":11},"end":{"line":48,"column":5}}]},"9":{"loc":{"start":{"line":45,"column":16},"end":{"line":45,"column":60}},"type":"cond-expr","locations":[{"start":{"line":45,"column":36},"end":{"line":45,"column":55}},{"start":{"line":45,"column":58},"end":{"line":45,"column":60}}]},"10":{"loc":{"start":{"line":46,"column":11},"end":{"line":48,"column":5}},"type":"if","locations":[{"start":{"line":46,"column":11},"end":{"line":48,"column":5}}]}},"s":{"0":1,"1":1,"2":1,"3":5,"4":5,"5":5,"6":5,"7":5,"8":5,"9":5,"10":5,"11":5,"12":5,"13":2,"14":2,"15":2,"16":1,"17":1,"18":1,"19":1,"20":1,"21":3,"22":2,"23":2,"24":2,"25":2,"26":1,"27":1,"28":5,"29":1,"30":1},"f":{"0":5,"1":5},"b":{"0":[5,5],"1":[2,3],"2":[1,1],"3":[2,1],"4":[1,0],"5":[0,1],"6":[1,0],"7":[0,1],"8":[2,1],"9":[0,2],"10":[1]}}
,"C:\\Users\\Anandu\\Documents\\workspace\\training\\travel-portal\\pgt\\expense-service\\src\\presentation\\guards\\jwt-auth.guard.ts": {"path":"C:\\Users\\Anandu\\Documents\\workspace\\training\\travel-portal\\pgt\\expense-service\\src\\presentation\\guards\\jwt-auth.guard.ts","statementMap":{"0":{"start":{"line":1,"column":0},"end":{"line":1,"column":null}},"1":{"start":{"line":16,"column":7},"end":{"line":45,"column":null}},"2":{"start":{"line":18,"column":20},"end":{"line":18,"column":64}},"3":{"start":{"line":19,"column":23},"end":{"line":19,"column":55}},"4":{"start":{"line":21,"column":4},"end":{"line":23,"column":5}},"5":{"start":{"line":22,"column":6},"end":{"line":22,"column":81}},"6":{"start":{"line":25,"column":18},"end":{"line":25,"column":37}},"7":{"start":{"line":26,"column":4},"end":{"line":32,"column":5}},"8":{"start":{"line":27,"column":22},"end":{"line":27,"column":43}},"9":{"start":{"line":28,"column":7},"end":{"line":28,"column":38}},"10":{"start":{"line":29,"column":6},"end":{"line":29,"column":18}},"11":{"start":{"line":31,"column":6},"end":{"line":31,"column":59}},"12":{"start":{"line":36,"column":18},"end":{"line":36,"column":34}},"13":{"start":{"line":37,"column":4},"end":{"line":39,"column":5}},"14":{"start":{"line":38,"column":6},"end":{"line":38,"column":44}},"15":{"start":{"line":40,"column":26},"end":{"line":40,"column":34}},"16":{"start":{"line":41,"column":4},"end":{"line":41,"column":55}},"17":{"start":{"line":41,"column":24},"end":{"line":41,"column":55}},"18":{"start":{"line":42,"column":20},"end":{"line":42,"column":76}},"19":{"start":{"line":43,"column":4},"end":{"line":43,"column":45}},"20":{"start":{"line":16,"column":13},"end":{"line":16,"column":25}},"21":{"start":{"line":16,"column":13},"end":{"line":45,"column":null}}},"fnMap":{"0":{"name":"(anonymous_1)","decl":{"start":{"line":17,"column":2},"end":{"line":17,"column":13}},"loc":{"start":{"line":17,"column":39},"end":{"line":33,"column":3}}},"1":{"name":"(anonymous_2)","decl":{"start":{"line":35,"column":10},"end":{"line":35,"column":19}},"loc":{"start":{"line":35,"column":33},"end":{"line":44,"column":3}}}},"branchMap":{"0":{"loc":{"start":{"line":21,"column":4},"end":{"line":23,"column":5}},"type":"if","locations":[{"start":{"line":21,"column":4},"end":{"line":23,"column":5}}]},"1":{"loc":{"start":{"line":21,"column":8},"end":{"line":21,"column":56}},"type":"binary-expr","locations":[{"start":{"line":21,"column":8},"end":{"line":21,"column":19}},{"start":{"line":21,"column":23},"end":{"line":21,"column":56}}]},"2":{"loc":{"start":{"line":37,"column":4},"end":{"line":39,"column":5}},"type":"if","locations":[{"start":{"line":37,"column":4},"end":{"line":39,"column":5}}]},"3":{"loc":{"start":{"line":41,"column":4},"end":{"line":41,"column":55}},"type":"if","locations":[{"start":{"line":41,"column":4},"end":{"line":41,"column":55}}]}},"s":{"0":3,"1":3,"2":4,"3":4,"4":4,"5":2,"6":2,"7":2,"8":2,"9":0,"10":0,"11":2,"12":2,"13":2,"14":1,"15":1,"16":1,"17":1,"18":0,"19":0,"20":3,"21":3},"f":{"0":4,"1":2},"b":{"0":[2],"1":[4,3],"2":[1],"3":[1]}}
}
