TN:
SF:src\application\dtos\category-response.dto.ts
FNF:0
FNH:0
DA:1,1
LF:1
LH:1
BRF:0
BRH:0
end_of_record
TN:
SF:src\application\dtos\expense-query.dto.ts
FN:4,(anonymous_2)
FN:18,(anonymous_3)
FN:24,(anonymous_4)
FNF:3
FNH:1
FNDA:4,(anonymous_2)
FNDA:0,(anonymous_3)
FNDA:0,(anonymous_4)
DA:1,2
DA:2,2
DA:4,2
DA:7,2
DA:11,2
DA:15,2
DA:18,0
DA:21,4
DA:24,0
DA:27,4
LF:10
LH:8
BRF:0
BRH:0
end_of_record
TN:
SF:src\application\dtos\expense-response.dto.ts
FNF:0
FNH:0
DA:1,4
LF:1
LH:1
BRF:0
BRH:0
end_of_record
TN:
SF:src\application\dtos\expense-summary.dto.ts
FNF:0
FNH:0
DA:1,0
LF:1
LH:0
BRF:0
BRH:0
end_of_record
TN:
SF:src\application\dtos\receipt-response.dto.ts
FNF:0
FNH:0
DA:1,4
DA:18,4
LF:2
LH:2
BRF:0
BRH:0
end_of_record
TN:
SF:src\application\mappers\expense.mapper.ts
FN:5,(anonymous_0)
FN:26,(anonymous_1)
FN:28,(anonymous_2)
FNF:3
FNH:3
FNDA:6,(anonymous_0)
FNDA:6,(anonymous_1)
FNDA:6,(anonymous_2)
DA:2,4
DA:4,4
DA:6,6
DA:7,6
DA:8,6
DA:9,6
DA:10,6
DA:11,6
DA:12,6
DA:13,6
DA:14,6
DA:15,6
DA:16,6
DA:19,6
DA:20,6
DA:21,1
DA:23,6
DA:27,6
DA:28,6
DA:29,6
DA:30,6
DA:33,6
DA:39,6
LF:23
LH:23
BRDA:16,0,0,5
BRDA:16,0,1,1
BRDA:20,1,0,1
BRDA:29,2,0,1
BRDA:29,2,1,5
BRDA:30,3,0,5
BRDA:30,3,1,1
BRF:7
BRH:7
end_of_record
TN:
SF:src\application\mappers\receipt.mapper.ts
FN:5,(anonymous_0)
FNF:1
FNH:1
FNDA:5,(anonymous_0)
DA:2,4
DA:4,4
DA:6,5
DA:7,5
DA:8,5
DA:9,5
DA:10,5
DA:11,5
DA:12,5
DA:13,5
DA:14,5
DA:15,5
DA:16,5
DA:17,5
DA:20,5
DA:21,5
DA:22,5
DA:23,0
DA:25,5
LF:19
LH:18
BRDA:17,0,0,4
BRDA:17,0,1,1
BRDA:22,1,0,0
BRF:3
BRH:2
end_of_record
TN:
SF:src\application\services\expense-query.service.ts
FN:23,(anonymous_2)
FN:28,(anonymous_3)
FN:39,(anonymous_4)
FN:49,(anonymous_5)
FN:64,(anonymous_6)
FN:85,(anonymous_7)
FN:87,(anonymous_8)
FN:92,(anonymous_9)
FN:107,(anonymous_10)
FN:117,(anonymous_11)
FN:138,(anonymous_12)
FN:160,(anonymous_13)
FNF:12
FNH:12
FNDA:15,(anonymous_2)
FNDA:1,(anonymous_3)
FNDA:1,(anonymous_4)
FNDA:4,(anonymous_5)
FNDA:6,(anonymous_6)
FNDA:3,(anonymous_7)
FNDA:3,(anonymous_8)
FNDA:3,(anonymous_9)
FNDA:2,(anonymous_10)
FNDA:2,(anonymous_11)
FNDA:3,(anonymous_12)
FNDA:1,(anonymous_13)
DA:1,3
DA:2,3
DA:3,3
DA:4,3
DA:5,3
DA:6,3
DA:13,3
DA:22,3
DA:24,15
DA:25,15
DA:34,1
DA:35,1
DA:36,1
DA:37,1
DA:38,1
DA:39,1
DA:54,4
DA:55,4
DA:56,1
DA:58,3
DA:59,1
DA:61,2
DA:69,6
DA:70,6
DA:73,6
DA:75,2
DA:78,4
DA:79,2
DA:81,2
DA:85,6
DA:86,6
DA:87,3
DA:97,3
DA:98,3
DA:101,3
DA:102,2
DA:104,1
DA:107,3
DA:110,3
DA:111,3
DA:112,2
DA:113,2
DA:114,2
DA:115,2
DA:117,3
DA:124,3
DA:125,3
DA:126,2
DA:129,3
DA:143,3
DA:145,3
DA:146,3
DA:148,3
DA:149,1
DA:151,2
DA:152,1
DA:154,1
DA:157,3
DA:161,1
LF:59
LH:59
BRDA:31,0,0,1
BRDA:32,1,0,1
BRDA:55,2,0,1
BRDA:58,3,0,1
BRDA:58,4,0,3
BRDA:58,4,1,2
BRDA:73,5,0,2
BRDA:73,5,1,4
BRDA:78,6,0,2
BRDA:78,6,1,2
BRDA:101,7,0,2
BRDA:101,7,1,1
BRDA:112,8,0,2
BRDA:112,8,1,0
BRDA:114,9,0,2
BRDA:114,9,1,2
BRDA:126,10,0,2
BRDA:126,10,1,2
BRDA:148,11,0,1
BRDA:148,11,1,2
BRDA:151,12,0,1
BRDA:151,12,1,1
BRF:22
BRH:21
end_of_record
TN:
SF:src\application\use-cases\generate-receipt.use-case.ts
FN:22,(anonymous_11)
FN:27,(anonymous_12)
FN:35,(anonymous_13)
FNF:3
FNH:3
FNDA:5,(anonymous_11)
FNDA:5,(anonymous_12)
FNDA:5,(anonymous_13)
DA:1,2
DA:3,2
DA:4,2
DA:5,2
DA:6,2
DA:21,2
DA:23,5
DA:24,5
DA:33,5
DA:34,5
DA:35,5
DA:37,5
DA:38,5
DA:40,5
DA:53,5
DA:63,5
DA:64,5
DA:66,5
LF:18
LH:18
BRDA:47,0,0,5
BRDA:47,0,1,1
BRDA:59,1,0,5
BRDA:59,1,1,1
BRF:4
BRH:4
end_of_record
TN:
SF:src\application\use-cases\void-receipt.use-case.ts
FN:10,(anonymous_2)
FN:15,(anonymous_3)
FNF:2
FNH:2
FNDA:3,(anonymous_2)
FNDA:3,(anonymous_3)
DA:1,2
DA:3,2
DA:4,2
DA:7,2
DA:8,3
DA:11,3
DA:12,3
DA:20,3
DA:21,3
DA:22,1
DA:23,1
DA:26,2
DA:27,2
DA:29,2
DA:30,2
DA:31,1
DA:32,1
LF:17
LH:17
BRDA:21,0,0,1
BRDA:30,1,0,1
BRF:2
BRH:2
end_of_record
TN:
SF:src\config\env.validation.ts
FNF:0
FNH:0
DA:1,1
DA:3,1
LF:2
LH:2
BRF:0
BRH:0
end_of_record
TN:
SF:src\domain\aggregates\expense.aggregate.ts
FN:33,(anonymous_0)
FN:50,(anonymous_1)
FN:54,(anonymous_2)
FN:58,(anonymous_3)
FN:62,(anonymous_4)
FN:66,(anonymous_5)
FN:70,(anonymous_6)
FN:74,(anonymous_7)
FN:78,(anonymous_8)
FN:82,(anonymous_9)
FN:86,(anonymous_10)
FN:90,(anonymous_11)
FN:94,(anonymous_12)
FNF:13
FNH:13
FNDA:23,(anonymous_0)
FNDA:13,(anonymous_1)
FNDA:14,(anonymous_2)
FNDA:12,(anonymous_3)
FNDA:12,(anonymous_4)
FNDA:21,(anonymous_5)
FNDA:14,(anonymous_6)
FNDA:19,(anonymous_7)
FNDA:12,(anonymous_8)
FNDA:28,(anonymous_9)
FNDA:16,(anonymous_10)
FNDA:16,(anonymous_11)
FNDA:6,(anonymous_12)
DA:1,8
DA:2,8
DA:3,8
DA:32,8
DA:34,23
DA:35,23
DA:51,13
DA:55,14
DA:59,12
DA:63,12
DA:67,21
DA:71,14
DA:75,19
DA:79,12
DA:83,28
DA:87,16
DA:91,16
DA:95,6
DA:96,1
DA:102,5
DA:103,5
LF:21
LH:21
BRDA:42,0,0,23
BRDA:42,0,1,18
BRDA:43,1,0,23
BRDA:43,1,1,22
BRDA:44,2,0,23
BRDA:44,2,1,23
BRDA:95,3,0,1
BRF:7
BRH:7
end_of_record
TN:
SF:src\domain\aggregates\receipt.aggregate.ts
FN:35,(anonymous_0)
FN:54,(anonymous_1)
FN:58,(anonymous_2)
FN:62,(anonymous_3)
FN:66,(anonymous_4)
FN:70,(anonymous_5)
FN:74,(anonymous_6)
FN:78,(anonymous_7)
FN:82,(anonymous_8)
FN:86,(anonymous_9)
FN:90,(anonymous_10)
FN:94,(anonymous_11)
FN:98,(anonymous_12)
FN:102,(anonymous_13)
FN:106,(anonymous_14)
FNF:15
FNH:15
FNDA:19,(anonymous_0)
FNDA:10,(anonymous_1)
FNDA:6,(anonymous_2)
FNDA:8,(anonymous_3)
FNDA:5,(anonymous_4)
FNDA:5,(anonymous_5)
FNDA:5,(anonymous_6)
FNDA:7,(anonymous_7)
FNDA:5,(anonymous_8)
FNDA:5,(anonymous_9)
FNDA:10,(anonymous_10)
FNDA:9,(anonymous_11)
FNDA:7,(anonymous_12)
FNDA:7,(anonymous_13)
FNDA:5,(anonymous_14)
DA:1,8
DA:2,8
DA:34,8
DA:36,19
DA:37,19
DA:55,10
DA:59,6
DA:63,8
DA:67,5
DA:71,5
DA:75,5
DA:79,7
DA:83,5
DA:87,5
DA:91,10
DA:95,9
DA:99,7
DA:103,7
DA:107,5
DA:108,1
DA:114,4
DA:115,4
LF:22
LH:22
BRDA:45,0,0,19
BRDA:45,0,1,7
BRDA:107,1,0,1
BRF:3
BRH:3
end_of_record
TN:
SF:src\domain\events\expense-recorded.event.ts
FN:14,(anonymous_0)
FN:19,(anonymous_1)
FN:23,(anonymous_2)
FNF:3
FNH:3
FNDA:5,(anonymous_0)
FNDA:4,(anonymous_1)
FNDA:3,(anonymous_2)
DA:1,3
DA:11,3
DA:15,5
DA:16,5
DA:20,4
DA:24,3
LF:6
LH:6
BRF:0
BRH:0
end_of_record
TN:
SF:src\domain\events\receipt-generated.event.ts
FN:14,(anonymous_0)
FN:19,(anonymous_1)
FN:23,(anonymous_2)
FNF:3
FNH:3
FNDA:6,(anonymous_0)
FNDA:9,(anonymous_1)
FNDA:5,(anonymous_2)
DA:1,3
DA:11,3
DA:15,6
DA:16,6
DA:20,9
DA:24,5
LF:6
LH:6
BRF:0
BRH:0
end_of_record
TN:
SF:src\domain\value-objects\expense-category.enum.ts
FN:1,(anonymous_0)
FNF:1
FNH:1
FNDA:8,(anonymous_0)
DA:1,8
DA:2,8
DA:3,8
DA:4,8
DA:5,8
DA:6,8
LF:6
LH:6
BRDA:1,0,0,8
BRDA:1,0,1,8
BRF:2
BRH:2
end_of_record
TN:
SF:src\domain\value-objects\expense-status.enum.ts
FN:1,(anonymous_0)
FNF:1
FNH:1
FNDA:8,(anonymous_0)
DA:1,8
DA:2,8
DA:3,8
LF:3
LH:3
BRDA:1,0,0,8
BRDA:1,0,1,8
BRF:2
BRH:2
end_of_record
TN:
SF:src\domain\value-objects\receipt-status.enum.ts
FN:1,(anonymous_0)
FNF:1
FNH:1
FNDA:8,(anonymous_0)
DA:1,8
DA:2,8
DA:3,8
LF:3
LH:3
BRDA:1,0,0,8
BRDA:1,0,1,8
BRF:2
BRH:2
end_of_record
TN:
SF:src\infrastructure\kafka\booking-event.consumer.ts
FN:25,(anonymous_4)
FN:35,(anonymous_5)
FN:55,(anonymous_6)
FN:82,(anonymous_7)
FN:119,(anonymous_8)
FN:134,(anonymous_9)
FN:156,(anonymous_10)
FNF:7
FNH:7
FNDA:8,(anonymous_4)
FNDA:8,(anonymous_5)
FNDA:3,(anonymous_6)
FNDA:1,(anonymous_7)
FNDA:2,(anonymous_8)
FNDA:1,(anonymous_9)
FNDA:8,(anonymous_10)
DA:1,1
DA:2,1
DA:3,1
DA:4,1
DA:5,1
DA:6,1
DA:7,1
DA:8,1
DA:9,1
DA:10,1
DA:22,1
DA:23,8
DA:26,8
DA:27,8
DA:28,8
DA:29,8
DA:30,8
DA:31,8
DA:35,1
DA:37,8
DA:38,8
DA:40,2
DA:41,2
DA:44,6
DA:46,6
DA:47,3
DA:48,3
DA:49,2
DA:51,1
DA:62,3
DA:63,3
DA:64,1
DA:65,1
DA:66,1
DA:69,2
DA:82,2
DA:83,1
DA:84,1
DA:85,1
DA:89,1
DA:100,1
DA:112,1
DA:113,1
DA:115,1
DA:116,1
DA:126,2
DA:127,2
DA:128,1
DA:129,1
DA:130,1
DA:134,1
DA:135,1
DA:136,1
DA:139,1
DA:150,1
DA:152,1
DA:153,1
DA:157,8
DA:158,1
DA:160,7
DA:161,7
DA:162,6
DA:163,6
DA:164,6
DA:165,6
LF:65
LH:65
BRDA:44,0,0,1
BRDA:46,1,0,3
BRDA:46,1,1,3
BRDA:48,2,0,2
BRDA:48,2,1,1
BRDA:63,3,0,1
BRDA:75,4,0,2
BRDA:75,4,1,0
BRDA:127,5,0,1
BRDA:157,6,0,1
BRDA:157,7,0,8
BRDA:157,7,1,8
BRDA:161,8,0,1
BRDA:162,9,0,0
BRDA:163,10,0,0
BRDA:164,11,0,0
BRDA:164,12,0,6
BRDA:164,12,1,6
BRF:18
BRH:14
end_of_record
TN:
SF:src\infrastructure\kafka\expense-event.publisher.ts
FN:15,(anonymous_4)
FN:20,(anonymous_5)
FN:24,(anonymous_6)
FN:28,(anonymous_7)
FNF:4
FNH:4
FNDA:5,(anonymous_4)
FNDA:4,(anonymous_5)
FNDA:1,(anonymous_6)
FNDA:5,(anonymous_7)
DA:1,2
DA:3,2
DA:4,2
DA:7,2
DA:9,2
DA:12,2
DA:13,5
DA:16,5
DA:17,5
DA:21,4
DA:25,1
DA:33,5
DA:34,5
DA:43,4
DA:44,4
DA:46,1
LF:16
LH:16
BRF:0
BRH:0
end_of_record
TN:
SF:src\infrastructure\metrics\expense-metrics.service.ts
FN:14,(anonymous_11)
FN:57,(anonymous_12)
FN:61,(anonymous_13)
FN:65,(anonymous_14)
FN:69,(anonymous_15)
FN:73,(anonymous_16)
FNF:6
FNH:6
FNDA:19,(anonymous_11)
FNDA:2,(anonymous_12)
FNDA:2,(anonymous_13)
FNDA:5,(anonymous_14)
FNDA:5,(anonymous_15)
FNDA:1,(anonymous_16)
DA:1,3
DA:2,3
DA:5,3
DA:15,19
DA:21,19
DA:28,19
DA:33,19
DA:38,19
DA:44,19
DA:50,19
DA:58,2
DA:62,2
DA:66,5
DA:70,5
DA:74,1
LF:15
LH:15
BRF:0
BRH:0
end_of_record
TN:
SF:src\presentation\controllers\expense.controller.ts
FN:21,(anonymous_4)
FN:24,(anonymous_5)
FN:33,(anonymous_6)
FN:46,(anonymous_7)
FN:59,(anonymous_8)
FNF:5
FNH:5
FNDA:8,(anonymous_4)
FNDA:1,(anonymous_5)
FNDA:2,(anonymous_6)
FNDA:1,(anonymous_7)
FNDA:1,(anonymous_8)
DA:1,1
DA:11,1
DA:12,1
DA:13,1
DA:20,1
DA:21,8
DA:24,1
DA:28,1
DA:29,1
DA:33,1
DA:37,2
DA:38,2
DA:46,1
DA:51,1
DA:52,1
DA:53,1
DA:54,1
DA:55,1
DA:59,1
DA:60,1
LF:20
LH:20
BRDA:39,0,0,2
BRDA:39,0,1,1
BRF:2
BRH:2
end_of_record
TN:
SF:src\presentation\controllers\health.controller.ts
FN:8,(anonymous_13)
FN:13,(anonymous_14)
FN:18,(anonymous_15)
FN:28,(anonymous_16)
FNF:4
FNH:4
FNDA:4,(anonymous_13)
FNDA:1,(anonymous_14)
FNDA:2,(anonymous_15)
FNDA:1,(anonymous_16)
DA:1,1
DA:2,1
DA:3,1
DA:4,1
DA:7,1
DA:9,4
DA:13,1
DA:14,1
DA:18,1
DA:19,2
DA:20,2
DA:21,1
DA:23,1
DA:28,1
DA:29,1
DA:30,1
LF:16
LH:16
BRF:0
BRH:0
end_of_record
TN:
SF:src\presentation\controllers\receipt.controller.ts
FN:18,(anonymous_4)
FN:21,(anonymous_5)
FN:38,(anonymous_6)
FNF:3
FNH:3
FNDA:5,(anonymous_4)
FNDA:2,(anonymous_5)
FNDA:2,(anonymous_6)
DA:1,1
DA:10,1
DA:11,1
DA:12,1
DA:17,1
DA:18,5
DA:21,1
DA:26,2
DA:28,2
DA:29,2
DA:38,1
DA:42,2
DA:44,2
DA:45,2
LF:14
LH:14
BRDA:28,0,0,2
BRDA:28,0,1,1
BRDA:32,1,0,0
BRDA:32,1,1,2
BRDA:33,2,0,0
BRDA:33,2,1,2
BRDA:44,3,0,2
BRDA:44,3,1,2
BRF:8
BRH:6
end_of_record
TN:
SF:src\presentation\filters\http-exception.filter.ts
FN:13,(anonymous_1)
FN:16,(anonymous_2)
FNF:2
FNH:2
FNDA:5,(anonymous_1)
FNDA:5,(anonymous_2)
DA:1,1
DA:10,1
DA:13,1
DA:14,5
DA:17,5
DA:18,5
DA:19,5
DA:21,5
DA:23,5
DA:24,5
DA:25,5
DA:26,5
DA:28,5
DA:29,2
DA:30,2
DA:31,2
DA:32,1
DA:33,1
DA:34,1
DA:37,1
DA:39,1
DA:41,3
DA:42,2
DA:43,2
DA:44,2
DA:45,2
DA:46,1
DA:47,1
DA:50,5
LF:29
LH:29
BRDA:21,0,0,5
BRDA:21,0,1,5
BRDA:28,1,0,2
BRDA:28,1,1,3
BRDA:31,2,0,1
BRDA:31,2,1,1
BRDA:31,3,0,2
BRDA:31,3,1,1
BRDA:33,4,0,1
BRDA:33,4,1,0
BRDA:34,5,0,0
BRDA:34,5,1,1
BRDA:36,6,0,1
BRDA:36,6,1,0
BRDA:37,7,0,0
BRDA:37,7,1,1
BRDA:41,8,0,2
BRDA:41,8,1,1
BRDA:45,9,0,0
BRDA:45,9,1,2
BRDA:46,10,0,1
BRF:21
BRH:16
end_of_record
TN:
SF:src\presentation\guards\jwt-auth.guard.ts
FN:17,(anonymous_1)
FN:35,(anonymous_2)
FNF:2
FNH:2
FNDA:4,(anonymous_1)
FNDA:2,(anonymous_2)
DA:1,3
DA:16,3
DA:18,4
DA:19,4
DA:21,4
DA:22,2
DA:25,2
DA:26,2
DA:27,2
DA:28,0
DA:29,0
DA:31,2
DA:36,2
DA:37,2
DA:38,1
DA:40,1
DA:41,1
DA:42,0
DA:43,0
LF:19
LH:15
BRDA:21,0,0,2
BRDA:21,1,0,4
BRDA:21,1,1,3
BRDA:37,2,0,1
BRDA:41,3,0,1
BRF:5
BRH:5
end_of_record
