TN:
SF:src\index.ts
FN:2,(anonymous_0)
FN:3,(anonymous_1)
FN:4,(anonymous_2)
FN:7,(anonymous_3)
FN:11,(anonymous_4)
FN:12,(anonymous_5)
FN:14,(anonymous_6)
FN:15,(anonymous_7)
FN:16,(anonymous_8)
FN:17,(anonymous_9)
FN:18,(anonymous_10)
FN:19,(anonymous_11)
FN:20,(anonymous_12)
FN:21,(anonymous_13)
FN:22,(anonymous_14)
FN:23,(anonymous_15)
FN:27,(anonymous_16)
FN:28,(anonymous_17)
FN:29,(anonymous_18)
FN:30,(anonymous_19)
FN:31,(anonymous_20)
FN:32,(anonymous_21)
FN:39,(anonymous_22)
FN:39,(anonymous_23)
FN:40,(anonymous_24)
FN:40,(anonymous_25)
FN:40,(anonymous_26)
FN:43,(anonymous_27)
FN:45,(anonymous_28)
FN:45,(anonymous_29)
FNF:30
FNH:30
FNDA:1,(anonymous_0)
FNDA:1,(anonymous_1)
FNDA:1,(anonymous_2)
FNDA:1,(anonymous_3)
FNDA:1,(anonymous_4)
FNDA:1,(anonymous_5)
FNDA:1,(anonymous_6)
FNDA:1,(anonymous_7)
FNDA:1,(anonymous_8)
FNDA:1,(anonymous_9)
FNDA:1,(anonymous_10)
FNDA:1,(anonymous_11)
FNDA:1,(anonymous_12)
FNDA:1,(anonymous_13)
FNDA:1,(anonymous_14)
FNDA:1,(anonymous_15)
FNDA:1,(anonymous_16)
FNDA:1,(anonymous_17)
FNDA:1,(anonymous_18)
FNDA:1,(anonymous_19)
FNDA:1,(anonymous_20)
FNDA:1,(anonymous_21)
FNDA:1,(anonymous_22)
FNDA:1,(anonymous_23)
FNDA:1,(anonymous_24)
FNDA:1,(anonymous_25)
FNDA:1,(anonymous_26)
FNDA:1,(anonymous_27)
FNDA:1,(anonymous_28)
FNDA:1,(anonymous_29)
DA:2,2
DA:3,2
DA:4,2
DA:7,2
DA:11,2
DA:12,2
DA:13,1
DA:14,2
DA:15,2
DA:16,2
DA:17,2
DA:18,2
DA:19,2
DA:20,2
DA:21,2
DA:22,2
DA:23,2
DA:27,2
DA:28,2
DA:29,2
DA:30,2
DA:31,2
DA:32,2
DA:39,2
DA:40,2
DA:43,2
DA:45,2
LF:27
LH:27
BRF:0
BRH:0
end_of_record
TN:
SF:src\base-classes\aggregate-root.base.ts
FN:4,(anonymous_0)
FN:10,(anonymous_1)
FN:14,(anonymous_2)
FN:23,(anonymous_3)
FN:27,(anonymous_4)
FN:31,(anonymous_5)
FNF:6
FNH:6
FNDA:8,(anonymous_0)
FNDA:4,(anonymous_1)
FNDA:9,(anonymous_2)
FNDA:5,(anonymous_3)
FNDA:2,(anonymous_4)
FNDA:2,(anonymous_5)
DA:1,2
DA:4,2
DA:7,8
DA:8,8
DA:11,4
DA:15,9
DA:16,9
DA:17,9
DA:18,9
DA:19,6
DA:24,5
DA:28,2
DA:33,2
DA:34,2
LF:14
LH:14
BRDA:18,0,0,6
BRF:1
BRH:1
end_of_record
TN:
SF:src\base-classes\entity.base.ts
FN:4,(anonymous_0)
FN:8,(anonymous_1)
FN:12,(anonymous_2)
FNF:3
FNH:3
FNDA:17,(anonymous_0)
FNDA:16,(anonymous_1)
FNDA:5,(anonymous_2)
DA:1,3
DA:5,17
DA:9,16
DA:13,5
DA:14,3
DA:15,2
LF:6
LH:6
BRDA:13,0,0,2
BRDA:13,1,0,5
BRDA:13,1,1,4
BRDA:14,2,0,1
BRF:4
BRH:4
end_of_record
TN:
SF:src\base-classes\value-object.base.ts
FN:4,(anonymous_0)
FN:8,(anonymous_1)
FNF:2
FNH:2
FNDA:41,(anonymous_0)
FNDA:9,(anonymous_1)
DA:1,4
DA:5,41
DA:9,9
DA:10,7
DA:11,5
LF:5
LH:5
BRDA:9,0,0,2
BRDA:9,1,0,9
BRDA:9,1,1,8
BRDA:10,2,0,2
BRF:4
BRH:4
end_of_record
TN:
SF:src\domain-event\domain-event.base.ts
FN:18,(anonymous_0)
FNF:1
FNH:1
FNDA:16,(anonymous_0)
DA:1,3
DA:9,3
DA:19,16
DA:20,16
DA:21,16
DA:22,16
DA:23,16
LF:7
LH:7
BRDA:22,0,0,16
BRDA:22,0,1,15
BRDA:23,1,0,16
BRDA:23,1,1,15
BRF:4
BRH:4
end_of_record
TN:
SF:src\exceptions\conflict.exception.ts
FN:4,(anonymous_0)
FNF:1
FNH:1
FNDA:2,(anonymous_0)
DA:1,2
DA:3,2
DA:5,2
DA:6,2
LF:4
LH:4
BRF:0
BRH:0
end_of_record
TN:
SF:src\exceptions\currency-mismatch.exception.ts
FN:4,(anonymous_0)
FNF:1
FNH:1
FNDA:3,(anonymous_0)
DA:1,3
DA:3,3
DA:5,3
DA:11,3
LF:4
LH:4
BRF:0
BRH:0
end_of_record
TN:
SF:src\exceptions\domain.exception.ts
FN:6,(anonymous_0)
FNF:1
FNH:1
FNDA:23,(anonymous_0)
DA:1,5
DA:12,23
DA:13,23
DA:14,23
DA:15,23
DA:16,23
DA:17,23
LF:7
LH:7
BRF:0
BRH:0
end_of_record
TN:
SF:src\exceptions\insufficient-funds.exception.ts
FN:4,(anonymous_0)
FNF:1
FNH:1
FNDA:4,(anonymous_0)
DA:1,3
DA:3,3
DA:8,4
DA:14,4
LF:4
LH:4
BRF:0
BRH:0
end_of_record
TN:
SF:src\exceptions\not-found.exception.ts
FN:4,(anonymous_0)
FNF:1
FNH:1
FNDA:2,(anonymous_0)
DA:1,2
DA:3,2
DA:5,2
DA:6,2
LF:4
LH:4
BRF:0
BRH:0
end_of_record
TN:
SF:src\exceptions\validation.exception.ts
FN:4,(anonymous_0)
FNF:1
FNH:1
FNDA:12,(anonymous_0)
DA:1,5
DA:3,5
DA:5,12
DA:6,12
LF:4
LH:4
BRF:0
BRH:0
end_of_record
TN:
SF:src\modules\kafka\kafka.constants.ts
FNF:0
FNH:0
DA:1,2
DA:2,2
LF:2
LH:2
BRF:0
BRH:0
end_of_record
TN:
SF:src\modules\kafka\kafka.module.ts
FN:17,(anonymous_1)
FN:22,(anonymous_2)
FN:39,(anonymous_3)
FN:61,(anonymous_4)
FNF:4
FNH:4
FNDA:6,(anonymous_1)
FNDA:4,(anonymous_2)
FNDA:4,(anonymous_3)
FNDA:3,(anonymous_4)
DA:1,2
DA:2,2
DA:3,2
DA:12,2
DA:13,2
DA:14,2
DA:15,2
DA:18,6
DA:20,6
DA:23,4
DA:24,4
DA:25,4
DA:26,4
DA:27,3
DA:29,1
DA:30,1
DA:32,3
DA:33,3
DA:37,6
DA:40,4
DA:41,4
DA:42,4
DA:43,4
DA:44,4
DA:46,0
DA:47,0
DA:49,4
DA:50,4
DA:54,6
DA:62,3
DA:63,3
LF:31
LH:29
BRF:0
BRH:0
end_of_record
TN:
SF:src\utils\date.util.ts
FN:3,toISOString
FN:7,fromISOString
FN:18,isValidDate
FNF:3
FNH:3
FNDA:1,toISOString
FNDA:4,fromISOString
FNDA:9,isValidDate
DA:1,2
DA:3,2
DA:4,1
DA:7,2
DA:8,4
DA:9,4
DA:10,2
DA:15,2
DA:18,2
DA:19,9
LF:10
LH:10
BRDA:9,0,0,2
BRDA:19,1,0,9
BRDA:19,1,1,4
BRF:3
BRH:3
end_of_record
TN:
SF:src\utils\uuid.util.ts
FN:6,generateUuid
FN:10,isValidUuid
FNF:2
FNH:2
FNDA:37,generateUuid
FNDA:19,isValidUuid
DA:1,5
DA:4,5
DA:6,5
DA:7,37
DA:10,5
DA:11,19
LF:6
LH:6
BRF:0
BRH:0
end_of_record
TN:
SF:src\value-objects\currency.enum.ts
FN:1,(anonymous_0)
FNF:1
FNH:1
FNDA:2,(anonymous_0)
DA:1,2
DA:2,2
DA:3,2
DA:4,2
DA:5,2
DA:6,2
DA:7,2
DA:8,2
DA:9,2
DA:10,2
LF:10
LH:10
BRDA:1,0,0,2
BRDA:1,0,1,2
BRF:2
BRH:2
end_of_record
TN:
SF:src\value-objects\money.vo.ts
FN:17,(anonymous_0)
FN:35,(anonymous_1)
FN:39,(anonymous_2)
FN:43,(anonymous_3)
FN:48,(anonymous_4)
FN:59,(anonymous_5)
FN:64,(anonymous_6)
FN:69,(anonymous_7)
FNF:8
FNH:8
FNDA:27,(anonymous_0)
FNDA:22,(anonymous_1)
FNDA:22,(anonymous_2)
FNDA:2,(anonymous_3)
FNDA:2,(anonymous_4)
FNDA:2,(anonymous_5)
FNDA:2,(anonymous_6)
FNDA:6,(anonymous_7)
DA:1,2
DA:2,2
DA:3,2
DA:4,2
DA:5,2
DA:12,2
DA:13,2
DA:18,27
DA:19,2
DA:25,25
DA:26,2
DA:32,23
DA:36,22
DA:40,22
DA:44,2
DA:45,1
DA:49,2
DA:50,2
DA:51,1
DA:56,1
DA:60,2
DA:61,2
DA:65,2
DA:66,2
DA:70,6
DA:71,1
LF:26
LH:26
BRDA:18,0,0,2
BRDA:25,1,0,2
BRDA:25,2,0,25
BRDA:25,2,1,25
BRDA:50,3,0,1
BRDA:70,4,0,1
BRF:6
BRH:6
end_of_record
TN:
SF:src\value-objects\typed-id.vo.ts
FN:8,(anonymous_0)
FN:19,(anonymous_1)
FN:25,(anonymous_2)
FN:32,(anonymous_3)
FN:36,(anonymous_4)
FNF:5
FNH:5
FNDA:11,(anonymous_0)
FNDA:3,(anonymous_1)
FNDA:8,(anonymous_2)
FNDA:5,(anonymous_3)
FNDA:1,(anonymous_4)
DA:1,2
DA:2,2
DA:3,2
DA:5,2
DA:9,11
DA:10,2
DA:16,9
DA:22,3
DA:29,8
DA:33,5
DA:37,1
DA:44,2
DA:45,2
DA:46,2
DA:47,2
DA:48,2
DA:49,2
DA:50,2
DA:51,2
DA:52,2
LF:20
LH:20
BRDA:9,0,0,2
BRF:1
BRH:1
end_of_record
