TN:
SF:src\application\dtos\booking-response.dto.ts
FNF:0
FNH:0
DA:1,5
LF:1
LH:1
BRF:0
BRH:0
end_of_record
TN:
SF:src\application\dtos\cancel-booking.dto.ts
FNF:0
FNH:0
DA:1,1
DA:3,1
DA:6,1
LF:3
LH:3
BRF:0
BRH:0
end_of_record
TN:
SF:src\application\dtos\create-booking.dto.ts
FN:51,(anonymous_2)
FNF:1
FNH:1
FNDA:3,(anonymous_2)
DA:1,2
DA:14,2
DA:19,2
DA:23,2
DA:26,2
DA:30,2
DA:34,2
DA:39,2
DA:42,2
DA:44,2
DA:48,2
DA:51,3
DA:52,2
DA:56,2
DA:60,2
DA:64,2
LF:16
LH:16
BRF:0
BRH:0
end_of_record
TN:
SF:src\application\dtos\list-bookings.dto.ts
FN:14,(anonymous_2)
FN:20,(anonymous_3)
FNF:2
FNH:0
FNDA:0,(anonymous_2)
FNDA:0,(anonymous_3)
DA:1,1
DA:2,1
DA:4,1
DA:7,1
DA:11,1
DA:14,0
DA:17,1
DA:20,0
DA:24,1
DA:27,1
LF:10
LH:8
BRF:0
BRH:0
end_of_record
TN:
SF:src\application\dtos\update-booking.dto.ts
FNF:0
FNH:0
DA:1,1
DA:3,1
DA:6,1
LF:3
LH:3
BRF:0
BRH:0
end_of_record
TN:
SF:src\application\event-handlers\booking-read-model.updater.ts
FN:10,(anonymous_2)
FN:14,(anonymous_3)
FN:36,(anonymous_4)
FNF:3
FNH:3
FNDA:3,(anonymous_2)
FNDA:3,(anonymous_3)
FNDA:1,(anonymous_4)
DA:1,1
DA:2,1
DA:7,1
DA:8,3
DA:11,3
DA:15,3
DA:16,3
DA:32,0
DA:37,1
DA:38,1
DA:40,0
LF:11
LH:9
BRF:0
BRH:0
end_of_record
TN:
SF:src\application\mappers\booking.mapper.ts
FN:6,(anonymous_0)
FN:48,(anonymous_1)
FNF:2
FNH:2
FNDA:13,(anonymous_0)
FNDA:6,(anonymous_1)
DA:1,5
DA:2,5
DA:5,5
DA:7,13
DA:9,13
DA:10,9
DA:11,9
DA:12,9
DA:13,9
DA:14,9
DA:15,9
DA:16,9
DA:17,9
DA:18,9
DA:19,9
DA:20,9
DA:21,9
DA:22,9
DA:23,9
DA:24,9
DA:27,4
DA:28,4
DA:29,4
DA:30,4
DA:31,4
DA:38,4
DA:39,4
DA:40,4
DA:41,4
DA:42,4
DA:45,13
DA:49,6
DA:50,6
DA:61,6
DA:62,6
DA:63,6
DA:64,6
DA:65,6
LF:38
LH:38
BRDA:9,0,0,9
BRDA:9,0,1,4
BRDA:17,1,0,4
BRDA:18,2,0,4
BRDA:19,3,0,2
BRDA:20,4,0,1
BRDA:21,5,0,1
BRDA:22,6,0,1
BRDA:23,7,0,3
BRDA:24,8,0,3
BRDA:35,9,0,4
BRDA:35,9,1,1
BRDA:36,10,0,4
BRDA:36,10,1,1
BRDA:40,11,0,1
BRDA:41,12,0,1
BRDA:61,13,0,1
BRDA:62,14,0,1
BRDA:63,15,0,0
BRDA:64,16,0,6
BRF:20
BRH:19
end_of_record
TN:
SF:src\application\saga\booking-saga.orchestrator.ts
FN:12,(anonymous_2)
FN:26,(anonymous_3)
FN:34,(anonymous_4)
FN:147,(anonymous_5)
FNF:4
FNH:4
FNDA:1,(anonymous_2)
FNDA:9,(anonymous_3)
FNDA:9,(anonymous_4)
FNDA:6,(anonymous_5)
DA:1,3
DA:3,3
DA:4,3
DA:5,3
DA:6,3
DA:7,3
DA:8,3
DA:9,3
DA:11,3
DA:13,1
DA:18,1
DA:23,3
DA:24,9
DA:27,9
DA:28,9
DA:29,9
DA:30,9
DA:31,9
DA:35,9
DA:36,9
DA:39,9
DA:42,9
DA:43,9
DA:44,9
DA:46,9
DA:47,9
DA:59,8
DA:60,1
DA:61,1
DA:62,1
DA:63,1
DA:64,1
DA:67,7
DA:68,7
DA:70,2
DA:71,1
DA:73,1
DA:74,1
DA:75,1
DA:76,1
DA:77,1
DA:81,7
DA:82,7
DA:83,7
DA:85,7
DA:86,7
DA:91,6
DA:92,6
DA:93,6
DA:95,1
DA:96,1
DA:97,1
DA:98,1
DA:102,6
DA:103,6
DA:104,6
DA:106,6
DA:107,6
DA:114,4
DA:115,4
DA:116,4
DA:118,2
DA:119,2
DA:120,2
DA:121,1
DA:125,4
DA:126,4
DA:127,4
DA:129,4
DA:130,4
DA:131,2
DA:132,2
DA:133,2
DA:134,2
DA:136,2
DA:137,2
DA:138,2
DA:140,2
DA:141,2
DA:142,2
DA:143,1
DA:148,6
DA:149,6
DA:150,6
DA:152,6
DA:155,6
DA:156,2
DA:157,2
DA:159,1
DA:162,1
DA:163,1
DA:168,6
DA:169,4
DA:170,4
DA:172,1
DA:175,1
DA:176,1
DA:180,6
DA:182,6
DA:183,2
DA:185,4
DA:187,6
DA:189,6
DA:190,2
LF:104
LH:104
BRDA:59,0,0,1
BRDA:64,1,0,1
BRDA:64,1,1,0
BRDA:70,2,0,1
BRDA:155,3,0,2
BRDA:168,4,0,4
BRDA:182,5,0,2
BRDA:182,5,1,4
BRDA:189,6,0,2
BRF:9
BRH:8
end_of_record
TN:
SF:src\application\services\booking-query.service.ts
FN:10,(anonymous_2)
FN:14,(anonymous_3)
FN:22,(anonymous_4)
FN:43,(anonymous_5)
FNF:4
FNH:4
FNDA:3,(anonymous_2)
FNDA:1,(anonymous_3)
FNDA:2,(anonymous_4)
FNDA:1,(anonymous_5)
DA:1,2
DA:2,2
DA:3,2
DA:4,2
DA:9,2
DA:11,3
DA:15,1
DA:16,1
DA:17,1
DA:19,0
DA:25,2
DA:26,2
DA:27,2
DA:29,2
DA:35,2
DA:42,2
DA:43,1
LF:17
LH:16
BRDA:16,0,0,1
BRDA:25,1,0,2
BRDA:25,1,1,0
BRDA:26,2,0,2
BRDA:26,2,1,2
BRDA:27,3,0,2
BRDA:27,3,1,2
BRDA:30,4,0,1
BRDA:30,4,1,1
BRF:9
BRH:8
end_of_record
TN:
SF:src\application\use-cases\cancel-booking.use-case.ts
FN:19,(anonymous_2)
FN:28,(anonymous_3)
FNF:2
FNH:2
FNDA:4,(anonymous_2)
FNDA:4,(anonymous_3)
DA:1,2
DA:2,2
DA:3,2
DA:4,2
DA:5,2
DA:6,2
DA:7,2
DA:8,2
DA:9,2
DA:13,2
DA:16,2
DA:17,4
DA:20,4
DA:21,4
DA:22,4
DA:23,4
DA:24,4
DA:25,4
DA:33,4
DA:34,4
DA:35,1
DA:38,3
DA:39,1
DA:42,2
DA:43,2
DA:46,2
DA:47,2
DA:48,2
DA:50,0
DA:55,2
DA:56,2
DA:57,2
DA:59,0
DA:63,2
DA:64,2
DA:66,2
DA:75,2
DA:76,2
DA:78,0
DA:81,2
DA:83,2
LF:41
LH:38
BRDA:34,0,0,1
BRDA:38,1,0,1
BRDA:42,2,0,2
BRDA:42,2,1,1
BRDA:46,3,0,2
BRDA:55,4,0,2
BRDA:72,5,0,2
BRDA:72,5,1,0
BRF:8
BRH:7
end_of_record
TN:
SF:src\application\use-cases\create-booking.use-case.ts
FN:23,(anonymous_2)
FN:31,(anonymous_3)
FNF:2
FNH:2
FNDA:5,(anonymous_2)
FNDA:5,(anonymous_3)
DA:1,2
DA:2,2
DA:3,2
DA:4,2
DA:5,2
DA:6,2
DA:7,2
DA:8,2
DA:9,2
DA:12,2
DA:20,2
DA:21,5
DA:24,5
DA:25,5
DA:26,5
DA:27,5
DA:28,5
DA:37,5
DA:38,1
DA:41,4
DA:50,4
DA:58,4
DA:59,4
DA:62,4
DA:63,4
DA:74,4
DA:76,0
DA:80,4
DA:81,4
DA:84,1
DA:85,1
DA:88,1
DA:89,1
DA:92,3
DA:95,3
DA:97,3
LF:36
LH:35
BRDA:37,0,0,1
BRDA:37,1,0,5
BRDA:37,1,1,4
BRDA:45,2,0,0
BRDA:45,2,1,4
BRDA:55,3,0,4
BRDA:55,3,1,0
BRF:7
BRH:5
end_of_record
TN:
SF:src\application\use-cases\update-booking.use-case.ts
FN:10,(anonymous_2)
FN:14,(anonymous_3)
FNF:2
FNH:2
FNDA:1,(anonymous_2)
FNDA:1,(anonymous_3)
DA:1,2
DA:2,2
DA:3,2
DA:4,2
DA:9,2
DA:11,1
DA:19,1
DA:20,1
DA:21,0
DA:24,1
DA:25,1
DA:28,1
DA:29,1
LF:13
LH:12
BRDA:20,0,0,0
BRDA:24,1,0,1
BRF:2
BRH:1
end_of_record
TN:
SF:src\config\env.validation.ts
FNF:0
FNH:0
DA:1,1
DA:3,1
LF:2
LH:2
BRF:0
BRH:0
end_of_record
TN:
SF:src\domain\aggregates\booking.aggregate.ts
FN:33,(anonymous_0)
FN:46,(anonymous_1)
FN:50,(anonymous_2)
FN:54,(anonymous_3)
FN:58,(anonymous_4)
FN:62,(anonymous_5)
FN:66,(anonymous_6)
FN:70,(anonymous_7)
FN:74,(anonymous_8)
FN:78,(anonymous_9)
FN:82,(anonymous_10)
FN:86,(anonymous_11)
FN:90,(anonymous_12)
FN:94,(anonymous_13)
FN:98,(anonymous_14)
FN:102,(anonymous_15)
FN:106,(anonymous_16)
FN:118,(anonymous_17)
FN:130,(anonymous_18)
FN:144,(anonymous_19)
FN:159,(anonymous_20)
FN:164,(anonymous_21)
FN:168,(anonymous_22)
FNF:23
FNH:23
FNDA:35,(anonymous_0)
FNDA:36,(anonymous_1)
FNDA:29,(anonymous_2)
FNDA:24,(anonymous_3)
FNDA:35,(anonymous_4)
FNDA:28,(anonymous_5)
FNDA:30,(anonymous_6)
FNDA:34,(anonymous_7)
FNDA:34,(anonymous_8)
FNDA:13,(anonymous_9)
FNDA:11,(anonymous_10)
FNDA:14,(anonymous_11)
FNDA:13,(anonymous_12)
FNDA:17,(anonymous_13)
FNDA:17,(anonymous_14)
FNDA:2,(anonymous_15)
FNDA:13,(anonymous_16)
FNDA:9,(anonymous_17)
FNDA:6,(anonymous_18)
FNDA:6,(anonymous_19)
FNDA:8,(anonymous_20)
FNDA:3,(anonymous_21)
FNDA:1,(anonymous_22)
DA:1,8
DA:2,8
DA:32,8
DA:34,35
DA:35,35
DA:47,36
DA:51,29
DA:55,24
DA:59,35
DA:63,28
DA:67,30
DA:71,34
DA:75,34
DA:79,13
DA:83,11
DA:87,14
DA:91,13
DA:95,17
DA:99,17
DA:103,2
DA:107,13
DA:108,1
DA:114,12
DA:115,12
DA:119,9
DA:120,1
DA:126,8
DA:127,8
DA:131,6
DA:132,1
DA:138,5
DA:139,5
DA:140,5
DA:141,5
DA:145,6
DA:146,1
DA:154,5
DA:155,5
DA:156,5
DA:160,8
DA:161,8
DA:165,3
DA:169,1
LF:43
LH:43
BRDA:42,0,0,35
BRDA:42,0,1,0
BRDA:107,1,0,1
BRDA:119,2,0,1
BRDA:131,3,0,1
BRDA:145,4,0,1
BRF:6
BRH:5
end_of_record
TN:
SF:src\domain\events\booking-cancelled.event.ts
FN:12,(anonymous_0)
FN:17,(anonymous_1)
FN:21,(anonymous_2)
FNF:3
FNH:3
FNDA:6,(anonymous_0)
FNDA:3,(anonymous_1)
FNDA:2,(anonymous_2)
DA:1,6
DA:9,6
DA:13,6
DA:14,6
DA:18,3
DA:22,2
LF:6
LH:6
BRF:0
BRH:0
end_of_record
TN:
SF:src\domain\events\booking-confirmed.event.ts
FN:18,(anonymous_0)
FN:23,(anonymous_1)
FN:27,(anonymous_2)
FNF:3
FNH:3
FNDA:6,(anonymous_0)
FNDA:5,(anonymous_1)
FNDA:3,(anonymous_2)
DA:1,4
DA:15,4
DA:19,6
DA:20,6
DA:24,5
DA:28,3
LF:6
LH:6
BRF:0
BRH:0
end_of_record
TN:
SF:src\domain\events\booking-created.event.ts
FN:14,(anonymous_0)
FN:19,(anonymous_1)
FN:23,(anonymous_2)
FNF:3
FNH:3
FNDA:5,(anonymous_0)
FNDA:1,(anonymous_1)
FNDA:1,(anonymous_2)
DA:1,3
DA:11,3
DA:15,5
DA:16,5
DA:20,1
DA:24,1
LF:6
LH:6
BRF:0
BRH:0
end_of_record
TN:
SF:src\domain\value-objects\booking-status.enum.ts
FN:1,(anonymous_0)
FNF:1
FNH:1
FNDA:8,(anonymous_0)
DA:1,8
DA:2,8
DA:3,8
DA:4,8
DA:5,8
DA:6,8
DA:7,8
DA:10,8
LF:8
LH:8
BRDA:1,0,0,8
BRDA:1,0,1,8
BRF:2
BRH:2
end_of_record
TN:
SF:src\domain\value-objects\itinerary.value-object.ts
FN:1,(anonymous_0)
FN:27,(anonymous_1)
FN:65,(anonymous_2)
FNF:3
FNH:3
FNDA:8,(anonymous_0)
FNDA:43,(anonymous_1)
FNDA:30,(anonymous_2)
DA:1,8
DA:2,8
DA:3,8
DA:4,8
DA:5,8
DA:17,8
DA:19,8
DA:28,43
DA:29,43
DA:30,3
DA:36,40
DA:37,0
DA:43,40
DA:44,2
DA:50,38
DA:51,1
DA:57,37
DA:58,37
DA:59,37
DA:60,37
DA:61,37
DA:62,37
DA:66,30
LF:23
LH:22
BRDA:1,0,0,8
BRDA:1,0,1,8
BRDA:29,1,0,3
BRDA:36,2,0,0
BRDA:43,3,0,2
BRDA:43,4,0,40
BRDA:43,4,1,39
BRDA:50,5,0,1
BRDA:70,6,0,30
BRDA:70,6,1,1
BRF:10
BRH:9
end_of_record
TN:
SF:src\domain\value-objects\saga-status.enum.ts
FN:1,(anonymous_0)
FNF:1
FNH:1
FNDA:5,(anonymous_0)
DA:1,5
DA:2,5
DA:3,5
DA:4,5
DA:5,5
DA:6,5
DA:7,5
DA:8,5
LF:8
LH:8
BRDA:1,0,0,5
BRDA:1,0,1,5
BRF:2
BRH:2
end_of_record
TN:
SF:src\domain\value-objects\step-status.enum.ts
FN:1,(anonymous_0)
FNF:1
FNH:1
FNDA:5,(anonymous_0)
DA:1,5
DA:2,5
DA:3,5
DA:4,5
DA:5,5
DA:6,5
DA:7,5
LF:7
LH:7
BRDA:1,0,0,5
BRDA:1,0,1,5
BRF:2
BRH:2
end_of_record
TN:
SF:src\infrastructure\http\inventory-service.client.ts
FN:23,(anonymous_12)
FN:34,(anonymous_13)
FN:38,(anonymous_14)
FN:48,(anonymous_15)
FN:61,(anonymous_16)
FN:77,(anonymous_17)
FN:88,(anonymous_18)
FN:92,(anonymous_19)
FN:96,(anonymous_20)
FN:100,(anonymous_21)
FN:106,(anonymous_22)
FN:114,(anonymous_23)
FNF:12
FNH:6
FNDA:7,(anonymous_12)
FNDA:0,(anonymous_13)
FNDA:3,(anonymous_14)
FNDA:0,(anonymous_15)
FNDA:0,(anonymous_16)
FNDA:0,(anonymous_17)
FNDA:0,(anonymous_18)
FNDA:0,(anonymous_19)
FNDA:1,(anonymous_20)
FNDA:1,(anonymous_21)
FNDA:2,(anonymous_22)
FNDA:1,(anonymous_23)
DA:1,6
DA:2,6
DA:3,6
DA:4,6
DA:5,6
DA:6,6
DA:17,6
DA:18,7
DA:24,7
DA:25,7
DA:27,7
DA:28,7
DA:30,7
DA:32,7
DA:35,0
DA:36,0
DA:39,3
DA:40,3
DA:41,1
DA:43,2
DA:44,2
DA:48,7
DA:53,0
DA:58,0
DA:61,7
DA:65,0
DA:70,7
DA:77,7
DA:78,0
DA:81,7
DA:88,7
DA:89,0
DA:92,7
DA:93,0
DA:94,0
DA:96,7
DA:97,1
DA:98,1
DA:100,7
DA:101,1
DA:102,1
DA:111,2
DA:115,1
LF:43
LH:34
BRDA:27,0,0,7
BRDA:27,0,1,1
BRDA:28,1,0,7
BRDA:28,1,1,1
BRDA:40,2,0,1
BRDA:40,3,0,3
BRDA:40,3,1,3
BRDA:40,3,2,3
BRDA:40,3,3,2
BRF:9
BRH:9
end_of_record
TN:
SF:src\infrastructure\http\payment-service.client.ts
FN:24,(anonymous_12)
FN:35,(anonymous_13)
FN:39,(anonymous_14)
FN:49,(anonymous_15)
FN:64,(anonymous_16)
FN:70,(anonymous_17)
FN:84,(anonymous_18)
FN:89,(anonymous_19)
FN:94,(anonymous_20)
FN:98,(anonymous_21)
FN:102,(anonymous_22)
FN:106,(anonymous_23)
FN:112,(anonymous_24)
FN:122,(anonymous_25)
FN:126,(anonymous_26)
FNF:15
FNH:7
FNDA:8,(anonymous_12)
FNDA:0,(anonymous_13)
FNDA:3,(anonymous_14)
FNDA:0,(anonymous_15)
FNDA:0,(anonymous_16)
FNDA:0,(anonymous_17)
FNDA:0,(anonymous_18)
FNDA:0,(anonymous_19)
FNDA:0,(anonymous_20)
FNDA:0,(anonymous_21)
FNDA:1,(anonymous_22)
FNDA:1,(anonymous_23)
FNDA:2,(anonymous_24)
FNDA:1,(anonymous_25)
FNDA:1,(anonymous_26)
DA:1,5
DA:2,5
DA:3,5
DA:4,5
DA:5,5
DA:6,5
DA:17,5
DA:18,8
DA:25,8
DA:26,8
DA:28,8
DA:29,8
DA:31,8
DA:33,8
DA:36,0
DA:37,0
DA:40,3
DA:41,3
DA:42,1
DA:44,2
DA:45,2
DA:49,8
DA:56,0
DA:61,0
DA:64,8
DA:65,0
DA:70,8
DA:71,0
DA:76,8
DA:83,8
DA:84,8
DA:85,0
DA:88,8
DA:89,8
DA:90,0
DA:93,8
DA:94,8
DA:95,0
DA:98,8
DA:99,0
DA:100,0
DA:102,8
DA:103,1
DA:104,1
DA:106,8
DA:107,1
DA:108,1
DA:119,2
DA:123,1
DA:127,1
LF:50
LH:39
BRDA:28,0,0,8
BRDA:28,0,1,1
BRDA:29,1,0,8
BRDA:29,1,1,1
BRDA:41,2,0,1
BRDA:41,3,0,3
BRDA:41,3,1,3
BRDA:41,3,2,3
BRDA:41,3,3,2
BRF:9
BRH:9
end_of_record
TN:
SF:src\infrastructure\http\policy-service.client.ts
FN:31,(anonymous_12)
FN:42,(anonymous_13)
FN:46,(anonymous_14)
FN:56,(anonymous_15)
FN:72,(anonymous_16)
FN:76,(anonymous_17)
FN:80,(anonymous_18)
FN:84,(anonymous_19)
FN:90,(anonymous_20)
FNF:9
FNH:4
FNDA:5,(anonymous_12)
FNDA:0,(anonymous_13)
FNDA:2,(anonymous_14)
FNDA:0,(anonymous_15)
FNDA:0,(anonymous_16)
FNDA:1,(anonymous_17)
FNDA:0,(anonymous_18)
FNDA:0,(anonymous_19)
FNDA:2,(anonymous_20)
DA:1,4
DA:2,4
DA:3,4
DA:4,4
DA:5,4
DA:6,4
DA:26,4
DA:27,5
DA:32,5
DA:33,5
DA:35,5
DA:36,5
DA:38,5
DA:40,5
DA:43,0
DA:44,0
DA:47,2
DA:48,2
DA:49,1
DA:51,1
DA:52,1
DA:56,5
DA:57,0
DA:62,0
DA:65,5
DA:72,5
DA:73,0
DA:76,5
DA:77,1
DA:78,1
DA:80,5
DA:81,0
DA:82,0
DA:84,5
DA:85,0
DA:86,0
DA:94,2
LF:37
LH:28
BRDA:35,0,0,5
BRDA:35,0,1,0
BRDA:36,1,0,5
BRDA:36,1,1,0
BRDA:48,2,0,1
BRDA:48,3,0,2
BRDA:48,3,1,2
BRDA:48,3,2,2
BRDA:48,3,3,1
BRF:9
BRH:7
end_of_record
TN:
SF:src\infrastructure\kafka\booking-event.publisher.ts
FN:14,(anonymous_4)
FN:18,(anonymous_5)
FN:22,(anonymous_6)
FN:26,(anonymous_7)
FN:30,(anonymous_8)
FNF:5
FNH:4
FNDA:3,(anonymous_4)
FNDA:0,(anonymous_5)
FNDA:2,(anonymous_6)
FNDA:1,(anonymous_7)
FNDA:3,(anonymous_8)
DA:1,5
DA:2,5
DA:8,5
DA:11,5
DA:12,3
DA:15,3
DA:19,0
DA:23,2
DA:27,1
DA:31,3
DA:32,3
DA:41,2
DA:43,1
DA:44,1
LF:14
LH:13
BRF:0
BRH:0
end_of_record
TN:
SF:src\infrastructure\kafka\payment-event.consumer.ts
FN:29,(anonymous_2)
FN:37,(anonymous_3)
FN:83,(anonymous_4)
FNF:3
FNH:3
FNDA:4,(anonymous_2)
FNDA:2,(anonymous_3)
FNDA:2,(anonymous_4)
DA:1,1
DA:2,1
DA:3,1
DA:4,1
DA:5,1
DA:6,1
DA:7,1
DA:8,1
DA:9,1
DA:26,1
DA:27,4
DA:30,4
DA:31,4
DA:32,4
DA:33,4
DA:34,4
DA:38,2
DA:39,2
DA:40,0
DA:41,0
DA:44,2
DA:45,2
DA:46,1
DA:47,1
DA:50,1
DA:51,1
DA:53,1
DA:54,1
DA:55,1
DA:58,1
DA:74,1
DA:75,1
DA:77,0
DA:80,1
DA:84,2
DA:85,2
DA:86,0
DA:87,0
DA:90,2
DA:91,2
DA:92,1
DA:93,1
DA:97,1
DA:98,1
DA:99,1
DA:101,0
DA:105,1
DA:106,1
DA:108,1
DA:109,1
DA:110,1
DA:111,1
DA:114,1
DA:124,1
DA:125,1
DA:127,0
LF:56
LH:49
BRDA:39,0,0,0
BRDA:45,1,0,1
BRDA:45,2,0,2
BRDA:45,2,1,2
BRDA:53,3,0,1
BRDA:63,4,0,1
BRDA:63,4,1,0
BRDA:64,5,0,1
BRDA:64,5,1,0
BRDA:65,6,0,1
BRDA:65,6,1,0
BRDA:85,7,0,0
BRDA:91,8,0,1
BRDA:91,9,0,2
BRDA:91,9,1,2
BRDA:91,9,2,1
BRDA:97,10,0,1
BRDA:108,11,0,1
BRF:18
BRH:13
end_of_record
TN:
SF:src\infrastructure\metrics\booking-metrics.service.ts
FN:16,(anonymous_11)
FN:69,(anonymous_12)
FN:73,(anonymous_13)
FN:77,(anonymous_14)
FN:81,(anonymous_15)
FN:85,(anonymous_16)
FN:89,(anonymous_17)
FNF:7
FNH:4
FNDA:3,(anonymous_11)
FNDA:1,(anonymous_12)
FNDA:0,(anonymous_13)
FNDA:0,(anonymous_14)
FNDA:0,(anonymous_15)
FNDA:1,(anonymous_16)
FNDA:1,(anonymous_17)
DA:1,9
DA:2,9
DA:5,9
DA:17,3
DA:23,3
DA:30,3
DA:35,3
DA:40,3
DA:45,3
DA:51,3
DA:56,3
DA:62,3
DA:70,1
DA:74,0
DA:78,0
DA:82,0
DA:86,1
DA:90,1
LF:18
LH:15
BRDA:86,0,0,0
BRDA:86,0,1,1
BRF:2
BRH:1
end_of_record
TN:
SF:src\presentation\controllers\booking.controller.ts
FN:29,(anonymous_4)
FN:38,(anonymous_5)
FN:49,(anonymous_6)
FN:57,(anonymous_7)
FN:62,(anonymous_8)
FN:73,(anonymous_9)
FNF:6
FNH:6
FNDA:10,(anonymous_4)
FNDA:2,(anonymous_5)
FNDA:1,(anonymous_6)
FNDA:1,(anonymous_7)
FNDA:1,(anonymous_8)
FNDA:2,(anonymous_9)
DA:1,1
DA:15,1
DA:16,1
DA:17,1
DA:18,1
DA:19,1
DA:20,1
DA:21,1
DA:22,1
DA:23,1
DA:24,1
DA:28,1
DA:30,10
DA:31,10
DA:32,10
DA:33,10
DA:38,1
DA:43,2
DA:44,2
DA:45,2
DA:49,1
DA:53,1
DA:57,1
DA:58,1
DA:62,1
DA:68,1
DA:69,1
DA:73,1
DA:79,2
DA:80,2
LF:30
LH:30
BRDA:44,0,0,2
BRDA:44,0,1,0
BRDA:44,0,2,0
BRDA:68,1,0,1
BRDA:68,1,1,0
BRDA:68,1,2,0
BRDA:79,2,0,2
BRDA:79,2,1,1
BRDA:79,2,2,0
BRF:9
BRH:4
end_of_record
TN:
SF:src\presentation\controllers\health.controller.ts
FN:8,(anonymous_13)
FN:13,(anonymous_14)
FN:18,(anonymous_15)
FN:28,(anonymous_16)
FNF:4
FNH:4
FNDA:3,(anonymous_13)
FNDA:1,(anonymous_14)
FNDA:1,(anonymous_15)
FNDA:1,(anonymous_16)
DA:1,1
DA:2,1
DA:3,1
DA:4,1
DA:7,1
DA:9,3
DA:13,1
DA:14,1
DA:18,1
DA:19,1
DA:20,1
DA:21,0
DA:23,1
DA:28,1
DA:29,1
DA:30,1
LF:16
LH:15
BRF:0
BRH:0
end_of_record
TN:
SF:src\presentation\controllers\metrics.controller.ts
FN:8,(anonymous_13)
FNF:1
FNH:1
FNDA:1,(anonymous_13)
DA:1,1
DA:3,1
DA:6,1
DA:8,1
DA:9,1
DA:10,1
DA:11,1
LF:7
LH:7
BRF:0
BRH:0
end_of_record
TN:
SF:src\presentation\filters\http-exception.filter.ts
FN:13,(anonymous_1)
FN:16,(anonymous_2)
FNF:2
FNH:2
FNDA:4,(anonymous_1)
FNDA:4,(anonymous_2)
DA:1,1
DA:10,1
DA:13,1
DA:14,4
DA:17,4
DA:18,4
DA:19,4
DA:21,4
DA:23,4
DA:24,4
DA:25,4
DA:26,4
DA:28,4
DA:29,2
DA:30,2
DA:31,2
DA:32,1
DA:33,1
DA:34,1
DA:37,1
DA:39,1
DA:41,2
DA:42,1
DA:43,1
DA:44,1
DA:45,1
DA:46,1
DA:47,1
DA:50,4
LF:29
LH:29
BRDA:21,0,0,4
BRDA:21,0,1,4
BRDA:28,1,0,2
BRDA:28,1,1,2
BRDA:31,2,0,1
BRDA:31,2,1,1
BRDA:31,3,0,2
BRDA:31,3,1,1
BRDA:33,4,0,1
BRDA:33,4,1,0
BRDA:34,5,0,0
BRDA:34,5,1,1
BRDA:36,6,0,1
BRDA:36,6,1,0
BRDA:37,7,0,0
BRDA:37,7,1,1
BRDA:41,8,0,1
BRDA:41,8,1,1
BRDA:45,9,0,0
BRDA:45,9,1,1
BRDA:46,10,0,1
BRF:21
BRH:16
end_of_record
TN:
SF:src\presentation\guards\jwt-auth.guard.ts
FN:17,(anonymous_1)
FN:35,(anonymous_2)
FNF:2
FNH:2
FNDA:5,(anonymous_1)
FNDA:3,(anonymous_2)
DA:1,2
DA:16,2
DA:18,5
DA:19,5
DA:21,5
DA:22,2
DA:25,3
DA:26,3
DA:27,3
DA:28,1
DA:29,1
DA:31,2
DA:36,3
DA:37,3
DA:38,1
DA:40,2
DA:41,2
DA:42,2
DA:43,2
LF:19
LH:19
BRDA:21,0,0,2
BRDA:21,1,0,5
BRDA:21,1,1,4
BRDA:37,2,0,1
BRDA:41,3,0,0
BRF:5
BRH:4
end_of_record
TN:
SF:src\types\axios-retry.d.ts
FNF:0
FNH:0
LF:0
LH:0
BRF:0
BRH:0
end_of_record
